<?xml version="1.0" encoding="UTF-8"?>
<coverage generated="1597392349264" clover="3.2.0">
  <project timestamp="1597392349264" name="All files">
    <metrics statements="1719" coveredstatements="463" conditionals="888" coveredconditionals="161" methods="665" coveredmethods="95" elements="3272" coveredelements="719" complexity="0" loc="1719" ncloc="1719" packages="75" files="181" classes="181"/>
    <package name="src">
      <metrics statements="33" coveredstatements="13" conditionals="19" coveredconditionals="4" methods="10" coveredmethods="1"/>
      <file name="App.tsx" path="/Users/sukesh/Documents/Natterbox/Code/portal-web-ui/portal-web/src/App.tsx">
        <metrics statements="21" coveredstatements="12" conditionals="14" coveredconditionals="4" methods="5" coveredmethods="1"/>
        <line num="18" count="1" type="stmt"/>
        <line num="34" count="1" type="stmt"/>
        <line num="41" count="3" type="stmt"/>
        <line num="43" count="3" type="stmt"/>
        <line num="44" count="3" type="stmt"/>
        <line num="46" count="3" type="cond" truecount="2" falsecount="0"/>
        <line num="47" count="1" type="stmt"/>
        <line num="50" count="2" type="cond" truecount="2" falsecount="0"/>
        <line num="51" count="1" type="stmt"/>
        <line num="54" count="2" type="stmt"/>
        <line num="56" count="0" type="cond" truecount="0" falsecount="2"/>
        <line num="57" count="0" type="cond" truecount="0" falsecount="2"/>
        <line num="58" count="0" type="stmt"/>
        <line num="65" count="0" type="stmt"/>
        <line num="72" count="0" type="cond" truecount="0" falsecount="2"/>
        <line num="73" count="0" type="stmt"/>
        <line num="81" count="0" type="stmt"/>
        <line num="89" count="2" type="stmt"/>
        <line num="96" count="2" type="stmt"/>
        <line num="105" count="0" type="stmt"/>
        <line num="110" count="0" type="stmt"/>
      </file>
      <file name="AppRoutes.tsx" path="/Users/sukesh/Documents/Natterbox/Code/portal-web-ui/portal-web/src/AppRoutes.tsx">
        <metrics statements="7" coveredstatements="1" conditionals="0" coveredconditionals="0" methods="4" coveredmethods="0"/>
        <line num="16" count="1" type="stmt"/>
        <line num="17" count="0" type="stmt"/>
        <line num="18" count="0" type="stmt"/>
        <line num="20" count="0" type="stmt"/>
        <line num="23" count="0" type="stmt"/>
        <line num="25" count="0" type="stmt"/>
        <line num="26" count="0" type="stmt"/>
      </file>
      <file name="common.types.ts" path="/Users/sukesh/Documents/Natterbox/Code/portal-web-ui/portal-web/src/common.types.ts">
        <metrics statements="0" coveredstatements="0" conditionals="0" coveredconditionals="0" methods="0" coveredmethods="0"/>
      </file>
      <file name="global.d.ts" path="/Users/sukesh/Documents/Natterbox/Code/portal-web-ui/portal-web/src/global.d.ts">
        <metrics statements="0" coveredstatements="0" conditionals="0" coveredconditionals="0" methods="0" coveredmethods="0"/>
      </file>
      <file name="index.tsx" path="/Users/sukesh/Documents/Natterbox/Code/portal-web-ui/portal-web/src/index.tsx">
        <metrics statements="5" coveredstatements="0" conditionals="5" coveredconditionals="0" methods="1" coveredmethods="0"/>
        <line num="9" count="0" type="stmt"/>
        <line num="10" count="0" type="stmt"/>
        <line num="16" count="0" type="cond" truecount="0" falsecount="5"/>
        <line num="22" count="0" type="stmt"/>
        <line num="25" count="0" type="stmt"/>
      </file>
      <file name="react-app-env.d.ts" path="/Users/sukesh/Documents/Natterbox/Code/portal-web-ui/portal-web/src/react-app-env.d.ts">
        <metrics statements="0" coveredstatements="0" conditionals="0" coveredconditionals="0" methods="0" coveredmethods="0"/>
      </file>
    </package>
    <package name="src.assets.icons">
      <metrics statements="51" coveredstatements="34" conditionals="0" coveredconditionals="0" methods="17" coveredmethods="0"/>
      <file name="account.svg" path="/Users/sukesh/Documents/Natterbox/Code/portal-web-ui/portal-web/src/assets/icons/account.svg">
        <metrics statements="3" coveredstatements="2" conditionals="0" coveredconditionals="0" methods="1" coveredmethods="0"/>
        <line num="1" count="11" type="stmt"/>
        <line num="2" count="11" type="stmt"/>
        <line num="6" count="0" type="stmt"/>
      </file>
      <file name="beginning.svg" path="/Users/sukesh/Documents/Natterbox/Code/portal-web-ui/portal-web/src/assets/icons/beginning.svg">
        <metrics statements="3" coveredstatements="2" conditionals="0" coveredconditionals="0" methods="1" coveredmethods="0"/>
        <line num="1" count="11" type="stmt"/>
        <line num="2" count="11" type="stmt"/>
        <line num="6" count="0" type="stmt"/>
      </file>
      <file name="checkBoxActive.svg" path="/Users/sukesh/Documents/Natterbox/Code/portal-web-ui/portal-web/src/assets/icons/checkBoxActive.svg">
        <metrics statements="3" coveredstatements="2" conditionals="0" coveredconditionals="0" methods="1" coveredmethods="0"/>
        <line num="1" count="11" type="stmt"/>
        <line num="2" count="11" type="stmt"/>
        <line num="6" count="0" type="stmt"/>
      </file>
      <file name="delete.svg" path="/Users/sukesh/Documents/Natterbox/Code/portal-web-ui/portal-web/src/assets/icons/delete.svg">
        <metrics statements="3" coveredstatements="2" conditionals="0" coveredconditionals="0" methods="1" coveredmethods="0"/>
        <line num="1" count="11" type="stmt"/>
        <line num="2" count="11" type="stmt"/>
        <line num="6" count="0" type="stmt"/>
      </file>
      <file name="down.svg" path="/Users/sukesh/Documents/Natterbox/Code/portal-web-ui/portal-web/src/assets/icons/down.svg">
        <metrics statements="3" coveredstatements="2" conditionals="0" coveredconditionals="0" methods="1" coveredmethods="0"/>
        <line num="1" count="11" type="stmt"/>
        <line num="2" count="11" type="stmt"/>
        <line num="6" count="0" type="stmt"/>
      </file>
      <file name="download.svg" path="/Users/sukesh/Documents/Natterbox/Code/portal-web-ui/portal-web/src/assets/icons/download.svg">
        <metrics statements="3" coveredstatements="2" conditionals="0" coveredconditionals="0" methods="1" coveredmethods="0"/>
        <line num="1" count="11" type="stmt"/>
        <line num="2" count="11" type="stmt"/>
        <line num="6" count="0" type="stmt"/>
      </file>
      <file name="filterActive.svg" path="/Users/sukesh/Documents/Natterbox/Code/portal-web-ui/portal-web/src/assets/icons/filterActive.svg">
        <metrics statements="3" coveredstatements="2" conditionals="0" coveredconditionals="0" methods="1" coveredmethods="0"/>
        <line num="1" count="11" type="stmt"/>
        <line num="2" count="11" type="stmt"/>
        <line num="6" count="0" type="stmt"/>
      </file>
      <file name="filterInactive.svg" path="/Users/sukesh/Documents/Natterbox/Code/portal-web-ui/portal-web/src/assets/icons/filterInactive.svg">
        <metrics statements="3" coveredstatements="2" conditionals="0" coveredconditionals="0" methods="1" coveredmethods="0"/>
        <line num="1" count="11" type="stmt"/>
        <line num="2" count="11" type="stmt"/>
        <line num="6" count="0" type="stmt"/>
      </file>
      <file name="logout.svg" path="/Users/sukesh/Documents/Natterbox/Code/portal-web-ui/portal-web/src/assets/icons/logout.svg">
        <metrics statements="3" coveredstatements="2" conditionals="0" coveredconditionals="0" methods="1" coveredmethods="0"/>
        <line num="1" count="11" type="stmt"/>
        <line num="2" count="11" type="stmt"/>
        <line num="6" count="0" type="stmt"/>
      </file>
      <file name="paused.svg" path="/Users/sukesh/Documents/Natterbox/Code/portal-web-ui/portal-web/src/assets/icons/paused.svg">
        <metrics statements="3" coveredstatements="2" conditionals="0" coveredconditionals="0" methods="1" coveredmethods="0"/>
        <line num="1" count="11" type="stmt"/>
        <line num="2" count="11" type="stmt"/>
        <line num="6" count="0" type="stmt"/>
      </file>
      <file name="playback-backward.svg" path="/Users/sukesh/Documents/Natterbox/Code/portal-web-ui/portal-web/src/assets/icons/playback-backward.svg">
        <metrics statements="3" coveredstatements="2" conditionals="0" coveredconditionals="0" methods="1" coveredmethods="0"/>
        <line num="1" count="11" type="stmt"/>
        <line num="2" count="11" type="stmt"/>
        <line num="6" count="0" type="stmt"/>
      </file>
      <file name="playback-forward.svg" path="/Users/sukesh/Documents/Natterbox/Code/portal-web-ui/portal-web/src/assets/icons/playback-forward.svg">
        <metrics statements="3" coveredstatements="2" conditionals="0" coveredconditionals="0" methods="1" coveredmethods="0"/>
        <line num="1" count="11" type="stmt"/>
        <line num="2" count="11" type="stmt"/>
        <line num="6" count="0" type="stmt"/>
      </file>
      <file name="plus.svg" path="/Users/sukesh/Documents/Natterbox/Code/portal-web-ui/portal-web/src/assets/icons/plus.svg">
        <metrics statements="3" coveredstatements="2" conditionals="0" coveredconditionals="0" methods="1" coveredmethods="0"/>
        <line num="1" count="11" type="stmt"/>
        <line num="2" count="11" type="stmt"/>
        <line num="6" count="0" type="stmt"/>
      </file>
      <file name="search.svg" path="/Users/sukesh/Documents/Natterbox/Code/portal-web-ui/portal-web/src/assets/icons/search.svg">
        <metrics statements="3" coveredstatements="2" conditionals="0" coveredconditionals="0" methods="1" coveredmethods="0"/>
        <line num="1" count="11" type="stmt"/>
        <line num="2" count="11" type="stmt"/>
        <line num="6" count="0" type="stmt"/>
      </file>
      <file name="settings.svg" path="/Users/sukesh/Documents/Natterbox/Code/portal-web-ui/portal-web/src/assets/icons/settings.svg">
        <metrics statements="3" coveredstatements="2" conditionals="0" coveredconditionals="0" methods="1" coveredmethods="0"/>
        <line num="1" count="11" type="stmt"/>
        <line num="2" count="11" type="stmt"/>
        <line num="6" count="0" type="stmt"/>
      </file>
      <file name="zoom-in.svg" path="/Users/sukesh/Documents/Natterbox/Code/portal-web-ui/portal-web/src/assets/icons/zoom-in.svg">
        <metrics statements="3" coveredstatements="2" conditionals="0" coveredconditionals="0" methods="1" coveredmethods="0"/>
        <line num="1" count="11" type="stmt"/>
        <line num="2" count="11" type="stmt"/>
        <line num="6" count="0" type="stmt"/>
      </file>
      <file name="zoom-out.svg" path="/Users/sukesh/Documents/Natterbox/Code/portal-web-ui/portal-web/src/assets/icons/zoom-out.svg">
        <metrics statements="3" coveredstatements="2" conditionals="0" coveredconditionals="0" methods="1" coveredmethods="0"/>
        <line num="1" count="11" type="stmt"/>
        <line num="2" count="11" type="stmt"/>
        <line num="6" count="0" type="stmt"/>
      </file>
    </package>
    <package name="src.components.AccountSettings.components.Accounts">
      <metrics statements="7" coveredstatements="0" conditionals="0" coveredconditionals="0" methods="3" coveredmethods="0"/>
      <file name="Accounts.tsx" path="/Users/sukesh/Documents/Natterbox/Code/portal-web-ui/portal-web/src/components/AccountSettings/components/Accounts/Accounts.tsx">
        <metrics statements="7" coveredstatements="0" conditionals="0" coveredconditionals="0" methods="3" coveredmethods="0"/>
        <line num="16" count="0" type="stmt"/>
        <line num="22" count="0" type="stmt"/>
        <line num="27" count="0" type="stmt"/>
        <line num="28" count="0" type="stmt"/>
        <line num="30" count="0" type="stmt"/>
        <line num="32" count="0" type="stmt"/>
        <line num="45" count="0" type="stmt"/>
      </file>
      <file name="Accounts.type.ts" path="/Users/sukesh/Documents/Natterbox/Code/portal-web-ui/portal-web/src/components/AccountSettings/components/Accounts/Accounts.type.ts">
        <metrics statements="0" coveredstatements="0" conditionals="0" coveredconditionals="0" methods="0" coveredmethods="0"/>
      </file>
    </package>
    <package name="src.components.AccountSettings.components.Accounts.components.AllSettings">
      <metrics statements="9" coveredstatements="4" conditionals="9" coveredconditionals="0" methods="2" coveredmethods="0"/>
      <file name="AllSettings.tsx" path="/Users/sukesh/Documents/Natterbox/Code/portal-web-ui/portal-web/src/components/AccountSettings/components/Accounts/components/AllSettings/AllSettings.tsx">
        <metrics statements="5" coveredstatements="0" conditionals="9" coveredconditionals="0" methods="2" coveredmethods="0"/>
        <line num="8" count="0" type="stmt"/>
        <line num="9" count="0" type="stmt"/>
        <line num="10" count="0" type="stmt"/>
        <line num="14" count="0" type="stmt"/>
        <line num="21" count="0" type="stmt"/>
      </file>
      <file name="AllSettingsQueries.ts" path="/Users/sukesh/Documents/Natterbox/Code/portal-web-ui/portal-web/src/components/AccountSettings/components/Accounts/components/AllSettings/AllSettingsQueries.ts">
        <metrics statements="4" coveredstatements="4" conditionals="0" coveredconditionals="0" methods="0" coveredmethods="0"/>
        <line num="3" count="1" type="stmt"/>
        <line num="32" count="1" type="stmt"/>
        <line num="45" count="1" type="stmt"/>
        <line num="58" count="1" type="stmt"/>
      </file>
    </package>
    <package name="src.components.AccountSettings.components.Accounts.components.AllSettings.components.GeneralSettings">
      <metrics statements="54" coveredstatements="0" conditionals="27" coveredconditionals="0" methods="20" coveredmethods="0"/>
      <file name="GeneralSettings.tsx" path="/Users/sukesh/Documents/Natterbox/Code/portal-web-ui/portal-web/src/components/AccountSettings/components/Accounts/components/AllSettings/components/GeneralSettings/GeneralSettings.tsx">
        <metrics statements="24" coveredstatements="0" conditionals="12" coveredconditionals="0" methods="12" coveredmethods="0"/>
        <line num="32" count="0" type="stmt"/>
        <line num="35" count="0" type="stmt"/>
        <line num="37" count="0" type="stmt"/>
        <line num="45" count="0" type="stmt"/>
        <line num="51" count="0" type="stmt"/>
        <line num="64" count="0" type="stmt"/>
        <line num="66" count="0" type="stmt"/>
        <line num="71" count="0" type="stmt"/>
        <line num="84" count="0" type="stmt"/>
        <line num="85" count="0" type="stmt"/>
        <line num="104" count="0" type="stmt"/>
        <line num="105" count="0" type="stmt"/>
        <line num="121" count="0" type="stmt"/>
        <line num="122" count="0" type="stmt"/>
        <line num="139" count="0" type="stmt"/>
        <line num="140" count="0" type="stmt"/>
        <line num="157" count="0" type="stmt"/>
        <line num="158" count="0" type="stmt"/>
        <line num="177" count="0" type="stmt"/>
        <line num="178" count="0" type="stmt"/>
        <line num="196" count="0" type="stmt"/>
        <line num="197" count="0" type="stmt"/>
        <line num="212" count="0" type="stmt"/>
        <line num="226" count="0" type="stmt"/>
      </file>
      <file name="GeneralSettings.type.ts" path="/Users/sukesh/Documents/Natterbox/Code/portal-web-ui/portal-web/src/components/AccountSettings/components/Accounts/components/AllSettings/components/GeneralSettings/GeneralSettings.type.ts">
        <metrics statements="0" coveredstatements="0" conditionals="0" coveredconditionals="0" methods="0" coveredmethods="0"/>
      </file>
      <file name="GeneralSettingsActions.ts" path="/Users/sukesh/Documents/Natterbox/Code/portal-web-ui/portal-web/src/components/AccountSettings/components/Accounts/components/AllSettings/components/GeneralSettings/GeneralSettingsActions.ts">
        <metrics statements="5" coveredstatements="0" conditionals="0" coveredconditionals="0" methods="0" coveredmethods="0"/>
        <line num="5" count="0" type="stmt"/>
        <line num="12" count="0" type="stmt"/>
        <line num="16" count="0" type="stmt"/>
        <line num="18" count="0" type="stmt"/>
        <line num="20" count="0" type="stmt"/>
      </file>
      <file name="GeneralSettingsMiddleware.ts" path="/Users/sukesh/Documents/Natterbox/Code/portal-web-ui/portal-web/src/components/AccountSettings/components/Accounts/components/AllSettings/components/GeneralSettings/GeneralSettingsMiddleware.ts">
        <metrics statements="18" coveredstatements="0" conditionals="15" coveredconditionals="0" methods="3" coveredmethods="0"/>
        <line num="11" count="0" type="stmt"/>
        <line num="15" count="0" type="stmt"/>
        <line num="19" count="0" type="cond" truecount="0" falsecount="3"/>
        <line num="21" count="0" type="stmt"/>
        <line num="31" count="0" type="stmt"/>
        <line num="33" count="0" type="cond" truecount="0" falsecount="2"/>
        <line num="34" count="0" type="cond" truecount="0" falsecount="4"/>
        <line num="36" count="0" type="stmt"/>
        <line num="41" count="0" type="stmt"/>
        <line num="43" count="0" type="stmt"/>
        <line num="48" count="0" type="stmt"/>
        <line num="50" count="0" type="stmt"/>
        <line num="55" count="0" type="stmt"/>
        <line num="57" count="0" type="stmt"/>
        <line num="60" count="0" type="stmt"/>
        <line num="64" count="0" type="stmt"/>
        <line num="66" count="0" type="stmt"/>
        <line num="69" count="0" type="stmt"/>
      </file>
      <file name="GeneralSettingsReducer.ts" path="/Users/sukesh/Documents/Natterbox/Code/portal-web-ui/portal-web/src/components/AccountSettings/components/Accounts/components/AllSettings/components/GeneralSettings/GeneralSettingsReducer.ts">
        <metrics statements="7" coveredstatements="0" conditionals="0" coveredconditionals="0" methods="5" coveredmethods="0"/>
        <line num="11" count="0" type="stmt"/>
        <line num="28" count="0" type="stmt"/>
        <line num="31" count="0" type="stmt"/>
        <line num="32" count="0" type="stmt"/>
        <line num="36" count="0" type="stmt"/>
        <line num="41" count="0" type="stmt"/>
        <line num="46" count="0" type="stmt"/>
      </file>
    </package>
    <package name="src.components.AccountSettings.components.Accounts.components.AllSettings.components.Locale">
      <metrics statements="57" coveredstatements="38" conditionals="34" coveredconditionals="20" methods="26" coveredmethods="16"/>
      <file name="Locale.tsx" path="/Users/sukesh/Documents/Natterbox/Code/portal-web-ui/portal-web/src/components/AccountSettings/components/Accounts/components/AllSettings/components/Locale/Locale.tsx">
        <metrics statements="55" coveredstatements="36" conditionals="31" coveredconditionals="17" methods="25" coveredmethods="15"/>
        <line num="38" count="1" type="stmt"/>
        <line num="39" count="9" type="cond" truecount="3" falsecount="1"/>
        <line num="41" count="3" type="stmt"/>
        <line num="42" count="108" type="stmt"/>
        <line num="45" count="3" type="stmt"/>
        <line num="46" count="1387" type="cond" truecount="2" falsecount="0"/>
        <line num="47" count="1362" type="stmt"/>
        <line num="49" count="3" type="stmt"/>
        <line num="50" count="372" type="stmt"/>
        <line num="54" count="0" type="stmt"/>
        <line num="58" count="1" type="stmt"/>
        <line num="64" count="1" type="stmt"/>
        <line num="69" count="3" type="stmt"/>
        <line num="77" count="3" type="stmt"/>
        <line num="87" count="3" type="stmt"/>
        <line num="88" count="0" type="stmt"/>
        <line num="89" count="0" type="stmt"/>
        <line num="97" count="3" type="stmt"/>
        <line num="101" count="0" type="stmt"/>
        <line num="102" count="0" type="stmt"/>
        <line num="107" count="3" type="stmt"/>
        <line num="111" count="0" type="stmt"/>
        <line num="112" count="0" type="stmt"/>
        <line num="117" count="3" type="stmt"/>
        <line num="118" count="1" type="stmt"/>
        <line num="127" count="3" type="stmt"/>
        <line num="128" count="1" type="stmt"/>
        <line num="131" count="15" type="stmt"/>
        <line num="132" count="1" type="cond" truecount="1" falsecount="1"/>
        <line num="133" count="1" type="stmt"/>
        <line num="138" count="0" type="stmt"/>
        <line num="145" count="3" type="stmt"/>
        <line num="146" count="0" type="stmt"/>
        <line num="162" count="3" type="stmt"/>
        <line num="163" count="0" type="stmt"/>
        <line num="164" count="0" type="cond" truecount="0" falsecount="3"/>
        <line num="168" count="3" type="stmt"/>
        <line num="169" count="0" type="cond" truecount="0" falsecount="2"/>
        <line num="170" count="0" type="stmt"/>
        <line num="176" count="0" type="stmt"/>
        <line num="179" count="0" type="stmt"/>
        <line num="186" count="0" type="stmt"/>
        <line num="192" count="0" type="stmt"/>
        <line num="195" count="3" type="stmt"/>
        <line num="197" count="3" type="cond" truecount="1" falsecount="1"/>
        <line num="198" count="18" type="stmt"/>
        <line num="199" count="6" type="stmt"/>
        <line num="201" count="3" type="cond" truecount="2" falsecount="0"/>
        <line num="203" count="3" type="stmt"/>
        <line num="204" count="9" type="stmt"/>
        <line num="214" count="3" type="stmt"/>
        <line num="227" count="9" type="stmt"/>
        <line num="294" count="6" type="stmt"/>
        <line num="335" count="0" type="stmt"/>
        <line num="341" count="0" type="stmt"/>
      </file>
      <file name="LocaleRow.tsx" path="/Users/sukesh/Documents/Natterbox/Code/portal-web-ui/portal-web/src/components/AccountSettings/components/Accounts/components/AllSettings/components/Locale/LocaleRow.tsx">
        <metrics statements="2" coveredstatements="2" conditionals="3" coveredconditionals="3" methods="1" coveredmethods="1"/>
        <line num="13" count="1" type="stmt"/>
        <line num="20" count="9" type="stmt"/>
      </file>
    </package>
    <package name="src.components.AccountSettings.components.Accounts.components.Sound">
      <metrics statements="55" coveredstatements="39" conditionals="20" coveredconditionals="16" methods="26" coveredmethods="11"/>
      <file name="Sound.type.ts" path="/Users/sukesh/Documents/Natterbox/Code/portal-web-ui/portal-web/src/components/AccountSettings/components/Accounts/components/Sound/Sound.type.ts">
        <metrics statements="0" coveredstatements="0" conditionals="0" coveredconditionals="0" methods="0" coveredmethods="0"/>
      </file>
      <file name="SoundActions.ts" path="/Users/sukesh/Documents/Natterbox/Code/portal-web-ui/portal-web/src/components/AccountSettings/components/Accounts/components/Sound/SoundActions.ts">
        <metrics statements="6" coveredstatements="6" conditionals="0" coveredconditionals="0" methods="0" coveredmethods="0"/>
        <line num="4" count="2" type="stmt"/>
        <line num="5" count="2" type="stmt"/>
        <line num="7" count="2" type="stmt"/>
        <line num="8" count="2" type="stmt"/>
        <line num="9" count="2" type="stmt"/>
        <line num="13" count="2" type="stmt"/>
      </file>
      <file name="SoundColProps.ts" path="/Users/sukesh/Documents/Natterbox/Code/portal-web-ui/portal-web/src/components/AccountSettings/components/Accounts/components/Sound/SoundColProps.ts">
        <metrics statements="3" coveredstatements="3" conditionals="0" coveredconditionals="0" methods="2" coveredmethods="2"/>
        <line num="4" count="2" type="stmt"/>
        <line num="29" count="4" type="stmt"/>
        <line num="35" count="4" type="stmt"/>
      </file>
      <file name="SoundList.tsx" path="/Users/sukesh/Documents/Natterbox/Code/portal-web-ui/portal-web/src/components/AccountSettings/components/Accounts/components/Sound/SoundList.tsx">
        <metrics statements="17" coveredstatements="13" conditionals="20" coveredconditionals="16" methods="9" coveredmethods="5"/>
        <line num="22" count="1" type="stmt"/>
        <line num="24" count="1" type="stmt"/>
        <line num="37" count="3" type="stmt"/>
        <line num="45" count="3" type="stmt"/>
        <line num="56" count="3" type="cond" truecount="4" falsecount="0"/>
        <line num="68" count="3" type="stmt"/>
        <line num="69" count="2" type="cond" truecount="4" falsecount="0"/>
        <line num="70" count="3" type="stmt"/>
        <line num="73" count="1" type="stmt"/>
        <line num="76" count="3" type="stmt"/>
        <line num="81" count="0" type="stmt"/>
        <line num="95" count="3" type="stmt"/>
        <line num="108" count="0" type="stmt"/>
        <line num="122" count="0" type="stmt"/>
        <line num="134" count="0" type="stmt"/>
        <line num="156" count="8" type="stmt"/>
        <line num="166" count="12" type="stmt"/>
      </file>
      <file name="SoundQueries.ts" path="/Users/sukesh/Documents/Natterbox/Code/portal-web-ui/portal-web/src/components/AccountSettings/components/Accounts/components/Sound/SoundQueries.ts">
        <metrics statements="1" coveredstatements="1" conditionals="0" coveredconditionals="0" methods="0" coveredmethods="0"/>
        <line num="3" count="2" type="stmt"/>
      </file>
      <file name="SoundReducer.ts" path="/Users/sukesh/Documents/Natterbox/Code/portal-web-ui/portal-web/src/components/AccountSettings/components/Accounts/components/Sound/SoundReducer.ts">
        <metrics statements="10" coveredstatements="4" conditionals="0" coveredconditionals="0" methods="7" coveredmethods="1"/>
        <line num="8" count="2" type="stmt"/>
        <line num="10" count="2" type="stmt"/>
        <line num="19" count="2" type="stmt"/>
        <line num="20" count="2" type="stmt"/>
        <line num="21" count="0" type="stmt"/>
        <line num="26" count="0" type="stmt"/>
        <line num="30" count="0" type="stmt"/>
        <line num="36" count="0" type="stmt"/>
        <line num="40" count="0" type="stmt"/>
        <line num="44" count="0" type="stmt"/>
      </file>
      <file name="useSoundListHook.ts" path="/Users/sukesh/Documents/Natterbox/Code/portal-web-ui/portal-web/src/components/AccountSettings/components/Accounts/components/Sound/useSoundListHook.ts">
        <metrics statements="18" coveredstatements="12" conditionals="0" coveredconditionals="0" methods="8" coveredmethods="3"/>
        <line num="15" count="2" type="stmt"/>
        <line num="16" count="11" type="stmt"/>
        <line num="18" count="11" type="stmt"/>
        <line num="29" count="11" type="stmt"/>
        <line num="37" count="11" type="stmt"/>
        <line num="38" count="4" type="stmt"/>
        <line num="41" count="11" type="stmt"/>
        <line num="42" count="0" type="stmt"/>
        <line num="43" count="0" type="stmt"/>
        <line num="46" count="11" type="stmt"/>
        <line num="47" count="0" type="stmt"/>
        <line num="48" count="0" type="stmt"/>
        <line num="51" count="11" type="stmt"/>
        <line num="52" count="0" type="stmt"/>
        <line num="54" count="11" type="stmt"/>
        <line num="55" count="0" type="stmt"/>
        <line num="57" count="11" type="stmt"/>
        <line num="59" count="11" type="stmt"/>
      </file>
    </package>
    <package name="src.components.AccountSettings.components.Accounts.components.Sound.components.CreateSound">
      <metrics statements="49" coveredstatements="10" conditionals="20" coveredconditionals="0" methods="16" coveredmethods="1"/>
      <file name="CreateSound.tsx" path="/Users/sukesh/Documents/Natterbox/Code/portal-web-ui/portal-web/src/components/AccountSettings/components/Accounts/components/Sound/components/CreateSound/CreateSound.tsx">
        <metrics statements="5" coveredstatements="1" conditionals="8" coveredconditionals="0" methods="2" coveredmethods="0"/>
        <line num="22" count="1" type="stmt"/>
        <line num="29" count="0" type="stmt"/>
        <line num="38" count="0" type="stmt"/>
        <line num="40" count="0" type="stmt"/>
        <line num="66" count="0" type="stmt"/>
      </file>
      <file name="CreateSoundActions.ts" path="/Users/sukesh/Documents/Natterbox/Code/portal-web-ui/portal-web/src/components/AccountSettings/components/Accounts/components/Sound/components/CreateSound/CreateSoundActions.ts">
        <metrics statements="5" coveredstatements="5" conditionals="0" coveredconditionals="0" methods="0" coveredmethods="0"/>
        <line num="3" count="1" type="stmt"/>
        <line num="4" count="1" type="stmt"/>
        <line num="6" count="1" type="stmt"/>
        <line num="10" count="1" type="stmt"/>
        <line num="11" count="1" type="stmt"/>
      </file>
      <file name="CreateSoundReducer.ts" path="/Users/sukesh/Documents/Natterbox/Code/portal-web-ui/portal-web/src/components/AccountSettings/components/Accounts/components/Sound/components/CreateSound/CreateSoundReducer.ts">
        <metrics statements="8" coveredstatements="3" conditionals="0" coveredconditionals="0" methods="6" coveredmethods="1"/>
        <line num="11" count="1" type="stmt"/>
        <line num="22" count="1" type="stmt"/>
        <line num="25" count="1" type="stmt"/>
        <line num="26" count="0" type="stmt"/>
        <line num="31" count="0" type="stmt"/>
        <line num="35" count="0" type="stmt"/>
        <line num="39" count="0" type="stmt"/>
        <line num="43" count="0" type="stmt"/>
      </file>
      <file name="useCreateSoundHook.ts" path="/Users/sukesh/Documents/Natterbox/Code/portal-web-ui/portal-web/src/components/AccountSettings/components/Accounts/components/Sound/components/CreateSound/useCreateSoundHook.ts">
        <metrics statements="31" coveredstatements="1" conditionals="12" coveredconditionals="0" methods="8" coveredmethods="0"/>
        <line num="18" count="1" type="stmt"/>
        <line num="19" count="0" type="stmt"/>
        <line num="24" count="0" type="stmt"/>
        <line num="25" count="0" type="stmt"/>
        <line num="26" count="0" type="stmt"/>
        <line num="27" count="0" type="cond" truecount="0" falsecount="2"/>
        <line num="29" count="0" type="stmt"/>
        <line num="30" count="0" type="stmt"/>
        <line num="31" count="0" type="stmt"/>
        <line num="33" count="0" type="cond" truecount="0" falsecount="2"/>
        <line num="35" count="0" type="stmt"/>
        <line num="36" count="0" type="stmt"/>
        <line num="39" count="0" type="stmt"/>
        <line num="42" count="0" type="stmt"/>
        <line num="43" count="0" type="cond" truecount="0" falsecount="2"/>
        <line num="44" count="0" type="cond" truecount="0" falsecount="2"/>
        <line num="45" count="0" type="stmt"/>
        <line num="52" count="0" type="stmt"/>
        <line num="55" count="0" type="stmt"/>
        <line num="59" count="0" type="stmt"/>
        <line num="61" count="0" type="stmt"/>
        <line num="62" count="0" type="stmt"/>
        <line num="63" count="0" type="stmt"/>
        <line num="65" count="0" type="stmt"/>
        <line num="73" count="0" type="stmt"/>
        <line num="75" count="0" type="cond" truecount="0" falsecount="2"/>
        <line num="76" count="0" type="stmt"/>
        <line num="79" count="0" type="cond" truecount="0" falsecount="2"/>
        <line num="80" count="0" type="stmt"/>
        <line num="84" count="0" type="stmt"/>
        <line num="86" count="0" type="stmt"/>
      </file>
    </package>
    <package name="src.components.AccountSettings.components.Accounts.components.Sound.mocks">
      <metrics statements="1" coveredstatements="1" conditionals="0" coveredconditionals="0" methods="0" coveredmethods="0"/>
      <file name="soundMocks.ts" path="/Users/sukesh/Documents/Natterbox/Code/portal-web-ui/portal-web/src/components/AccountSettings/components/Accounts/components/Sound/mocks/soundMocks.ts">
        <metrics statements="1" coveredstatements="1" conditionals="0" coveredconditionals="0" methods="0" coveredmethods="0"/>
        <line num="1" count="1" type="stmt"/>
      </file>
    </package>
    <package name="src.components.AccountSettings.components.Assets">
      <metrics statements="1" coveredstatements="0" conditionals="0" coveredconditionals="0" methods="1" coveredmethods="0"/>
      <file name="index.tsx" path="/Users/sukesh/Documents/Natterbox/Code/portal-web-ui/portal-web/src/components/AccountSettings/components/Assets/index.tsx">
        <metrics statements="1" coveredstatements="0" conditionals="0" coveredconditionals="0" methods="1" coveredmethods="0"/>
        <line num="3" count="0" type="stmt"/>
      </file>
    </package>
    <package name="src.components.Devices.components">
      <metrics statements="44" coveredstatements="28" conditionals="24" coveredconditionals="14" methods="16" coveredmethods="5"/>
      <file name="Device.type.ts" path="/Users/sukesh/Documents/Natterbox/Code/portal-web-ui/portal-web/src/components/Devices/components/Device.type.ts">
        <metrics statements="0" coveredstatements="0" conditionals="0" coveredconditionals="0" methods="0" coveredmethods="0"/>
      </file>
      <file name="DeviceColProps.tsx" path="/Users/sukesh/Documents/Natterbox/Code/portal-web-ui/portal-web/src/components/Devices/components/DeviceColProps.tsx">
        <metrics statements="5" coveredstatements="1" conditionals="6" coveredconditionals="0" methods="1" coveredmethods="0"/>
        <line num="9" count="1" type="stmt"/>
        <line num="25" count="0" type="cond" truecount="0" falsecount="2"/>
        <line num="27" count="0" type="stmt"/>
        <line num="28" count="0" type="stmt"/>
        <line num="30" count="0" type="stmt"/>
      </file>
      <file name="DeviceList.tsx" path="/Users/sukesh/Documents/Natterbox/Code/portal-web-ui/portal-web/src/components/Devices/components/DeviceList.tsx">
        <metrics statements="33" coveredstatements="21" conditionals="18" coveredconditionals="14" methods="15" coveredmethods="5"/>
        <line num="24" count="1" type="stmt"/>
        <line num="26" count="1" type="stmt"/>
        <line num="27" count="3" type="stmt"/>
        <line num="28" count="3" type="stmt"/>
        <line num="29" count="3" type="stmt"/>
        <line num="30" count="3" type="stmt"/>
        <line num="31" count="3" type="stmt"/>
        <line num="32" count="3" type="stmt"/>
        <line num="37" count="3" type="stmt"/>
        <line num="47" count="3" type="stmt"/>
        <line num="48" count="1" type="stmt"/>
        <line num="52" count="3" type="cond" truecount="2" falsecount="2"/>
        <line num="72" count="3" type="stmt"/>
        <line num="74" count="3" type="stmt"/>
        <line num="75" count="0" type="stmt"/>
        <line num="76" count="0" type="stmt"/>
        <line num="79" count="4" type="stmt"/>
        <line num="80" count="0" type="stmt"/>
        <line num="81" count="0" type="stmt"/>
        <line num="84" count="3" type="stmt"/>
        <line num="85" count="0" type="stmt"/>
        <line num="91" count="3" type="stmt"/>
        <line num="92" count="0" type="stmt"/>
        <line num="94" count="3" type="stmt"/>
        <line num="96" count="0" type="stmt"/>
        <line num="100" count="3" type="stmt"/>
        <line num="107" count="0" type="stmt"/>
        <line num="118" count="0" type="stmt"/>
        <line num="140" count="4" type="stmt"/>
        <line num="148" count="3" type="stmt"/>
        <line num="154" count="0" type="stmt"/>
        <line num="155" count="0" type="stmt"/>
        <line num="162" count="0" type="stmt"/>
      </file>
      <file name="DeviceQueries.ts" path="/Users/sukesh/Documents/Natterbox/Code/portal-web-ui/portal-web/src/components/Devices/components/DeviceQueries.ts">
        <metrics statements="6" coveredstatements="6" conditionals="0" coveredconditionals="0" methods="0" coveredmethods="0"/>
        <line num="3" count="3" type="stmt"/>
        <line num="21" count="3" type="stmt"/>
        <line num="31" count="3" type="stmt"/>
        <line num="44" count="3" type="stmt"/>
        <line num="55" count="3" type="stmt"/>
        <line num="67" count="3" type="stmt"/>
      </file>
    </package>
    <package name="src.components.Devices.components.DeviceCreate">
      <metrics statements="24" coveredstatements="14" conditionals="30" coveredconditionals="14" methods="8" coveredmethods="2"/>
      <file name="DeviceCreate.tsx" path="/Users/sukesh/Documents/Natterbox/Code/portal-web-ui/portal-web/src/components/Devices/components/DeviceCreate/DeviceCreate.tsx">
        <metrics statements="2" coveredstatements="2" conditionals="0" coveredconditionals="0" methods="1" coveredmethods="1"/>
        <line num="15" count="2" type="stmt"/>
        <line num="16" count="1" type="stmt"/>
      </file>
      <file name="GeneralSettingsCreate.tsx" path="/Users/sukesh/Documents/Natterbox/Code/portal-web-ui/portal-web/src/components/Devices/components/DeviceCreate/GeneralSettingsCreate.tsx">
        <metrics statements="20" coveredstatements="12" conditionals="30" coveredconditionals="14" methods="6" coveredmethods="1"/>
        <line num="17" count="3" type="stmt"/>
        <line num="33" count="3" type="stmt"/>
        <line num="34" count="2" type="stmt"/>
        <line num="36" count="2" type="stmt"/>
        <line num="45" count="2" type="stmt"/>
        <line num="47" count="0" type="stmt"/>
        <line num="52" count="2" type="stmt"/>
        <line num="53" count="0" type="stmt"/>
        <line num="56" count="0" type="stmt"/>
        <line num="63" count="2" type="stmt"/>
        <line num="64" count="0" type="cond" truecount="0" falsecount="2"/>
        <line num="65" count="0" type="stmt"/>
        <line num="70" count="0" type="cond" truecount="0" falsecount="2"/>
        <line num="71" count="0" type="stmt"/>
        <line num="78" count="2" type="stmt"/>
        <line num="79" count="0" type="stmt"/>
        <line num="88" count="2" type="cond" truecount="2" falsecount="0"/>
        <line num="90" count="2" type="stmt"/>
        <line num="92" count="2" type="stmt"/>
        <line num="102" count="2" type="stmt"/>
      </file>
      <file name="SecuritySettingsCreate.tsx" path="/Users/sukesh/Documents/Natterbox/Code/portal-web-ui/portal-web/src/components/Devices/components/DeviceCreate/SecuritySettingsCreate.tsx">
        <metrics statements="2" coveredstatements="0" conditionals="0" coveredconditionals="0" methods="1" coveredmethods="0"/>
        <line num="3" count="0" type="stmt"/>
        <line num="4" count="0" type="stmt"/>
      </file>
    </package>
    <package name="src.components.Devices.components.DeviceUpdate">
      <metrics statements="29" coveredstatements="4" conditionals="16" coveredconditionals="0" methods="11" coveredmethods="0"/>
      <file name="DeviceUpdate.tsx" path="/Users/sukesh/Documents/Natterbox/Code/portal-web-ui/portal-web/src/components/Devices/components/DeviceUpdate/DeviceUpdate.tsx">
        <metrics statements="5" coveredstatements="1" conditionals="0" coveredconditionals="0" methods="2" coveredmethods="0"/>
        <line num="21" count="1" type="stmt"/>
        <line num="22" count="0" type="stmt"/>
        <line num="24" count="0" type="stmt"/>
        <line num="25" count="0" type="stmt"/>
        <line num="28" count="0" type="stmt"/>
      </file>
      <file name="GeneralSettingsUpdate.tsx" path="/Users/sukesh/Documents/Natterbox/Code/portal-web-ui/portal-web/src/components/Devices/components/DeviceUpdate/GeneralSettingsUpdate.tsx">
        <metrics statements="21" coveredstatements="2" conditionals="16" coveredconditionals="0" methods="8" coveredmethods="0"/>
        <line num="21" count="1" type="stmt"/>
        <line num="32" count="1" type="stmt"/>
        <line num="33" count="0" type="stmt"/>
        <line num="37" count="0" type="stmt"/>
        <line num="44" count="0" type="stmt"/>
        <line num="46" count="0" type="stmt"/>
        <line num="47" count="0" type="stmt"/>
        <line num="56" count="0" type="stmt"/>
        <line num="57" count="0" type="stmt"/>
        <line num="67" count="0" type="cond" truecount="0" falsecount="2"/>
        <line num="70" count="0" type="stmt"/>
        <line num="71" count="0" type="cond" truecount="0" falsecount="2"/>
        <line num="72" count="0" type="stmt"/>
        <line num="77" count="0" type="cond" truecount="0" falsecount="2"/>
        <line num="78" count="0" type="stmt"/>
        <line num="85" count="0" type="stmt"/>
        <line num="86" count="0" type="stmt"/>
        <line num="96" count="0" type="stmt"/>
        <line num="98" count="0" type="stmt"/>
        <line num="100" count="0" type="stmt"/>
        <line num="192" count="0" type="stmt"/>
      </file>
      <file name="SecuritySettingsUpdate.tsx" path="/Users/sukesh/Documents/Natterbox/Code/portal-web-ui/portal-web/src/components/Devices/components/DeviceUpdate/SecuritySettingsUpdate.tsx">
        <metrics statements="3" coveredstatements="1" conditionals="0" coveredconditionals="0" methods="1" coveredmethods="0"/>
        <line num="3" count="1" type="stmt"/>
        <line num="4" count="0" type="stmt"/>
        <line num="6" count="0" type="stmt"/>
      </file>
    </package>
    <package name="src.components.ErrorHandler">
      <metrics statements="37" coveredstatements="0" conditionals="32" coveredconditionals="0" methods="9" coveredmethods="0"/>
      <file name="ErrorHandler.tsx" path="/Users/sukesh/Documents/Natterbox/Code/portal-web-ui/portal-web/src/components/ErrorHandler/ErrorHandler.tsx">
        <metrics statements="33" coveredstatements="0" conditionals="32" coveredconditionals="0" methods="7" coveredmethods="0"/>
        <line num="34" count="0" type="stmt"/>
        <line num="35" count="0" type="stmt"/>
        <line num="36" count="0" type="stmt"/>
        <line num="38" count="0" type="stmt"/>
        <line num="39" count="0" type="stmt"/>
        <line num="41" count="0" type="stmt"/>
        <line num="42" count="0" type="cond" truecount="0" falsecount="2"/>
        <line num="43" count="0" type="stmt"/>
        <line num="44" count="0" type="cond" truecount="0" falsecount="4"/>
        <line num="45" count="0" type="stmt"/>
        <line num="47" count="0" type="stmt"/>
        <line num="50" count="0" type="cond" truecount="0" falsecount="2"/>
        <line num="51" count="0" type="stmt"/>
        <line num="54" count="0" type="stmt"/>
        <line num="56" count="0" type="cond" truecount="0" falsecount="4"/>
        <line num="57" count="0" type="stmt"/>
        <line num="60" count="0" type="stmt"/>
        <line num="62" count="0" type="stmt"/>
        <line num="66" count="0" type="stmt"/>
        <line num="69" count="0" type="stmt"/>
        <line num="70" count="0" type="cond" truecount="0" falsecount="2"/>
        <line num="71" count="0" type="cond" truecount="0" falsecount="2"/>
        <line num="72" count="0" type="stmt"/>
        <line num="73" count="0" type="cond" truecount="0" falsecount="2"/>
        <line num="75" count="0" type="cond" truecount="0" falsecount="2"/>
        <line num="76" count="0" type="stmt"/>
        <line num="78" count="0" type="stmt"/>
        <line num="80" count="0" type="cond" truecount="0" falsecount="2"/>
        <line num="81" count="0" type="cond" truecount="0" falsecount="2"/>
        <line num="82" count="0" type="cond" truecount="0" falsecount="2"/>
        <line num="86" count="0" type="stmt"/>
        <line num="89" count="0" type="stmt"/>
        <line num="94" count="0" type="stmt"/>
      </file>
      <file name="NetworkError.tsx" path="/Users/sukesh/Documents/Natterbox/Code/portal-web-ui/portal-web/src/components/ErrorHandler/NetworkError.tsx">
        <metrics statements="2" coveredstatements="0" conditionals="0" coveredconditionals="0" methods="1" coveredmethods="0"/>
        <line num="3" count="0" type="stmt"/>
        <line num="4" count="0" type="stmt"/>
      </file>
      <file name="UnknownError.tsx" path="/Users/sukesh/Documents/Natterbox/Code/portal-web-ui/portal-web/src/components/ErrorHandler/UnknownError.tsx">
        <metrics statements="2" coveredstatements="0" conditionals="0" coveredconditionals="0" methods="1" coveredmethods="0"/>
        <line num="3" count="0" type="stmt"/>
        <line num="4" count="0" type="stmt"/>
      </file>
    </package>
    <package name="src.components.Groups">
      <metrics statements="0" coveredstatements="0" conditionals="0" coveredconditionals="0" methods="0" coveredmethods="0"/>
      <file name="index.tsx" path="/Users/sukesh/Documents/Natterbox/Code/portal-web-ui/portal-web/src/components/Groups/index.tsx">
        <metrics statements="0" coveredstatements="0" conditionals="0" coveredconditionals="0" methods="0" coveredmethods="0"/>
      </file>
    </package>
    <package name="src.components.Groups.components">
      <metrics statements="42" coveredstatements="0" conditionals="20" coveredconditionals="0" methods="15" coveredmethods="0"/>
      <file name="Groups.type.ts" path="/Users/sukesh/Documents/Natterbox/Code/portal-web-ui/portal-web/src/components/Groups/components/Groups.type.ts">
        <metrics statements="0" coveredstatements="0" conditionals="0" coveredconditionals="0" methods="0" coveredmethods="0"/>
      </file>
      <file name="GroupsColProps.tsx" path="/Users/sukesh/Documents/Natterbox/Code/portal-web-ui/portal-web/src/components/Groups/components/GroupsColProps.tsx">
        <metrics statements="3" coveredstatements="0" conditionals="2" coveredconditionals="0" methods="1" coveredmethods="0"/>
        <line num="3" count="0" type="stmt"/>
        <line num="29" count="0" type="cond" truecount="0" falsecount="2"/>
        <line num="30" count="0" type="stmt"/>
      </file>
      <file name="GroupsList.tsx" path="/Users/sukesh/Documents/Natterbox/Code/portal-web-ui/portal-web/src/components/Groups/components/GroupsList.tsx">
        <metrics statements="34" coveredstatements="0" conditionals="18" coveredconditionals="0" methods="14" coveredmethods="0"/>
        <line num="25" count="0" type="stmt"/>
        <line num="27" count="0" type="stmt"/>
        <line num="28" count="0" type="stmt"/>
        <line num="29" count="0" type="stmt"/>
        <line num="30" count="0" type="stmt"/>
        <line num="31" count="0" type="stmt"/>
        <line num="32" count="0" type="stmt"/>
        <line num="33" count="0" type="stmt"/>
        <line num="43" count="0" type="stmt"/>
        <line num="53" count="0" type="stmt"/>
        <line num="54" count="0" type="stmt"/>
        <line num="58" count="0" type="cond" truecount="0" falsecount="4"/>
        <line num="78" count="0" type="stmt"/>
        <line num="80" count="0" type="stmt"/>
        <line num="81" count="0" type="stmt"/>
        <line num="82" count="0" type="stmt"/>
        <line num="85" count="0" type="stmt"/>
        <line num="86" count="0" type="stmt"/>
        <line num="87" count="0" type="stmt"/>
        <line num="90" count="0" type="stmt"/>
        <line num="91" count="0" type="stmt"/>
        <line num="98" count="0" type="stmt"/>
        <line num="99" count="0" type="stmt"/>
        <line num="101" count="0" type="stmt"/>
        <line num="103" count="0" type="stmt"/>
        <line num="107" count="0" type="stmt"/>
        <line num="114" count="0" type="stmt"/>
        <line num="124" count="0" type="stmt"/>
        <line num="147" count="0" type="stmt"/>
        <line num="155" count="0" type="stmt"/>
        <line num="162" count="0" type="stmt"/>
        <line num="163" count="0" type="stmt"/>
        <line num="172" count="0" type="stmt"/>
        <line num="177" count="0" type="stmt"/>
      </file>
      <file name="GroupsQueries.ts" path="/Users/sukesh/Documents/Natterbox/Code/portal-web-ui/portal-web/src/components/Groups/components/GroupsQueries.ts">
        <metrics statements="5" coveredstatements="0" conditionals="0" coveredconditionals="0" methods="0" coveredmethods="0"/>
        <line num="3" count="0" type="stmt"/>
        <line num="23" count="0" type="stmt"/>
        <line num="35" count="0" type="stmt"/>
        <line num="51" count="0" type="stmt"/>
        <line num="64" count="0" type="stmt"/>
      </file>
    </package>
    <package name="src.components.Groups.components.GroupCreate">
      <metrics statements="33" coveredstatements="0" conditionals="27" coveredconditionals="0" methods="11" coveredmethods="0"/>
      <file name="GroupCreate.tsx" path="/Users/sukesh/Documents/Natterbox/Code/portal-web-ui/portal-web/src/components/Groups/components/GroupCreate/GroupCreate.tsx">
        <metrics statements="33" coveredstatements="0" conditionals="27" coveredconditionals="0" methods="11" coveredmethods="0"/>
        <line num="26" count="0" type="stmt"/>
        <line num="37" count="0" type="stmt"/>
        <line num="38" count="0" type="stmt"/>
        <line num="39" count="0" type="stmt"/>
        <line num="41" count="0" type="stmt"/>
        <line num="42" count="0" type="stmt"/>
        <line num="43" count="0" type="stmt"/>
        <line num="45" count="0" type="stmt"/>
        <line num="47" count="0" type="cond" truecount="0" falsecount="2"/>
        <line num="48" count="0" type="stmt"/>
        <line num="49" count="0" type="stmt"/>
        <line num="57" count="0" type="stmt"/>
        <line num="60" count="0" type="cond" truecount="0" falsecount="2"/>
        <line num="62" count="0" type="stmt"/>
        <line num="63" count="0" type="cond" truecount="0" falsecount="2"/>
        <line num="64" count="0" type="stmt"/>
        <line num="65" count="0" type="stmt"/>
        <line num="71" count="0" type="stmt"/>
        <line num="72" count="0" type="cond" truecount="0" falsecount="2"/>
        <line num="73" count="0" type="stmt"/>
        <line num="78" count="0" type="stmt"/>
        <line num="85" count="0" type="stmt"/>
        <line num="86" count="0" type="stmt"/>
        <line num="90" count="0" type="stmt"/>
        <line num="97" count="0" type="stmt"/>
        <line num="99" count="0" type="stmt"/>
        <line num="101" count="0" type="stmt"/>
        <line num="102" count="0" type="stmt"/>
        <line num="105" count="0" type="stmt"/>
        <line num="112" count="0" type="stmt"/>
        <line num="171" count="0" type="stmt"/>
        <line num="230" count="0" type="stmt"/>
        <line num="241" count="0" type="stmt"/>
      </file>
    </package>
    <package name="src.components.Groups.components.GroupUpdate">
      <metrics statements="36" coveredstatements="0" conditionals="22" coveredconditionals="0" methods="13" coveredmethods="0"/>
      <file name="GeneralSettingsUpdate.tsx" path="/Users/sukesh/Documents/Natterbox/Code/portal-web-ui/portal-web/src/components/Groups/components/GroupUpdate/GeneralSettingsUpdate.tsx">
        <metrics statements="21" coveredstatements="0" conditionals="18" coveredconditionals="0" methods="7" coveredmethods="0"/>
        <line num="21" count="0" type="stmt"/>
        <line num="26" count="0" type="stmt"/>
        <line num="31" count="0" type="stmt"/>
        <line num="36" count="0" type="stmt"/>
        <line num="38" count="0" type="stmt"/>
        <line num="42" count="0" type="stmt"/>
        <line num="43" count="0" type="stmt"/>
        <line num="50" count="0" type="stmt"/>
        <line num="51" count="0" type="cond" truecount="0" falsecount="2"/>
        <line num="55" count="0" type="stmt"/>
        <line num="56" count="0" type="cond" truecount="0" falsecount="2"/>
        <line num="57" count="0" type="stmt"/>
        <line num="62" count="0" type="cond" truecount="0" falsecount="2"/>
        <line num="63" count="0" type="stmt"/>
        <line num="70" count="0" type="stmt"/>
        <line num="71" count="0" type="stmt"/>
        <line num="76" count="0" type="cond" truecount="0" falsecount="2"/>
        <line num="78" count="0" type="stmt"/>
        <line num="86" count="0" type="stmt"/>
        <line num="88" count="0" type="cond" truecount="0" falsecount="2"/>
        <line num="90" count="0" type="stmt"/>
      </file>
      <file name="GroupUpdate.tsx" path="/Users/sukesh/Documents/Natterbox/Code/portal-web-ui/portal-web/src/components/Groups/components/GroupUpdate/GroupUpdate.tsx">
        <metrics statements="5" coveredstatements="0" conditionals="4" coveredconditionals="0" methods="2" coveredmethods="0"/>
        <line num="24" count="0" type="stmt"/>
        <line num="25" count="0" type="stmt"/>
        <line num="29" count="0" type="stmt"/>
        <line num="31" count="0" type="stmt"/>
        <line num="33" count="0" type="stmt"/>
      </file>
      <file name="MembershipSettingsUpdate.tsx" path="/Users/sukesh/Documents/Natterbox/Code/portal-web-ui/portal-web/src/components/Groups/components/GroupUpdate/MembershipSettingsUpdate.tsx">
        <metrics statements="8" coveredstatements="0" conditionals="0" coveredconditionals="0" methods="3" coveredmethods="0"/>
        <line num="21" count="0" type="stmt"/>
        <line num="23" count="0" type="stmt"/>
        <line num="35" count="0" type="stmt"/>
        <line num="40" count="0" type="stmt"/>
        <line num="42" count="0" type="stmt"/>
        <line num="43" count="0" type="stmt"/>
        <line num="46" count="0" type="stmt"/>
        <line num="56" count="0" type="stmt"/>
      </file>
      <file name="VoicemailSettingsUpdate.tsx" path="/Users/sukesh/Documents/Natterbox/Code/portal-web-ui/portal-web/src/components/Groups/components/GroupUpdate/VoicemailSettingsUpdate.tsx">
        <metrics statements="2" coveredstatements="0" conditionals="0" coveredconditionals="0" methods="1" coveredmethods="0"/>
        <line num="3" count="0" type="stmt"/>
        <line num="4" count="0" type="stmt"/>
      </file>
    </package>
    <package name="src.components.Groups.components.GroupUpdate.components.Members">
      <metrics statements="96" coveredstatements="0" conditionals="55" coveredconditionals="0" methods="40" coveredmethods="0"/>
      <file name="GroupImports.ts" path="/Users/sukesh/Documents/Natterbox/Code/portal-web-ui/portal-web/src/components/Groups/components/GroupUpdate/components/Members/GroupImports.ts">
        <metrics statements="0" coveredstatements="0" conditionals="0" coveredconditionals="0" methods="0" coveredmethods="0"/>
      </file>
      <file name="GroupMemberActions.ts" path="/Users/sukesh/Documents/Natterbox/Code/portal-web-ui/portal-web/src/components/Groups/components/GroupUpdate/components/Members/GroupMemberActions.ts">
        <metrics statements="7" coveredstatements="0" conditionals="0" coveredconditionals="0" methods="0" coveredmethods="0"/>
        <line num="3" count="0" type="stmt"/>
        <line num="12" count="0" type="stmt"/>
        <line num="14" count="0" type="stmt"/>
        <line num="18" count="0" type="stmt"/>
        <line num="26" count="0" type="stmt"/>
        <line num="28" count="0" type="stmt"/>
        <line num="30" count="0" type="stmt"/>
      </file>
      <file name="GroupMemberColProps.tsx" path="/Users/sukesh/Documents/Natterbox/Code/portal-web-ui/portal-web/src/components/Groups/components/GroupUpdate/components/Members/GroupMemberColProps.tsx">
        <metrics statements="3" coveredstatements="0" conditionals="4" coveredconditionals="0" methods="2" coveredmethods="0"/>
        <line num="6" count="0" type="stmt"/>
        <line num="9" count="0" type="stmt"/>
        <line num="37" count="0" type="stmt"/>
      </file>
      <file name="GroupMemberQueries.ts" path="/Users/sukesh/Documents/Natterbox/Code/portal-web-ui/portal-web/src/components/Groups/components/GroupUpdate/components/Members/GroupMemberQueries.ts">
        <metrics statements="3" coveredstatements="0" conditionals="0" coveredconditionals="0" methods="0" coveredmethods="0"/>
        <line num="3" count="0" type="stmt"/>
        <line num="22" count="0" type="stmt"/>
        <line num="35" count="0" type="stmt"/>
      </file>
      <file name="GroupMemberReducer.ts" path="/Users/sukesh/Documents/Natterbox/Code/portal-web-ui/portal-web/src/components/Groups/components/GroupUpdate/components/Members/GroupMemberReducer.ts">
        <metrics statements="10" coveredstatements="0" conditionals="0" coveredconditionals="0" methods="7" coveredmethods="0"/>
        <line num="12" count="0" type="stmt"/>
        <line num="14" count="0" type="stmt"/>
        <line num="23" count="0" type="stmt"/>
        <line num="24" count="0" type="stmt"/>
        <line num="25" count="0" type="stmt"/>
        <line num="29" count="0" type="stmt"/>
        <line num="33" count="0" type="stmt"/>
        <line num="37" count="0" type="stmt"/>
        <line num="44" count="0" type="stmt"/>
        <line num="48" count="0" type="stmt"/>
      </file>
      <file name="GroupMembers.tsx" path="/Users/sukesh/Documents/Natterbox/Code/portal-web-ui/portal-web/src/components/Groups/components/GroupUpdate/components/Members/GroupMembers.tsx">
        <metrics statements="73" coveredstatements="0" conditionals="51" coveredconditionals="0" methods="31" coveredmethods="0"/>
        <line num="48" count="0" type="stmt"/>
        <line num="53" count="0" type="stmt"/>
        <line num="55" count="0" type="stmt"/>
        <line num="62" count="0" type="stmt"/>
        <line num="70" count="0" type="stmt"/>
        <line num="74" count="0" type="stmt"/>
        <line num="79" count="0" type="stmt"/>
        <line num="81" count="0" type="stmt"/>
        <line num="85" count="0" type="stmt"/>
        <line num="89" count="0" type="stmt"/>
        <line num="90" count="0" type="stmt"/>
        <line num="95" count="0" type="cond" truecount="0" falsecount="2"/>
        <line num="96" count="0" type="stmt"/>
        <line num="100" count="0" type="stmt"/>
        <line num="106" count="0" type="cond" truecount="0" falsecount="2"/>
        <line num="108" count="0" type="stmt"/>
        <line num="111" count="0" type="stmt"/>
        <line num="113" count="0" type="stmt"/>
        <line num="114" count="0" type="stmt"/>
        <line num="119" count="0" type="cond" truecount="0" falsecount="2"/>
        <line num="120" count="0" type="stmt"/>
        <line num="125" count="0" type="stmt"/>
        <line num="132" count="0" type="cond" truecount="0" falsecount="2"/>
        <line num="134" count="0" type="cond" truecount="0" falsecount="2"/>
        <line num="137" count="0" type="stmt"/>
        <line num="139" count="0" type="stmt"/>
        <line num="140" count="0" type="stmt"/>
        <line num="145" count="0" type="cond" truecount="0" falsecount="2"/>
        <line num="146" count="0" type="stmt"/>
        <line num="151" count="0" type="stmt"/>
        <line num="160" count="0" type="stmt"/>
        <line num="161" count="0" type="stmt"/>
        <line num="164" count="0" type="cond" truecount="0" falsecount="2"/>
        <line num="165" count="0" type="stmt"/>
        <line num="168" count="0" type="stmt"/>
        <line num="171" count="0" type="stmt"/>
        <line num="178" count="0" type="cond" truecount="0" falsecount="2"/>
        <line num="179" count="0" type="stmt"/>
        <line num="182" count="0" type="stmt"/>
        <line num="185" count="0" type="stmt"/>
        <line num="192" count="0" type="stmt"/>
        <line num="198" count="0" type="stmt"/>
        <line num="199" count="0" type="stmt"/>
        <line num="200" count="0" type="stmt"/>
        <line num="205" count="0" type="cond" truecount="0" falsecount="4"/>
        <line num="225" count="0" type="stmt"/>
        <line num="227" count="0" type="stmt"/>
        <line num="228" count="0" type="stmt"/>
        <line num="229" count="0" type="stmt"/>
        <line num="232" count="0" type="stmt"/>
        <line num="233" count="0" type="stmt"/>
        <line num="234" count="0" type="stmt"/>
        <line num="237" count="0" type="stmt"/>
        <line num="238" count="0" type="stmt"/>
        <line num="240" count="0" type="stmt"/>
        <line num="241" count="0" type="stmt"/>
        <line num="249" count="0" type="stmt"/>
        <line num="250" count="0" type="cond" truecount="0" falsecount="4"/>
        <line num="251" count="0" type="stmt"/>
        <line num="255" count="0" type="stmt"/>
        <line num="256" count="0" type="stmt"/>
        <line num="259" count="0" type="stmt"/>
        <line num="265" count="0" type="stmt"/>
        <line num="272" count="0" type="stmt"/>
        <line num="275" count="0" type="stmt"/>
        <line num="276" count="0" type="stmt"/>
        <line num="282" count="0" type="cond" truecount="0" falsecount="2"/>
        <line num="284" count="0" type="stmt"/>
        <line num="295" count="0" type="stmt"/>
        <line num="323" count="0" type="stmt"/>
        <line num="359" count="0" type="stmt"/>
        <line num="381" count="0" type="stmt"/>
        <line num="389" count="0" type="stmt"/>
      </file>
    </package>
    <package name="src.components.Home">
      <metrics statements="1" coveredstatements="0" conditionals="0" coveredconditionals="0" methods="1" coveredmethods="0"/>
      <file name="Home.tsx" path="/Users/sukesh/Documents/Natterbox/Code/portal-web-ui/portal-web/src/components/Home/Home.tsx">
        <metrics statements="1" coveredstatements="0" conditionals="0" coveredconditionals="0" methods="1" coveredmethods="0"/>
        <line num="3" count="0" type="stmt"/>
      </file>
    </package>
    <package name="src.components.Logs.components.BulkDownloads">
      <metrics statements="1" coveredstatements="1" conditionals="0" coveredconditionals="0" methods="1" coveredmethods="0"/>
      <file name="index.tsx" path="/Users/sukesh/Documents/Natterbox/Code/portal-web-ui/portal-web/src/components/Logs/components/BulkDownloads/index.tsx">
        <metrics statements="1" coveredstatements="1" conditionals="0" coveredconditionals="0" methods="1" coveredmethods="0"/>
        <line num="3" count="1" type="stmt"/>
      </file>
    </package>
    <package name="src.components.Logs.components.CallLogs">
      <metrics statements="118" coveredstatements="55" conditionals="55" coveredconditionals="20" methods="50" coveredmethods="11"/>
      <file name="CallLogActions.ts" path="/Users/sukesh/Documents/Natterbox/Code/portal-web-ui/portal-web/src/components/Logs/components/CallLogs/CallLogActions.ts">
        <metrics statements="10" coveredstatements="10" conditionals="0" coveredconditionals="0" methods="0" coveredmethods="0"/>
        <line num="6" count="2" type="stmt"/>
        <line num="7" count="2" type="stmt"/>
        <line num="8" count="2" type="stmt"/>
        <line num="9" count="2" type="stmt"/>
        <line num="10" count="2" type="stmt"/>
        <line num="12" count="2" type="stmt"/>
        <line num="16" count="2" type="stmt"/>
        <line num="18" count="2" type="stmt"/>
        <line num="23" count="2" type="stmt"/>
        <line num="25" count="2" type="stmt"/>
      </file>
      <file name="CallLogColProps.tsx" path="/Users/sukesh/Documents/Natterbox/Code/portal-web-ui/portal-web/src/components/Logs/components/CallLogs/CallLogColProps.tsx">
        <metrics statements="14" coveredstatements="3" conditionals="6" coveredconditionals="0" methods="7" coveredmethods="0"/>
        <line num="18" count="2" type="stmt"/>
        <line num="19" count="0" type="stmt"/>
        <line num="21" count="2" type="stmt"/>
        <line num="45" count="2" type="stmt"/>
        <line num="52" count="0" type="stmt"/>
        <line num="89" count="0" type="cond" truecount="0" falsecount="2"/>
        <line num="90" count="0" type="stmt"/>
        <line num="92" count="0" type="stmt"/>
        <line num="102" count="0" type="cond" truecount="0" falsecount="2"/>
        <line num="103" count="0" type="stmt"/>
        <line num="105" count="0" type="stmt"/>
        <line num="115" count="0" type="stmt"/>
        <line num="134" count="0" type="stmt"/>
        <line num="148" count="0" type="stmt"/>
      </file>
      <file name="CallLogMUIStyles.ts" path="/Users/sukesh/Documents/Natterbox/Code/portal-web-ui/portal-web/src/components/Logs/components/CallLogs/CallLogMUIStyles.ts">
        <metrics statements="1" coveredstatements="1" conditionals="0" coveredconditionals="0" methods="0" coveredmethods="0"/>
        <line num="3" count="2" type="stmt"/>
      </file>
      <file name="CallLogQueries.ts" path="/Users/sukesh/Documents/Natterbox/Code/portal-web-ui/portal-web/src/components/Logs/components/CallLogs/CallLogQueries.ts">
        <metrics statements="2" coveredstatements="2" conditionals="0" coveredconditionals="0" methods="0" coveredmethods="0"/>
        <line num="3" count="2" type="stmt"/>
        <line num="39" count="2" type="stmt"/>
      </file>
      <file name="CallLogReducer.ts" path="/Users/sukesh/Documents/Natterbox/Code/portal-web-ui/portal-web/src/components/Logs/components/CallLogs/CallLogReducer.ts">
        <metrics statements="16" coveredstatements="4" conditionals="0" coveredconditionals="0" methods="12" coveredmethods="1"/>
        <line num="17" count="2" type="stmt"/>
        <line num="26" count="2" type="stmt"/>
        <line num="36" count="2" type="stmt"/>
        <line num="37" count="2" type="stmt"/>
        <line num="38" count="0" type="stmt"/>
        <line num="43" count="0" type="stmt"/>
        <line num="48" count="0" type="stmt"/>
        <line num="52" count="0" type="stmt"/>
        <line num="56" count="0" type="stmt"/>
        <line num="60" count="0" type="stmt"/>
        <line num="64" count="0" type="stmt"/>
        <line num="68" count="0" type="stmt"/>
        <line num="71" count="0" type="stmt"/>
        <line num="75" count="0" type="stmt"/>
        <line num="76" count="0" type="stmt"/>
        <line num="88" count="0" type="stmt"/>
      </file>
      <file name="CallLogs.tsx" path="/Users/sukesh/Documents/Natterbox/Code/portal-web-ui/portal-web/src/components/Logs/components/CallLogs/CallLogs.tsx">
        <metrics statements="75" coveredstatements="35" conditionals="49" coveredconditionals="20" methods="31" coveredmethods="10"/>
        <line num="47" count="2" type="stmt"/>
        <line num="49" count="2" type="stmt"/>
        <line num="51" count="9" type="stmt"/>
        <line num="52" count="9" type="stmt"/>
        <line num="53" count="9" type="stmt"/>
        <line num="54" count="9" type="stmt"/>
        <line num="55" count="9" type="stmt"/>
        <line num="56" count="9" type="stmt"/>
        <line num="59" count="9" type="stmt"/>
        <line num="60" count="9" type="stmt"/>
        <line num="63" count="9" type="stmt"/>
        <line num="71" count="9" type="stmt"/>
        <line num="72" count="36" type="cond" truecount="2" falsecount="0"/>
        <line num="73" count="9" type="stmt"/>
        <line num="81" count="27" type="stmt"/>
        <line num="84" count="9" type="stmt"/>
        <line num="85" count="0" type="stmt"/>
        <line num="87" count="36" type="stmt"/>
        <line num="92" count="0" type="cond" truecount="0" falsecount="2"/>
        <line num="93" count="0" type="stmt"/>
        <line num="103" count="0" type="stmt"/>
        <line num="106" count="0" type="stmt"/>
        <line num="108" count="0" type="cond" truecount="0" falsecount="4"/>
        <line num="109" count="0" type="stmt"/>
        <line num="120" count="0" type="cond" truecount="0" falsecount="4"/>
        <line num="121" count="0" type="stmt"/>
        <line num="133" count="0" type="stmt"/>
        <line num="137" count="9" type="stmt"/>
        <line num="138" count="3" type="stmt"/>
        <line num="139" count="36" type="stmt"/>
        <line num="141" count="36" type="cond" truecount="2" falsecount="0"/>
        <line num="145" count="36" type="stmt"/>
        <line num="155" count="9" type="stmt"/>
        <line num="156" count="0" type="stmt"/>
        <line num="158" count="0" type="cond" truecount="0" falsecount="2"/>
        <line num="159" count="0" type="stmt"/>
        <line num="160" count="0" type="stmt"/>
        <line num="162" count="0" type="cond" truecount="0" falsecount="2"/>
        <line num="163" count="0" type="stmt"/>
        <line num="165" count="0" type="cond" truecount="0" falsecount="2"/>
        <line num="166" count="0" type="stmt"/>
        <line num="168" count="0" type="cond" truecount="0" falsecount="2"/>
        <line num="169" count="0" type="stmt"/>
        <line num="172" count="0" type="stmt"/>
        <line num="175" count="0" type="cond" truecount="0" falsecount="2"/>
        <line num="176" count="0" type="cond" truecount="0" falsecount="2"/>
        <line num="181" count="0" type="stmt"/>
        <line num="184" count="9" type="stmt"/>
        <line num="185" count="3" type="cond" truecount="1" falsecount="1"/>
        <line num="188" count="0" type="stmt"/>
        <line num="189" count="0" type="cond" truecount="0" falsecount="2"/>
        <line num="197" count="9" type="stmt"/>
        <line num="198" count="0" type="stmt"/>
        <line num="199" count="0" type="stmt"/>
        <line num="202" count="12" type="stmt"/>
        <line num="203" count="0" type="stmt"/>
        <line num="204" count="0" type="stmt"/>
        <line num="208" count="9" type="stmt"/>
        <line num="211" count="0" type="stmt"/>
        <line num="215" count="0" type="stmt"/>
        <line num="219" count="0" type="stmt"/>
        <line num="222" count="0" type="stmt"/>
        <line num="226" count="9" type="stmt"/>
        <line num="227" count="3" type="stmt"/>
        <line num="231" count="9" type="cond" truecount="2" falsecount="2"/>
        <line num="251" count="9" type="stmt"/>
        <line num="253" count="9" type="stmt"/>
        <line num="260" count="0" type="stmt"/>
        <line num="270" count="0" type="stmt"/>
        <line num="273" count="0" type="stmt"/>
        <line num="277" count="0" type="stmt"/>
        <line num="278" count="0" type="stmt"/>
        <line num="288" count="0" type="stmt"/>
        <line num="311" count="12" type="stmt"/>
        <line num="320" count="36" type="stmt"/>
      </file>
      <file name="CallLogs.type.ts" path="/Users/sukesh/Documents/Natterbox/Code/portal-web-ui/portal-web/src/components/Logs/components/CallLogs/CallLogs.type.ts">
        <metrics statements="0" coveredstatements="0" conditionals="0" coveredconditionals="0" methods="0" coveredmethods="0"/>
      </file>
    </package>
    <package name="src.components.Logs.components.CallLogs.components.CallLogRecording">
      <metrics statements="60" coveredstatements="13" conditionals="16" coveredconditionals="0" methods="24" coveredmethods="1"/>
      <file name="CallLogRecordingActions.ts" path="/Users/sukesh/Documents/Natterbox/Code/portal-web-ui/portal-web/src/components/Logs/components/CallLogs/components/CallLogRecording/CallLogRecordingActions.ts">
        <metrics statements="5" coveredstatements="5" conditionals="0" coveredconditionals="0" methods="0" coveredmethods="0"/>
        <line num="3" count="2" type="stmt"/>
        <line num="4" count="2" type="stmt"/>
        <line num="8" count="2" type="stmt"/>
        <line num="11" count="2" type="stmt"/>
        <line num="15" count="2" type="stmt"/>
      </file>
      <file name="CallLogRecordingPlay.tsx" path="/Users/sukesh/Documents/Natterbox/Code/portal-web-ui/portal-web/src/components/Logs/components/CallLogs/components/CallLogRecording/CallLogRecordingPlay.tsx">
        <metrics statements="5" coveredstatements="1" conditionals="4" coveredconditionals="0" methods="2" coveredmethods="0"/>
        <line num="21" count="2" type="stmt"/>
        <line num="29" count="0" type="stmt"/>
        <line num="31" count="0" type="stmt"/>
        <line num="33" count="0" type="stmt"/>
        <line num="68" count="0" type="stmt"/>
      </file>
      <file name="CallLogRecordingPopup.tsx" path="/Users/sukesh/Documents/Natterbox/Code/portal-web-ui/portal-web/src/components/Logs/components/CallLogs/components/CallLogRecording/CallLogRecordingPopup.tsx">
        <metrics statements="15" coveredstatements="1" conditionals="6" coveredconditionals="0" methods="7" coveredmethods="0"/>
        <line num="20" count="2" type="stmt"/>
        <line num="21" count="0" type="stmt"/>
        <line num="22" count="0" type="stmt"/>
        <line num="24" count="0" type="cond" truecount="0" falsecount="2"/>
        <line num="26" count="0" type="stmt"/>
        <line num="27" count="0" type="stmt"/>
        <line num="28" count="0" type="stmt"/>
        <line num="29" count="0" type="stmt"/>
        <line num="30" count="0" type="stmt"/>
        <line num="33" count="0" type="stmt"/>
        <line num="34" count="0" type="stmt"/>
        <line num="43" count="0" type="stmt"/>
        <line num="57" count="0" type="stmt"/>
        <line num="62" count="0" type="stmt"/>
        <line num="78" count="0" type="stmt"/>
      </file>
      <file name="CallLogRecordingReducer.ts" path="/Users/sukesh/Documents/Natterbox/Code/portal-web-ui/portal-web/src/components/Logs/components/CallLogs/components/CallLogRecording/CallLogRecordingReducer.ts">
        <metrics statements="10" coveredstatements="3" conditionals="0" coveredconditionals="0" methods="6" coveredmethods="1"/>
        <line num="11" count="2" type="stmt"/>
        <line num="19" count="2" type="stmt"/>
        <line num="20" count="2" type="stmt"/>
        <line num="21" count="0" type="stmt"/>
        <line num="26" count="0" type="stmt"/>
        <line num="27" count="0" type="stmt"/>
        <line num="28" count="0" type="stmt"/>
        <line num="34" count="0" type="stmt"/>
        <line num="39" count="0" type="stmt"/>
        <line num="43" count="0" type="stmt"/>
      </file>
      <file name="CallLogStreamPlayer.tsx" path="/Users/sukesh/Documents/Natterbox/Code/portal-web-ui/portal-web/src/components/Logs/components/CallLogs/components/CallLogRecording/CallLogStreamPlayer.tsx">
        <metrics statements="4" coveredstatements="2" conditionals="0" coveredconditionals="0" methods="2" coveredmethods="0"/>
        <line num="4" count="2" type="stmt"/>
        <line num="5" count="0" type="stmt"/>
        <line num="10" count="2" type="stmt"/>
        <line num="11" count="0" type="stmt"/>
      </file>
      <file name="useCallLogRecordingPlay.ts" path="/Users/sukesh/Documents/Natterbox/Code/portal-web-ui/portal-web/src/components/Logs/components/CallLogs/components/CallLogRecording/useCallLogRecordingPlay.ts">
        <metrics statements="21" coveredstatements="1" conditionals="6" coveredconditionals="0" methods="7" coveredmethods="0"/>
        <line num="23" count="2" type="stmt"/>
        <line num="24" count="0" type="stmt"/>
        <line num="25" count="0" type="stmt"/>
        <line num="26" count="0" type="stmt"/>
        <line num="27" count="0" type="cond" truecount="0" falsecount="2"/>
        <line num="29" count="0" type="stmt"/>
        <line num="31" count="0" type="stmt"/>
        <line num="32" count="0" type="stmt"/>
        <line num="39" count="0" type="stmt"/>
        <line num="40" count="0" type="stmt"/>
        <line num="41" count="0" type="stmt"/>
        <line num="50" count="0" type="stmt"/>
        <line num="53" count="0" type="stmt"/>
        <line num="55" count="0" type="stmt"/>
        <line num="56" count="0" type="stmt"/>
        <line num="57" count="0" type="stmt"/>
        <line num="64" count="0" type="stmt"/>
        <line num="66" count="0" type="stmt"/>
        <line num="70" count="0" type="stmt"/>
        <line num="71" count="0" type="stmt"/>
        <line num="73" count="0" type="stmt"/>
      </file>
    </package>
    <package name="src.components.Logs.components.CallLogs.components.CallLogSearch">
      <metrics statements="72" coveredstatements="16" conditionals="44" coveredconditionals="4" methods="33" coveredmethods="2"/>
      <file name="CallLogColumnSelect.tsx" path="/Users/sukesh/Documents/Natterbox/Code/portal-web-ui/portal-web/src/components/Logs/components/CallLogs/components/CallLogSearch/CallLogColumnSelect.tsx">
        <metrics statements="6" coveredstatements="1" conditionals="3" coveredconditionals="0" methods="3" coveredmethods="0"/>
        <line num="12" count="2" type="stmt"/>
        <line num="19" count="0" type="stmt"/>
        <line num="20" count="0" type="stmt"/>
        <line num="23" count="0" type="stmt"/>
        <line num="24" count="0" type="stmt"/>
        <line num="31" count="0" type="stmt"/>
      </file>
      <file name="CallLogSearch.tsx" path="/Users/sukesh/Documents/Natterbox/Code/portal-web-ui/portal-web/src/components/Logs/components/CallLogs/components/CallLogSearch/CallLogSearch.tsx">
        <metrics statements="62" coveredstatements="14" conditionals="39" coveredconditionals="4" methods="27" coveredmethods="2"/>
        <line num="36" count="2" type="stmt"/>
        <line num="63" count="2" type="stmt"/>
        <line num="70" count="3" type="stmt"/>
        <line num="72" count="3" type="stmt"/>
        <line num="73" count="0" type="stmt"/>
        <line num="75" count="3" type="stmt"/>
        <line num="76" count="0" type="cond" truecount="0" falsecount="2"/>
        <line num="77" count="0" type="stmt"/>
        <line num="83" count="0" type="stmt"/>
        <line num="91" count="3" type="stmt"/>
        <line num="92" count="0" type="cond" truecount="0" falsecount="2"/>
        <line num="93" count="0" type="stmt"/>
        <line num="98" count="0" type="stmt"/>
        <line num="118" count="0" type="stmt"/>
        <line num="121" count="3" type="stmt"/>
        <line num="122" count="0" type="cond" truecount="0" falsecount="2"/>
        <line num="123" count="0" type="stmt"/>
        <line num="126" count="0" type="stmt"/>
        <line num="129" count="3" type="stmt"/>
        <line num="130" count="0" type="stmt"/>
        <line num="132" count="0" type="stmt"/>
        <line num="134" count="0" type="stmt"/>
        <line num="137" count="0" type="cond" truecount="0" falsecount="4"/>
        <line num="138" count="0" type="stmt"/>
        <line num="139" count="0" type="stmt"/>
        <line num="142" count="0" type="cond" truecount="0" falsecount="2"/>
        <line num="144" count="0" type="stmt"/>
        <line num="146" count="0" type="stmt"/>
        <line num="149" count="0" type="cond" truecount="0" falsecount="2"/>
        <line num="150" count="0" type="stmt"/>
        <line num="153" count="0" type="cond" truecount="0" falsecount="2"/>
        <line num="154" count="0" type="stmt"/>
        <line num="157" count="0" type="stmt"/>
        <line num="160" count="3" type="stmt"/>
        <line num="161" count="0" type="cond" truecount="0" falsecount="2"/>
        <line num="162" count="0" type="stmt"/>
        <line num="164" count="0" type="stmt"/>
        <line num="167" count="0" type="stmt"/>
        <line num="190" count="0" type="stmt"/>
        <line num="193" count="3" type="stmt"/>
        <line num="194" count="3" type="stmt"/>
        <line num="201" count="0" type="stmt"/>
        <line num="210" count="0" type="stmt"/>
        <line num="216" count="0" type="stmt"/>
        <line num="227" count="3" type="stmt"/>
        <line num="229" count="3" type="stmt"/>
        <line num="230" count="0" type="stmt"/>
        <line num="232" count="0" type="stmt"/>
        <line num="238" count="0" type="stmt"/>
        <line num="240" count="0" type="stmt"/>
        <line num="243" count="0" type="stmt"/>
        <line num="245" count="0" type="cond" truecount="0" falsecount="2"/>
[...]
        <line num="26" count="0" type="stmt"/>
        <line num="27" count="0" type="stmt"/>
        <line num="29" count="0" type="stmt"/>
        <line num="42" count="0" type="stmt"/>
      </file>
    </package>
    <package name="src.components.shared.TablePagination">
      <metrics statements="3" coveredstatements="2" conditionals="8" coveredconditionals="5" methods="1" coveredmethods="1"/>
      <file name="PortalPagerMUIStyles.ts" path="/Users/sukesh/Documents/Natterbox/Code/portal-web-ui/portal-web/src/components/shared/TablePagination/PortalPagerMUIStyles.ts">
        <metrics statements="1" coveredstatements="0" conditionals="0" coveredconditionals="0" methods="0" coveredmethods="0"/>
        <line num="3" count="0" type="stmt"/>
      </file>
      <file name="PortalServerPaging.tsx" path="/Users/sukesh/Documents/Natterbox/Code/portal-web-ui/portal-web/src/components/shared/TablePagination/PortalServerPaging.tsx">
        <metrics statements="2" coveredstatements="2" conditionals="8" coveredconditionals="5" methods="1" coveredmethods="1"/>
        <line num="25" count="9" type="stmt"/>
        <line num="39" count="9" type="stmt"/>
      </file>
    </package>
    <package name="src.components.shared.UsersListDropDown">
      <metrics statements="56" coveredstatements="2" conditionals="70" coveredconditionals="0" methods="13" coveredmethods="0"/>
      <file name="UsersListDropDown.tsx" path="/Users/sukesh/Documents/Natterbox/Code/portal-web-ui/portal-web/src/components/shared/UsersListDropDown/UsersListDropDown.tsx">
        <metrics statements="56" coveredstatements="2" conditionals="70" coveredconditionals="0" methods="13" coveredmethods="0"/>
        <line num="18" count="9" type="stmt"/>
        <line num="19" count="0" type="stmt"/>
        <line num="39" count="9" type="stmt"/>
        <line num="53" count="0" type="stmt"/>
        <line num="55" count="0" type="stmt"/>
        <line num="56" count="0" type="stmt"/>
        <line num="57" count="0" type="stmt"/>
        <line num="59" count="0" type="stmt"/>
        <line num="60" count="0" type="stmt"/>
        <line num="67" count="0" type="stmt"/>
        <line num="68" count="0" type="stmt"/>
        <line num="69" count="0" type="stmt"/>
        <line num="71" count="0" type="cond" truecount="0" falsecount="2"/>
        <line num="72" count="0" type="stmt"/>
        <line num="74" count="0" type="cond" truecount="0" falsecount="2"/>
        <line num="75" count="0" type="stmt"/>
        <line num="83" count="0" type="stmt"/>
        <line num="87" count="0" type="stmt"/>
        <line num="88" count="0" type="cond" truecount="0" falsecount="2"/>
        <line num="89" count="0" type="stmt"/>
        <line num="95" count="0" type="stmt"/>
        <line num="96" count="0" type="cond" truecount="0" falsecount="2"/>
        <line num="97" count="0" type="cond" truecount="0" falsecount="2"/>
        <line num="98" count="0" type="stmt"/>
        <line num="103" count="0" type="stmt"/>
        <line num="104" count="0" type="cond" truecount="0" falsecount="2"/>
        <line num="105" count="0" type="stmt"/>
        <line num="106" count="0" type="cond" truecount="0" falsecount="4"/>
        <line num="107" count="0" type="stmt"/>
        <line num="111" count="0" type="stmt"/>
        <line num="112" count="0" type="cond" truecount="0" falsecount="2"/>
        <line num="113" count="0" type="stmt"/>
        <line num="115" count="0" type="stmt"/>
        <line num="118" count="0" type="stmt"/>
        <line num="119" count="0" type="stmt"/>
        <line num="121" count="0" type="cond" truecount="0" falsecount="2"/>
        <line num="122" count="0" type="stmt"/>
        <line num="124" count="0" type="cond" truecount="0" falsecount="2"/>
        <line num="125" count="0" type="stmt"/>
        <line num="126" count="0" type="stmt"/>
        <line num="128" count="0" type="stmt"/>
        <line num="130" count="0" type="cond" truecount="0" falsecount="2"/>
        <line num="131" count="0" type="cond" truecount="0" falsecount="2"/>
        <line num="132" count="0" type="stmt"/>
        <line num="138" count="0" type="cond" truecount="0" falsecount="2"/>
        <line num="139" count="0" type="cond" truecount="0" falsecount="2"/>
        <line num="140" count="0" type="stmt"/>
        <line num="146" count="0" type="cond" truecount="0" falsecount="2"/>
        <line num="147" count="0" type="cond" truecount="0" falsecount="2"/>
        <line num="148" count="0" type="stmt"/>
        <line num="154" count="0" type="stmt"/>
        <line num="157" count="0" type="stmt"/>
        <line num="160" count="0" type="stmt"/>
        <line num="163" count="0" type="stmt"/>
        <line num="182" count="0" type="stmt"/>
        <line num="183" count="0" type="stmt"/>
      </file>
    </package>
    <package name="src.components.shared.styles">
      <metrics statements="1" coveredstatements="1" conditionals="0" coveredconditionals="0" methods="0" coveredmethods="0"/>
      <file name="sharedStyles.ts" path="/Users/sukesh/Documents/Natterbox/Code/portal-web-ui/portal-web/src/components/shared/styles/sharedStyles.ts">
        <metrics statements="1" coveredstatements="1" conditionals="0" coveredconditionals="0" methods="0" coveredmethods="0"/>
        <line num="3" count="9" type="stmt"/>
      </file>
    </package>
    <package name="src.helpers">
      <metrics statements="31" coveredstatements="3" conditionals="28" coveredconditionals="0" methods="6" coveredmethods="0"/>
      <file name="http.ts" path="/Users/sukesh/Documents/Natterbox/Code/portal-web-ui/portal-web/src/helpers/http.ts">
        <metrics statements="31" coveredstatements="3" conditionals="28" coveredconditionals="0" methods="6" coveredmethods="0"/>
        <line num="4" count="0" type="stmt"/>
        <line num="5" count="0" type="stmt"/>
        <line num="8" count="0" type="stmt"/>
        <line num="9" count="0" type="cond" truecount="0" falsecount="2"/>
        <line num="10" count="0" type="stmt"/>
        <line num="12" count="0" type="stmt"/>
        <line num="13" count="0" type="stmt"/>
        <line num="14" count="0" type="stmt"/>
        <line num="18" count="0" type="stmt"/>
        <line num="29" count="3" type="stmt"/>
        <line num="30" count="0" type="stmt"/>
        <line num="32" count="0" type="stmt"/>
        <line num="33" count="0" type="stmt"/>
        <line num="42" count="0" type="stmt"/>
        <line num="43" count="0" type="stmt"/>
        <line num="45" count="0" type="stmt"/>
        <line num="49" count="3" type="stmt"/>
        <line num="50" count="0" type="stmt"/>
        <line num="52" count="0" type="stmt"/>
        <line num="61" count="0" type="stmt"/>
        <line num="73" count="3" type="stmt"/>
        <line num="74" count="0" type="stmt"/>
        <line num="78" count="0" type="stmt"/>
        <line num="79" count="0" type="stmt"/>
        <line num="91" count="0" type="stmt"/>
        <line num="93" count="0" type="cond" truecount="0" falsecount="2"/>
        <line num="94" count="0" type="stmt"/>
        <line num="100" count="0" type="cond" truecount="0" falsecount="2"/>
        <line num="101" count="0" type="stmt"/>
        <line num="107" count="0" type="stmt"/>
        <line num="109" count="0" type="stmt"/>
      </file>
    </package>
    <package name="src.mocks">
      <metrics statements="4" coveredstatements="3" conditionals="0" coveredconditionals="0" methods="0" coveredmethods="0"/>
      <file name="AccountMock.ts" path="/Users/sukesh/Documents/Natterbox/Code/portal-web-ui/portal-web/src/mocks/AccountMock.ts">
        <metrics statements="1" coveredstatements="1" conditionals="0" coveredconditionals="0" methods="0" coveredmethods="0"/>
        <line num="1" count="3" type="stmt"/>
      </file>
      <file name="CallLog.mock.ts" path="/Users/sukesh/Documents/Natterbox/Code/portal-web-ui/portal-web/src/mocks/CallLog.mock.ts">
        <metrics statements="1" coveredstatements="1" conditionals="0" coveredconditionals="0" methods="0" coveredmethods="0"/>
        <line num="1" count="3" type="stmt"/>
      </file>
      <file name="DeviceListMock.ts" path="/Users/sukesh/Documents/Natterbox/Code/portal-web-ui/portal-web/src/mocks/DeviceListMock.ts">
        <metrics statements="1" coveredstatements="1" conditionals="0" coveredconditionals="0" methods="0" coveredmethods="0"/>
        <line num="1" count="3" type="stmt"/>
      </file>
      <file name="jsonError.ts" path="/Users/sukesh/Documents/Natterbox/Code/portal-web-ui/portal-web/src/mocks/jsonError.ts">
        <metrics statements="1" coveredstatements="0" conditionals="0" coveredconditionals="0" methods="0" coveredmethods="0"/>
        <line num="1" count="0" type="stmt"/>
      </file>
    </package>
    <package name="src.pages">
      <metrics statements="6" coveredstatements="1" conditionals="4" coveredconditionals="0" methods="1" coveredmethods="0"/>
      <file name="AsyncRouteLoading.tsx" path="/Users/sukesh/Documents/Natterbox/Code/portal-web-ui/portal-web/src/pages/AsyncRouteLoading.tsx">
        <metrics statements="6" coveredstatements="1" conditionals="4" coveredconditionals="0" methods="1" coveredmethods="0"/>
        <line num="3" count="1" type="stmt"/>
        <line num="4" count="0" type="cond" truecount="0" falsecount="2"/>
        <line num="5" count="0" type="stmt"/>
        <line num="14" count="0" type="cond" truecount="0" falsecount="2"/>
        <line num="15" count="0" type="stmt"/>
        <line num="17" count="0" type="stmt"/>
      </file>
    </package>
    <package name="src.pages.accountSettings">
      <metrics statements="2" coveredstatements="0" conditionals="0" coveredconditionals="0" methods="1" coveredmethods="0"/>
      <file name="AccountsPage.tsx" path="/Users/sukesh/Documents/Natterbox/Code/portal-web-ui/portal-web/src/pages/accountSettings/AccountsPage.tsx">
        <metrics statements="2" coveredstatements="0" conditionals="0" coveredconditionals="0" methods="1" coveredmethods="0"/>
        <line num="6" count="0" type="stmt"/>
        <line num="13" count="0" type="stmt"/>
      </file>
    </package>
    <package name="src.pages.devices">
      <metrics statements="2" coveredstatements="0" conditionals="0" coveredconditionals="0" methods="1" coveredmethods="0"/>
      <file name="DevicesPage.tsx" path="/Users/sukesh/Documents/Natterbox/Code/portal-web-ui/portal-web/src/pages/devices/DevicesPage.tsx">
        <metrics statements="2" coveredstatements="0" conditionals="0" coveredconditionals="0" methods="1" coveredmethods="0"/>
        <line num="5" count="0" type="stmt"/>
        <line num="6" count="0" type="stmt"/>
      </file>
    </package>
    <package name="src.pages.errorHandler">
      <metrics statements="2" coveredstatements="0" conditionals="0" coveredconditionals="0" methods="1" coveredmethods="0"/>
      <file name="ErrorPage.tsx" path="/Users/sukesh/Documents/Natterbox/Code/portal-web-ui/portal-web/src/pages/errorHandler/ErrorPage.tsx">
        <metrics statements="2" coveredstatements="0" conditionals="0" coveredconditionals="0" methods="1" coveredmethods="0"/>
        <line num="5" count="0" type="stmt"/>
        <line num="6" count="0" type="stmt"/>
      </file>
    </package>
    <package name="src.pages.groups">
      <metrics statements="2" coveredstatements="0" conditionals="0" coveredconditionals="0" methods="1" coveredmethods="0"/>
      <file name="GroupsPage.tsx" path="/Users/sukesh/Documents/Natterbox/Code/portal-web-ui/portal-web/src/pages/groups/GroupsPage.tsx">
        <metrics statements="2" coveredstatements="0" conditionals="0" coveredconditionals="0" methods="1" coveredmethods="0"/>
        <line num="5" count="0" type="stmt"/>
        <line num="6" count="0" type="stmt"/>
      </file>
    </package>
    <package name="src.pages.logs">
      <metrics statements="2" coveredstatements="2" conditionals="0" coveredconditionals="0" methods="1" coveredmethods="1"/>
      <file name="LogsPage.tsx" path="/Users/sukesh/Documents/Natterbox/Code/portal-web-ui/portal-web/src/pages/logs/LogsPage.tsx">
        <metrics statements="2" coveredstatements="2" conditionals="0" coveredconditionals="0" methods="1" coveredmethods="1"/>
        <line num="11" count="1" type="stmt"/>
        <line num="19" count="2" type="stmt"/>
      </file>
    </package>
    <package name="src.pages.me">
      <metrics statements="1" coveredstatements="0" conditionals="0" coveredconditionals="0" methods="1" coveredmethods="0"/>
      <file name="MePage.tsx" path="/Users/sukesh/Documents/Natterbox/Code/portal-web-ui/portal-web/src/pages/me/MePage.tsx">
        <metrics statements="1" coveredstatements="0" conditionals="0" coveredconditionals="0" methods="1" coveredmethods="0"/>
        <line num="4" count="0" type="stmt"/>
      </file>
    </package>
    <package name="src.pages.numbers">
      <metrics statements="2" coveredstatements="0" conditionals="0" coveredconditionals="0" methods="1" coveredmethods="0"/>
      <file name="NumbersPage.tsx" path="/Users/sukesh/Documents/Natterbox/Code/portal-web-ui/portal-web/src/pages/numbers/NumbersPage.tsx">
        <metrics statements="2" coveredstatements="0" conditionals="0" coveredconditionals="0" methods="1" coveredmethods="0"/>
        <line num="5" count="0" type="stmt"/>
        <line num="6" count="0" type="stmt"/>
      </file>
    </package>
    <package name="src.pages.policies">
      <metrics statements="3" coveredstatements="0" conditionals="2" coveredconditionals="0" methods="1" coveredmethods="0"/>
      <file name="PoliciesPage.tsx" path="/Users/sukesh/Documents/Natterbox/Code/portal-web-ui/portal-web/src/pages/policies/PoliciesPage.tsx">
        <metrics statements="3" coveredstatements="0" conditionals="2" coveredconditionals="0" methods="1" coveredmethods="0"/>
        <line num="6" count="0" type="stmt"/>
        <line num="9" count="0" type="stmt"/>
        <line num="11" count="0" type="cond" truecount="0" falsecount="2"/>
      </file>
    </package>
    <package name="src.pages.users">
      <metrics statements="2" coveredstatements="0" conditionals="0" coveredconditionals="0" methods="1" coveredmethods="0"/>
      <file name="UsersPage.tsx" path="/Users/sukesh/Documents/Natterbox/Code/portal-web-ui/portal-web/src/pages/users/UsersPage.tsx">
        <metrics statements="2" coveredstatements="0" conditionals="0" coveredconditionals="0" methods="1" coveredmethods="0"/>
        <line num="5" count="0" type="stmt"/>
        <line num="6" count="0" type="stmt"/>
      </file>
    </package>
    <package name="src.plugins.auth0">
      <metrics statements="72" coveredstatements="5" conditionals="10" coveredconditionals="0" methods="13" coveredmethods="0"/>
      <file name="index.tsx" path="/Users/sukesh/Documents/Natterbox/Code/portal-web-ui/portal-web/src/plugins/auth0/index.tsx">
        <metrics statements="72" coveredstatements="5" conditionals="10" coveredconditionals="0" methods="13" coveredmethods="0"/>
        <line num="33" count="11" type="stmt"/>
        <line num="34" count="11" type="stmt"/>
        <line num="36" count="11" type="stmt"/>
        <line num="37" count="0" type="cond" truecount="0" falsecount="2"/>
        <line num="38" count="0" type="cond" truecount="0" falsecount="2"/>
        <line num="40" count="0" type="stmt"/>
        <line num="43" count="11" type="stmt"/>
        <line num="44" count="0" type="cond" truecount="0" falsecount="2"/>
        <line num="45" count="0" type="stmt"/>
        <line num="55" count="0" type="stmt"/>
        <line num="56" count="0" type="stmt"/>
        <line num="58" count="0" type="stmt"/>
        <line num="63" count="0" type="stmt"/>
        <line num="64" count="0" type="stmt"/>
        <line num="66" count="0" type="stmt"/>
        <line num="74" count="11" type="stmt"/>
        <line num="79" count="0" type="stmt"/>
        <line num="80" count="0" type="stmt"/>
        <line num="81" count="0" type="stmt"/>
        <line num="82" count="0" type="stmt"/>
        <line num="83" count="0" type="stmt"/>
        <line num="84" count="0" type="stmt"/>
        <line num="85" count="0" type="stmt"/>
        <line num="86" count="0" type="stmt"/>
        <line num="88" count="0" type="stmt"/>
        <line num="89" count="0" type="stmt"/>
        <line num="96" count="0" type="stmt"/>
        <line num="98" count="0" type="stmt"/>
        <line num="105" count="0" type="stmt"/>
        <line num="106" count="0" type="stmt"/>
        <line num="107" count="0" type="stmt"/>
        <line num="109" count="0" type="cond" truecount="0" falsecount="2"/>
        <line num="110" count="0" type="stmt"/>
        <line num="111" count="0" type="stmt"/>
        <line num="112" count="0" type="stmt"/>
        <line num="114" count="0" type="stmt"/>
        <line num="118" count="0" type="stmt"/>
        <line num="120" count="0" type="cond" truecount="0" falsecount="2"/>
        <line num="121" count="0" type="stmt"/>
        <line num="122" count="0" type="stmt"/>
        <line num="124" count="0" type="stmt"/>
        <line num="125" count="0" type="stmt"/>
        <line num="126" count="0" type="stmt"/>
        <line num="129" count="0" type="stmt"/>
        <line num="132" count="0" type="stmt"/>
        <line num="135" count="0" type="stmt"/>
        <line num="136" count="0" type="stmt"/>
        <line num="138" count="0" type="stmt"/>
        <line num="139" count="0" type="stmt"/>
        <line num="141" count="0" type="stmt"/>
        <line num="143" count="0" type="stmt"/>
        <line num="146" count="0" type="stmt"/>
        <line num="147" count="0" type="stmt"/>
        <line num="148" count="0" type="stmt"/>
        <line num="151" count="0" type="stmt"/>
        <line num="152" count="0" type="stmt"/>
        <line num="154" count="0" type="stmt"/>
        <line num="155" count="0" type="stmt"/>
        <line num="157" count="0" type="stmt"/>
        <line num="158" count="0" type="stmt"/>
        <line num="159" count="0" type="stmt"/>
        <line num="161" count="0" type="stmt"/>
        <line num="164" count="0" type="stmt"/>
        <line num="165" count="0" type="stmt"/>
        <line num="167" count="0" type="stmt"/>
        <line num="168" count="0" type="stmt"/>
        <line num="170" count="0" type="stmt"/>
        <line num="172" count="0" type="stmt"/>
        <line num="173" count="0" type="stmt"/>
        <line num="175" count="0" type="stmt"/>
        <line num="176" count="0" type="stmt"/>
        <line num="178" count="0" type="stmt"/>
      </file>
    </package>
    <package name="src.plugins.history">
      <metrics statements="0" coveredstatements="0" conditionals="0" coveredconditionals="0" methods="0" coveredmethods="0"/>
      <file name="index.tsx" path="/Users/sukesh/Documents/Natterbox/Code/portal-web-ui/portal-web/src/plugins/history/index.tsx">
        <metrics statements="0" coveredstatements="0" conditionals="0" coveredconditionals="0" methods="0" coveredmethods="0"/>
      </file>
    </package>
    <package name="src.styles">
      <metrics statements="2" coveredstatements="2" conditionals="0" coveredconditionals="0" methods="0" coveredmethods="0"/>
      <file name="commonMUIStyles.ts" path="/Users/sukesh/Documents/Natterbox/Code/portal-web-ui/portal-web/src/styles/commonMUIStyles.ts">
        <metrics statements="1" coveredstatements="1" conditionals="0" coveredconditionals="0" methods="0" coveredmethods="0"/>
        <line num="3" count="9" type="stmt"/>
      </file>
      <file name="core-styles.scss" path="/Users/sukesh/Documents/Natterbox/Code/portal-web-ui/portal-web/src/styles/core-styles.scss">
        <metrics statements="1" coveredstatements="1" conditionals="0" coveredconditionals="0" methods="0" coveredmethods="0"/>
        <line num="1" count="1" type="stmt"/>
      </file>
    </package>
  </project>
</coverage>
