<?xml version="1.0" encoding="UTF-8"?>
<coverage generated="1590164035627" clover="3.2.0">
  <project timestamp="1590164035627" name="All files">
    <metrics statements="614" coveredstatements="213" conditionals="367" coveredconditionals="106" methods="223" coveredmethods="50" elements="1204" coveredelements="369" complexity="0" loc="614" ncloc="614" packages="50" files="101" classes="101"/>
    <package name="src">
      <metrics statements="28" coveredstatements="12" conditionals="19" coveredconditionals="4" methods="10" coveredmethods="1"/>
      <file name="App.tsx" path="/Users/sukesh/Documents/Natterbox/Code/portal-web-ui/portal-web/src/App.tsx">
        <metrics statements="15" coveredstatements="11" conditionals="14" coveredconditionals="4" methods="4" coveredmethods="1"/>
        <line num="17" count="1" type="stmt"/>
        <line num="29" count="1" type="stmt"/>
        <line num="36" count="3" type="stmt"/>
        <line num="38" count="3" type="stmt"/>
        <line num="44" count="3" type="cond" truecount="2" falsecount="0"/>
        <line num="45" count="1" type="stmt"/>
        <line num="48" count="2" type="cond" truecount="2" falsecount="0"/>
        <line num="49" count="1" type="stmt"/>
        <line num="52" count="2" type="stmt"/>
        <line num="54" count="0" type="cond" truecount="0" falsecount="2"/>
        <line num="60" count="0" type="stmt"/>
        <line num="68" count="0" type="stmt"/>
        <line num="76" count="2" type="stmt"/>
        <line num="83" count="2" type="stmt"/>
        <line num="93" count="0" type="stmt"/>
      </file>
      <file name="AppRoutes.tsx" path="/Users/sukesh/Documents/Natterbox/Code/portal-web-ui/portal-web/src/AppRoutes.tsx">
        <metrics statements="8" coveredstatements="1" conditionals="0" coveredconditionals="0" methods="5" coveredmethods="0"/>
        <line num="14" count="1" type="stmt"/>
        <line num="15" count="0" type="stmt"/>
        <line num="16" count="0" type="stmt"/>
        <line num="18" count="0" type="stmt"/>
        <line num="25" count="0" type="stmt"/>
        <line num="27" count="0" type="stmt"/>
        <line num="28" count="0" type="stmt"/>
        <line num="34" count="0" type="stmt"/>
      </file>
      <file name="global.d.ts" path="/Users/sukesh/Documents/Natterbox/Code/portal-web-ui/portal-web/src/global.d.ts">
        <metrics statements="0" coveredstatements="0" conditionals="0" coveredconditionals="0" methods="0" coveredmethods="0"/>
      </file>
      <file name="index.tsx" path="/Users/sukesh/Documents/Natterbox/Code/portal-web-ui/portal-web/src/index.tsx">
        <metrics statements="5" coveredstatements="0" conditionals="5" coveredconditionals="0" methods="1" coveredmethods="0"/>
        <line num="8" count="0" type="stmt"/>
        <line num="9" count="0" type="stmt"/>
        <line num="15" count="0" type="cond" truecount="0" falsecount="5"/>
        <line num="21" count="0" type="stmt"/>
        <line num="24" count="0" type="stmt"/>
      </file>
      <file name="react-app-env.d.ts" path="/Users/sukesh/Documents/Natterbox/Code/portal-web-ui/portal-web/src/react-app-env.d.ts">
        <metrics statements="0" coveredstatements="0" conditionals="0" coveredconditionals="0" methods="0" coveredmethods="0"/>
      </file>
    </package>
    <package name="src.assets.icons">
      <metrics statements="30" coveredstatements="20" conditionals="0" coveredconditionals="0" methods="10" coveredmethods="0"/>
      <file name="account.svg" path="/Users/sukesh/Documents/Natterbox/Code/portal-web-ui/portal-web/src/assets/icons/account.svg">
        <metrics statements="3" coveredstatements="2" conditionals="0" coveredconditionals="0" methods="1" coveredmethods="0"/>
        <line num="1" count="7" type="stmt"/>
        <line num="2" count="7" type="stmt"/>
        <line num="6" count="0" type="stmt"/>
      </file>
      <file name="beginning.svg" path="/Users/sukesh/Documents/Natterbox/Code/portal-web-ui/portal-web/src/assets/icons/beginning.svg">
        <metrics statements="3" coveredstatements="2" conditionals="0" coveredconditionals="0" methods="1" coveredmethods="0"/>
        <line num="1" count="7" type="stmt"/>
        <line num="2" count="7" type="stmt"/>
        <line num="6" count="0" type="stmt"/>
      </file>
      <file name="delete.svg" path="/Users/sukesh/Documents/Natterbox/Code/portal-web-ui/portal-web/src/assets/icons/delete.svg">
        <metrics statements="3" coveredstatements="2" conditionals="0" coveredconditionals="0" methods="1" coveredmethods="0"/>
        <line num="1" count="7" type="stmt"/>
        <line num="2" count="7" type="stmt"/>
        <line num="6" count="0" type="stmt"/>
      </file>
      <file name="download.svg" path="/Users/sukesh/Documents/Natterbox/Code/portal-web-ui/portal-web/src/assets/icons/download.svg">
        <metrics statements="3" coveredstatements="2" conditionals="0" coveredconditionals="0" methods="1" coveredmethods="0"/>
        <line num="1" count="7" type="stmt"/>
        <line num="2" count="7" type="stmt"/>
        <line num="6" count="0" type="stmt"/>
      </file>
      <file name="filterActive.svg" path="/Users/sukesh/Documents/Natterbox/Code/portal-web-ui/portal-web/src/assets/icons/filterActive.svg">
        <metrics statements="3" coveredstatements="2" conditionals="0" coveredconditionals="0" methods="1" coveredmethods="0"/>
        <line num="1" count="7" type="stmt"/>
        <line num="2" count="7" type="stmt"/>
        <line num="6" count="0" type="stmt"/>
      </file>
      <file name="filterInactive.svg" path="/Users/sukesh/Documents/Natterbox/Code/portal-web-ui/portal-web/src/assets/icons/filterInactive.svg">
        <metrics statements="3" coveredstatements="2" conditionals="0" coveredconditionals="0" methods="1" coveredmethods="0"/>
        <line num="1" count="7" type="stmt"/>
        <line num="2" count="7" type="stmt"/>
        <line num="6" count="0" type="stmt"/>
      </file>
      <file name="playback-backward.svg" path="/Users/sukesh/Documents/Natterbox/Code/portal-web-ui/portal-web/src/assets/icons/playback-backward.svg">
        <metrics statements="3" coveredstatements="2" conditionals="0" coveredconditionals="0" methods="1" coveredmethods="0"/>
        <line num="1" count="7" type="stmt"/>
        <line num="2" count="7" type="stmt"/>
        <line num="6" count="0" type="stmt"/>
      </file>
      <file name="playback-forward.svg" path="/Users/sukesh/Documents/Natterbox/Code/portal-web-ui/portal-web/src/assets/icons/playback-forward.svg">
        <metrics statements="3" coveredstatements="2" conditionals="0" coveredconditionals="0" methods="1" coveredmethods="0"/>
        <line num="1" count="7" type="stmt"/>
        <line num="2" count="7" type="stmt"/>
        <line num="6" count="0" type="stmt"/>
      </file>
      <file name="plus.svg" path="/Users/sukesh/Documents/Natterbox/Code/portal-web-ui/portal-web/src/assets/icons/plus.svg">
        <metrics statements="3" coveredstatements="2" conditionals="0" coveredconditionals="0" methods="1" coveredmethods="0"/>
        <line num="1" count="7" type="stmt"/>
        <line num="2" count="7" type="stmt"/>
        <line num="6" count="0" type="stmt"/>
      </file>
      <file name="settings.svg" path="/Users/sukesh/Documents/Natterbox/Code/portal-web-ui/portal-web/src/assets/icons/settings.svg">
        <metrics statements="3" coveredstatements="2" conditionals="0" coveredconditionals="0" methods="1" coveredmethods="0"/>
        <line num="1" count="7" type="stmt"/>
        <line num="2" count="7" type="stmt"/>
        <line num="6" count="0" type="stmt"/>
      </file>
    </package>
    <package name="src.components.AccountSettings.components.Accounts">
      <metrics statements="20" coveredstatements="3" conditionals="13" coveredconditionals="0" methods="6" coveredmethods="0"/>
      <file name="AccountQueries.ts" path="/Users/sukesh/Documents/Natterbox/Code/portal-web-ui/portal-web/src/components/AccountSettings/components/Accounts/AccountQueries.ts">
        <metrics statements="3" coveredstatements="3" conditionals="0" coveredconditionals="0" methods="0" coveredmethods="0"/>
        <line num="3" count="1" type="stmt"/>
        <line num="20" count="1" type="stmt"/>
        <line num="33" count="1" type="stmt"/>
      </file>
      <file name="Accounts.tsx" path="/Users/sukesh/Documents/Natterbox/Code/portal-web-ui/portal-web/src/components/AccountSettings/components/Accounts/Accounts.tsx">
        <metrics statements="17" coveredstatements="0" conditionals="13" coveredconditionals="0" methods="6" coveredmethods="0"/>
        <line num="18" count="0" type="stmt"/>
        <line num="23" count="0" type="stmt"/>
        <line num="24" count="0" type="stmt"/>
        <line num="25" count="0" type="stmt"/>
        <line num="29" count="0" type="stmt"/>
        <line num="31" count="0" type="stmt"/>
        <line num="32" count="0" type="stmt"/>
        <line num="35" count="0" type="stmt"/>
        <line num="36" count="0" type="stmt"/>
        <line num="37" count="0" type="stmt"/>
        <line num="39" count="0" type="cond" truecount="0" falsecount="2"/>
        <line num="40" count="0" type="stmt"/>
        <line num="48" count="0" type="cond" truecount="0" falsecount="5"/>
        <line num="54" count="0" type="stmt"/>
        <line num="60" count="0" type="stmt"/>
        <line num="62" count="0" type="stmt"/>
        <line num="72" count="0" type="stmt"/>
      </file>
      <file name="Accounts.type.ts" path="/Users/sukesh/Documents/Natterbox/Code/portal-web-ui/portal-web/src/components/AccountSettings/components/Accounts/Accounts.type.ts">
        <metrics statements="0" coveredstatements="0" conditionals="0" coveredconditionals="0" methods="0" coveredmethods="0"/>
      </file>
    </package>
    <package name="src.components.AccountSettings.components.Accounts.components">
      <metrics statements="53" coveredstatements="34" conditionals="29" coveredconditionals="15" methods="23" coveredmethods="14"/>
      <file name="GeneralSettings.tsx" path="/Users/sukesh/Documents/Natterbox/Code/portal-web-ui/portal-web/src/components/AccountSettings/components/Accounts/components/GeneralSettings.tsx">
        <metrics statements="53" coveredstatements="34" conditionals="29" coveredconditionals="15" methods="23" coveredmethods="14"/>
        <line num="36" count="1" type="stmt"/>
        <line num="37" count="9" type="cond" truecount="3" falsecount="1"/>
        <line num="39" count="3" type="stmt"/>
        <line num="40" count="108" type="stmt"/>
        <line num="43" count="3" type="stmt"/>
        <line num="45" count="1779" type="stmt"/>
        <line num="47" count="3" type="stmt"/>
        <line num="48" count="372" type="stmt"/>
        <line num="52" count="0" type="stmt"/>
        <line num="56" count="1" type="stmt"/>
        <line num="62" count="1" type="stmt"/>
        <line num="67" count="3" type="stmt"/>
        <line num="75" count="3" type="stmt"/>
        <line num="85" count="3" type="stmt"/>
        <line num="89" count="0" type="stmt"/>
        <line num="90" count="0" type="stmt"/>
        <line num="91" count="0" type="stmt"/>
        <line num="101" count="3" type="stmt"/>
        <line num="105" count="0" type="stmt"/>
        <line num="106" count="0" type="stmt"/>
        <line num="108" count="0" type="stmt"/>
        <line num="118" count="3" type="stmt"/>
        <line num="119" count="1" type="stmt"/>
        <line num="128" count="3" type="stmt"/>
        <line num="129" count="1" type="stmt"/>
        <line num="132" count="15" type="stmt"/>
        <line num="133" count="1" type="cond" truecount="1" falsecount="1"/>
        <line num="134" count="1" type="stmt"/>
        <line num="139" count="0" type="stmt"/>
        <line num="146" count="3" type="stmt"/>
        <line num="147" count="0" type="stmt"/>
        <line num="163" count="3" type="stmt"/>
        <line num="164" count="0" type="stmt"/>
        <line num="165" count="0" type="cond" truecount="0" falsecount="3"/>
        <line num="169" count="3" type="stmt"/>
        <line num="170" count="0" type="cond" truecount="0" falsecount="2"/>
        <line num="171" count="0" type="stmt"/>
        <line num="177" count="0" type="stmt"/>
        <line num="180" count="0" type="stmt"/>
        <line num="187" count="0" type="stmt"/>
        <line num="193" count="0" type="stmt"/>
        <line num="196" count="3" type="stmt"/>
        <line num="198" count="3" type="cond" truecount="1" falsecount="1"/>
        <line num="199" count="18" type="stmt"/>
        <line num="200" count="6" type="stmt"/>
        <line num="202" count="3" type="cond" truecount="2" falsecount="0"/>
        <line num="204" count="3" type="stmt"/>
        <line num="205" count="9" type="stmt"/>
        <line num="215" count="3" type="stmt"/>
        <line num="228" count="9" type="stmt"/>
        <line num="298" count="6" type="stmt"/>
        <line num="339" count="0" type="stmt"/>
        <line num="345" count="0" type="stmt"/>
      </file>
    </package>
    <package name="src.components.AccountSettings.components.Assets">
      <metrics statements="1" coveredstatements="0" conditionals="0" coveredconditionals="0" methods="1" coveredmethods="0"/>
      <file name="index.tsx" path="/Users/sukesh/Documents/Natterbox/Code/portal-web-ui/portal-web/src/components/AccountSettings/components/Assets/index.tsx">
        <metrics statements="1" coveredstatements="0" conditionals="0" coveredconditionals="0" methods="1" coveredmethods="0"/>
        <line num="3" count="0" type="stmt"/>
      </file>
    </package>
    <package name="src.components.Devices.components">
      <metrics statements="33" coveredstatements="24" conditionals="30" coveredconditionals="24" methods="10" coveredmethods="2"/>
      <file name="Device.type.ts" path="/Users/sukesh/Documents/Natterbox/Code/portal-web-ui/portal-web/src/components/Devices/components/Device.type.ts">
        <metrics statements="0" coveredstatements="0" conditionals="0" coveredconditionals="0" methods="0" coveredmethods="0"/>
      </file>
      <file name="DeviceColProps.tsx" path="/Users/sukesh/Documents/Natterbox/Code/portal-web-ui/portal-web/src/components/Devices/components/DeviceColProps.tsx">
        <metrics statements="5" coveredstatements="5" conditionals="6" coveredconditionals="4" methods="1" coveredmethods="1"/>
        <line num="9" count="1" type="stmt"/>
        <line num="22" count="100" type="cond" truecount="2" falsecount="0"/>
        <line num="24" count="4" type="stmt"/>
        <line num="25" count="4" type="stmt"/>
        <line num="27" count="4" type="stmt"/>
      </file>
      <file name="DeviceList.tsx" path="/Users/sukesh/Documents/Natterbox/Code/portal-web-ui/portal-web/src/components/Devices/components/DeviceList.tsx">
        <metrics statements="24" coveredstatements="15" conditionals="24" coveredconditionals="20" methods="9" coveredmethods="1"/>
        <line num="19" count="1" type="stmt"/>
        <line num="20" count="4" type="stmt"/>
        <line num="21" count="4" type="stmt"/>
        <line num="22" count="4" type="stmt"/>
        <line num="23" count="4" type="stmt"/>
        <line num="24" count="4" type="stmt"/>
        <line num="29" count="4" type="stmt"/>
        <line num="32" count="4" type="cond" truecount="5" falsecount="0"/>
        <line num="34" count="4" type="stmt"/>
        <line num="35" count="0" type="stmt"/>
        <line num="38" count="4" type="stmt"/>
        <line num="39" count="0" type="stmt"/>
        <line num="40" count="0" type="stmt"/>
        <line num="43" count="4" type="stmt"/>
        <line num="44" count="0" type="stmt"/>
        <line num="50" count="4" type="stmt"/>
        <line num="55" count="4" type="stmt"/>
        <line num="56" count="0" type="stmt"/>
        <line num="59" count="4" type="stmt"/>
        <line num="61" count="4" type="stmt"/>
        <line num="68" count="0" type="stmt"/>
        <line num="98" count="0" type="stmt"/>
        <line num="99" count="0" type="stmt"/>
        <line num="106" count="0" type="stmt"/>
      </file>
      <file name="DeviceQueries.ts" path="/Users/sukesh/Documents/Natterbox/Code/portal-web-ui/portal-web/src/components/Devices/components/DeviceQueries.ts">
        <metrics statements="4" coveredstatements="4" conditionals="0" coveredconditionals="0" methods="0" coveredmethods="0"/>
        <line num="3" count="2" type="stmt"/>
        <line num="13" count="2" type="stmt"/>
        <line num="25" count="2" type="stmt"/>
        <line num="36" count="2" type="stmt"/>
      </file>
    </package>
    <package name="src.components.Devices.components.DeviceCreate">
      <metrics statements="24" coveredstatements="14" conditionals="30" coveredconditionals="14" methods="8" coveredmethods="2"/>
      <file name="DeviceCreate.tsx" path="/Users/sukesh/Documents/Natterbox/Code/portal-web-ui/portal-web/src/components/Devices/components/DeviceCreate/DeviceCreate.tsx">
        <metrics statements="2" coveredstatements="2" conditionals="0" coveredconditionals="0" methods="1" coveredmethods="1"/>
        <line num="15" count="2" type="stmt"/>
        <line num="16" count="1" type="stmt"/>
      </file>
      <file name="GeneralSettingsCreate.tsx" path="/Users/sukesh/Documents/Natterbox/Code/portal-web-ui/portal-web/src/components/Devices/components/DeviceCreate/GeneralSettingsCreate.tsx">
        <metrics statements="20" coveredstatements="12" conditionals="30" coveredconditionals="14" methods="6" coveredmethods="1"/>
        <line num="17" count="2" type="stmt"/>
        <line num="33" count="2" type="stmt"/>
        <line num="34" count="1" type="stmt"/>
        <line num="36" count="1" type="stmt"/>
        <line num="45" count="1" type="stmt"/>
        <line num="47" count="0" type="stmt"/>
        <line num="52" count="1" type="stmt"/>
        <line num="53" count="0" type="stmt"/>
        <line num="56" count="0" type="stmt"/>
        <line num="63" count="1" type="stmt"/>
        <line num="64" count="0" type="cond" truecount="0" falsecount="2"/>
        <line num="65" count="0" type="stmt"/>
        <line num="70" count="0" type="cond" truecount="0" falsecount="2"/>
        <line num="71" count="0" type="stmt"/>
        <line num="78" count="1" type="stmt"/>
        <line num="79" count="0" type="stmt"/>
        <line num="88" count="1" type="cond" truecount="2" falsecount="0"/>
        <line num="90" count="1" type="stmt"/>
        <line num="92" count="1" type="stmt"/>
        <line num="102" count="1" type="stmt"/>
      </file>
      <file name="SecuritySettingsCreate.tsx" path="/Users/sukesh/Documents/Natterbox/Code/portal-web-ui/portal-web/src/components/Devices/components/DeviceCreate/SecuritySettingsCreate.tsx">
        <metrics statements="2" coveredstatements="0" conditionals="0" coveredconditionals="0" methods="1" coveredmethods="0"/>
        <line num="3" count="0" type="stmt"/>
        <line num="4" count="0" type="stmt"/>
      </file>
    </package>
    <package name="src.components.Devices.components.DeviceUpdate">
      <metrics statements="33" coveredstatements="4" conditionals="18" coveredconditionals="0" methods="10" coveredmethods="0"/>
      <file name="DeviceUpdate.tsx" path="/Users/sukesh/Documents/Natterbox/Code/portal-web-ui/portal-web/src/components/Devices/components/DeviceUpdate/DeviceUpdate.tsx">
        <metrics statements="5" coveredstatements="1" conditionals="0" coveredconditionals="0" methods="2" coveredmethods="0"/>
        <line num="21" count="1" type="stmt"/>
        <line num="22" count="0" type="stmt"/>
        <line num="24" count="0" type="stmt"/>
        <line num="25" count="0" type="stmt"/>
        <line num="28" count="0" type="stmt"/>
      </file>
      <file name="GeneralSettingsUpdate.tsx" path="/Users/sukesh/Documents/Natterbox/Code/portal-web-ui/portal-web/src/components/Devices/components/DeviceUpdate/GeneralSettingsUpdate.tsx">
        <metrics statements="25" coveredstatements="2" conditionals="18" coveredconditionals="0" methods="7" coveredmethods="0"/>
        <line num="22" count="1" type="stmt"/>
        <line num="33" count="1" type="stmt"/>
        <line num="34" count="0" type="stmt"/>
        <line num="38" count="0" type="stmt"/>
        <line num="42" count="0" type="stmt"/>
        <line num="46" count="0" type="stmt"/>
        <line num="48" count="0" type="stmt"/>
        <line num="52" count="0" type="stmt"/>
        <line num="53" count="0" type="stmt"/>
        <line num="62" count="0" type="stmt"/>
        <line num="63" count="0" type="stmt"/>
        <line num="65" count="0" type="cond" truecount="0" falsecount="2"/>
        <line num="66" count="0" type="stmt"/>
        <line num="73" count="0" type="stmt"/>
        <line num="79" count="0" type="cond" truecount="0" falsecount="2"/>
        <line num="82" count="0" type="stmt"/>
        <line num="83" count="0" type="cond" truecount="0" falsecount="2"/>
        <line num="84" count="0" type="stmt"/>
        <line num="89" count="0" type="cond" truecount="0" falsecount="2"/>
        <line num="90" count="0" type="stmt"/>
        <line num="97" count="0" type="stmt"/>
        <line num="98" count="0" type="stmt"/>
        <line num="108" count="0" type="stmt"/>
        <line num="110" count="0" type="cond" truecount="0" falsecount="2"/>
        <line num="112" count="0" type="stmt"/>
      </file>
      <file name="SecuritySettingsUpdate.tsx" path="/Users/sukesh/Documents/Natterbox/Code/portal-web-ui/portal-web/src/components/Devices/components/DeviceUpdate/SecuritySettingsUpdate.tsx">
        <metrics statements="3" coveredstatements="1" conditionals="0" coveredconditionals="0" methods="1" coveredmethods="0"/>
        <line num="3" count="1" type="stmt"/>
        <line num="4" count="0" type="stmt"/>
        <line num="6" count="0" type="stmt"/>
      </file>
    </package>
    <package name="src.components.Groups">
      <metrics statements="0" coveredstatements="0" conditionals="0" coveredconditionals="0" methods="0" coveredmethods="0"/>
      <file name="index.tsx" path="/Users/sukesh/Documents/Natterbox/Code/portal-web-ui/portal-web/src/components/Groups/index.tsx">
        <metrics statements="0" coveredstatements="0" conditionals="0" coveredconditionals="0" methods="0" coveredmethods="0"/>
      </file>
    </package>
    <package name="src.components.Groups.components">
      <metrics statements="27" coveredstatements="0" conditionals="16" coveredconditionals="0" methods="9" coveredmethods="0"/>
      <file name="Groups.type.ts" path="/Users/sukesh/Documents/Natterbox/Code/portal-web-ui/portal-web/src/components/Groups/components/Groups.type.ts">
        <metrics statements="0" coveredstatements="0" conditionals="0" coveredconditionals="0" methods="0" coveredmethods="0"/>
      </file>
      <file name="GroupsColProps.tsx" path="/Users/sukesh/Documents/Natterbox/Code/portal-web-ui/portal-web/src/components/Groups/components/GroupsColProps.tsx">
        <metrics statements="1" coveredstatements="0" conditionals="0" coveredconditionals="0" methods="0" coveredmethods="0"/>
        <line num="3" count="0" type="stmt"/>
      </file>
      <file name="GroupsList.tsx" path="/Users/sukesh/Documents/Natterbox/Code/portal-web-ui/portal-web/src/components/Groups/components/GroupsList.tsx">
        <metrics statements="23" coveredstatements="0" conditionals="16" coveredconditionals="0" methods="9" coveredmethods="0"/>
        <line num="22" count="0" type="stmt"/>
        <line num="24" count="0" type="stmt"/>
        <line num="25" count="0" type="stmt"/>
        <line num="26" count="0" type="stmt"/>
        <line num="27" count="0" type="stmt"/>
        <line num="28" count="0" type="stmt"/>
        <line num="36" count="0" type="stmt"/>
        <line num="46" count="0" type="stmt"/>
        <line num="47" count="0" type="stmt"/>
        <line num="51" count="0" type="cond" truecount="0" falsecount="4"/>
        <line num="71" count="0" type="stmt"/>
        <line num="73" count="0" type="stmt"/>
        <line num="74" count="0" type="stmt"/>
        <line num="75" count="0" type="stmt"/>
        <line num="78" count="0" type="stmt"/>
        <line num="79" count="0" type="stmt"/>
        <line num="80" count="0" type="stmt"/>
        <line num="83" count="0" type="stmt"/>
        <line num="84" count="0" type="stmt"/>
        <line num="90" count="0" type="stmt"/>
        <line num="97" count="0" type="stmt"/>
        <line num="122" count="0" type="stmt"/>
        <line num="138" count="0" type="stmt"/>
      </file>
      <file name="GroupsQueries.ts" path="/Users/sukesh/Documents/Natterbox/Code/portal-web-ui/portal-web/src/components/Groups/components/GroupsQueries.ts">
        <metrics statements="3" coveredstatements="0" conditionals="0" coveredconditionals="0" methods="0" coveredmethods="0"/>
        <line num="3" count="0" type="stmt"/>
        <line num="23" count="0" type="stmt"/>
        <line num="36" count="0" type="stmt"/>
      </file>
    </package>
    <package name="src.components.Groups.components.GroupUpdate">
      <metrics statements="28" coveredstatements="0" conditionals="16" coveredconditionals="0" methods="10" coveredmethods="0"/>
      <file name="GeneralSettingsUpdate.tsx" path="/Users/sukesh/Documents/Natterbox/Code/portal-web-ui/portal-web/src/components/Groups/components/GroupUpdate/GeneralSettingsUpdate.tsx">
        <metrics statements="19" coveredstatements="0" conditionals="16" coveredconditionals="0" methods="6" coveredmethods="0"/>
        <line num="19" count="0" type="stmt"/>
        <line num="31" count="0" type="stmt"/>
        <line num="32" count="0" type="stmt"/>
        <line num="35" count="0" type="stmt"/>
        <line num="39" count="0" type="stmt"/>
        <line num="41" count="0" type="stmt"/>
        <line num="45" count="0" type="stmt"/>
        <line num="46" count="0" type="stmt"/>
        <line num="55" count="0" type="cond" truecount="0" falsecount="2"/>
        <line num="58" count="0" type="stmt"/>
        <line num="59" count="0" type="cond" truecount="0" falsecount="2"/>
        <line num="60" count="0" type="stmt"/>
        <line num="65" count="0" type="cond" truecount="0" falsecount="2"/>
        <line num="66" count="0" type="stmt"/>
        <line num="73" count="0" type="stmt"/>
        <line num="74" count="0" type="stmt"/>
        <line num="84" count="0" type="stmt"/>
        <line num="86" count="0" type="cond" truecount="0" falsecount="2"/>
        <line num="88" count="0" type="stmt"/>
      </file>
      <file name="GroupUpdate.tsx" path="/Users/sukesh/Documents/Natterbox/Code/portal-web-ui/portal-web/src/components/Groups/components/GroupUpdate/GroupUpdate.tsx">
        <metrics statements="5" coveredstatements="0" conditionals="0" coveredconditionals="0" methods="2" coveredmethods="0"/>
        <line num="20" count="0" type="stmt"/>
        <line num="21" count="0" type="stmt"/>
        <line num="23" count="0" type="stmt"/>
        <line num="24" count="0" type="stmt"/>
        <line num="27" count="0" type="stmt"/>
      </file>
      <file name="MembershipSettingsUpdate.tsx" path="/Users/sukesh/Documents/Natterbox/Code/portal-web-ui/portal-web/src/components/Groups/components/GroupUpdate/MembershipSettingsUpdate.tsx">
        <metrics statements="2" coveredstatements="0" conditionals="0" coveredconditionals="0" methods="1" coveredmethods="0"/>
        <line num="3" count="0" type="stmt"/>
        <line num="4" count="0" type="stmt"/>
      </file>
      <file name="VoicemailSettingsUpdate.tsx" path="/Users/sukesh/Documents/Natterbox/Code/portal-web-ui/portal-web/src/components/Groups/components/GroupUpdate/VoicemailSettingsUpdate.tsx">
        <metrics statements="2" coveredstatements="0" conditionals="0" coveredconditionals="0" methods="1" coveredmethods="0"/>
        <line num="3" count="0" type="stmt"/>
        <line num="4" count="0" type="stmt"/>
      </file>
    </package>
    <package name="src.components.Home">
      <metrics statements="1" coveredstatements="0" conditionals="0" coveredconditionals="0" methods="1" coveredmethods="0"/>
      <file name="Home.tsx" path="/Users/sukesh/Documents/Natterbox/Code/portal-web-ui/portal-web/src/components/Home/Home.tsx">
        <metrics statements="1" coveredstatements="0" conditionals="0" coveredconditionals="0" methods="1" coveredmethods="0"/>
        <line num="3" count="0" type="stmt"/>
      </file>
    </package>
    <package name="src.components.Logs.components.BulkDownloads">
      <metrics statements="1" coveredstatements="1" conditionals="0" coveredconditionals="0" methods="1" coveredmethods="0"/>
      <file name="index.tsx" path="/Users/sukesh/Documents/Natterbox/Code/portal-web-ui/portal-web/src/components/Logs/components/BulkDownloads/index.tsx">
        <metrics statements="1" coveredstatements="1" conditionals="0" coveredconditionals="0" methods="1" coveredmethods="0"/>
        <line num="3" count="1" type="stmt"/>
      </file>
    </package>
    <package name="src.components.Logs.components.CallLogs">
      <metrics statements="32" coveredstatements="26" conditionals="26" coveredconditionals="23" methods="12" coveredmethods="8"/>
      <file name="CallLogColProps.tsx" path="/Users/sukesh/Documents/Natterbox/Code/portal-web-ui/portal-web/src/components/Logs/components/CallLogs/CallLogColProps.tsx">
        <metrics statements="15" coveredstatements="14" conditionals="6" coveredconditionals="5" methods="8" coveredmethods="7"/>
        <line num="26" count="2" type="stmt"/>
        <line num="27" count="116" type="stmt"/>
        <line num="29" count="2" type="stmt"/>
        <line num="53" count="2" type="stmt"/>
        <line num="57" count="144" type="stmt"/>
        <line num="79" count="144" type="cond" truecount="2" falsecount="0"/>
        <line num="80" count="90" type="stmt"/>
        <line num="82" count="54" type="stmt"/>
        <line num="89" count="144" type="cond" truecount="2" falsecount="0"/>
        <line num="90" count="26" type="stmt"/>
        <line num="92" count="118" type="stmt"/>
        <line num="99" count="144" type="stmt"/>
        <line num="112" count="144" type="stmt"/>
        <line num="122" count="144" type="stmt"/>
        <line num="130" count="0" type="stmt"/>
      </file>
      <file name="CallLogQueries.ts" path="/Users/sukesh/Documents/Natterbox/Code/portal-web-ui/portal-web/src/components/Logs/components/CallLogs/CallLogQueries.ts">
        <metrics statements="1" coveredstatements="1" conditionals="0" coveredconditionals="0" methods="0" coveredmethods="0"/>
        <line num="3" count="2" type="stmt"/>
      </file>
      <file name="CallLogs.tsx" path="/Users/sukesh/Documents/Natterbox/Code/portal-web-ui/portal-web/src/components/Logs/components/CallLogs/CallLogs.tsx">
        <metrics statements="15" coveredstatements="11" conditionals="20" coveredconditionals="18" methods="4" coveredmethods="1"/>
        <line num="17" count="2" type="stmt"/>
        <line num="18" count="6" type="stmt"/>
        <line num="19" count="6" type="stmt"/>
        <line num="20" count="6" type="stmt"/>
        <line num="21" count="6" type="stmt"/>
        <line num="24" count="6" type="cond" truecount="5" falsecount="0"/>
        <line num="26" count="6" type="stmt"/>
        <line num="27" count="0" type="stmt"/>
        <line num="30" count="6" type="stmt"/>
        <line num="31" count="0" type="stmt"/>
        <line num="32" count="0" type="stmt"/>
        <line num="35" count="6" type="stmt"/>
        <line num="40" count="6" type="stmt"/>
        <line num="42" count="6" type="stmt"/>
        <line num="49" count="0" type="stmt"/>
      </file>
      <file name="CallLogs.type.ts" path="/Users/sukesh/Documents/Natterbox/Code/portal-web-ui/portal-web/src/components/Logs/components/CallLogs/CallLogs.type.ts">
        <metrics statements="0" coveredstatements="0" conditionals="0" coveredconditionals="0" methods="0" coveredmethods="0"/>
      </file>
      <file name="CallLogsData.ts" path="/Users/sukesh/Documents/Natterbox/Code/portal-web-ui/portal-web/src/components/Logs/components/CallLogs/CallLogsData.ts">
        <metrics statements="1" coveredstatements="0" conditionals="0" coveredconditionals="0" methods="0" coveredmethods="0"/>
        <line num="1" count="0" type="stmt"/>
      </file>
    </package>
    <package name="src.components.Logs.components.EventLogs">
      <metrics statements="1" coveredstatements="1" conditionals="0" coveredconditionals="0" methods="1" coveredmethods="0"/>
      <file name="index.tsx" path="/Users/sukesh/Documents/Natterbox/Code/portal-web-ui/portal-web/src/components/Logs/components/EventLogs/index.tsx">
        <metrics statements="1" coveredstatements="1" conditionals="0" coveredconditionals="0" methods="1" coveredmethods="0"/>
        <line num="3" count="1" type="stmt"/>
      </file>
    </package>
    <package name="src.components.Logs.components.MyCalls">
      <metrics statements="1" coveredstatements="1" conditionals="0" coveredconditionals="0" methods="1" coveredmethods="0"/>
      <file name="index.tsx" path="/Users/sukesh/Documents/Natterbox/Code/portal-web-ui/portal-web/src/components/Logs/components/MyCalls/index.tsx">
        <metrics statements="1" coveredstatements="1" conditionals="0" coveredconditionals="0" methods="1" coveredmethods="0"/>
        <line num="3" count="1" type="stmt"/>
      </file>
    </package>
    <package name="src.components.Logs.components.SMSMMSLogs">
      <metrics statements="1" coveredstatements="1" conditionals="0" coveredconditionals="0" methods="1" coveredmethods="0"/>
      <file name="index.tsx" path="/Users/sukesh/Documents/Natterbox/Code/portal-web-ui/portal-web/src/components/Logs/components/SMSMMSLogs/index.tsx">
        <metrics statements="1" coveredstatements="1" conditionals="0" coveredconditionals="0" methods="1" coveredmethods="0"/>
        <line num="3" count="1" type="stmt"/>
      </file>
    </package>
    <package name="src.components.Me.components">
      <metrics statements="15" coveredstatements="0" conditionals="8" coveredconditionals="0" methods="5" coveredmethods="0"/>
      <file name="Me.tsx" path="/Users/sukesh/Documents/Natterbox/Code/portal-web-ui/portal-web/src/components/Me/components/Me.tsx">
        <metrics statements="15" coveredstatements="0" conditionals="8" coveredconditionals="0" methods="5" coveredmethods="0"/>
        <line num="16" count="0" type="stmt"/>
        <line num="17" count="0" type="stmt"/>
        <line num="18" count="0" type="stmt"/>
        <line num="19" count="0" type="stmt"/>
        <line num="20" count="0" type="cond" truecount="0" falsecount="2"/>
        <line num="21" count="0" type="cond" truecount="0" falsecount="2"/>
        <line num="23" count="0" type="stmt"/>
        <line num="25" count="0" type="stmt"/>
        <line num="26" count="0" type="cond" truecount="0" falsecount="4"/>
        <line num="27" count="0" type="stmt"/>
        <line num="28" count="0" type="stmt"/>
        <line num="29" count="0" type="stmt"/>
        <line num="31" count="0" type="stmt"/>
        <line num="65" count="0" type="stmt"/>
        <line num="76" count="0" type="stmt"/>
      </file>
    </package>
    <package name="src.components.Numbers">
      <metrics statements="0" coveredstatements="0" conditionals="0" coveredconditionals="0" methods="0" coveredmethods="0"/>
      <file name="index.tsx" path="/Users/sukesh/Documents/Natterbox/Code/portal-web-ui/portal-web/src/components/Numbers/index.tsx">
        <metrics statements="0" coveredstatements="0" conditionals="0" coveredconditionals="0" methods="0" coveredmethods="0"/>
      </file>
    </package>
    <package name="src.components.Numbers.components">
      <metrics statements="31" coveredstatements="0" conditionals="22" coveredconditionals="0" methods="12" coveredmethods="0"/>
      <file name="Number.type.ts" path="/Users/sukesh/Documents/Natterbox/Code/portal-web-ui/portal-web/src/components/Numbers/components/Number.type.ts">
        <metrics statements="0" coveredstatements="0" conditionals="0" coveredconditionals="0" methods="0" coveredmethods="0"/>
      </file>
      <file name="NumberColProps.tsx" path="/Users/sukesh/Documents/Natterbox/Code/portal-web-ui/portal-web/src/components/Numbers/components/NumberColProps.tsx">
        <metrics statements="2" coveredstatements="0" conditionals="4" coveredconditionals="0" methods="1" coveredmethods="0"/>
        <line num="4" count="0" type="stmt"/>
        <line num="20" count="0" type="cond" truecount="0" falsecount="4"/>
      </file>
      <file name="NumberList.tsx" path="/Users/sukesh/Documents/Natterbox/Code/portal-web-ui/portal-web/src/components/Numbers/components/NumberList.tsx">
        <metrics statements="27" coveredstatements="0" conditionals="18" coveredconditionals="0" methods="11" coveredmethods="0"/>
        <line num="24" count="0" type="stmt"/>
        <line num="26" count="0" type="stmt"/>
        <line num="27" count="0" type="stmt"/>
        <line num="28" count="0" type="stmt"/>
        <line num="29" count="0" type="stmt"/>
        <line num="42" count="0" type="stmt"/>
        <line num="43" count="0" type="stmt"/>
        <line num="45" count="0" type="stmt"/>
        <line num="55" count="0" type="stmt"/>
        <line num="56" count="0" type="stmt"/>
        <line num="60" count="0" type="cond" truecount="0" falsecount="4"/>
        <line num="80" count="0" type="stmt"/>
        <line num="82" count="0" type="stmt"/>
        <line num="83" count="0" type="stmt"/>
        <line num="84" count="0" type="stmt"/>
        <line num="87" count="0" type="stmt"/>
        <line num="88" count="0" type="stmt"/>
        <line num="89" count="0" type="stmt"/>
        <line num="92" count="0" type="stmt"/>
        <line num="93" count="0" type="stmt"/>
        <line num="99" count="0" type="stmt"/>
        <line num="100" count="0" type="stmt"/>
        <line num="103" count="0" type="stmt"/>
        <line num="110" count="0" type="stmt"/>
        <line num="135" count="0" type="stmt"/>
        <line num="148" count="0" type="stmt"/>
        <line num="154" count="0" type="stmt"/>
      </file>
      <file name="NumberQueries.ts" path="/Users/sukesh/Documents/Natterbox/Code/portal-web-ui/portal-web/src/components/Numbers/components/NumberQueries.ts">
        <metrics statements="2" coveredstatements="0" conditionals="0" coveredconditionals="0" methods="0" coveredmethods="0"/>
        <line num="3" count="0" type="stmt"/>
        <line num="24" count="0" type="stmt"/>
      </file>
    </package>
    <package name="src.components.Numbers.components.NumberCreate">
      <metrics statements="2" coveredstatements="0" conditionals="0" coveredconditionals="0" methods="1" coveredmethods="0"/>
      <file name="NumberCreate.tsx" path="/Users/sukesh/Documents/Natterbox/Code/portal-web-ui/portal-web/src/components/Numbers/components/NumberCreate/NumberCreate.tsx">
        <metrics statements="2" coveredstatements="0" conditionals="0" coveredconditionals="0" methods="1" coveredmethods="0"/>
        <line num="9" count="0" type="stmt"/>
        <line num="10" count="0" type="stmt"/>
      </file>
    </package>
    <package name="src.components.Numbers.components.NumberUpdate">
      <metrics statements="26" coveredstatements="0" conditionals="33" coveredconditionals="0" methods="12" coveredmethods="0"/>
      <file name="NumberUpdate.tsx" path="/Users/sukesh/Documents/Natterbox/Code/portal-web-ui/portal-web/src/components/Numbers/components/NumberUpdate/NumberUpdate.tsx">
        <metrics statements="26" coveredstatements="0" conditionals="33" coveredconditionals="0" methods="12" coveredmethods="0"/>
        <line num="32" count="0" type="stmt"/>
        <line num="33" count="0" type="stmt"/>
        <line num="39" count="0" type="stmt"/>
        <line num="40" count="0" type="stmt"/>
        <line num="43" count="0" type="stmt"/>
        <line num="44" count="0" type="stmt"/>
        <line num="45" count="0" type="stmt"/>
        <line num="48" count="0" type="stmt"/>
        <line num="53" count="0" type="stmt"/>
        <line num="55" count="0" type="stmt"/>
        <line num="60" count="0" type="stmt"/>
        <line num="62" count="0" type="cond" truecount="0" falsecount="2"/>
        <line num="63" count="0" type="cond" truecount="0" falsecount="2"/>
        <line num="66" count="0" type="stmt"/>
        <line num="67" count="0" type="cond" truecount="0" falsecount="4"/>
        <line num="69" count="0" type="stmt"/>
        <line num="72" count="0" type="cond" truecount="0" falsecount="4"/>
        <line num="73" count="0" type="stmt"/>
        <line num="74" count="0" type="stmt"/>
        <line num="83" count="0" type="stmt"/>
        <line num="84" count="0" type="stmt"/>
        <line num="95" count="0" type="cond" truecount="0" falsecount="2"/>
        <line num="100" count="0" type="stmt"/>
        <line num="107" count="0" type="stmt"/>
        <line num="132" count="0" type="stmt"/>
        <line num="145" count="0" type="stmt"/>
      </file>
    </package>
    <package name="src.components.Users">
      <metrics statements="39" coveredstatements="0" conditionals="44" coveredconditionals="0" methods="12" coveredmethods="0"/>
      <file name="User.type.ts" path="/Users/sukesh/Documents/Natterbox/Code/portal-web-ui/portal-web/src/components/Users/User.type.ts">
        <metrics statements="0" coveredstatements="0" conditionals="0" coveredconditionals="0" methods="0" coveredmethods="0"/>
      </file>
      <file name="UserColProps.ts" path="/Users/sukesh/Documents/Natterbox/Code/portal-web-ui/portal-web/src/components/Users/UserColProps.ts">
        <metrics statements="2" coveredstatements="0" conditionals="0" coveredconditionals="0" methods="0" coveredmethods="0"/>
        <line num="3" count="0" type="stmt"/>
        <line num="46" count="0" type="stmt"/>
      </file>
      <file name="UserDetails.tsx" path="/Users/sukesh/Documents/Natterbox/Code/portal-web-ui/portal-web/src/components/Users/UserDetails.tsx">
        <metrics statements="15" coveredstatements="0" conditionals="22" coveredconditionals="0" methods="6" coveredmethods="0"/>
        <line num="21" count="0" type="stmt"/>
        <line num="41" count="0" type="stmt"/>
        <line num="46" count="0" type="stmt"/>
        <line num="47" count="0" type="stmt"/>
        <line num="51" count="0" type="cond" truecount="0" falsecount="2"/>
        <line num="52" count="0" type="cond" truecount="0" falsecount="2"/>
        <line num="53" count="0" type="stmt"/>
        <line num="57" count="0" type="stmt"/>
        <line num="61" count="0" type="cond" truecount="0" falsecount="4"/>
        <line num="62" count="0" type="cond" truecount="0" falsecount="8"/>
        <line num="65" count="0" type="stmt"/>
        <line num="72" count="0" type="stmt"/>
        <line num="91" count="0" type="stmt"/>
        <line num="100" count="0" type="stmt"/>
        <line num="102" count="0" type="stmt"/>
      </file>
      <file name="UserQueries.ts" path="/Users/sukesh/Documents/Natterbox/Code/portal-web-ui/portal-web/src/components/Users/UserQueries.ts">
        <metrics statements="1" coveredstatements="0" conditionals="0" coveredconditionals="0" methods="0" coveredmethods="0"/>
        <line num="3" count="0" type="stmt"/>
      </file>
      <file name="Users.tsx" path="/Users/sukesh/Documents/Natterbox/Code/portal-web-ui/portal-web/src/components/Users/Users.tsx">
        <metrics statements="21" coveredstatements="0" conditionals="22" coveredconditionals="0" methods="6" coveredmethods="0"/>
        <line num="17" count="0" type="stmt"/>
        <line num="18" count="0" type="stmt"/>
        <line num="19" count="0" type="stmt"/>
        <line num="20" count="0" type="stmt"/>
        <line num="21" count="0" type="stmt"/>
        <line num="22" count="0" type="stmt"/>
        <line num="23" count="0" type="stmt"/>
        <line num="26" count="0" type="cond" truecount="0" falsecount="5"/>
        <line num="28" count="0" type="stmt"/>
        <line num="29" count="0" type="stmt"/>
        <line num="32" count="0" type="stmt"/>
        <line num="33" count="0" type="stmt"/>
        <line num="34" count="0" type="stmt"/>
        <line num="37" count="0" type="stmt"/>
        <line num="42" count="0" type="stmt"/>
        <line num="43" count="0" type="stmt"/>
        <line num="44" count="0" type="stmt"/>
        <line num="47" count="0" type="stmt"/>
        <line num="49" count="0" type="stmt"/>
        <line num="56" count="0" type="stmt"/>
        <line num="88" count="0" type="stmt"/>
      </file>
    </package>
    <package name="src.components.shared">
      <metrics statements="17" coveredstatements="6" conditionals="6" coveredconditionals="0" methods="6" coveredmethods="1"/>
      <file name="ErrorAlert.tsx" path="/Users/sukesh/Documents/Natterbox/Code/portal-web-ui/portal-web/src/components/shared/ErrorAlert.tsx">
        <metrics statements="2" coveredstatements="1" conditionals="0" coveredconditionals="0" methods="1" coveredmethods="0"/>
        <line num="9" count="6" type="stmt"/>
        <line num="11" count="0" type="stmt"/>
      </file>
      <file name="ErrorSnack.tsx" path="/Users/sukesh/Documents/Natterbox/Code/portal-web-ui/portal-web/src/components/shared/ErrorSnack.tsx">
        <metrics statements="2" coveredstatements="2" conditionals="0" coveredconditionals="0" methods="1" coveredmethods="1"/>
        <line num="13" count="6" type="stmt"/>
        <line num="15" count="2" type="stmt"/>
      </file>
      <file name="PrivateRoute.tsx" path="/Users/sukesh/Documents/Natterbox/Code/portal-web-ui/portal-web/src/components/shared/PrivateRoute.tsx">
        <metrics statements="13" coveredstatements="3" conditionals="6" coveredconditionals="0" methods="4" coveredmethods="0"/>
        <line num="6" count="6" type="stmt"/>
        <line num="7" count="0" type="stmt"/>
        <line num="9" count="0" type="stmt"/>
        <line num="10" count="0" type="cond" truecount="0" falsecount="4"/>
        <line num="11" count="0" type="stmt"/>
        <line num="13" count="0" type="stmt"/>
        <line num="14" count="0" type="stmt"/>
        <line num="18" count="0" type="stmt"/>
        <line num="21" count="0" type="stmt"/>
        <line num="22" count="0" type="cond" truecount="0" falsecount="2"/>
        <line num="24" count="0" type="stmt"/>
        <line num="27" count="6" type="stmt"/>
        <line num="36" count="6" type="stmt"/>
      </file>
    </package>
    <package name="src.components.shared.ActionBlocks">
      <metrics statements="6" coveredstatements="6" conditionals="5" coveredconditionals="5" methods="3" coveredmethods="3"/>
      <file name="ActionBlocks.tsx" path="/Users/sukesh/Documents/Natterbox/Code/portal-web-ui/portal-web/src/components/shared/ActionBlocks/ActionBlocks.tsx">
        <metrics statements="6" coveredstatements="6" conditionals="5" coveredconditionals="5" methods="3" coveredmethods="3"/>
        <line num="29" count="6" type="stmt"/>
        <line num="38" count="6" type="stmt"/>
        <line num="43" count="18" type="stmt"/>
        <line num="51" count="6" type="stmt"/>
        <line num="56" count="3" type="stmt"/>
        <line num="59" count="18" type="stmt"/>
      </file>
    </package>
    <package name="src.components.shared.Checkbox">
      <metrics statements="2" coveredstatements="0" conditionals="0" coveredconditionals="0" methods="1" coveredmethods="0"/>
      <file name="CheckBox.tsx" path="/Users/sukesh/Documents/Natterbox/Code/portal-web-ui/portal-web/src/components/shared/Checkbox/CheckBox.tsx">
        <metrics statements="2" coveredstatements="0" conditionals="0" coveredconditionals="0" methods="1" coveredmethods="0"/>
        <line num="6" count="0" type="stmt"/>
        <line num="7" count="0" type="stmt"/>
      </file>
    </package>
    <package name="src.components.shared.CompRender">
      <metrics statements="2" coveredstatements="1" conditionals="6" coveredconditionals="0" methods="1" coveredmethods="0"/>
      <file name="CompRender.tsx" path="/Users/sukesh/Documents/Natterbox/Code/portal-web-ui/portal-web/src/components/shared/CompRender/CompRender.tsx">
        <metrics statements="2" coveredstatements="1" conditionals="6" coveredconditionals="0" methods="1" coveredmethods="0"/>
        <line num="15" count="6" type="stmt"/>
        <line num="23" count="0" type="cond" truecount="0" falsecount="2"/>
      </file>
    </package>
    <package name="src.components.shared.Footer">
      <metrics statements="2" coveredstatements="1" conditionals="2" coveredconditionals="0" methods="1" coveredmethods="0"/>
      <file name="Footer.tsx" path="/Users/sukesh/Documents/Natterbox/Code/portal-web-ui/portal-web/src/components/shared/Footer/Footer.tsx">
        <metrics statements="2" coveredstatements="1" conditionals="2" coveredconditionals="0" methods="1" coveredmethods="0"/>
        <line num="3" count="6" type="stmt"/>
        <line num="4" count="0" type="stmt"/>
      </file>
    </package>
    <package name="src.components.shared.Header">
      <metrics statements="8" coveredstatements="8" conditionals="2" coveredconditionals="2" methods="2" coveredmethods="2"/>
      <file name="Header.tsx" path="/Users/sukesh/Documents/Natterbox/Code/portal-web-ui/portal-web/src/components/shared/Header/Header.tsx">
        <metrics statements="6" coveredstatements="6" conditionals="2" coveredconditionals="2" methods="2" coveredmethods="2"/>
        <line num="21" count="7" type="stmt"/>
        <line num="32" count="7" type="stmt"/>
        <line num="33" count="1" type="stmt"/>
        <line num="34" count="1" type="stmt"/>
        <line num="36" count="1" type="stmt"/>
        <line num="54" count="8" type="stmt"/>
      </file>
      <file name="HeaderMUIStyles.ts" path="/Users/sukesh/Documents/Natterbox/Code/portal-web-ui/portal-web/src/components/shared/Header/HeaderMUIStyles.ts">
        <metrics statements="2" coveredstatements="2" conditionals="0" coveredconditionals="0" methods="0" coveredmethods="0"/>
        <line num="3" count="7" type="stmt"/>
        <line num="9" count="7" type="stmt"/>
      </file>
    </package>
    <package name="src.components.shared.Images">
      <metrics statements="16" coveredstatements="13" conditionals="0" coveredconditionals="0" methods="11" coveredmethods="6"/>
      <file name="index.tsx" path="/Users/sukesh/Documents/Natterbox/Code/portal-web-ui/portal-web/src/components/shared/Images/index.tsx">
        <metrics statements="16" coveredstatements="13" conditionals="0" coveredconditionals="0" methods="11" coveredmethods="6"/>
        <line num="13" count="7" type="stmt"/>
        <line num="14" count="7" type="stmt"/>
        <line num="15" count="7" type="stmt"/>
        <line num="16" count="7" type="stmt"/>
        <line num="17" count="7" type="stmt"/>
        <line num="18" count="3" type="stmt"/>
        <line num="20" count="7" type="stmt"/>
        <line num="21" count="3" type="stmt"/>
        <line num="23" count="7" type="stmt"/>
        <line num="24" count="0" type="stmt"/>
        <line num="26" count="7" type="stmt"/>
        <line num="27" count="0" type="stmt"/>
        <line num="30" count="7" type="stmt"/>
        <line num="31" count="7" type="stmt"/>
        <line num="32" count="7" type="stmt"/>
        <line num="33" count="0" type="stmt"/>
      </file>
    </package>
    <package name="src.components.shared.LightTooltip">
      <metrics statements="3" coveredstatements="0" conditionals="0" coveredconditionals="0" methods="2" coveredmethods="0"/>
      <file name="LightTooltip.tsx" path="/Users/sukesh/Documents/Natterbox/Code/portal-web-ui/portal-web/src/components/shared/LightTooltip/LightTooltip.tsx">
        <metrics statements="3" coveredstatements="0" conditionals="0" coveredconditionals="0" methods="2" coveredmethods="0"/>
        <line num="5" count="0" type="stmt"/>
        <line num="18" count="0" type="stmt"/>
        <line num="20" count="0" type="stmt"/>
      </file>
    </package>
    <package name="src.components.shared.Loading">
      <metrics statements="2" coveredstatements="2" conditionals="2" coveredconditionals="2" methods="1" coveredmethods="1"/>
      <file name="Loading.tsx" path="/Users/sukesh/Documents/Natterbox/Code/portal-web-ui/portal-web/src/components/shared/Loading/Loading.tsx">
        <metrics statements="2" coveredstatements="2" conditionals="2" coveredconditionals="2" methods="1" coveredmethods="1"/>
        <line num="9" count="7" type="stmt"/>
        <line num="10" count="6" type="stmt"/>
      </file>
    </package>
    <package name="src.components.shared.Login">
      <metrics statements="6" coveredstatements="3" conditionals="2" coveredconditionals="0" methods="3" coveredmethods="1"/>
      <file name="Login.tsx" path="/Users/sukesh/Documents/Natterbox/Code/portal-web-ui/portal-web/src/components/shared/Login/Login.tsx">
        <metrics statements="6" coveredstatements="3" conditionals="2" coveredconditionals="0" methods="3" coveredmethods="1"/>
        <line num="8" count="8" type="stmt"/>
        <line num="9" count="1" type="stmt"/>
        <line num="11" count="1" type="stmt"/>
        <line num="14" count="0" type="stmt"/>
        <line num="19" count="0" type="stmt"/>
        <line num="20" count="0" type="stmt"/>
      </file>
    </package>
    <package name="src.components.shared.PortalDialog">
      <metrics statements="4" coveredstatements="4" conditionals="0" coveredconditionals="0" methods="1" coveredmethods="1"/>
      <file name="PortalDialogTitle.tsx" path="/Users/sukesh/Documents/Natterbox/Code/portal-web-ui/portal-web/src/components/shared/PortalDialog/PortalDialogTitle.tsx">
        <metrics statements="4" coveredstatements="4" conditionals="0" coveredconditionals="0" methods="1" coveredmethods="1"/>
        <line num="9" count="6" type="stmt"/>
        <line num="22" count="6" type="stmt"/>
        <line num="26" count="1" type="stmt"/>
        <line num="28" count="1" type="stmt"/>
      </file>
    </package>
    <package name="src.components.shared.PortalTable">
      <metrics statements="9" coveredstatements="7" conditionals="19" coveredconditionals="17" methods="9" coveredmethods="6"/>
      <file name="PortalTable.tsx" path="/Users/sukesh/Documents/Natterbox/Code/portal-web-ui/portal-web/src/components/shared/PortalTable/PortalTable.tsx">
        <metrics statements="2" coveredstatements="2" conditionals="6" coveredconditionals="5" methods="2" coveredmethods="2"/>
        <line num="29" count="3" type="stmt"/>
        <line num="45" count="244" type="stmt"/>
      </file>
      <file name="PortalTableHeader.tsx" path="/Users/sukesh/Documents/Natterbox/Code/portal-web-ui/portal-web/src/components/shared/PortalTable/PortalTableHeader.tsx">
        <metrics statements="3" coveredstatements="3" conditionals="2" coveredconditionals="2" methods="2" coveredmethods="2"/>
        <line num="16" count="6" type="stmt"/>
        <line num="20" count="3" type="stmt"/>
        <line num="28" count="27" type="stmt"/>
      </file>
      <file name="PortalTableRow.tsx" path="/Users/sukesh/Documents/Natterbox/Code/portal-web-ui/portal-web/src/components/shared/PortalTable/PortalTableRow.tsx">
        <metrics statements="4" coveredstatements="2" conditionals="11" coveredconditionals="10" methods="5" coveredmethods="2"/>
        <line num="28" count="244" type="stmt"/>
        <line num="33" count="0" type="cond" truecount="2" falsecount="0"/>
        <line num="40" count="0" type="stmt"/>
        <line num="44" count="2028" type="stmt"/>
      </file>
    </package>
    <package name="src.components.shared.TabbedTable">
      <metrics statements="14" coveredstatements="3" conditionals="0" coveredconditionals="0" methods="4" coveredmethods="0"/>
      <file name="NoTabTable.tsx" path="/Users/sukesh/Documents/Natterbox/Code/portal-web-ui/portal-web/src/components/shared/TabbedTable/NoTabTable.tsx">
        <metrics statements="2" coveredstatements="1" conditionals="0" coveredconditionals="0" methods="1" coveredmethods="0"/>
        <line num="6" count="6" type="stmt"/>
        <line num="7" count="0" type="stmt"/>
      </file>
      <file name="TabbedMUIStyles.ts" path="/Users/sukesh/Documents/Natterbox/Code/portal-web-ui/portal-web/src/components/shared/TabbedTable/TabbedMUIStyles.ts">
        <metrics statements="1" coveredstatements="1" conditionals="0" coveredconditionals="0" methods="0" coveredmethods="0"/>
        <line num="3" count="6" type="stmt"/>
      </file>
      <file name="TabbedTable.tsx" path="/Users/sukesh/Documents/Natterbox/Code/portal-web-ui/portal-web/src/components/shared/TabbedTable/TabbedTable.tsx">
        <metrics statements="11" coveredstatements="1" conditionals="0" coveredconditionals="0" methods="3" coveredmethods="0"/>
        <line num="13" count="6" type="stmt"/>
        <line num="15" count="0" type="stmt"/>
        <line num="16" count="0" type="stmt"/>
        <line num="17" count="0" type="stmt"/>
        <line num="19" count="0" type="stmt"/>
        <line num="20" count="0" type="stmt"/>
        <line num="22" count="0" type="stmt"/>
        <line num="26" count="0" type="stmt"/>
        <line num="27" count="0" type="stmt"/>
        <line num="29" count="0" type="stmt"/>
        <line num="42" count="0" type="stmt"/>
      </file>
    </package>
    <package name="src.components.shared.TablePagination">
      <metrics statements="6" coveredstatements="5" conditionals="9" coveredconditionals="0" methods="2" coveredmethods="1"/>
      <file name="PortalPagerMUIStyles.ts" path="/Users/sukesh/Documents/Natterbox/Code/portal-web-ui/portal-web/src/components/shared/TablePagination/PortalPagerMUIStyles.ts">
        <metrics statements="1" coveredstatements="1" conditionals="0" coveredconditionals="0" methods="0" coveredmethods="0"/>
        <line num="3" count="6" type="stmt"/>
      </file>
      <file name="PortalPaging.tsx" path="/Users/sukesh/Documents/Natterbox/Code/portal-web-ui/portal-web/src/components/shared/TablePagination/PortalPaging.tsx">
        <metrics statements="3" coveredstatements="3" conditionals="1" coveredconditionals="0" methods="1" coveredmethods="1"/>
        <line num="14" count="6" type="stmt"/>
        <line num="23" count="3" type="stmt"/>
        <line num="25" count="3" type="stmt"/>
      </file>
      <file name="PortalServerPaging.tsx" path="/Users/sukesh/Documents/Natterbox/Code/portal-web-ui/portal-web/src/components/shared/TablePagination/PortalServerPaging.tsx">
        <metrics statements="2" coveredstatements="1" conditionals="8" coveredconditionals="0" methods="1" coveredmethods="0"/>
        <line num="25" count="6" type="stmt"/>
        <line num="39" count="0" type="stmt"/>
      </file>
    </package>
    <package name="src.components.shared.styles">
      <metrics statements="1" coveredstatements="1" conditionals="0" coveredconditionals="0" methods="0" coveredmethods="0"/>
      <file name="sharedStyles.ts" path="/Users/sukesh/Documents/Natterbox/Code/portal-web-ui/portal-web/src/components/shared/styles/sharedStyles.ts">
        <metrics statements="1" coveredstatements="1" conditionals="0" coveredconditionals="0" methods="0" coveredmethods="0"/>
        <line num="3" count="6" type="stmt"/>
      </file>
    </package>
    <package name="src.mocks">
      <metrics statements="3" coveredstatements="3" conditionals="0" coveredconditionals="0" methods="0" coveredmethods="0"/>
      <file name="AccountMock.ts" path="/Users/sukesh/Documents/Natterbox/Code/portal-web-ui/portal-web/src/mocks/AccountMock.ts">
        <metrics statements="1" coveredstatements="1" conditionals="0" coveredconditionals="0" methods="0" coveredmethods="0"/>
        <line num="1" count="3" type="stmt"/>
      </file>
      <file name="CallLog.mock.ts" path="/Users/sukesh/Documents/Natterbox/Code/portal-web-ui/portal-web/src/mocks/CallLog.mock.ts">
        <metrics statements="1" coveredstatements="1" conditionals="0" coveredconditionals="0" methods="0" coveredmethods="0"/>
        <line num="1" count="3" type="stmt"/>
      </file>
      <file name="DeviceListMock.ts" path="/Users/sukesh/Documents/Natterbox/Code/portal-web-ui/portal-web/src/mocks/DeviceListMock.ts">
        <metrics statements="1" coveredstatements="1" conditionals="0" coveredconditionals="0" methods="0" coveredmethods="0"/>
        <line num="1" count="3" type="stmt"/>
      </file>
    </package>
    <package name="src.pages">
      <metrics statements="6" coveredstatements="1" conditionals="4" coveredconditionals="0" methods="1" coveredmethods="0"/>
      <file name="AsyncRouteLoading.tsx" path="/Users/sukesh/Documents/Natterbox/Code/portal-web-ui/portal-web/src/pages/AsyncRouteLoading.tsx">
        <metrics statements="6" coveredstatements="1" conditionals="4" coveredconditionals="0" methods="1" coveredmethods="0"/>
        <line num="3" count="1" type="stmt"/>
        <line num="4" count="0" type="cond" truecount="0" falsecount="2"/>
        <line num="5" count="0" type="stmt"/>
        <line num="14" count="0" type="cond" truecount="0" falsecount="2"/>
        <line num="15" count="0" type="stmt"/>
        <line num="17" count="0" type="stmt"/>
      </file>
    </package>
    <package name="src.pages.accountSettings">
      <metrics statements="2" coveredstatements="0" conditionals="0" coveredconditionals="0" methods="1" coveredmethods="0"/>
      <file name="AccountsPage.tsx" path="/Users/sukesh/Documents/Natterbox/Code/portal-web-ui/portal-web/src/pages/accountSettings/AccountsPage.tsx">
        <metrics statements="2" coveredstatements="0" conditionals="0" coveredconditionals="0" methods="1" coveredmethods="0"/>
        <line num="6" count="0" type="stmt"/>
        <line num="11" count="0" type="stmt"/>
      </file>
    </package>
    <package name="src.pages.devices">
      <metrics statements="2" coveredstatements="0" conditionals="0" coveredconditionals="0" methods="1" coveredmethods="0"/>
      <file name="DevicesPage.tsx" path="/Users/sukesh/Documents/Natterbox/Code/portal-web-ui/portal-web/src/pages/devices/DevicesPage.tsx">
        <metrics statements="2" coveredstatements="0" conditionals="0" coveredconditionals="0" methods="1" coveredmethods="0"/>
        <line num="5" count="0" type="stmt"/>
        <line num="6" count="0" type="stmt"/>
      </file>
    </package>
    <package name="src.pages.groups">
      <metrics statements="2" coveredstatements="0" conditionals="0" coveredconditionals="0" methods="1" coveredmethods="0"/>
      <file name="GroupsPage.tsx" path="/Users/sukesh/Documents/Natterbox/Code/portal-web-ui/portal-web/src/pages/groups/GroupsPage.tsx">
        <metrics statements="2" coveredstatements="0" conditionals="0" coveredconditionals="0" methods="1" coveredmethods="0"/>
        <line num="5" count="0" type="stmt"/>
        <line num="6" count="0" type="stmt"/>
      </file>
    </package>
    <package name="src.pages.logs">
      <metrics statements="2" coveredstatements="2" conditionals="0" coveredconditionals="0" methods="1" coveredmethods="1"/>
      <file name="LogsPage.tsx" path="/Users/sukesh/Documents/Natterbox/Code/portal-web-ui/portal-web/src/pages/logs/LogsPage.tsx">
        <metrics statements="2" coveredstatements="2" conditionals="0" coveredconditionals="0" methods="1" coveredmethods="1"/>
        <line num="11" count="1" type="stmt"/>
        <line num="19" count="2" type="stmt"/>
      </file>
    </package>
    <package name="src.pages.me">
      <metrics statements="1" coveredstatements="0" conditionals="0" coveredconditionals="0" methods="1" coveredmethods="0"/>
      <file name="MePage.tsx" path="/Users/sukesh/Documents/Natterbox/Code/portal-web-ui/portal-web/src/pages/me/MePage.tsx">
        <metrics statements="1" coveredstatements="0" conditionals="0" coveredconditionals="0" methods="1" coveredmethods="0"/>
        <line num="4" count="0" type="stmt"/>
      </file>
    </package>
    <package name="src.pages.numbers">
      <metrics statements="2" coveredstatements="0" conditionals="0" coveredconditionals="0" methods="1" coveredmethods="0"/>
      <file name="NumbersPage.tsx" path="/Users/sukesh/Documents/Natterbox/Code/portal-web-ui/portal-web/src/pages/numbers/NumbersPage.tsx">
        <metrics statements="2" coveredstatements="0" conditionals="0" coveredconditionals="0" methods="1" coveredmethods="0"/>
        <line num="5" count="0" type="stmt"/>
        <line num="6" count="0" type="stmt"/>
      </file>
    </package>
    <package name="src.pages.users">
      <metrics statements="2" coveredstatements="0" conditionals="0" coveredconditionals="0" methods="1" coveredmethods="0"/>
      <file name="UsersPage.tsx" path="/Users/sukesh/Documents/Natterbox/Code/portal-web-ui/portal-web/src/pages/users/UsersPage.tsx">
        <metrics statements="2" coveredstatements="0" conditionals="0" coveredconditionals="0" methods="1" coveredmethods="0"/>
        <line num="5" count="0" type="stmt"/>
        <line num="6" count="0" type="stmt"/>
      </file>
    </package>
    <package name="src.plugins.auth0">
      <metrics statements="65" coveredstatements="4" conditionals="6" coveredconditionals="0" methods="12" coveredmethods="0"/>
      <file name="index.tsx" path="/Users/sukesh/Documents/Natterbox/Code/portal-web-ui/portal-web/src/plugins/auth0/index.tsx">
        <metrics statements="65" coveredstatements="4" conditionals="6" coveredconditionals="0" methods="12" coveredmethods="0"/>
        <line num="32" count="8" type="stmt"/>
        <line num="33" count="8" type="stmt"/>
        <line num="35" count="8" type="stmt"/>
        <line num="36" count="0" type="cond" truecount="0" falsecount="2"/>
        <line num="37" count="0" type="stmt"/>
        <line num="46" count="0" type="stmt"/>
        <line num="47" count="0" type="stmt"/>
        <line num="49" count="0" type="stmt"/>
        <line num="58" count="0" type="stmt"/>
        <line num="60" count="0" type="stmt"/>
        <line num="67" count="8" type="stmt"/>
        <line num="72" count="0" type="stmt"/>
        <line num="73" count="0" type="stmt"/>
        <line num="74" count="0" type="stmt"/>
        <line num="75" count="0" type="stmt"/>
        <line num="76" count="0" type="stmt"/>
        <line num="77" count="0" type="stmt"/>
        <line num="78" count="0" type="stmt"/>
        <line num="80" count="0" type="stmt"/>
        <line num="81" count="0" type="stmt"/>
        <line num="87" count="0" type="stmt"/>
        <line num="89" count="0" type="stmt"/>
        <line num="96" count="0" type="stmt"/>
        <line num="97" count="0" type="stmt"/>
        <line num="99" count="0" type="cond" truecount="0" falsecount="2"/>
        <line num="100" count="0" type="stmt"/>
        <line num="101" count="0" type="stmt"/>
        <line num="102" count="0" type="stmt"/>
        <line num="104" count="0" type="stmt"/>
        <line num="108" count="0" type="stmt"/>
        <line num="110" count="0" type="cond" truecount="0" falsecount="2"/>
        <line num="111" count="0" type="stmt"/>
        <line num="112" count="0" type="stmt"/>
        <line num="114" count="0" type="stmt"/>
        <line num="115" count="0" type="stmt"/>
        <line num="116" count="0" type="stmt"/>
        <line num="119" count="0" type="stmt"/>
        <line num="122" count="0" type="stmt"/>
        <line num="125" count="0" type="stmt"/>
        <line num="126" count="0" type="stmt"/>
        <line num="128" count="0" type="stmt"/>
        <line num="129" count="0" type="stmt"/>
        <line num="131" count="0" type="stmt"/>
        <line num="133" count="0" type="stmt"/>
        <line num="136" count="0" type="stmt"/>
        <line num="137" count="0" type="stmt"/>
        <line num="138" count="0" type="stmt"/>
        <line num="141" count="0" type="stmt"/>
        <line num="142" count="0" type="stmt"/>
        <line num="144" count="0" type="stmt"/>
        <line num="145" count="0" type="stmt"/>
        <line num="147" count="0" type="stmt"/>
        <line num="148" count="0" type="stmt"/>
        <line num="149" count="0" type="stmt"/>
        <line num="151" count="0" type="stmt"/>
        <line num="154" count="0" type="stmt"/>
        <line num="155" count="0" type="stmt"/>
        <line num="157" count="0" type="stmt"/>
        <line num="158" count="0" type="stmt"/>
        <line num="160" count="0" type="stmt"/>
        <line num="162" count="0" type="stmt"/>
        <line num="163" count="0" type="stmt"/>
        <line num="165" count="0" type="stmt"/>
        <line num="166" count="0" type="stmt"/>
        <line num="168" count="0" type="stmt"/>
      </file>
    </package>
    <package name="src.plugins.history">
      <metrics statements="0" coveredstatements="0" conditionals="0" coveredconditionals="0" methods="0" coveredmethods="0"/>
      <file name="index.tsx" path="/Users/sukesh/Documents/Natterbox/Code/portal-web-ui/portal-web/src/plugins/history/index.tsx">
        <metrics statements="0" coveredstatements="0" conditionals="0" coveredconditionals="0" methods="0" coveredmethods="0"/>
      </file>
    </package>
    <package name="src.styles">
      <metrics statements="2" coveredstatements="2" conditionals="0" coveredconditionals="0" methods="0" coveredmethods="0"/>
      <file name="commonMUIStyles.ts" path="/Users/sukesh/Documents/Natterbox/Code/portal-web-ui/portal-web/src/styles/commonMUIStyles.ts">
        <metrics statements="1" coveredstatements="1" conditionals="0" coveredconditionals="0" methods="0" coveredmethods="0"/>
        <line num="3" count="6" type="stmt"/>
      </file>
      <file name="global.scss" path="/Users/sukesh/Documents/Natterbox/Code/portal-web-ui/portal-web/src/styles/global.scss">
        <metrics statements="1" coveredstatements="1" conditionals="0" coveredconditionals="0" methods="0" coveredmethods="0"/>
        <line num="1" count="1" type="stmt"/>
      </file>
    </package>
  </project>
</coverage>
