{"/Users/sukesh/Documents/Natterbox/Code/portal-web-ui/portal-web/src/App.tsx": {"path":"/Users/sukesh/Documents/Natterbox/Code/portal-web-ui/portal-web/src/App.tsx","statementMap":{"0":{"start":{"line":18,"column":14},"end":{"line":22,"column":2}},"1":{"start":{"line":34,"column":12},"end":{"line":130,"column":1}},"2":{"start":{"line":41,"column":6},"end":{"line":41,"column":16}},"3":{"start":{"line":43,"column":30},"end":{"line":43,"column":55}},"4":{"start":{"line":44,"column":18},"end":{"line":44,"column":30}},"5":{"start":{"line":46,"column":2},"end":{"line":48,"column":3}},"6":{"start":{"line":47,"column":4},"end":{"line":47,"column":22}},"7":{"start":{"line":50,"column":2},"end":{"line":52,"column":3}},"8":{"start":{"line":51,"column":4},"end":{"line":51,"column":25}},"9":{"start":{"line":54,"column":21},"end":{"line":87,"column":4}},"10":{"start":{"line":56,"column":6},"end":{"line":70,"column":7}},"11":{"start":{"line":57,"column":8},"end":{"line":69,"column":9}},"12":{"start":{"line":58,"column":10},"end":{"line":63,"column":12}},"13":{"start":{"line":65,"column":10},"end":{"line":68,"column":12}},"14":{"start":{"line":72,"column":6},"end":{"line":77,"column":7}},"15":{"start":{"line":73,"column":8},"end":{"line":76,"column":10}},"16":{"start":{"line":81,"column":6},"end":{"line":85,"column":8}},"17":{"start":{"line":89,"column":2},"end":{"line":94,"column":3}},"18":{"start":{"line":96,"column":2},"end":{"line":129,"column":3}},"19":{"start":{"line":105,"column":18},"end":{"line":120,"column":21}},"20":{"start":{"line":110,"column":26},"end":{"line":116,"column":28}}},"fnMap":{"0":{"name":"(anonymous_0)","decl":{"start":{"line":34,"column":12},"end":{"line":34,"column":13}},"loc":{"start":{"line":34,"column":18},"end":{"line":130,"column":1}},"line":34},"1":{"name":"(anonymous_1)","decl":{"start":{"line":55,"column":13},"end":{"line":55,"column":14}},"loc":{"start":{"line":55,"column":50},"end":{"line":78,"column":5}},"line":55},"2":{"name":"(anonymous_2)","decl":{"start":{"line":80,"column":13},"end":{"line":80,"column":14}},"loc":{"start":{"line":80,"column":26},"end":{"line":86,"column":5}},"line":80},"3":{"name":"(anonymous_3)","decl":{"start":{"line":104,"column":24},"end":{"line":104,"column":25}},"loc":{"start":{"line":105,"column":18},"end":{"line":120,"column":21}},"line":105},"4":{"name":"(anonymous_4)","decl":{"start":{"line":109,"column":24},"end":{"line":109,"column":25}},"loc":{"start":{"line":110,"column":26},"end":{"line":116,"column":28}},"line":110}},"branchMap":{"0":{"loc":{"start":{"line":46,"column":2},"end":{"line":48,"column":3}},"type":"if","locations":[{"start":{"line":46,"column":2},"end":{"line":48,"column":3}},{"start":{"line":46,"column":2},"end":{"line":48,"column":3}}],"line":46},"1":{"loc":{"start":{"line":50,"column":2},"end":{"line":52,"column":3}},"type":"if","locations":[{"start":{"line":50,"column":2},"end":{"line":52,"column":3}},{"start":{"line":50,"column":2},"end":{"line":52,"column":3}}],"line":50},"2":{"loc":{"start":{"line":56,"column":6},"end":{"line":70,"column":7}},"type":"if","locations":[{"start":{"line":56,"column":6},"end":{"line":70,"column":7}},{"start":{"line":56,"column":6},"end":{"line":70,"column":7}}],"line":56},"3":{"loc":{"start":{"line":57,"column":8},"end":{"line":69,"column":9}},"type":"if","locations":[{"start":{"line":57,"column":8},"end":{"line":69,"column":9}},{"start":{"line":57,"column":8},"end":{"line":69,"column":9}}],"line":57},"4":{"loc":{"start":{"line":72,"column":6},"end":{"line":77,"column":7}},"type":"if","locations":[{"start":{"line":72,"column":6},"end":{"line":77,"column":7}},{"start":{"line":72,"column":6},"end":{"line":77,"column":7}}],"line":72},"5":{"loc":{"start":{"line":83,"column":25},"end":{"line":83,"column":52}},"type":"binary-expr","locations":[{"start":{"line":83,"column":25},"end":{"line":83,"column":46}},{"start":{"line":83,"column":50},"end":{"line":83,"column":52}}],"line":83},"6":{"loc":{"start":{"line":107,"column":21},"end":{"line":118,"column":23}},"type":"binary-expr","locations":[{"start":{"line":107,"column":21},"end":{"line":107,"column":38}},{"start":{"line":108,"column":22},"end":{"line":118,"column":23}}],"line":107}},"s":{"0":1,"1":1,"2":3,"3":3,"4":3,"5":3,"6":1,"7":2,"8":1,"9":2,"10":0,"11":0,"12":0,"13":0,"14":0,"15":0,"16":0,"17":2,"18":2,"19":0,"20":0},"f":{"0":3,"1":0,"2":0,"3":0,"4":0},"b":{"0":[1,2],"1":[1,1],"2":[0,0],"3":[0,0],"4":[0,0],"5":[0,0],"6":[0,0]},"_coverageSchema":"43e27e138ebf9cfc5966b082cf9a028302ed4184","hash":"bbff4d4e331601f649f458023c3ccd0581be5d51"}
,"/Users/sukesh/Documents/Natterbox/Code/portal-web-ui/portal-web/src/AppRoutes.tsx": {"path":"/Users/sukesh/Documents/Natterbox/Code/portal-web-ui/portal-web/src/AppRoutes.tsx","statementMap":{"0":{"start":{"line":16,"column":25},"end":{"line":39,"column":1}},"1":{"start":{"line":17,"column":19},"end":{"line":17,"column":32}},"2":{"start":{"line":18,"column":2},"end":{"line":21,"column":16}},"3":{"start":{"line":20,"column":4},"end":{"line":20,"column":17}},"4":{"start":{"line":23,"column":2},"end":{"line":38,"column":3}},"5":{"start":{"line":25,"column":49},"end":{"line":25,"column":64}},"6":{"start":{"line":26,"column":53},"end":{"line":26,"column":68}}},"fnMap":{"0":{"name":"(anonymous_0)","decl":{"start":{"line":16,"column":25},"end":{"line":16,"column":26}},"loc":{"start":{"line":16,"column":44},"end":{"line":39,"column":1}},"line":16},"1":{"name":"(anonymous_1)","decl":{"start":{"line":18,"column":12},"end":{"line":18,"column":13}},"loc":{"start":{"line":18,"column":18},"end":{"line":21,"column":3}},"line":18},"2":{"name":"(anonymous_2)","decl":{"start":{"line":25,"column":43},"end":{"line":25,"column":44}},"loc":{"start":{"line":25,"column":49},"end":{"line":25,"column":64}},"line":25},"3":{"name":"(anonymous_3)","decl":{"start":{"line":26,"column":47},"end":{"line":26,"column":48}},"loc":{"start":{"line":26,"column":53},"end":{"line":26,"column":68}},"line":26}},"branchMap":{},"s":{"0":1,"1":0,"2":0,"3":0,"4":0,"5":0,"6":0},"f":{"0":0,"1":0,"2":0,"3":0},"b":{},"_coverageSchema":"43e27e138ebf9cfc5966b082cf9a028302ed4184","hash":"67984afba97c39653d50df2de3f15cd0dd7c1da5"}
,"/Users/sukesh/Documents/Natterbox/Code/portal-web-ui/portal-web/src/common.types.ts": {"path":"/Users/sukesh/Documents/Natterbox/Code/portal-web-ui/portal-web/src/common.types.ts","statementMap":{},"fnMap":{},"branchMap":{},"s":{},"f":{},"b":{},"_coverageSchema":"43e27e138ebf9cfc5966b082cf9a028302ed4184","hash":"1cd407eb4c2dd69746c4201b1995e64523e3ec2c"}
,"/Users/sukesh/Documents/Natterbox/Code/portal-web-ui/portal-web/src/global.d.ts": {"path":"/Users/sukesh/Documents/Natterbox/Code/portal-web-ui/portal-web/src/global.d.ts","statementMap":{},"fnMap":{},"branchMap":{},"s":{},"f":{},"b":{},"hash":"6a7b46b694c0b641cf9170368384ad5c5e0bccd2"}
,"/Users/sukesh/Documents/Natterbox/Code/portal-web-ui/portal-web/src/index.tsx": {"path":"/Users/sukesh/Documents/Natterbox/Code/portal-web-ui/portal-web/src/index.tsx","statementMap":{"0":{"start":{"line":9,"column":31},"end":{"line":23,"column":1}},"1":{"start":{"line":10,"column":2},"end":{"line":13,"column":3}},"2":{"start":{"line":16,"column":4},"end":{"line":20,"column":32}},"3":{"start":{"line":22,"column":2},"end":{"line":22,"column":25}},"4":{"start":{"line":25,"column":0},"end":{"line":34,"column":1}}},"fnMap":{"0":{"name":"(anonymous_0)","decl":{"start":{"line":9,"column":31},"end":{"line":9,"column":32}},"loc":{"start":{"line":9,"column":73},"end":{"line":23,"column":1}},"line":9}},"branchMap":{"0":{"loc":{"start":{"line":16,"column":4},"end":{"line":20,"column":32}},"type":"cond-expr","locations":[{"start":{"line":19,"column":8},"end":{"line":19,"column":41}},{"start":{"line":20,"column":8},"end":{"line":20,"column":32}}],"line":16},"1":{"loc":{"start":{"line":16,"column":4},"end":{"line":18,"column":37}},"type":"binary-expr","locations":[{"start":{"line":16,"column":4},"end":{"line":16,"column":18}},{"start":{"line":17,"column":4},"end":{"line":17,"column":27}},{"start":{"line":18,"column":4},"end":{"line":18,"column":37}}],"line":16}},"s":{"0":0,"1":0,"2":0,"3":0,"4":0},"f":{"0":0},"b":{"0":[0,0],"1":[0,0,0]},"hash":"8f399815c8c72471cc0b08510534a4ceb8d15a4d"}
,"/Users/sukesh/Documents/Natterbox/Code/portal-web-ui/portal-web/src/react-app-env.d.ts": {"path":"/Users/sukesh/Documents/Natterbox/Code/portal-web-ui/portal-web/src/react-app-env.d.ts","statementMap":{},"fnMap":{},"branchMap":{},"s":{},"f":{},"b":{},"hash":"4c49f6753fdaec57ee3e19b1c83a31b329bdb45c"}
,"/Users/sukesh/Documents/Natterbox/Code/portal-web-ui/portal-web/src/assets/icons/account.svg": {"path":"/Users/sukesh/Documents/Natterbox/Code/portal-web-ui/portal-web/src/assets/icons/account.svg","statementMap":{"0":{"start":{"line":1,"column":14},"end":{"line":1,"column":30}},"1":{"start":{"line":2,"column":6},"end":{"line":16,"column":8}},"2":{"start":{"line":6,"column":10},"end":{"line":14,"column":12}}},"fnMap":{"0":{"name":"SvgAccount","decl":{"start":{"line":5,"column":50},"end":{"line":5,"column":60}},"loc":{"start":{"line":5,"column":73},"end":{"line":15,"column":9}},"line":5}},"branchMap":{},"s":{"0":11,"1":11,"2":0},"f":{"0":0},"b":{},"_coverageSchema":"43e27e138ebf9cfc5966b082cf9a028302ed4184","hash":"af0b951b27df217b4857981dedf141d8d129ce78"}
,"/Users/sukesh/Documents/Natterbox/Code/portal-web-ui/portal-web/src/assets/icons/beginning.svg": {"path":"/Users/sukesh/Documents/Natterbox/Code/portal-web-ui/portal-web/src/assets/icons/beginning.svg","statementMap":{"0":{"start":{"line":1,"column":14},"end":{"line":1,"column":30}},"1":{"start":{"line":2,"column":6},"end":{"line":16,"column":8}},"2":{"start":{"line":6,"column":10},"end":{"line":14,"column":12}}},"fnMap":{"0":{"name":"SvgBeginning","decl":{"start":{"line":5,"column":50},"end":{"line":5,"column":62}},"loc":{"start":{"line":5,"column":75},"end":{"line":15,"column":9}},"line":5}},"branchMap":{},"s":{"0":11,"1":11,"2":0},"f":{"0":0},"b":{},"_coverageSchema":"43e27e138ebf9cfc5966b082cf9a028302ed4184","hash":"549d532bd52beb2a19485a20dd8cb09925ccfc44"}
,"/Users/sukesh/Documents/Natterbox/Code/portal-web-ui/portal-web/src/assets/icons/checkBoxActive.svg": {"path":"/Users/sukesh/Documents/Natterbox/Code/portal-web-ui/portal-web/src/assets/icons/checkBoxActive.svg","statementMap":{"0":{"start":{"line":1,"column":14},"end":{"line":1,"column":30}},"1":{"start":{"line":2,"column":6},"end":{"line":16,"column":8}},"2":{"start":{"line":6,"column":10},"end":{"line":14,"column":12}}},"fnMap":{"0":{"name":"SvgCheckBoxActive","decl":{"start":{"line":5,"column":50},"end":{"line":5,"column":67}},"loc":{"start":{"line":5,"column":80},"end":{"line":15,"column":9}},"line":5}},"branchMap":{},"s":{"0":11,"1":11,"2":0},"f":{"0":0},"b":{},"_coverageSchema":"43e27e138ebf9cfc5966b082cf9a028302ed4184","hash":"e6590f69a7ad7b6980e4c756b4479bdd44e07b11"}
,"/Users/sukesh/Documents/Natterbox/Code/portal-web-ui/portal-web/src/assets/icons/delete.svg": {"path":"/Users/sukesh/Documents/Natterbox/Code/portal-web-ui/portal-web/src/assets/icons/delete.svg","statementMap":{"0":{"start":{"line":1,"column":14},"end":{"line":1,"column":30}},"1":{"start":{"line":2,"column":6},"end":{"line":16,"column":8}},"2":{"start":{"line":6,"column":10},"end":{"line":14,"column":12}}},"fnMap":{"0":{"name":"SvgDelete","decl":{"start":{"line":5,"column":50},"end":{"line":5,"column":59}},"loc":{"start":{"line":5,"column":72},"end":{"line":15,"column":9}},"line":5}},"branchMap":{},"s":{"0":11,"1":11,"2":0},"f":{"0":0},"b":{},"_coverageSchema":"43e27e138ebf9cfc5966b082cf9a028302ed4184","hash":"178303e8079b7fc300538bf5a455be4214c3b1b4"}
,"/Users/sukesh/Documents/Natterbox/Code/portal-web-ui/portal-web/src/assets/icons/down.svg": {"path":"/Users/sukesh/Documents/Natterbox/Code/portal-web-ui/portal-web/src/assets/icons/down.svg","statementMap":{"0":{"start":{"line":1,"column":14},"end":{"line":1,"column":30}},"1":{"start":{"line":2,"column":6},"end":{"line":16,"column":8}},"2":{"start":{"line":6,"column":10},"end":{"line":14,"column":12}}},"fnMap":{"0":{"name":"SvgDown","decl":{"start":{"line":5,"column":50},"end":{"line":5,"column":57}},"loc":{"start":{"line":5,"column":70},"end":{"line":15,"column":9}},"line":5}},"branchMap":{},"s":{"0":11,"1":11,"2":0},"f":{"0":0},"b":{},"_coverageSchema":"43e27e138ebf9cfc5966b082cf9a028302ed4184","hash":"de6dfe07b703d920a85b7ba1111213712756d060"}
,"/Users/sukesh/Documents/Natterbox/Code/portal-web-ui/portal-web/src/assets/icons/download.svg": {"path":"/Users/sukesh/Documents/Natterbox/Code/portal-web-ui/portal-web/src/assets/icons/download.svg","statementMap":{"0":{"start":{"line":1,"column":14},"end":{"line":1,"column":30}},"1":{"start":{"line":2,"column":6},"end":{"line":16,"column":8}},"2":{"start":{"line":6,"column":10},"end":{"line":14,"column":12}}},"fnMap":{"0":{"name":"SvgDownload","decl":{"start":{"line":5,"column":50},"end":{"line":5,"column":61}},"loc":{"start":{"line":5,"column":74},"end":{"line":15,"column":9}},"line":5}},"branchMap":{},"s":{"0":11,"1":11,"2":0},"f":{"0":0},"b":{},"_coverageSchema":"43e27e138ebf9cfc5966b082cf9a028302ed4184","hash":"d1518852444af9a0bb982b5d7a4dd0b947c817f5"}
,"/Users/sukesh/Documents/Natterbox/Code/portal-web-ui/portal-web/src/assets/icons/filterActive.svg": {"path":"/Users/sukesh/Documents/Natterbox/Code/portal-web-ui/portal-web/src/assets/icons/filterActive.svg","statementMap":{"0":{"start":{"line":1,"column":14},"end":{"line":1,"column":30}},"1":{"start":{"line":2,"column":6},"end":{"line":16,"column":8}},"2":{"start":{"line":6,"column":10},"end":{"line":14,"column":12}}},"fnMap":{"0":{"name":"SvgFilterActive","decl":{"start":{"line":5,"column":50},"end":{"line":5,"column":65}},"loc":{"start":{"line":5,"column":78},"end":{"line":15,"column":9}},"line":5}},"branchMap":{},"s":{"0":11,"1":11,"2":0},"f":{"0":0},"b":{},"_coverageSchema":"43e27e138ebf9cfc5966b082cf9a028302ed4184","hash":"878f3522c2c054b20250b1f58b741e041ad8524c"}
,"/Users/sukesh/Documents/Natterbox/Code/portal-web-ui/portal-web/src/assets/icons/filterInactive.svg": {"path":"/Users/sukesh/Documents/Natterbox/Code/portal-web-ui/portal-web/src/assets/icons/filterInactive.svg","statementMap":{"0":{"start":{"line":1,"column":14},"end":{"line":1,"column":30}},"1":{"start":{"line":2,"column":6},"end":{"line":16,"column":8}},"2":{"start":{"line":6,"column":10},"end":{"line":14,"column":12}}},"fnMap":{"0":{"name":"SvgFilterInactive","decl":{"start":{"line":5,"column":50},"end":{"line":5,"column":67}},"loc":{"start":{"line":5,"column":80},"end":{"line":15,"column":9}},"line":5}},"branchMap":{},"s":{"0":11,"1":11,"2":0},"f":{"0":0},"b":{},"_coverageSchema":"43e27e138ebf9cfc5966b082cf9a028302ed4184","hash":"b82c8a4379289096a6b0236607adc44591636c7f"}
,"/Users/sukesh/Documents/Natterbox/Code/portal-web-ui/portal-web/src/assets/icons/logout.svg": {"path":"/Users/sukesh/Documents/Natterbox/Code/portal-web-ui/portal-web/src/assets/icons/logout.svg","statementMap":{"0":{"start":{"line":1,"column":14},"end":{"line":1,"column":30}},"1":{"start":{"line":2,"column":6},"end":{"line":16,"column":8}},"2":{"start":{"line":6,"column":10},"end":{"line":14,"column":12}}},"fnMap":{"0":{"name":"SvgLogout","decl":{"start":{"line":5,"column":50},"end":{"line":5,"column":59}},"loc":{"start":{"line":5,"column":72},"end":{"line":15,"column":9}},"line":5}},"branchMap":{},"s":{"0":11,"1":11,"2":0},"f":{"0":0},"b":{},"_coverageSchema":"43e27e138ebf9cfc5966b082cf9a028302ed4184","hash":"397920eb831c1288e1cd0cccac53f7a43b434d46"}
,"/Users/sukesh/Documents/Natterbox/Code/portal-web-ui/portal-web/src/assets/icons/paused.svg": {"path":"/Users/sukesh/Documents/Natterbox/Code/portal-web-ui/portal-web/src/assets/icons/paused.svg","statementMap":{"0":{"start":{"line":1,"column":14},"end":{"line":1,"column":30}},"1":{"start":{"line":2,"column":6},"end":{"line":16,"column":8}},"2":{"start":{"line":6,"column":10},"end":{"line":14,"column":12}}},"fnMap":{"0":{"name":"SvgPaused","decl":{"start":{"line":5,"column":50},"end":{"line":5,"column":59}},"loc":{"start":{"line":5,"column":72},"end":{"line":15,"column":9}},"line":5}},"branchMap":{},"s":{"0":11,"1":11,"2":0},"f":{"0":0},"b":{},"_coverageSchema":"43e27e138ebf9cfc5966b082cf9a028302ed4184","hash":"84d1035bda9745cc4ef8dcf36cba8b6e55146c19"}
,"/Users/sukesh/Documents/Natterbox/Code/portal-web-ui/portal-web/src/assets/icons/playback-backward.svg": {"path":"/Users/sukesh/Documents/Natterbox/Code/portal-web-ui/portal-web/src/assets/icons/playback-backward.svg","statementMap":{"0":{"start":{"line":1,"column":14},"end":{"line":1,"column":30}},"1":{"start":{"line":2,"column":6},"end":{"line":16,"column":8}},"2":{"start":{"line":6,"column":10},"end":{"line":14,"column":12}}},"fnMap":{"0":{"name":"SvgPlaybackBackward","decl":{"start":{"line":5,"column":50},"end":{"line":5,"column":69}},"loc":{"start":{"line":5,"column":82},"end":{"line":15,"column":9}},"line":5}},"branchMap":{},"s":{"0":11,"1":11,"2":0},"f":{"0":0},"b":{},"_coverageSchema":"43e27e138ebf9cfc5966b082cf9a028302ed4184","hash":"eb9e19557a71464e3278b02eb9e4bb2b0ae9c3a5"}
,"/Users/sukesh/Documents/Natterbox/Code/portal-web-ui/portal-web/src/assets/icons/playback-forward.svg": {"path":"/Users/sukesh/Documents/Natterbox/Code/portal-web-ui/portal-web/src/assets/icons/playback-forward.svg","statementMap":{"0":{"start":{"line":1,"column":14},"end":{"line":1,"column":30}},"1":{"start":{"line":2,"column":6},"end":{"line":16,"column":8}},"2":{"start":{"line":6,"column":10},"end":{"line":14,"column":12}}},"fnMap":{"0":{"name":"SvgPlaybackForward","decl":{"start":{"line":5,"column":50},"end":{"line":5,"column":68}},"loc":{"start":{"line":5,"column":81},"end":{"line":15,"column":9}},"line":5}},"branchMap":{},"s":{"0":11,"1":11,"2":0},"f":{"0":0},"b":{},"_coverageSchema":"43e27e138ebf9cfc5966b082cf9a028302ed4184","hash":"0b2d0f20eef00d1321af6d2b9ba05852555b5d4f"}
,"/Users/sukesh/Documents/Natterbox/Code/portal-web-ui/portal-web/src/assets/icons/plus.svg": {"path":"/Users/sukesh/Documents/Natterbox/Code/portal-web-ui/portal-web/src/assets/icons/plus.svg","statementMap":{"0":{"start":{"line":1,"column":14},"end":{"line":1,"column":30}},"1":{"start":{"line":2,"column":6},"end":{"line":16,"column":8}},"2":{"start":{"line":6,"column":10},"end":{"line":14,"column":12}}},"fnMap":{"0":{"name":"SvgPlus","decl":{"start":{"line":5,"column":50},"end":{"line":5,"column":57}},"loc":{"start":{"line":5,"column":70},"end":{"line":15,"column":9}},"line":5}},"branchMap":{},"s":{"0":11,"1":11,"2":0},"f":{"0":0},"b":{},"_coverageSchema":"43e27e138ebf9cfc5966b082cf9a028302ed4184","hash":"981d4b1237096b09ab0b2755a78d690b8de71dfe"}
,"/Users/sukesh/Documents/Natterbox/Code/portal-web-ui/portal-web/src/assets/icons/search.svg": {"path":"/Users/sukesh/Documents/Natterbox/Code/portal-web-ui/portal-web/src/assets/icons/search.svg","statementMap":{"0":{"start":{"line":1,"column":14},"end":{"line":1,"column":30}},"1":{"start":{"line":2,"column":6},"end":{"line":16,"column":8}},"2":{"start":{"line":6,"column":10},"end":{"line":14,"column":12}}},"fnMap":{"0":{"name":"SvgSearch","decl":{"start":{"line":5,"column":50},"end":{"line":5,"column":59}},"loc":{"start":{"line":5,"column":72},"end":{"line":15,"column":9}},"line":5}},"branchMap":{},"s":{"0":11,"1":11,"2":0},"f":{"0":0},"b":{},"_coverageSchema":"43e27e138ebf9cfc5966b082cf9a028302ed4184","hash":"d06100a891d21aa21f6945936784bd364ac592b3"}
,"/Users/sukesh/Documents/Natterbox/Code/portal-web-ui/portal-web/src/assets/icons/settings.svg": {"path":"/Users/sukesh/Documents/Natterbox/Code/portal-web-ui/portal-web/src/assets/icons/settings.svg","statementMap":{"0":{"start":{"line":1,"column":14},"end":{"line":1,"column":30}},"1":{"start":{"line":2,"column":6},"end":{"line":16,"column":8}},"2":{"start":{"line":6,"column":10},"end":{"line":14,"column":12}}},"fnMap":{"0":{"name":"SvgSettings","decl":{"start":{"line":5,"column":50},"end":{"line":5,"column":61}},"loc":{"start":{"line":5,"column":74},"end":{"line":15,"column":9}},"line":5}},"branchMap":{},"s":{"0":11,"1":11,"2":0},"f":{"0":0},"b":{},"_coverageSchema":"43e27e138ebf9cfc5966b082cf9a028302ed4184","hash":"083019ca3faac144152aaee0d6c4544df9fa9580"}
,"/Users/sukesh/Documents/Natterbox/Code/portal-web-ui/portal-web/src/assets/icons/zoom-in.svg": {"path":"/Users/sukesh/Documents/Natterbox/Code/portal-web-ui/portal-web/src/assets/icons/zoom-in.svg","statementMap":{"0":{"start":{"line":1,"column":14},"end":{"line":1,"column":30}},"1":{"start":{"line":2,"column":6},"end":{"line":16,"column":8}},"2":{"start":{"line":6,"column":10},"end":{"line":14,"column":12}}},"fnMap":{"0":{"name":"SvgZoomIn","decl":{"start":{"line":5,"column":50},"end":{"line":5,"column":59}},"loc":{"start":{"line":5,"column":72},"end":{"line":15,"column":9}},"line":5}},"branchMap":{},"s":{"0":11,"1":11,"2":0},"f":{"0":0},"b":{},"_coverageSchema":"43e27e138ebf9cfc5966b082cf9a028302ed4184","hash":"2cbd251903a307e78f8d806f4fa3de292e5641f7"}
,"/Users/sukesh/Documents/Natterbox/Code/portal-web-ui/portal-web/src/assets/icons/zoom-out.svg": {"path":"/Users/sukesh/Documents/Natterbox/Code/portal-web-ui/portal-web/src/assets/icons/zoom-out.svg","statementMap":{"0":{"start":{"line":1,"column":14},"end":{"line":1,"column":30}},"1":{"start":{"line":2,"column":6},"end":{"line":16,"column":8}},"2":{"start":{"line":6,"column":10},"end":{"line":14,"column":12}}},"fnMap":{"0":{"name":"SvgZoomOut","decl":{"start":{"line":5,"column":50},"end":{"line":5,"column":60}},"loc":{"start":{"line":5,"column":73},"end":{"line":15,"column":9}},"line":5}},"branchMap":{},"s":{"0":11,"1":11,"2":0},"f":{"0":0},"b":{},"_coverageSchema":"43e27e138ebf9cfc5966b082cf9a028302ed4184","hash":"3e99863fb4989a7597d6e84ac675dba6b591f8ad"}
,"/Users/sukesh/Documents/Natterbox/Code/portal-web-ui/portal-web/src/components/AccountSettings/components/Accounts/Accounts.tsx": {"path":"/Users/sukesh/Documents/Natterbox/Code/portal-web-ui/portal-web/src/components/AccountSettings/components/Accounts/Accounts.tsx","statementMap":{"0":{"start":{"line":16,"column":23},"end":{"line":20,"column":1}},"1":{"start":{"line":22,"column":19},"end":{"line":25,"column":1}},"2":{"start":{"line":27,"column":24},"end":{"line":53,"column":1}},"3":{"start":{"line":28,"column":42},"end":{"line":28,"column":74}},"4":{"start":{"line":30,"column":23},"end":{"line":30,"column":67}},"5":{"start":{"line":30,"column":32},"end":{"line":30,"column":67}},"6":{"start":{"line":32,"column":2},"end":{"line":52,"column":3}},"7":{"start":{"line":45,"column":14},"end":{"line":45,"column":68}}},"fnMap":{"0":{"name":"(anonymous_0)","decl":{"start":{"line":27,"column":24},"end":{"line":27,"column":25}},"loc":{"start":{"line":27,"column":30},"end":{"line":53,"column":1}},"line":27},"1":{"name":"(anonymous_1)","decl":{"start":{"line":30,"column":23},"end":{"line":30,"column":24}},"loc":{"start":{"line":30,"column":32},"end":{"line":30,"column":67}},"line":30},"2":{"name":"(anonymous_2)","decl":{"start":{"line":44,"column":45},"end":{"line":44,"column":46}},"loc":{"start":{"line":45,"column":14},"end":{"line":45,"column":68}},"line":45}},"branchMap":{},"s":{"0":0,"1":0,"2":0,"3":0,"4":0,"5":0,"6":0,"7":0},"f":{"0":0,"1":0,"2":0},"b":{},"hash":"1c6c6fbb6bead20ab7a4efb164802514fb592c11"}
,"/Users/sukesh/Documents/Natterbox/Code/portal-web-ui/portal-web/src/components/AccountSettings/components/Accounts/Accounts.type.ts": {"path":"/Users/sukesh/Documents/Natterbox/Code/portal-web-ui/portal-web/src/components/AccountSettings/components/Accounts/Accounts.type.ts","statementMap":{},"fnMap":{},"branchMap":{},"s":{},"f":{},"b":{},"hash":"8e4387f555c3d201000e7cabf206cee2b3a8d135"}
,"/Users/sukesh/Documents/Natterbox/Code/portal-web-ui/portal-web/src/components/AccountSettings/components/Accounts/components/AllSettings/AllSettings.tsx": {"path":"/Users/sukesh/Documents/Natterbox/Code/portal-web-ui/portal-web/src/components/AccountSettings/components/Accounts/components/AllSettings/AllSettings.tsx","statementMap":{"0":{"start":{"line":8,"column":27},"end":{"line":36,"column":1}},"1":{"start":{"line":9,"column":38},"end":{"line":9,"column":53}},"2":{"start":{"line":10,"column":59},"end":{"line":12,"column":3}},"3":{"start":{"line":14,"column":2},"end":{"line":35,"column":3}},"4":{"start":{"line":21,"column":29},"end":{"line":21,"column":48}}},"fnMap":{"0":{"name":"(anonymous_0)","decl":{"start":{"line":8,"column":27},"end":{"line":8,"column":28}},"loc":{"start":{"line":8,"column":33},"end":{"line":36,"column":1}},"line":8},"1":{"name":"(anonymous_1)","decl":{"start":{"line":21,"column":23},"end":{"line":21,"column":24}},"loc":{"start":{"line":21,"column":29},"end":{"line":21,"column":48}},"line":21}},"branchMap":{"0":{"loc":{"start":{"line":16,"column":7},"end":{"line":16,"column":69}},"type":"binary-expr","locations":[{"start":{"line":16,"column":7},"end":{"line":16,"column":14}},{"start":{"line":16,"column":18},"end":{"line":16,"column":69}}],"line":16},"1":{"loc":{"start":{"line":17,"column":7},"end":{"line":23,"column":7}},"type":"binary-expr","locations":[{"start":{"line":17,"column":7},"end":{"line":17,"column":12}},{"start":{"line":18,"column":8},"end":{"line":22,"column":10}}],"line":17},"2":{"loc":{"start":{"line":20,"column":16},"end":{"line":20,"column":37}},"type":"binary-expr","locations":[{"start":{"line":20,"column":16},"end":{"line":20,"column":22}},{"start":{"line":20,"column":26},"end":{"line":20,"column":37}}],"line":20},"3":{"loc":{"start":{"line":24,"column":7},"end":{"line":33,"column":7}},"type":"binary-expr","locations":[{"start":{"line":24,"column":7},"end":{"line":24,"column":15}},{"start":{"line":24,"column":19},"end":{"line":24,"column":25}},{"start":{"line":25,"column":8},"end":{"line":32,"column":11}}],"line":24}},"s":{"0":0,"1":0,"2":0,"3":0,"4":0},"f":{"0":0,"1":0},"b":{"0":[0,0],"1":[0,0],"2":[0,0],"3":[0,0,0]},"hash":"1ff15fabe9b27f8f3bdaf3452c522c568109c8d0"}
,"/Users/sukesh/Documents/Natterbox/Code/portal-web-ui/portal-web/src/components/AccountSettings/components/Accounts/components/AllSettings/AllSettingsQueries.ts": {"path":"/Users/sukesh/Documents/Natterbox/Code/portal-web-ui/portal-web/src/components/AccountSettings/components/Accounts/components/AllSettings/AllSettingsQueries.ts","statementMap":{"0":{"start":{"line":3,"column":36},"end":{"line":30,"column":1}},"1":{"start":{"line":32,"column":38},"end":{"line":43,"column":1}},"2":{"start":{"line":45,"column":38},"end":{"line":56,"column":1}},"3":{"start":{"line":58,"column":39},"end":{"line":73,"column":1}}},"fnMap":{},"branchMap":{},"s":{"0":1,"1":1,"2":1,"3":1},"f":{},"b":{},"_coverageSchema":"43e27e138ebf9cfc5966b082cf9a028302ed4184","hash":"8ecc57f6baded568b46a2bc7b7ce8945eb258b19"}
,"/Users/sukesh/Documents/Natterbox/Code/portal-web-ui/portal-web/src/components/AccountSettings/components/Accounts/components/AllSettings/components/GeneralSettings/GeneralSettings.tsx": {"path":"/Users/sukesh/Documents/Natterbox/Code/portal-web-ui/portal-web/src/components/AccountSettings/components/Accounts/components/AllSettings/components/GeneralSettings/GeneralSettings.tsx","statementMap":{"0":{"start":{"line":32,"column":51},"end":{"line":258,"column":1}},"1":{"start":{"line":35,"column":34},"end":{"line":43,"column":4}},"2":{"start":{"line":37,"column":6},"end":{"line":41,"column":7}},"3":{"start":{"line":45,"column":28},"end":{"line":49,"column":4}},"4":{"start":{"line":51,"column":27},"end":{"line":51,"column":62}},"5":{"start":{"line":64,"column":6},"end":{"line":64,"column":27}},"6":{"start":{"line":66,"column":2},"end":{"line":257,"column":3}},"7":{"start":{"line":71,"column":24},"end":{"line":71,"column":64}},"8":{"start":{"line":84,"column":16},"end":{"line":84,"column":27}},"9":{"start":{"line":85,"column":16},"end":{"line":85,"column":55}},"10":{"start":{"line":104,"column":16},"end":{"line":104,"column":27}},"11":{"start":{"line":105,"column":16},"end":{"line":105,"column":55}},"12":{"start":{"line":121,"column":16},"end":{"line":121,"column":27}},"13":{"start":{"line":122,"column":16},"end":{"line":122,"column":55}},"14":{"start":{"line":139,"column":16},"end":{"line":139,"column":27}},"15":{"start":{"line":140,"column":16},"end":{"line":140,"column":55}},"16":{"start":{"line":157,"column":16},"end":{"line":157,"column":27}},"17":{"start":{"line":158,"column":16},"end":{"line":158,"column":55}},"18":{"start":{"line":177,"column":16},"end":{"line":177,"column":27}},"19":{"start":{"line":178,"column":16},"end":{"line":178,"column":55}},"20":{"start":{"line":196,"column":20},"end":{"line":196,"column":31}},"21":{"start":{"line":197,"column":20},"end":{"line":197,"column":59}},"22":{"start":{"line":212,"column":33},"end":{"line":212,"column":72}},"23":{"start":{"line":226,"column":33},"end":{"line":226,"column":72}}},"fnMap":{"0":{"name":"(anonymous_0)","decl":{"start":{"line":32,"column":51},"end":{"line":32,"column":52}},"loc":{"start":{"line":34,"column":16},"end":{"line":258,"column":1}},"line":34},"1":{"name":"(anonymous_1)","decl":{"start":{"line":36,"column":4},"end":{"line":36,"column":5}},"loc":{"start":{"line":36,"column":22},"end":{"line":42,"column":5}},"line":36},"2":{"name":"(anonymous_2)","decl":{"start":{"line":71,"column":18},"end":{"line":71,"column":19}},"loc":{"start":{"line":71,"column":24},"end":{"line":71,"column":64}},"line":71},"3":{"name":"(anonymous_3)","decl":{"start":{"line":83,"column":24},"end":{"line":83,"column":25}},"loc":{"start":{"line":83,"column":68},"end":{"line":86,"column":15}},"line":83},"4":{"name":"(anonymous_4)","decl":{"start":{"line":103,"column":24},"end":{"line":103,"column":25}},"loc":{"start":{"line":103,"column":68},"end":{"line":106,"column":15}},"line":103},"5":{"name":"(anonymous_5)","decl":{"start":{"line":120,"column":24},"end":{"line":120,"column":25}},"loc":{"start":{"line":120,"column":68},"end":{"line":123,"column":15}},"line":120},"6":{"name":"(anonymous_6)","decl":{"start":{"line":138,"column":24},"end":{"line":138,"column":25}},"loc":{"start":{"line":138,"column":68},"end":{"line":141,"column":15}},"line":138},"7":{"name":"(anonymous_7)","decl":{"start":{"line":156,"column":24},"end":{"line":156,"column":25}},"loc":{"start":{"line":156,"column":68},"end":{"line":159,"column":15}},"line":156},"8":{"name":"(anonymous_8)","decl":{"start":{"line":176,"column":24},"end":{"line":176,"column":25}},"loc":{"start":{"line":176,"column":68},"end":{"line":179,"column":15}},"line":176},"9":{"name":"(anonymous_9)","decl":{"start":{"line":195,"column":28},"end":{"line":195,"column":29}},"loc":{"start":{"line":195,"column":72},"end":{"line":198,"column":19}},"line":195},"10":{"name":"(anonymous_10)","decl":{"start":{"line":212,"column":28},"end":{"line":212,"column":29}},"loc":{"start":{"line":212,"column":33},"end":{"line":212,"column":72}},"line":212},"11":{"name":"(anonymous_11)","decl":{"start":{"line":226,"column":28},"end":{"line":226,"column":29}},"loc":{"start":{"line":226,"column":33},"end":{"line":226,"column":72}},"line":226}},"branchMap":{"0":{"loc":{"start":{"line":81,"column":21},"end":{"line":81,"column":44}},"type":"cond-expr","locations":[{"start":{"line":81,"column":35},"end":{"line":81,"column":37}},{"start":{"line":81,"column":40},"end":{"line":81,"column":44}}],"line":81},"1":{"loc":{"start":{"line":101,"column":21},"end":{"line":101,"column":46}},"type":"cond-expr","locations":[{"start":{"line":101,"column":36},"end":{"line":101,"column":38}},{"start":{"line":101,"column":41},"end":{"line":101,"column":46}}],"line":101},"2":{"loc":{"start":{"line":119,"column":21},"end":{"line":119,"column":52}},"type":"cond-expr","locations":[{"start":{"line":119,"column":39},"end":{"line":119,"column":41}},{"start":{"line":119,"column":44},"end":{"line":119,"column":52}}],"line":119},"3":{"loc":{"start":{"line":142,"column":21},"end":{"line":142,"column":56}},"type":"cond-expr","locations":[{"start":{"line":142,"column":41},"end":{"line":142,"column":43}},{"start":{"line":142,"column":46},"end":{"line":142,"column":56}}],"line":142},"4":{"loc":{"start":{"line":160,"column":21},"end":{"line":160,"column":62}},"type":"cond-expr","locations":[{"start":{"line":160,"column":44},"end":{"line":160,"column":46}},{"start":{"line":160,"column":49},"end":{"line":160,"column":62}}],"line":160},"5":{"loc":{"start":{"line":180,"column":21},"end":{"line":180,"column":74}},"type":"cond-expr","locations":[{"start":{"line":180,"column":50},"end":{"line":180,"column":52}},{"start":{"line":180,"column":55},"end":{"line":180,"column":74}}],"line":180}},"s":{"0":0,"1":0,"2":0,"3":0,"4":0,"5":0,"6":0,"7":0,"8":0,"9":0,"10":0,"11":0,"12":0,"13":0,"14":0,"15":0,"16":0,"17":0,"18":0,"19":0,"20":0,"21":0,"22":0,"23":0},"f":{"0":0,"1":0,"2":0,"3":0,"4":0,"5":0,"6":0,"7":0,"8":0,"9":0,"10":0,"11":0},"b":{"0":[0,0],"1":[0,0],"2":[0,0],"3":[0,0],"4":[0,0],"5":[0,0]},"hash":"22f28f5de814bf0dfa8e2bb12834a89cd917e52e"}
,"/Users/sukesh/Documents/Natterbox/Code/portal-web-ui/portal-web/src/components/AccountSettings/components/Accounts/components/AllSettings/components/GeneralSettings/GeneralSettings.type.ts": {"path":"/Users/sukesh/Documents/Natterbox/Code/portal-web-ui/portal-web/src/components/AccountSettings/components/Accounts/components/AllSettings/components/GeneralSettings/GeneralSettings.type.ts","statementMap":{},"fnMap":{},"branchMap":{},"s":{},"f":{},"b":{},"hash":"ac20153a1e48777ccc7367117d8df18cfdd6c43a"}
,"/Users/sukesh/Documents/Natterbox/Code/portal-web-ui/portal-web/src/components/AccountSettings/components/Accounts/components/AllSettings/components/GeneralSettings/GeneralSettingsActions.ts": {"path":"/Users/sukesh/Documents/Natterbox/Code/portal-web-ui/portal-web/src/components/AccountSettings/components/Accounts/components/AllSettings/components/GeneralSettings/GeneralSettingsActions.ts","statementMap":{"0":{"start":{"line":5,"column":23},"end":{"line":10,"column":1}},"1":{"start":{"line":12,"column":34},"end":{"line":14,"column":1}},"2":{"start":{"line":16,"column":29},"end":{"line":16,"column":73}},"3":{"start":{"line":18,"column":29},"end":{"line":18,"column":64}},"4":{"start":{"line":20,"column":27},"end":{"line":22,"column":1}}},"fnMap":{},"branchMap":{},"s":{"0":0,"1":0,"2":0,"3":0,"4":0},"f":{},"b":{},"hash":"f20388a2c50943252c70d373689776133ce5a5f4"}
,"/Users/sukesh/Documents/Natterbox/Code/portal-web-ui/portal-web/src/components/AccountSettings/components/Accounts/components/AllSettings/components/GeneralSettings/GeneralSettingsMiddleware.ts": {"path":"/Users/sukesh/Documents/Natterbox/Code/portal-web-ui/portal-web/src/components/AccountSettings/components/Accounts/components/AllSettings/components/GeneralSettings/GeneralSettingsMiddleware.ts","statementMap":{"0":{"start":{"line":11,"column":41},"end":{"line":70,"column":1}},"1":{"start":{"line":11,"column":65},"end":{"line":70,"column":1}},"2":{"start":{"line":15,"column":25},"end":{"line":17,"column":3}},"3":{"start":{"line":19,"column":2},"end":{"line":67,"column":3}},"4":{"start":{"line":21,"column":6},"end":{"line":30,"column":24}},"5":{"start":{"line":31,"column":6},"end":{"line":31,"column":11}},"6":{"start":{"line":33,"column":6},"end":{"line":63,"column":7}},"7":{"start":{"line":34,"column":8},"end":{"line":58,"column":9}},"8":{"start":{"line":36,"column":12},"end":{"line":40,"column":13}},"9":{"start":{"line":41,"column":12},"end":{"line":41,"column":17}},"10":{"start":{"line":43,"column":12},"end":{"line":47,"column":13}},"11":{"start":{"line":48,"column":12},"end":{"line":48,"column":17}},"12":{"start":{"line":50,"column":12},"end":{"line":54,"column":13}},"13":{"start":{"line":55,"column":12},"end":{"line":55,"column":17}},"14":{"start":{"line":57,"column":12},"end":{"line":57,"column":17}},"15":{"start":{"line":60,"column":8},"end":{"line":62,"column":9}},"16":{"start":{"line":64,"column":6},"end":{"line":64,"column":11}},"17":{"start":{"line":66,"column":6},"end":{"line":66,"column":11}},"18":{"start":{"line":69,"column":2},"end":{"line":69,"column":26}}},"fnMap":{"0":{"name":"(anonymous_0)","decl":{"start":{"line":11,"column":41},"end":{"line":11,"column":42}},"loc":{"start":{"line":11,"column":65},"end":{"line":70,"column":1}},"line":11},"1":{"name":"(anonymous_1)","decl":{"start":{"line":11,"column":65},"end":{"line":11,"column":66}},"loc":{"start":{"line":14,"column":5},"end":{"line":70,"column":1}},"line":14},"2":{"name":"(anonymous_2)","decl":{"start":{"line":30,"column":15},"end":{"line":30,"column":16}},"loc":{"start":{"line":30,"column":21},"end":{"line":30,"column":23}},"line":30}},"branchMap":{"0":{"loc":{"start":{"line":19,"column":2},"end":{"line":67,"column":3}},"type":"switch","locations":[{"start":{"line":20,"column":4},"end":{"line":31,"column":11}},{"start":{"line":32,"column":4},"end":{"line":64,"column":11}},{"start":{"line":65,"column":4},"end":{"line":66,"column":11}}],"line":19},"1":{"loc":{"start":{"line":33,"column":6},"end":{"line":63,"column":7}},"type":"if","locations":[{"start":{"line":33,"column":6},"end":{"line":63,"column":7}},{"start":{"line":33,"column":6},"end":{"line":63,"column":7}}],"line":33},"2":{"loc":{"start":{"line":34,"column":8},"end":{"line":58,"column":9}},"type":"switch","locations":[{"start":{"line":35,"column":10},"end":{"line":41,"column":17}},{"start":{"line":42,"column":10},"end":{"line":48,"column":17}},{"start":{"line":49,"column":10},"end":{"line":55,"column":17}},{"start":{"line":56,"column":10},"end":{"line":57,"column":17}}],"line":34},"3":{"loc":{"start":{"line":37,"column":44},"end":{"line":39,"column":40}},"type":"cond-expr","locations":[{"start":{"line":38,"column":18},"end":{"line":38,"column":41}},{"start":{"line":39,"column":18},"end":{"line":39,"column":40}}],"line":37},"4":{"loc":{"start":{"line":44,"column":44},"end":{"line":46,"column":34}},"type":"cond-expr","locations":[{"start":{"line":45,"column":18},"end":{"line":45,"column":35}},{"start":{"line":46,"column":18},"end":{"line":46,"column":34}}],"line":44},"5":{"loc":{"start":{"line":51,"column":44},"end":{"line":53,"column":40}},"type":"cond-expr","locations":[{"start":{"line":52,"column":18},"end":{"line":52,"column":41}},{"start":{"line":53,"column":18},"end":{"line":53,"column":40}}],"line":51}},"s":{"0":0,"1":0,"2":0,"3":0,"4":0,"5":0,"6":0,"7":0,"8":0,"9":0,"10":0,"11":0,"12":0,"13":0,"14":0,"15":0,"16":0,"17":0,"18":0},"f":{"0":0,"1":0,"2":0},"b":{"0":[0,0,0],"1":[0,0],"2":[0,0,0,0],"3":[0,0],"4":[0,0],"5":[0,0]},"hash":"2f215da877eaf80f5dd41179e7687d1dd0aba9db"}
,"/Users/sukesh/Documents/Natterbox/Code/portal-web-ui/portal-web/src/components/AccountSettings/components/Accounts/components/AllSettings/components/GeneralSettings/GeneralSettingsReducer.ts": {"path":"/Users/sukesh/Documents/Natterbox/Code/portal-web-ui/portal-web/src/components/AccountSettings/components/Accounts/components/AllSettings/components/GeneralSettings/GeneralSettingsReducer.ts","statementMap":{"0":{"start":{"line":11,"column":69},"end":{"line":26,"column":1}},"1":{"start":{"line":28,"column":38},"end":{"line":54,"column":1}},"2":{"start":{"line":31,"column":4},"end":{"line":53,"column":8}},"3":{"start":{"line":32,"column":50},"end":{"line":35,"column":7}},"4":{"start":{"line":36,"column":55},"end":{"line":39,"column":7}},"5":{"start":{"line":41,"column":8},"end":{"line":43,"column":9}},"6":{"start":{"line":46,"column":8},"end":{"line":52,"column":9}}},"fnMap":{"0":{"name":"(anonymous_0)","decl":{"start":{"line":30,"column":2},"end":{"line":30,"column":3}},"loc":{"start":{"line":31,"column":4},"end":{"line":53,"column":8}},"line":31},"1":{"name":"(anonymous_1)","decl":{"start":{"line":32,"column":30},"end":{"line":32,"column":31}},"loc":{"start":{"line":32,"column":50},"end":{"line":35,"column":7}},"line":32},"2":{"name":"(anonymous_2)","decl":{"start":{"line":36,"column":35},"end":{"line":36,"column":36}},"loc":{"start":{"line":36,"column":55},"end":{"line":39,"column":7}},"line":36},"3":{"name":"(anonymous_3)","decl":{"start":{"line":40,"column":30},"end":{"line":40,"column":31}},"loc":{"start":{"line":40,"column":39},"end":{"line":44,"column":7}},"line":40},"4":{"name":"(anonymous_4)","decl":{"start":{"line":45,"column":28},"end":{"line":45,"column":29}},"loc":{"start":{"line":45,"column":47},"end":{"line":53,"column":7}},"line":45}},"branchMap":{},"s":{"0":0,"1":0,"2":0,"3":0,"4":0,"5":0,"6":0},"f":{"0":0,"1":0,"2":0,"3":0,"4":0},"b":{},"hash":"7d6059b62f6d67549bf9c7c1daffb1fb107f3cbc"}
,"/Users/sukesh/Documents/Natterbox/Code/portal-web-ui/portal-web/src/components/AccountSettings/components/Accounts/components/AllSettings/components/Locale/Locale.tsx": {"path":"/Users/sukesh/Documents/Natterbox/Code/portal-web-ui/portal-web/src/components/AccountSettings/components/Accounts/components/AllSettings/components/Locale/Locale.tsx","statementMap":{"0":{"start":{"line":38,"column":23},"end":{"line":56,"column":1}},"1":{"start":{"line":39,"column":2},"end":{"line":55,"column":3}},"2":{"start":{"line":41,"column":6},"end":{"line":43,"column":8}},"3":{"start":{"line":42,"column":8},"end":{"line":42,"column":57}},"4":{"start":{"line":45,"column":6},"end":{"line":47,"column":72}},"5":{"start":{"line":46,"column":25},"end":{"line":46,"column":47}},"6":{"start":{"line":47,"column":21},"end":{"line":47,"column":71}},"7":{"start":{"line":49,"column":6},"end":{"line":51,"column":8}},"8":{"start":{"line":50,"column":8},"end":{"line":50,"column":74}},"9":{"start":{"line":54,"column":6},"end":{"line":54,"column":32}},"10":{"start":{"line":58,"column":15},"end":{"line":62,"column":1}},"11":{"start":{"line":64,"column":42},"end":{"line":360,"column":1}},"12":{"start":{"line":69,"column":46},"end":{"line":75,"column":4}},"13":{"start":{"line":77,"column":36},"end":{"line":85,"column":4}},"14":{"start":{"line":87,"column":27},"end":{"line":95,"column":3}},"15":{"start":{"line":88,"column":4},"end":{"line":88,"column":21}},"16":{"start":{"line":89,"column":4},"end":{"line":94,"column":6}},"17":{"start":{"line":97,"column":55},"end":{"line":105,"column":3}},"18":{"start":{"line":101,"column":28},"end":{"line":101,"column":45}},"19":{"start":{"line":102,"column":8},"end":{"line":102,"column":33}},"20":{"start":{"line":107,"column":55},"end":{"line":115,"column":3}},"21":{"start":{"line":111,"column":28},"end":{"line":111,"column":45}},"22":{"start":{"line":112,"column":8},"end":{"line":112,"column":33}},"23":{"start":{"line":117,"column":20},"end":{"line":125,"column":3}},"24":{"start":{"line":118,"column":4},"end":{"line":124,"column":6}},"25":{"start":{"line":127,"column":2},"end":{"line":129,"column":17}},"26":{"start":{"line":128,"column":4},"end":{"line":128,"column":15}},"27":{"start":{"line":131,"column":22},"end":{"line":143,"column":3}},"28":{"start":{"line":131,"column":45},"end":{"line":143,"column":3}},"29":{"start":{"line":132,"column":4},"end":{"line":142,"column":5}},"30":{"start":{"line":133,"column":6},"end":{"line":136,"column":8}},"31":{"start":{"line":138,"column":6},"end":{"line":141,"column":8}},"32":{"start":{"line":145,"column":29},"end":{"line":160,"column":3}},"33":{"start":{"line":146,"column":4},"end":{"line":159,"column":22}},"34":{"start":{"line":162,"column":22},"end":{"line":166,"column":5}},"35":{"start":{"line":163,"column":4},"end":{"line":166,"column":5}},"36":{"start":{"line":164,"column":25},"end":{"line":164,"column":70}},"37":{"start":{"line":168,"column":21},"end":{"line":193,"column":3}},"38":{"start":{"line":169,"column":4},"end":{"line":177,"column":5}},"39":{"start":{"line":170,"column":6},"end":{"line":175,"column":8}},"40":{"start":{"line":176,"column":6},"end":{"line":176,"column":18}},"41":{"start":{"line":179,"column":21},"end":{"line":184,"column":5}},"42":{"start":{"line":186,"column":4},"end":{"line":190,"column":22}},"43":{"start":{"line":192,"column":4},"end":{"line":192,"column":15}},"44":{"start":{"line":195,"column":54},"end":{"line":195,"column":68}},"45":{"start":{"line":197,"column":26},"end":{"line":199,"column":27}},"46":{"start":{"line":198,"column":19},"end":{"line":198,"column":40}},"47":{"start":{"line":199,"column":16},"end":{"line":199,"column":26}},"48":{"start":{"line":201,"column":23},"end":{"line":201,"column":53}},"49":{"start":{"line":203,"column":26},"end":{"line":212,"column":3}},"50":{"start":{"line":204,"column":4},"end":{"line":211,"column":13}},"51":{"start":{"line":214,"column":2},"end":{"line":359,"column":3}},"52":{"start":{"line":227,"column":12},"end":{"line":243,"column":14}},"53":{"start":{"line":294,"column":20},"end":{"line":294,"column":59}},"54":{"start":{"line":335,"column":16},"end":{"line":340,"column":18}},"55":{"start":{"line":341,"column":16},"end":{"line":341,"column":27}}},"fnMap":{"0":{"name":"(anonymous_0)","decl":{"start":{"line":38,"column":23},"end":{"line":38,"column":24}},"loc":{"start":{"line":38,"column":40},"end":{"line":56,"column":1}},"line":38},"1":{"name":"(anonymous_1)","decl":{"start":{"line":41,"column":30},"end":{"line":41,"column":31}},"loc":{"start":{"line":42,"column":8},"end":{"line":42,"column":57}},"line":42},"2":{"name":"(anonymous_2)","decl":{"start":{"line":46,"column":14},"end":{"line":46,"column":15}},"loc":{"start":{"line":46,"column":25},"end":{"line":46,"column":47}},"line":46},"3":{"name":"(anonymous_3)","decl":{"start":{"line":47,"column":13},"end":{"line":47,"column":14}},"loc":{"start":{"line":47,"column":21},"end":{"line":47,"column":71}},"line":47},"4":{"name":"(anonymous_4)","decl":{"start":{"line":49,"column":53},"end":{"line":49,"column":54}},"loc":{"start":{"line":50,"column":8},"end":{"line":50,"column":74}},"line":50},"5":{"name":"(anonymous_5)","decl":{"start":{"line":64,"column":42},"end":{"line":64,"column":43}},"loc":{"start":{"line":68,"column":16},"end":{"line":360,"column":1}},"line":68},"6":{"name":"(anonymous_6)","decl":{"start":{"line":87,"column":27},"end":{"line":87,"column":28}},"loc":{"start":{"line":87,"column":48},"end":{"line":95,"column":3}},"line":87},"7":{"name":"(anonymous_7)","decl":{"start":{"line":100,"column":6},"end":{"line":100,"column":7}},"loc":{"start":{"line":100,"column":24},"end":{"line":103,"column":7}},"line":100},"8":{"name":"(anonymous_8)","decl":{"start":{"line":110,"column":6},"end":{"line":110,"column":7}},"loc":{"start":{"line":110,"column":24},"end":{"line":113,"column":7}},"line":110},"9":{"name":"(anonymous_9)","decl":{"start":{"line":117,"column":20},"end":{"line":117,"column":21}},"loc":{"start":{"line":117,"column":26},"end":{"line":125,"column":3}},"line":117},"10":{"name":"(anonymous_10)","decl":{"start":{"line":127,"column":12},"end":{"line":127,"column":13}},"loc":{"start":{"line":127,"column":18},"end":{"line":129,"column":3}},"line":127},"11":{"name":"(anonymous_11)","decl":{"start":{"line":131,"column":22},"end":{"line":131,"column":23}},"loc":{"start":{"line":131,"column":45},"end":{"line":143,"column":3}},"line":131},"12":{"name":"(anonymous_12)","decl":{"start":{"line":131,"column":45},"end":{"line":131,"column":46}},"loc":{"start":{"line":131,"column":50},"end":{"line":143,"column":3}},"line":131},"13":{"name":"(anonymous_13)","decl":{"start":{"line":145,"column":29},"end":{"line":145,"column":30}},"loc":{"start":{"line":145,"column":35},"end":{"line":160,"column":3}},"line":145},"14":{"name":"(anonymous_14)","decl":{"start":{"line":159,"column":13},"end":{"line":159,"column":14}},"loc":{"start":{"line":159,"column":19},"end":{"line":159,"column":21}},"line":159},"15":{"name":"(anonymous_15)","decl":{"start":{"line":162,"column":22},"end":{"line":162,"column":23}},"loc":{"start":{"line":163,"column":4},"end":{"line":166,"column":5}},"line":163},"16":{"name":"(anonymous_16)","decl":{"start":{"line":164,"column":6},"end":{"line":164,"column":7}},"loc":{"start":{"line":164,"column":25},"end":{"line":164,"column":70}},"line":164},"17":{"name":"(anonymous_17)","decl":{"start":{"line":168,"column":21},"end":{"line":168,"column":22}},"loc":{"start":{"line":168,"column":27},"end":{"line":193,"column":3}},"line":168},"18":{"name":"(anonymous_18)","decl":{"start":{"line":190,"column":13},"end":{"line":190,"column":14}},"loc":{"start":{"line":190,"column":19},"end":{"line":190,"column":21}},"line":190},"19":{"name":"(anonymous_19)","decl":{"start":{"line":198,"column":12},"end":{"line":198,"column":13}},"loc":{"start":{"line":198,"column":19},"end":{"line":198,"column":40}},"line":198},"20":{"name":"(anonymous_20)","decl":{"start":{"line":199,"column":9},"end":{"line":199,"column":10}},"loc":{"start":{"line":199,"column":16},"end":{"line":199,"column":26}},"line":199},"21":{"name":"(anonymous_21)","decl":{"start":{"line":203,"column":26},"end":{"line":203,"column":27}},"loc":{"start":{"line":204,"column":4},"end":{"line":211,"column":13}},"line":204},"22":{"name":"(anonymous_22)","decl":{"start":{"line":226,"column":16},"end":{"line":226,"column":17}},"loc":{"start":{"line":227,"column":12},"end":{"line":243,"column":14}},"line":227},"23":{"name":"(anonymous_23)","decl":{"start":{"line":293,"column":39},"end":{"line":293,"column":40}},"loc":{"start":{"line":294,"column":20},"end":{"line":294,"column":59}},"line":294},"24":{"name":"(anonymous_24)","decl":{"start":{"line":334,"column":49},"end":{"line":334,"column":50}},"loc":{"start":{"line":334,"column":55},"end":{"line":342,"column":15}},"line":334}},"branchMap":{"0":{"loc":{"start":{"line":39,"column":2},"end":{"line":55,"column":3}},"type":"switch","locations":[{"start":{"line":40,"column":4},"end":{"line":43,"column":8}},{"start":{"line":44,"column":4},"end":{"line":47,"column":72}},{"start":{"line":48,"column":4},"end":{"line":51,"column":8}},{"start":{"line":53,"column":4},"end":{"line":54,"column":32}}],"line":39},"1":{"loc":{"start":{"line":46,"column":25},"end":{"line":46,"column":47}},"type":"cond-expr","locations":[{"start":{"line":46,"column":41},"end":{"line":46,"column":42}},{"start":{"line":46,"column":45},"end":{"line":46,"column":47}}],"line":46},"2":{"loc":{"start":{"line":132,"column":4},"end":{"line":142,"column":5}},"type":"if","locations":[{"start":{"line":132,"column":4},"end":{"line":142,"column":5}},{"start":{"line":132,"column":4},"end":{"line":142,"column":5}}],"line":132},"3":{"loc":{"start":{"line":164,"column":25},"end":{"line":164,"column":70}},"type":"binary-expr","locations":[{"start":{"line":164,"column":25},"end":{"line":164,"column":28}},{"start":{"line":164,"column":32},"end":{"line":164,"column":48}},{"start":{"line":164,"column":52},"end":{"line":164,"column":70}}],"line":164},"4":{"loc":{"start":{"line":169,"column":4},"end":{"line":177,"column":5}},"type":"if","locations":[{"start":{"line":169,"column":4},"end":{"line":177,"column":5}},{"start":{"line":169,"column":4},"end":{"line":177,"column":5}}],"line":169},"5":{"loc":{"start":{"line":181,"column":10},"end":{"line":183,"column":12}},"type":"cond-expr","locations":[{"start":{"line":182,"column":10},"end":{"line":182,"column":75}},{"start":{"line":183,"column":10},"end":{"line":183,"column":12}}],"line":181},"6":{"loc":{"start":{"line":197,"column":27},"end":{"line":197,"column":40}},"type":"binary-expr","locations":[{"start":{"line":197,"column":27},"end":{"line":197,"column":34}},{"start":{"line":197,"column":38},"end":{"line":197,"column":40}}],"line":197},"7":{"loc":{"start":{"line":201,"column":23},"end":{"line":201,"column":53}},"type":"binary-expr","locations":[{"start":{"line":201,"column":23},"end":{"line":201,"column":36}},{"start":{"line":201,"column":40},"end":{"line":201,"column":53}}],"line":201},"8":{"loc":{"start":{"line":266,"column":29},"end":{"line":266,"column":53}},"type":"binary-expr","locations":[{"start":{"line":266,"column":29},"end":{"line":266,"column":44}},{"start":{"line":266,"column":48},"end":{"line":266,"column":53}}],"line":266},"9":{"loc":{"start":{"line":291,"column":28},"end":{"line":291,"column":60}},"type":"binary-expr","locations":[{"start":{"line":291,"column":28},"end":{"line":291,"column":40}},{"start":{"line":291,"column":44},"end":{"line":291,"column":60}}],"line":291},"10":{"loc":{"start":{"line":297,"column":17},"end":{"line":323,"column":17}},"type":"binary-expr","locations":[{"start":{"line":297,"column":17},"end":{"line":297,"column":41}},{"start":{"line":298,"column":18},"end":{"line":322,"column":21}}],"line":297},"11":{"loc":{"start":{"line":330,"column":16},"end":{"line":330,"column":59}},"type":"cond-expr","locations":[{"start":{"line":330,"column":32},"end":{"line":330,"column":41}},{"start":{"line":330,"column":44},"end":{"line":330,"column":59}}],"line":330},"12":{"loc":{"start":{"line":343,"column":31},"end":{"line":343,"column":64}},"type":"cond-expr","locations":[{"start":{"line":343,"column":47},"end":{"line":343,"column":55}},{"start":{"line":343,"column":58},"end":{"line":343,"column":64}}],"line":343},"13":{"loc":{"start":{"line":348,"column":15},"end":{"line":353,"column":15}},"type":"binary-expr","locations":[{"start":{"line":348,"column":15},"end":{"line":348,"column":29}},{"start":{"line":349,"column":16},"end":{"line":352,"column":18}}],"line":348}},"s":{"0":1,"1":9,"2":3,"3":108,"4":3,"5":1387,"6":1362,"7":3,"8":372,"9":0,"10":1,"11":1,"12":3,"13":3,"14":3,"15":0,"16":0,"17":3,"18":0,"19":0,"20":3,"21":0,"22":0,"23":3,"24":1,"25":3,"26":1,"27":3,"28":15,"29":1,"30":1,"31":0,"32":3,"33":0,"34":3,"35":0,"36":0,"37":3,"38":0,"39":0,"40":0,"41":0,"42":0,"43":0,"44":3,"45":3,"46":18,"47":6,"48":3,"49":3,"50":9,"51":3,"52":9,"53":6,"54":0,"55":0},"f":{"0":9,"1":108,"2":1387,"3":1362,"4":372,"5":3,"6":0,"7":0,"8":0,"9":1,"10":1,"11":15,"12":1,"13":0,"14":0,"15":0,"16":0,"17":0,"18":0,"19":18,"20":6,"21":9,"22":9,"23":6,"24":0},"b":{"0":[3,3,3,0],"1":[1384,3],"2":[1,0],"3":[0,0,0],"4":[0,0],"5":[0,0],"6":[3,0],"7":[3,3],"8":[3,1],"9":[3,3],"10":[3,0],"11":[0,3],"12":[0,3],"13":[3,0]},"_coverageSchema":"43e27e138ebf9cfc5966b082cf9a028302ed4184","hash":"36c1de7742397914d5ba7c119d0e984260ed6410"}
,"/Users/sukesh/Documents/Natterbox/Code/portal-web-ui/portal-web/src/components/AccountSettings/components/Accounts/components/AllSettings/components/Locale/LocaleRow.tsx": {"path":"/Users/sukesh/Documents/Natterbox/Code/portal-web-ui/portal-web/src/components/AccountSettings/components/Accounts/components/AllSettings/components/Locale/LocaleRow.tsx","statementMap":{"0":{"start":{"line":13,"column":31},"end":{"line":32,"column":1}},"1":{"start":{"line":20,"column":2},"end":{"line":31,"column":3}}},"fnMap":{"0":{"name":"(anonymous_0)","decl":{"start":{"line":13,"column":31},"end":{"line":13,"column":32}},"loc":{"start":{"line":19,"column":21},"end":{"line":32,"column":1}},"line":19}},"branchMap":{"0":{"loc":{"start":{"line":18,"column":2},"end":{"line":18,"column":13}},"type":"default-arg","locations":[{"start":{"line":18,"column":12},"end":{"line":18,"column":13}}],"line":18},"1":{"loc":{"start":{"line":22,"column":7},"end":{"line":26,"column":7}},"type":"binary-expr","locations":[{"start":{"line":22,"column":7},"end":{"line":22,"column":17}},{"start":{"line":23,"column":8},"end":{"line":25,"column":20}}],"line":22}},"s":{"0":1,"1":9},"f":{"0":9},"b":{"0":[9],"1":[9,9]},"_coverageSchema":"43e27e138ebf9cfc5966b082cf9a028302ed4184","hash":"912728d9a49effaaff5b804b7113f95a7c9d805a"}
,"/Users/sukesh/Documents/Natterbox/Code/portal-web-ui/portal-web/src/components/AccountSettings/components/Accounts/components/Sound/Sound.type.ts": {"path":"/Users/sukesh/Documents/Natterbox/Code/portal-web-ui/portal-web/src/components/AccountSettings/components/Accounts/components/Sound/Sound.type.ts","statementMap":{},"fnMap":{},"branchMap":{},"s":{},"f":{},"b":{},"hash":"51a1392eda7d4972efc7cb6ad8623fafe2be501a"}
,"/Users/sukesh/Documents/Natterbox/Code/portal-web-ui/portal-web/src/components/AccountSettings/components/Accounts/components/Sound/SoundActions.ts": {"path":"/Users/sukesh/Documents/Natterbox/Code/portal-web-ui/portal-web/src/components/AccountSettings/components/Accounts/components/Sound/SoundActions.ts","statementMap":{"0":{"start":{"line":4,"column":24},"end":{"line":4,"column":56}},"1":{"start":{"line":5,"column":27},"end":{"line":5,"column":54}},"2":{"start":{"line":7,"column":29},"end":{"line":7,"column":66}},"3":{"start":{"line":8,"column":35},"end":{"line":8,"column":78}},"4":{"start":{"line":9,"column":32},"end":{"line":11,"column":1}},"5":{"start":{"line":13,"column":31},"end":{"line":13,"column":71}}},"fnMap":{},"branchMap":{},"s":{"0":2,"1":2,"2":2,"3":2,"4":2,"5":2},"f":{},"b":{},"_coverageSchema":"43e27e138ebf9cfc5966b082cf9a028302ed4184","hash":"30f225ffbee0f9b38340f33e42ff1811c920fc86"}
,"/Users/sukesh/Documents/Natterbox/Code/portal-web-ui/portal-web/src/components/AccountSettings/components/Accounts/components/Sound/SoundColProps.ts": {"path":"/Users/sukesh/Documents/Natterbox/Code/portal-web-ui/portal-web/src/components/AccountSettings/components/Accounts/components/Sound/SoundColProps.ts","statementMap":{"0":{"start":{"line":4,"column":49},"end":{"line":37,"column":1}},"1":{"start":{"line":29,"column":23},"end":{"line":29,"column":71}},"2":{"start":{"line":35,"column":23},"end":{"line":35,"column":71}}},"fnMap":{"0":{"name":"(anonymous_0)","decl":{"start":{"line":29,"column":12},"end":{"line":29,"column":13}},"loc":{"start":{"line":29,"column":23},"end":{"line":29,"column":71}},"line":29},"1":{"name":"(anonymous_1)","decl":{"start":{"line":35,"column":12},"end":{"line":35,"column":13}},"loc":{"start":{"line":35,"column":23},"end":{"line":35,"column":71}},"line":35}},"branchMap":{},"s":{"0":2,"1":4,"2":4},"f":{"0":4,"1":4},"b":{},"_coverageSchema":"43e27e138ebf9cfc5966b082cf9a028302ed4184","hash":"6ccf8eb0891642a54d940b8607328ef5e533ab1b"}
,"/Users/sukesh/Documents/Natterbox/Code/portal-web-ui/portal-web/src/components/AccountSettings/components/Accounts/components/Sound/SoundList.tsx": {"path":"/Users/sukesh/Documents/Natterbox/Code/portal-web-ui/portal-web/src/components/AccountSettings/components/Accounts/components/Sound/SoundList.tsx","statementMap":{"0":{"start":{"line":22,"column":21},"end":{"line":22,"column":41}},"1":{"start":{"line":24,"column":25},"end":{"line":172,"column":1}},"2":{"start":{"line":37,"column":6},"end":{"line":37,"column":24}},"3":{"start":{"line":45,"column":6},"end":{"line":45,"column":11}},"4":{"start":{"line":56,"column":4},"end":{"line":66,"column":9}},"5":{"start":{"line":68,"column":24},"end":{"line":74,"column":3}},"6":{"start":{"line":69,"column":4},"end":{"line":71,"column":5}},"7":{"start":{"line":70,"column":6},"end":{"line":70,"column":60}},"8":{"start":{"line":70,"column":33},"end":{"line":70,"column":59}},"9":{"start":{"line":73,"column":4},"end":{"line":73,"column":15}},"10":{"start":{"line":76,"column":18},"end":{"line":93,"column":3}},"11":{"start":{"line":81,"column":19},"end":{"line":81,"column":45}},"12":{"start":{"line":95,"column":2},"end":{"line":171,"column":3}},"13":{"start":{"line":108,"column":40},"end":{"line":108,"column":67}},"14":{"start":{"line":122,"column":29},"end":{"line":122,"column":38}},"15":{"start":{"line":134,"column":34},"end":{"line":134,"column":43}},"16":{"start":{"line":156,"column":20},"end":{"line":156,"column":60}},"17":{"start":{"line":166,"column":55},"end":{"line":166,"column":66}}},"fnMap":{"0":{"name":"(anonymous_0)","decl":{"start":{"line":24,"column":25},"end":{"line":24,"column":26}},"loc":{"start":{"line":24,"column":31},"end":{"line":172,"column":1}},"line":24},"1":{"name":"(anonymous_1)","decl":{"start":{"line":68,"column":24},"end":{"line":68,"column":25}},"loc":{"start":{"line":68,"column":30},"end":{"line":74,"column":3}},"line":68},"2":{"name":"(anonymous_2)","decl":{"start":{"line":70,"column":23},"end":{"line":70,"column":24}},"loc":{"start":{"line":70,"column":33},"end":{"line":70,"column":59}},"line":70},"3":{"name":"(anonymous_3)","decl":{"start":{"line":81,"column":13},"end":{"line":81,"column":14}},"loc":{"start":{"line":81,"column":19},"end":{"line":81,"column":45}},"line":81},"4":{"name":"(anonymous_4)","decl":{"start":{"line":108,"column":34},"end":{"line":108,"column":35}},"loc":{"start":{"line":108,"column":40},"end":{"line":108,"column":67}},"line":108},"5":{"name":"(anonymous_5)","decl":{"start":{"line":122,"column":23},"end":{"line":122,"column":24}},"loc":{"start":{"line":122,"column":29},"end":{"line":122,"column":38}},"line":122},"6":{"name":"(anonymous_6)","decl":{"start":{"line":134,"column":28},"end":{"line":134,"column":29}},"loc":{"start":{"line":134,"column":34},"end":{"line":134,"column":43}},"line":134},"7":{"name":"(anonymous_7)","decl":{"start":{"line":155,"column":36},"end":{"line":155,"column":37}},"loc":{"start":{"line":156,"column":20},"end":{"line":156,"column":60}},"line":156},"8":{"name":"(anonymous_8)","decl":{"start":{"line":166,"column":45},"end":{"line":166,"column":46}},"loc":{"start":{"line":166,"column":55},"end":{"line":166,"column":66}},"line":166}},"branchMap":{"0":{"loc":{"start":{"line":56,"column":4},"end":{"line":66,"column":9}},"type":"cond-expr","locations":[{"start":{"line":57,"column":8},"end":{"line":57,"column":36}},{"start":{"line":58,"column":8},"end":{"line":66,"column":9}}],"line":56},"1":{"loc":{"start":{"line":56,"column":4},"end":{"line":56,"column":49}},"type":"binary-expr","locations":[{"start":{"line":56,"column":4},"end":{"line":56,"column":17}},{"start":{"line":56,"column":21},"end":{"line":56,"column":49}}],"line":56},"2":{"loc":{"start":{"line":69,"column":4},"end":{"line":71,"column":5}},"type":"if","locations":[{"start":{"line":69,"column":4},"end":{"line":71,"column":5}},{"start":{"line":69,"column":4},"end":{"line":71,"column":5}}],"line":69},"3":{"loc":{"start":{"line":69,"column":8},"end":{"line":69,"column":31}},"type":"binary-expr","locations":[{"start":{"line":69,"column":8},"end":{"line":69,"column":12}},{"start":{"line":69,"column":16},"end":{"line":69,"column":31}}],"line":69},"4":{"loc":{"start":{"line":97,"column":7},"end":{"line":99,"column":7}},"type":"binary-expr","locations":[{"start":{"line":97,"column":7},"end":{"line":97,"column":24}},{"start":{"line":97,"column":28},"end":{"line":97,"column":44}},{"start":{"line":98,"column":8},"end":{"line":98,"column":59}}],"line":97},"5":{"loc":{"start":{"line":100,"column":7},"end":{"line":106,"column":7}},"type":"binary-expr","locations":[{"start":{"line":100,"column":7},"end":{"line":100,"column":21}},{"start":{"line":101,"column":8},"end":{"line":105,"column":10}}],"line":100},"6":{"loc":{"start":{"line":103,"column":16},"end":{"line":103,"column":45}},"type":"binary-expr","locations":[{"start":{"line":103,"column":16},"end":{"line":103,"column":31}},{"start":{"line":103,"column":35},"end":{"line":103,"column":45}}],"line":103},"7":{"loc":{"start":{"line":107,"column":7},"end":{"line":109,"column":7}},"type":"binary-expr","locations":[{"start":{"line":107,"column":7},"end":{"line":107,"column":19}},{"start":{"line":108,"column":8},"end":{"line":108,"column":71}}],"line":107},"8":{"loc":{"start":{"line":110,"column":7},"end":{"line":169,"column":7}},"type":"binary-expr","locations":[{"start":{"line":110,"column":7},"end":{"line":110,"column":24}},{"start":{"line":110,"column":28},"end":{"line":110,"column":43}},{"start":{"line":111,"column":8},"end":{"line":168,"column":14}}],"line":110}},"s":{"0":1,"1":1,"2":3,"3":3,"4":3,"5":3,"6":2,"7":1,"8":3,"9":1,"10":3,"11":0,"12":3,"13":0,"14":0,"15":0,"16":8,"17":12},"f":{"0":3,"1":2,"2":3,"3":0,"4":0,"5":0,"6":0,"7":8,"8":12},"b":{"0":[1,2],"1":[3,1],"2":[1,1],"3":[2,1],"4":[3,2,1],"5":[3,0],"6":[0,0],"7":[3,0],"8":[3,2,2]},"_coverageSchema":"43e27e138ebf9cfc5966b082cf9a028302ed4184","hash":"9c5d5cb4ea014da8df6fd65566d0c8863380aacc"}
,"/Users/sukesh/Documents/Natterbox/Code/portal-web-ui/portal-web/src/components/AccountSettings/components/Accounts/components/Sound/SoundQueries.ts": {"path":"/Users/sukesh/Documents/Natterbox/Code/portal-web-ui/portal-web/src/components/AccountSettings/components/Accounts/components/Sound/SoundQueries.ts","statementMap":{"0":{"start":{"line":3,"column":29},"end":{"line":22,"column":1}}},"fnMap":{},"branchMap":{},"s":{"0":2},"f":{},"b":{},"_coverageSchema":"43e27e138ebf9cfc5966b082cf9a028302ed4184","hash":"5c1729ab5193ff5430b201218109437e4dd604d9"}
,"/Users/sukesh/Documents/Natterbox/Code/portal-web-ui/portal-web/src/components/AccountSettings/components/Accounts/components/Sound/SoundReducer.ts": {"path":"/Users/sukesh/Documents/Natterbox/Code/portal-web-ui/portal-web/src/components/AccountSettings/components/Accounts/components/Sound/SoundReducer.ts","statementMap":{"0":{"start":{"line":8,"column":21},"end":{"line":8,"column":41}},"1":{"start":{"line":10,"column":49},"end":{"line":17,"column":1}},"2":{"start":{"line":19,"column":28},"end":{"line":48,"column":1}},"3":{"start":{"line":20,"column":2},"end":{"line":47,"column":7}},"4":{"start":{"line":21,"column":56},"end":{"line":25,"column":5}},"5":{"start":{"line":26,"column":63},"end":{"line":29,"column":5}},"6":{"start":{"line":30,"column":49},"end":{"line":34,"column":5}},"7":{"start":{"line":36,"column":61},"end":{"line":39,"column":5}},"8":{"start":{"line":40,"column":67},"end":{"line":43,"column":5}},"9":{"start":{"line":44,"column":64},"end":{"line":47,"column":5}}},"fnMap":{"0":{"name":"(anonymous_0)","decl":{"start":{"line":19,"column":65},"end":{"line":19,"column":66}},"loc":{"start":{"line":20,"column":2},"end":{"line":47,"column":7}},"line":20},"1":{"name":"(anonymous_1)","decl":{"start":{"line":21,"column":36},"end":{"line":21,"column":37}},"loc":{"start":{"line":21,"column":56},"end":{"line":25,"column":5}},"line":21},"2":{"name":"(anonymous_2)","decl":{"start":{"line":26,"column":43},"end":{"line":26,"column":44}},"loc":{"start":{"line":26,"column":63},"end":{"line":29,"column":5}},"line":26},"3":{"name":"(anonymous_3)","decl":{"start":{"line":30,"column":39},"end":{"line":30,"column":40}},"loc":{"start":{"line":30,"column":49},"end":{"line":34,"column":5}},"line":30},"4":{"name":"(anonymous_4)","decl":{"start":{"line":36,"column":41},"end":{"line":36,"column":42}},"loc":{"start":{"line":36,"column":61},"end":{"line":39,"column":5}},"line":36},"5":{"name":"(anonymous_5)","decl":{"start":{"line":40,"column":47},"end":{"line":40,"column":48}},"loc":{"start":{"line":40,"column":67},"end":{"line":43,"column":5}},"line":40},"6":{"name":"(anonymous_6)","decl":{"start":{"line":44,"column":44},"end":{"line":44,"column":45}},"loc":{"start":{"line":44,"column":64},"end":{"line":47,"column":5}},"line":44}},"branchMap":{},"s":{"0":2,"1":2,"2":2,"3":2,"4":0,"5":0,"6":0,"7":0,"8":0,"9":0},"f":{"0":2,"1":0,"2":0,"3":0,"4":0,"5":0,"6":0},"b":{},"_coverageSchema":"43e27e138ebf9cfc5966b082cf9a028302ed4184","hash":"265cabfea05a65f940a824680ae76f55f0e043c1"}
,"/Users/sukesh/Documents/Natterbox/Code/portal-web-ui/portal-web/src/components/AccountSettings/components/Accounts/components/Sound/useSoundListHook.ts": {"path":"/Users/sukesh/Documents/Natterbox/Code/portal-web-ui/portal-web/src/components/AccountSettings/components/Accounts/components/Sound/useSoundListHook.ts","statementMap":{"0":{"start":{"line":15,"column":32},"end":{"line":72,"column":1}},"1":{"start":{"line":16,"column":28},"end":{"line":16,"column":75}},"2":{"start":{"line":18,"column":43},"end":{"line":18,"column":48}},"3":{"start":{"line":29,"column":6},"end":{"line":35,"column":4}},"4":{"start":{"line":37,"column":2},"end":{"line":39,"column":8}},"5":{"start":{"line":38,"column":4},"end":{"line":38,"column":15}},"6":{"start":{"line":41,"column":31},"end":{"line":44,"column":3}},"7":{"start":{"line":42,"column":4},"end":{"line":42,"column":47}},"8":{"start":{"line":43,"column":4},"end":{"line":43,"column":15}},"9":{"start":{"line":46,"column":31},"end":{"line":49,"column":3}},"10":{"start":{"line":46,"column":54},"end":{"line":49,"column":3}},"11":{"start":{"line":47,"column":4},"end":{"line":47,"column":44}},"12":{"start":{"line":48,"column":4},"end":{"line":48,"column":15}},"13":{"start":{"line":51,"column":27},"end":{"line":52,"column":41}},"14":{"start":{"line":52,"column":4},"end":{"line":52,"column":41}},"15":{"start":{"line":54,"column":31},"end":{"line":55,"column":36}},"16":{"start":{"line":55,"column":4},"end":{"line":55,"column":36}},"17":{"start":{"line":57,"column":28},"end":{"line":57,"column":57}},"18":{"start":{"line":57,"column":34},"end":{"line":57,"column":57}},"19":{"start":{"line":59,"column":2},"end":{"line":71,"column":3}}},"fnMap":{"0":{"name":"(anonymous_0)","decl":{"start":{"line":15,"column":32},"end":{"line":15,"column":33}},"loc":{"start":{"line":15,"column":38},"end":{"line":72,"column":1}},"line":15},"1":{"name":"(anonymous_1)","decl":{"start":{"line":37,"column":12},"end":{"line":37,"column":13}},"loc":{"start":{"line":37,"column":18},"end":{"line":39,"column":3}},"line":37},"2":{"name":"(anonymous_2)","decl":{"start":{"line":41,"column":31},"end":{"line":41,"column":32}},"loc":{"start":{"line":41,"column":40},"end":{"line":44,"column":3}},"line":41},"3":{"name":"(anonymous_3)","decl":{"start":{"line":46,"column":31},"end":{"line":46,"column":32}},"loc":{"start":{"line":46,"column":54},"end":{"line":49,"column":3}},"line":46},"4":{"name":"(anonymous_4)","decl":{"start":{"line":46,"column":54},"end":{"line":46,"column":55}},"loc":{"start":{"line":46,"column":60},"end":{"line":49,"column":3}},"line":46},"5":{"name":"(anonymous_5)","decl":{"start":{"line":51,"column":27},"end":{"line":51,"column":28}},"loc":{"start":{"line":52,"column":4},"end":{"line":52,"column":41}},"line":52},"6":{"name":"(anonymous_6)","decl":{"start":{"line":54,"column":31},"end":{"line":54,"column":32}},"loc":{"start":{"line":55,"column":4},"end":{"line":55,"column":36}},"line":55},"7":{"name":"(anonymous_7)","decl":{"start":{"line":57,"column":28},"end":{"line":57,"column":29}},"loc":{"start":{"line":57,"column":34},"end":{"line":57,"column":57}},"line":57}},"branchMap":{},"s":{"0":2,"1":11,"2":11,"3":11,"4":11,"5":4,"6":11,"7":0,"8":0,"9":11,"10":8,"11":0,"12":0,"13":11,"14":0,"15":11,"16":0,"17":11,"18":0,"19":11},"f":{"0":11,"1":4,"2":0,"3":8,"4":0,"5":0,"6":0,"7":0},"b":{},"_coverageSchema":"43e27e138ebf9cfc5966b082cf9a028302ed4184","hash":"29fb08ec42177fd9cee6c05de80224676dee8818"}
,"/Users/sukesh/Documents/Natterbox/Code/portal-web-ui/portal-web/src/components/AccountSettings/components/Accounts/components/Sound/components/CreateSound/CreateSound.tsx": {"path":"/Users/sukesh/Documents/Natterbox/Code/portal-web-ui/portal-web/src/components/AccountSettings/components/Accounts/components/Sound/components/CreateSound/CreateSound.tsx","statementMap":{"0":{"start":{"line":22,"column":47},"end":{"line":128,"column":1}},"1":{"start":{"line":29,"column":6},"end":{"line":29,"column":26}},"2":{"start":{"line":38,"column":6},"end":{"line":38,"column":11}},"3":{"start":{"line":40,"column":2},"end":{"line":127,"column":3}},"4":{"start":{"line":66,"column":43},"end":{"line":66,"column":52}}},"fnMap":{"0":{"name":"(anonymous_0)","decl":{"start":{"line":22,"column":47},"end":{"line":22,"column":48}},"loc":{"start":{"line":22,"column":68},"end":{"line":128,"column":1}},"line":22},"1":{"name":"(anonymous_1)","decl":{"start":{"line":66,"column":37},"end":{"line":66,"column":38}},"loc":{"start":{"line":66,"column":43},"end":{"line":66,"column":52}},"line":66}},"branchMap":{"0":{"loc":{"start":{"line":42,"column":7},"end":{"line":48,"column":7}},"type":"binary-expr","locations":[{"start":{"line":42,"column":7},"end":{"line":42,"column":12}},{"start":{"line":43,"column":8},"end":{"line":47,"column":10}}],"line":42},"1":{"loc":{"start":{"line":45,"column":16},"end":{"line":45,"column":36}},"type":"binary-expr","locations":[{"start":{"line":45,"column":16},"end":{"line":45,"column":23}},{"start":{"line":45,"column":27},"end":{"line":45,"column":36}}],"line":45},"2":{"loc":{"start":{"line":49,"column":7},"end":{"line":55,"column":7}},"type":"binary-expr","locations":[{"start":{"line":49,"column":7},"end":{"line":49,"column":21}},{"start":{"line":50,"column":8},"end":{"line":54,"column":10}}],"line":49},"3":{"loc":{"start":{"line":119,"column":19},"end":{"line":119,"column":57}},"type":"cond-expr","locations":[{"start":{"line":119,"column":35},"end":{"line":119,"column":46}},{"start":{"line":119,"column":49},"end":{"line":119,"column":57}}],"line":119}},"s":{"0":1,"1":0,"2":0,"3":0,"4":0},"f":{"0":0,"1":0},"b":{"0":[0,0],"1":[0,0],"2":[0,0],"3":[0,0]},"_coverageSchema":"43e27e138ebf9cfc5966b082cf9a028302ed4184","hash":"2ced4474eb9fd15523c380412c3fc95e667993ea"}
,"/Users/sukesh/Documents/Natterbox/Code/portal-web-ui/portal-web/src/components/AccountSettings/components/Accounts/components/Sound/components/CreateSound/CreateSoundActions.ts": {"path":"/Users/sukesh/Documents/Natterbox/Code/portal-web-ui/portal-web/src/components/AccountSettings/components/Accounts/components/Sound/components/CreateSound/CreateSoundActions.ts","statementMap":{"0":{"start":{"line":3,"column":24},"end":{"line":3,"column":56}},"1":{"start":{"line":4,"column":27},"end":{"line":4,"column":54}},"2":{"start":{"line":6,"column":32},"end":{"line":8,"column":1}},"3":{"start":{"line":10,"column":32},"end":{"line":10,"column":73}},"4":{"start":{"line":11,"column":33},"end":{"line":11,"column":74}}},"fnMap":{},"branchMap":{},"s":{"0":1,"1":1,"2":1,"3":1,"4":1},"f":{},"b":{},"_coverageSchema":"43e27e138ebf9cfc5966b082cf9a028302ed4184","hash":"0b3873a90eb0f46696c43c39df0270772b26c865"}
,"/Users/sukesh/Documents/Natterbox/Code/portal-web-ui/portal-web/src/components/AccountSettings/components/Accounts/components/Sound/components/CreateSound/CreateSoundReducer.ts": {"path":"/Users/sukesh/Documents/Natterbox/Code/portal-web-ui/portal-web/src/components/AccountSettings/components/Accounts/components/Sound/components/CreateSound/CreateSoundReducer.ts","statementMap":{"0":{"start":{"line":11,"column":52},"end":{"line":20,"column":1}},"1":{"start":{"line":22,"column":34},"end":{"line":48,"column":1}},"2":{"start":{"line":25,"column":4},"end":{"line":47,"column":9}},"3":{"start":{"line":26,"column":45},"end":{"line":30,"column":7}},"4":{"start":{"line":31,"column":53},"end":{"line":34,"column":7}},"5":{"start":{"line":35,"column":53},"end":{"line":38,"column":7}},"6":{"start":{"line":39,"column":54},"end":{"line":42,"column":7}},"7":{"start":{"line":43,"column":38},"end":{"line":47,"column":7}}},"fnMap":{"0":{"name":"(anonymous_0)","decl":{"start":{"line":24,"column":2},"end":{"line":24,"column":3}},"loc":{"start":{"line":25,"column":4},"end":{"line":47,"column":9}},"line":25},"1":{"name":"(anonymous_1)","decl":{"start":{"line":26,"column":25},"end":{"line":26,"column":26}},"loc":{"start":{"line":26,"column":45},"end":{"line":30,"column":7}},"line":26},"2":{"name":"(anonymous_2)","decl":{"start":{"line":31,"column":33},"end":{"line":31,"column":34}},"loc":{"start":{"line":31,"column":53},"end":{"line":34,"column":7}},"line":31},"3":{"name":"(anonymous_3)","decl":{"start":{"line":35,"column":33},"end":{"line":35,"column":34}},"loc":{"start":{"line":35,"column":53},"end":{"line":38,"column":7}},"line":35},"4":{"name":"(anonymous_4)","decl":{"start":{"line":39,"column":34},"end":{"line":39,"column":35}},"loc":{"start":{"line":39,"column":54},"end":{"line":42,"column":7}},"line":39},"5":{"name":"(anonymous_5)","decl":{"start":{"line":43,"column":28},"end":{"line":43,"column":29}},"loc":{"start":{"line":43,"column":38},"end":{"line":47,"column":7}},"line":43}},"branchMap":{},"s":{"0":1,"1":1,"2":1,"3":0,"4":0,"5":0,"6":0,"7":0},"f":{"0":1,"1":0,"2":0,"3":0,"4":0,"5":0},"b":{},"_coverageSchema":"43e27e138ebf9cfc5966b082cf9a028302ed4184","hash":"48200b127935c599d72e246735e324c4e54b9257"}
,"/Users/sukesh/Documents/Natterbox/Code/portal-web-ui/portal-web/src/components/AccountSettings/components/Accounts/components/Sound/components/CreateSound/useCreateSoundHook.ts": {"path":"/Users/sukesh/Documents/Natterbox/Code/portal-web-ui/portal-web/src/components/AccountSettings/components/Accounts/components/Sound/components/CreateSound/useCreateSoundHook.ts","statementMap":{"0":{"start":{"line":18,"column":34},"end":{"line":93,"column":1}},"1":{"start":{"line":19,"column":28},"end":{"line":22,"column":3}},"2":{"start":{"line":24,"column":35},"end":{"line":24,"column":45}},"3":{"start":{"line":25,"column":15},"end":{"line":25,"column":48}},"4":{"start":{"line":26,"column":19},"end":{"line":26,"column":71}},"5":{"start":{"line":26,"column":49},"end":{"line":26,"column":70}},"6":{"start":{"line":27,"column":16},"end":{"line":27,"column":46}},"7":{"start":{"line":29,"column":28},"end":{"line":40,"column":3}},"8":{"start":{"line":30,"column":22},"end":{"line":30,"column":34}},"9":{"start":{"line":31,"column":22},"end":{"line":31,"column":52}},"10":{"start":{"line":33,"column":4},"end":{"line":37,"column":5}},"11":{"start":{"line":35,"column":6},"end":{"line":35,"column":25}},"12":{"start":{"line":36,"column":6},"end":{"line":36,"column":18}},"13":{"start":{"line":39,"column":4},"end":{"line":39,"column":15}},"14":{"start":{"line":42,"column":22},"end":{"line":57,"column":3}},"15":{"start":{"line":42,"column":39},"end":{"line":57,"column":3}},"16":{"start":{"line":43,"column":4},"end":{"line":56,"column":5}},"17":{"start":{"line":44,"column":6},"end":{"line":53,"column":7}},"18":{"start":{"line":45,"column":8},"end":{"line":50,"column":9}},"19":{"start":{"line":52,"column":8},"end":{"line":52,"column":48}},"20":{"start":{"line":55,"column":6},"end":{"line":55,"column":59}},"21":{"start":{"line":59,"column":28},"end":{"line":59,"column":57}},"22":{"start":{"line":59,"column":34},"end":{"line":59,"column":57}},"23":{"start":{"line":61,"column":26},"end":{"line":82,"column":3}},"24":{"start":{"line":62,"column":39},"end":{"line":62,"column":44}},"25":{"start":{"line":63,"column":4},"end":{"line":63,"column":36}},"26":{"start":{"line":65,"column":19},"end":{"line":71,"column":6}},"27":{"start":{"line":73,"column":4},"end":{"line":73,"column":37}},"28":{"start":{"line":75,"column":4},"end":{"line":77,"column":5}},"29":{"start":{"line":76,"column":6},"end":{"line":76,"column":38}},"30":{"start":{"line":79,"column":4},"end":{"line":81,"column":5}},"31":{"start":{"line":80,"column":6},"end":{"line":80,"column":49}},"32":{"start":{"line":84,"column":30},"end":{"line":84,"column":67}},"33":{"start":{"line":84,"column":36},"end":{"line":84,"column":67}},"34":{"start":{"line":86,"column":2},"end":{"line":92,"column":3}}},"fnMap":{"0":{"name":"(anonymous_0)","decl":{"start":{"line":18,"column":34},"end":{"line":18,"column":35}},"loc":{"start":{"line":18,"column":40},"end":{"line":93,"column":1}},"line":18},"1":{"name":"(anonymous_1)","decl":{"start":{"line":26,"column":42},"end":{"line":26,"column":43}},"loc":{"start":{"line":26,"column":49},"end":{"line":26,"column":70}},"line":26},"2":{"name":"(anonymous_2)","decl":{"start":{"line":29,"column":28},"end":{"line":29,"column":29}},"loc":{"start":{"line":29,"column":37},"end":{"line":40,"column":3}},"line":29},"3":{"name":"(anonymous_3)","decl":{"start":{"line":42,"column":22},"end":{"line":42,"column":23}},"loc":{"start":{"line":42,"column":39},"end":{"line":57,"column":3}},"line":42},"4":{"name":"(anonymous_4)","decl":{"start":{"line":42,"column":39},"end":{"line":42,"column":40}},"loc":{"start":{"line":42,"column":44},"end":{"line":57,"column":3}},"line":42},"5":{"name":"(anonymous_5)","decl":{"start":{"line":59,"column":28},"end":{"line":59,"column":29}},"loc":{"start":{"line":59,"column":34},"end":{"line":59,"column":57}},"line":59},"6":{"name":"(anonymous_6)","decl":{"start":{"line":61,"column":26},"end":{"line":61,"column":27}},"loc":{"start":{"line":61,"column":38},"end":{"line":82,"column":3}},"line":61},"7":{"name":"(anonymous_7)","decl":{"start":{"line":84,"column":30},"end":{"line":84,"column":31}},"loc":{"start":{"line":84,"column":36},"end":{"line":84,"column":67}},"line":84}},"branchMap":{"0":{"loc":{"start":{"line":27,"column":16},"end":{"line":27,"column":46}},"type":"cond-expr","locations":[{"start":{"line":27,"column":27},"end":{"line":27,"column":41}},{"start":{"line":27,"column":44},"end":{"line":27,"column":46}}],"line":27},"1":{"loc":{"start":{"line":33,"column":4},"end":{"line":37,"column":5}},"type"
[...]
,"/Users/sukesh/Documents/Natterbox/Code/portal-web-ui/portal-web/src/mocks/DeviceListMock.ts": {"path":"/Users/sukesh/Documents/Natterbox/Code/portal-web-ui/portal-web/src/mocks/DeviceListMock.ts","statementMap":{"0":{"start":{"line":1,"column":30},"end":{"line":6330,"column":1}}},"fnMap":{},"branchMap":{},"s":{"0":3},"f":{},"b":{},"_coverageSchema":"43e27e138ebf9cfc5966b082cf9a028302ed4184","hash":"4bca479d3005d93b699937016dbe3b3442f1d9f9"}
,"/Users/sukesh/Documents/Natterbox/Code/portal-web-ui/portal-web/src/mocks/jsonError.ts": {"path":"/Users/sukesh/Documents/Natterbox/Code/portal-web-ui/portal-web/src/mocks/jsonError.ts","statementMap":{"0":{"start":{"line":1,"column":22},"end":{"line":7958,"column":1}}},"fnMap":{},"branchMap":{},"s":{"0":0},"f":{},"b":{},"hash":"2f16106b0e28f3ba7515a740800397d872afca09"}
,"/Users/sukesh/Documents/Natterbox/Code/portal-web-ui/portal-web/src/pages/AsyncRouteLoading.tsx": {"path":"/Users/sukesh/Documents/Natterbox/Code/portal-web-ui/portal-web/src/pages/AsyncRouteLoading.tsx","statementMap":{"0":{"start":{"line":3,"column":26},"end":{"line":18,"column":1}},"1":{"start":{"line":4,"column":2},"end":{"line":13,"column":3}},"2":{"start":{"line":5,"column":4},"end":{"line":12,"column":5}},"3":{"start":{"line":14,"column":2},"end":{"line":16,"column":3}},"4":{"start":{"line":15,"column":4},"end":{"line":15,"column":32}},"5":{"start":{"line":17,"column":2},"end":{"line":17,"column":13}}},"fnMap":{"0":{"name":"(anonymous_0)","decl":{"start":{"line":3,"column":26},"end":{"line":3,"column":27}},"loc":{"start":{"line":3,"column":59},"end":{"line":18,"column":1}},"line":3}},"branchMap":{"0":{"loc":{"start":{"line":4,"column":2},"end":{"line":13,"column":3}},"type":"if","locations":[{"start":{"line":4,"column":2},"end":{"line":13,"column":3}},{"start":{"line":4,"column":2},"end":{"line":13,"column":3}}],"line":4},"1":{"loc":{"start":{"line":14,"column":2},"end":{"line":16,"column":3}},"type":"if","locations":[{"start":{"line":14,"column":2},"end":{"line":16,"column":3}},{"start":{"line":14,"column":2},"end":{"line":16,"column":3}}],"line":14}},"s":{"0":1,"1":0,"2":0,"3":0,"4":0,"5":0},"f":{"0":0},"b":{"0":[0,0],"1":[0,0]},"_coverageSchema":"43e27e138ebf9cfc5966b082cf9a028302ed4184","hash":"1b2130270a682a3c43d8a3db79289c92057dc768"}
,"/Users/sukesh/Documents/Natterbox/Code/portal-web-ui/portal-web/src/pages/accountSettings/AccountsPage.tsx": {"path":"/Users/sukesh/Documents/Natterbox/Code/portal-web-ui/portal-web/src/pages/accountSettings/AccountsPage.tsx","statementMap":{"0":{"start":{"line":6,"column":37},"end":{"line":11,"column":1}},"1":{"start":{"line":13,"column":24},"end":{"line":13,"column":76}},"2":{"start":{"line":13,"column":41},"end":{"line":13,"column":75}}},"fnMap":{"0":{"name":"(anonymous_0)","decl":{"start":{"line":13,"column":35},"end":{"line":13,"column":36}},"loc":{"start":{"line":13,"column":41},"end":{"line":13,"column":75}},"line":13}},"branchMap":{},"s":{"0":0,"1":0,"2":0},"f":{"0":0},"b":{},"hash":"af86d2f6478d371176a21095f1451d52ee4b4825"}
,"/Users/sukesh/Documents/Natterbox/Code/portal-web-ui/portal-web/src/pages/devices/DevicesPage.tsx": {"path":"/Users/sukesh/Documents/Natterbox/Code/portal-web-ui/portal-web/src/pages/devices/DevicesPage.tsx","statementMap":{"0":{"start":{"line":5,"column":34},"end":{"line":9,"column":2}},"1":{"start":{"line":6,"column":2},"end":{"line":8,"column":15}}},"fnMap":{"0":{"name":"(anonymous_0)","decl":{"start":{"line":5,"column":45},"end":{"line":5,"column":46}},"loc":{"start":{"line":6,"column":2},"end":{"line":8,"column":15}},"line":6}},"branchMap":{},"s":{"0":0,"1":0},"f":{"0":0},"b":{},"hash":"63af3d6c43f5c5465b600648ded0831d221ee801"}
,"/Users/sukesh/Documents/Natterbox/Code/portal-web-ui/portal-web/src/pages/errorHandler/ErrorPage.tsx": {"path":"/Users/sukesh/Documents/Natterbox/Code/portal-web-ui/portal-web/src/pages/errorHandler/ErrorPage.tsx","statementMap":{"0":{"start":{"line":5,"column":32},"end":{"line":9,"column":2}},"1":{"start":{"line":6,"column":2},"end":{"line":8,"column":15}}},"fnMap":{"0":{"name":"(anonymous_0)","decl":{"start":{"line":5,"column":43},"end":{"line":5,"column":44}},"loc":{"start":{"line":6,"column":2},"end":{"line":8,"column":15}},"line":6}},"branchMap":{},"s":{"0":0,"1":0},"f":{"0":0},"b":{},"hash":"5f70bf2c3cf0ce8819fdb5d4c31452bb8f53e917"}
,"/Users/sukesh/Documents/Natterbox/Code/portal-web-ui/portal-web/src/pages/groups/GroupsPage.tsx": {"path":"/Users/sukesh/Documents/Natterbox/Code/portal-web-ui/portal-web/src/pages/groups/GroupsPage.tsx","statementMap":{"0":{"start":{"line":5,"column":33},"end":{"line":9,"column":2}},"1":{"start":{"line":6,"column":2},"end":{"line":8,"column":15}}},"fnMap":{"0":{"name":"(anonymous_0)","decl":{"start":{"line":5,"column":44},"end":{"line":5,"column":45}},"loc":{"start":{"line":6,"column":2},"end":{"line":8,"column":15}},"line":6}},"branchMap":{},"s":{"0":0,"1":0},"f":{"0":0},"b":{},"hash":"c885df8c00ad29a1734307f7b433b073348abffd"}
,"/Users/sukesh/Documents/Natterbox/Code/portal-web-ui/portal-web/src/pages/logs/LogsPage.tsx": {"path":"/Users/sukesh/Documents/Natterbox/Code/portal-web-ui/portal-web/src/pages/logs/LogsPage.tsx","statementMap":{"0":{"start":{"line":11,"column":37},"end":{"line":17,"column":1}},"1":{"start":{"line":19,"column":17},"end":{"line":19,"column":69}},"2":{"start":{"line":19,"column":34},"end":{"line":19,"column":68}}},"fnMap":{"0":{"name":"(anonymous_0)","decl":{"start":{"line":19,"column":28},"end":{"line":19,"column":29}},"loc":{"start":{"line":19,"column":34},"end":{"line":19,"column":68}},"line":19}},"branchMap":{},"s":{"0":1,"1":1,"2":2},"f":{"0":2},"b":{},"_coverageSchema":"43e27e138ebf9cfc5966b082cf9a028302ed4184","hash":"89321c6c9af4b074c9ad610bb852b5a483d4ada7"}
,"/Users/sukesh/Documents/Natterbox/Code/portal-web-ui/portal-web/src/pages/me/MePage.tsx": {"path":"/Users/sukesh/Documents/Natterbox/Code/portal-web-ui/portal-web/src/pages/me/MePage.tsx","statementMap":{"0":{"start":{"line":4,"column":29},"end":{"line":4,"column":53}},"1":{"start":{"line":4,"column":46},"end":{"line":4,"column":52}}},"fnMap":{"0":{"name":"(anonymous_0)","decl":{"start":{"line":4,"column":40},"end":{"line":4,"column":41}},"loc":{"start":{"line":4,"column":46},"end":{"line":4,"column":52}},"line":4}},"branchMap":{},"s":{"0":0,"1":0},"f":{"0":0},"b":{},"hash":"65d853eb9b6db5a055c298c38e8ea639dec78a6a"}
,"/Users/sukesh/Documents/Natterbox/Code/portal-web-ui/portal-web/src/pages/numbers/NumbersPage.tsx": {"path":"/Users/sukesh/Documents/Natterbox/Code/portal-web-ui/portal-web/src/pages/numbers/NumbersPage.tsx","statementMap":{"0":{"start":{"line":5,"column":34},"end":{"line":9,"column":2}},"1":{"start":{"line":6,"column":2},"end":{"line":8,"column":15}}},"fnMap":{"0":{"name":"(anonymous_0)","decl":{"start":{"line":5,"column":45},"end":{"line":5,"column":46}},"loc":{"start":{"line":6,"column":2},"end":{"line":8,"column":15}},"line":6}},"branchMap":{},"s":{"0":0,"1":0},"f":{"0":0},"b":{},"hash":"b7b3d77763afa2fa0c7c3f8324959e1a4d6d75bd"}
,"/Users/sukesh/Documents/Natterbox/Code/portal-web-ui/portal-web/src/pages/policies/PoliciesPage.tsx": {"path":"/Users/sukesh/Documents/Natterbox/Code/portal-web-ui/portal-web/src/pages/policies/PoliciesPage.tsx","statementMap":{"0":{"start":{"line":6,"column":54},"end":{"line":20,"column":2}},"1":{"start":{"line":9,"column":6},"end":{"line":9,"column":11}},"2":{"start":{"line":11,"column":2},"end":{"line":19,"column":3}}},"fnMap":{"0":{"name":"(anonymous_0)","decl":{"start":{"line":6,"column":65},"end":{"line":6,"column":66}},"loc":{"start":{"line":6,"column":74},"end":{"line":20,"column":1}},"line":6}},"branchMap":{"0":{"loc":{"start":{"line":11,"column":9},"end":{"line":19,"column":3}},"type":"cond-expr","locations":[{"start":{"line":12,"column":4},"end":{"line":14,"column":17}},{"start":{"line":16,"column":4},"end":{"line":18,"column":17}}],"line":11}},"s":{"0":0,"1":0,"2":0},"f":{"0":0},"b":{"0":[0,0]},"hash":"6921a018dc760bb001d893469dd4d6de904ecf3b"}
,"/Users/sukesh/Documents/Natterbox/Code/portal-web-ui/portal-web/src/pages/users/UsersPage.tsx": {"path":"/Users/sukesh/Documents/Natterbox/Code/portal-web-ui/portal-web/src/pages/users/UsersPage.tsx","statementMap":{"0":{"start":{"line":5,"column":32},"end":{"line":9,"column":2}},"1":{"start":{"line":6,"column":2},"end":{"line":8,"column":15}}},"fnMap":{"0":{"name":"(anonymous_0)","decl":{"start":{"line":5,"column":43},"end":{"line":5,"column":44}},"loc":{"start":{"line":6,"column":2},"end":{"line":8,"column":15}},"line":6}},"branchMap":{},"s":{"0":0,"1":0},"f":{"0":0},"b":{},"hash":"abcfed9a9af654f71f679c8271245d05bbcbf434"}
,"/Users/sukesh/Documents/Natterbox/Code/portal-web-ui/portal-web/src/plugins/auth0/index.tsx": {"path":"/Users/sukesh/Documents/Natterbox/Code/portal-web-ui/portal-web/src/plugins/auth0/index.tsx","statementMap":{"0":{"start":{"line":33,"column":28},"end":{"line":33,"column":74}},"1":{"start":{"line":34,"column":24},"end":{"line":34,"column":55}},"2":{"start":{"line":34,"column":30},"end":{"line":34,"column":55}},"3":{"start":{"line":36,"column":29},"end":{"line":41,"column":1}},"4":{"start":{"line":37,"column":2},"end":{"line":39,"column":3}},"5":{"start":{"line":38,"column":4},"end":{"line":38,"column":73}},"6":{"start":{"line":40,"column":2},"end":{"line":40,"column":12}},"7":{"start":{"line":43,"column":26},"end":{"line":72,"column":1}},"8":{"start":{"line":44,"column":2},"end":{"line":52,"column":3}},"9":{"start":{"line":45,"column":4},"end":{"line":51,"column":5}},"10":{"start":{"line":55,"column":2},"end":{"line":61,"column":3}},"11":{"start":{"line":56,"column":4},"end":{"line":56,"column":62}},"12":{"start":{"line":58,"column":4},"end":{"line":60,"column":5}},"13":{"start":{"line":63,"column":21},"end":{"line":63,"column":42}},"14":{"start":{"line":64,"column":57},"end":{"line":64,"column":67}},"15":{"start":{"line":66,"column":2},"end":{"line":71,"column":3}},"16":{"start":{"line":74,"column":29},"end":{"line":199,"column":1}},"17":{"start":{"line":79,"column":48},"end":{"line":79,"column":63}},"18":{"start":{"line":80,"column":46},"end":{"line":80,"column":60}},"19":{"start":{"line":81,"column":40},"end":{"line":81,"column":55}},"20":{"start":{"line":82,"column":26},"end":{"line":82,"column":47}},"21":{"start":{"line":83,"column":36},"end":{"line":83,"column":50}},"22":{"start":{"line":84,"column":40},"end":{"line":84,"column":63}},"23":{"start":{"line":85,"column":30},"end":{"line":85,"column":42}},"24":{"start":{"line":86,"column":36},"end":{"line":86,"column":48}},"25":{"start":{"line":88,"column":2},"end":{"line":133,"column":8}},"26":{"start":{"line":89,"column":22},"end":{"line":130,"column":5}},"27":{"start":{"line":96,"column":10},"end":{"line":96,"column":35}},"28":{"start":{"line":98,"column":28},"end":{"line":103,"column":8}},"29":{"start":{"line":105,"column":6},"end":{"line":105,"column":35}},"30":{"start":{"line":106,"column":6},"end":{"line":106,"column":27}},"31":{"start":{"line":107,"column":6},"end":{"line":107,"column":30}},"32":{"start":{"line":109,"column":6},"end":{"line":116,"column":7}},"33":{"start":{"line":110,"column":44},"end":{"line":110,"column":46}},"34":{"start":{"line":111,"column":8},"end":{"line":115,"column":9}},"35":{"start":{"line":112,"column":11},"end":{"line":112,"column":72}},"36":{"start":{"line":114,"column":10},"end":{"line":114,"column":38}},"37":{"start":{"line":118,"column":21},"end":{"line":118,"column":58}},"38":{"start":{"line":120,"column":6},"end":{"line":127,"column":7}},"39":{"start":{"line":121,"column":28},"end":{"line":121,"column":57}},"40":{"start":{"line":122,"column":22},"end":{"line":122,"column":60}},"41":{"start":{"line":124,"column":8},"end":{"line":124,"column":32}},"42":{"start":{"line":125,"column":8},"end":{"line":125,"column":28}},"43":{"start":{"line":126,"column":8},"end":{"line":126,"column":27}},"44":{"start":{"line":129,"column":6},"end":{"line":129,"column":30}},"45":{"start":{"line":132,"column":4},"end":{"line":132,"column":15}},"46":{"start":{"line":135,"column":25},"end":{"line":149,"column":3}},"47":{"start":{"line":136,"column":4},"end":{"line":136,"column":24}},"48":{"start":{"line":138,"column":4},"end":{"line":144,"column":5}},"49":{"start":{"line":139,"column":6},"end":{"line":139,"column":48}},"50":{"start":{"line":141,"column":6},"end":{"line":141,"column":26}},"51":{"start":{"line":143,"column":6},"end":{"line":143,"column":27}},"52":{"start":{"line":146,"column":24},"end":{"line":146,"column":52}},"53":{"start":{"line":147,"column":4},"end":{"line":147,"column":24}},"54":{"start":{"line":148,"column":4},"end":{"line":148,"column":28}},"55":{"start":{"line":151,"column":33},"end":{"line":162,"column":3}},"56":{"start":{"line":152,"column":4},"end":{"line":152,"column":27}},"57":{"start":{"line":154,"column":19},"end":{"line":154,"column":62}},"58":{"start":{"line":155,"column":24},"end":{"line":155,"column":52}},"59":{"start":{"line":157,"column":4},"end":{"line":157,"column":28}},"60":{"start":{"line":158,"column":4},"end":{"line":158,"column":28}},"61":{"start":{"line":159,"column":4},"end":{"line":159,"column":24}},"62":{"start":{"line":161,"column":4},"end":{"line":161,"column":17}},"63":{"start":{"line":164,"column":28},"end":{"line":165,"column":43}},"64":{"start":{"line":165,"column":4},"end":{"line":165,"column":43}},"65":{"start":{"line":167,"column":27},"end":{"line":168,"column":42}},"66":{"start":{"line":168,"column":4},"end":{"line":168,"column":42}},"67":{"start":{"line":170,"column":17},"end":{"line":170,"column":74}},"68":{"start":{"line":170,"column":46},"end":{"line":170,"column":74}},"69":{"start":{"line":172,"column":27},"end":{"line":173,"column":42}},"70":{"start":{"line":173,"column":4},"end":{"line":173,"column":42}},"71":{"start":{"line":175,"column":28},"end":{"line":176,"column":43}},"72":{"start":{"line":176,"column":4},"end":{"line":176,"column":43}},"73":{"start":{"line":178,"column":2},"end":{"line":198,"column":3}}},"fnMap":{"0":{"name":"(anonymous_0)","decl":{"start":{"line":34,"column":24},"end":{"line":34,"column":25}},"loc":{"start":{"line":34,"column":30},"end":{"line":34,"column":55}},"line":34},"1":{"name":"(anonymous_1)","decl":{"start":{"line":36,"column":29},"end":{"line":36,"column":30}},"loc":{"start":{"line":36,"column":36},"end":{"line":41,"column":1}},"line":36},"2":{"name":"(anonymous_2)","decl":{"start":{"line":43,"column":26},"end":{"line":43,"column":27}},"loc":{"start":{"line":43,"column":38},"end":{"line":72,"column":1}},"line":43},"3":{"name":"(anonymous_3)","decl":{"start":{"line":74,"column":29},"end":{"line":74,"column":30}},"loc":{"start":{"line":78,"column":71},"end":{"line":199,"column":1}},"line":78},"4":{"name":"(anonymous_4)","decl":{"start":{"line":88,"column":12},"end":{"line":88,"column":13}},"loc":{"start":{"line":88,"column":18},"end":{"line":133,"column":3}},"line":88},"5":{"name":"(anonymous_5)","decl":{"start":{"line":89,"column":22},"end":{"line":89,"column":23}},"loc":{"start":{"line":89,"column":34},"end":{"line":130,"column":5}},"line":89},"6":{"name":"(anonymous_6)","decl":{"start":{"line":135,"column":25},"end":{"line":135,"column":26}},"loc":{"start":{"line":135,"column":64},"end":{"line":149,"column":3}},"line":135},"7":{"name":"(anonymous_7)","decl":{"start":{"line":151,"column":33},"end":{"line":151,"column":34}},"loc":{"start":{"line":151,"column":45},"end":{"line":162,"column":3}},"line":151},"8":{"name":"(anonymous_8)","decl":{"start":{"line":164,"column":28},"end":{"line":164,"column":29}},"loc":{"start":{"line":165,"column":4},"end":{"line":165,"column":43}},"line":165},"9":{"name":"(anonymous_9)","decl":{"start":{"line":167,"column":27},"end":{"line":167,"column":28}},"loc":{"start":{"line":168,"column":4},"end":{"line":168,"column":42}},"line":168},"10":{"name":"(anonymous_10)","decl":{"start":{"line":170,"column":17},"end":{"line":170,"column":18}},"loc":{"start":{"line":170,"column":46},"end":{"line":170,"column":74}},"line":170},"11":{"name":"(anonymous_11)","decl":{"start":{"line":172,"column":27},"end":{"line":172,"column":28}},"loc":{"start":{"line":173,"column":4},"end":{"line":173,"column":42}},"line":173},"12":{"name":"(anonymous_12)","decl":{"start":{"line":175,"column":28},"end":{"line":175,"column":29}},"loc":{"start":{"line":176,"column":4},"end":{"line":176,"column":43}},"line":176}},"branchMap":{"0":{"loc":{"start":{"line":37,"column":2},"end":{"line":39,"column":3}},"type":"if","locations":[{"start":{"line":37,"column":2},"end":{"line":39,"column":3}},{"start":{"line":37,"column":2},"end":{"line":39,"column":3}}],"line":37},"1":{"loc":{"start":{"line":38,"column":11},"end":{"line":38,"column":73}},"type":"cond-expr","locations":[{"start":{"line":38,"column":47},"end":{"line":38,"column":58}},{"start":{"line":38,"column":61},"end":{"line":38,"column":73}}],"line":38},"2":{"loc":{"start":{"line":44,"column":2},"end":{"line":52,"column":3}},"type":"if","locations":[{"start":{"line":44,"column":2},"end":{"line":52,"column":3}},{"start":{"line":44,"column":2},"end":{"line":52,"column":3}}],"line":44},"3":{"loc":{"start":{"line":109,"column":6},"end":{"line":116,"column":7}},"type":"if","locations":[{"start":{"line":109,"column":6},"end":{"line":116,"column":7}},{"start":{"line":109,"column":6},"end":{"line":116,"column":7}}],"line":109},"4":{"loc":{"start":{"line":120,"column":6},"end":{"line":127,"column":7}},"type":"if","locations":[{"start":{"line":120,"column":6},"end":{"line":127,"column":7}},{"start":{"line":120,"column":6},"end":{"line":127,"column":7}}],"line":120}},"s":{"0":11,"1":11,"2":0,"3":11,"4":0,"5":0,"6":0,"7":11,"8":0,"9":0,"10":0,"11":0,"12":0,"13":0,"14":0,"15":0,"16":11,"17":0,"18":0,"19":0,"20":0,"21":0,"22":0,"23":0,"24":0,"25":0,"26":0,"27":0,"28":0,"29":0,"30":0,"31":0,"32":0,"33":0,"34":0,"35":0,"36":0,"37":0,"38":0,"39":0,"40":0,"41":0,"42":0,"43":0,"44":0,"45":0,"46":0,"47":0,"48":0,"49":0,"50":0,"51":0,"52":0,"53":0,"54":0,"55":0,"56":0,"57":0,"58":0,"59":0,"60":0,"61":0,"62":0,"63":0,"64":0,"65":0,"66":0,"67":0,"68":0,"69":0,"70":0,"71":0,"72":0,"73":0},"f":{"0":0,"1":0,"2":0,"3":0,"4":0,"5":0,"6":0,"7":0,"8":0,"9":0,"10":0,"11":0,"12":0},"b":{"0":[0,0],"1":[0,0],"2":[0,0],"3":[0,0],"4":[0,0]},"_coverageSchema":"43e27e138ebf9cfc5966b082cf9a028302ed4184","hash":"c16c7f13ffac2471a1b01508badc30ec1acb1b1b"}
,"/Users/sukesh/Documents/Natterbox/Code/portal-web-ui/portal-web/src/plugins/history/index.tsx": {"path":"/Users/sukesh/Documents/Natterbox/Code/portal-web-ui/portal-web/src/plugins/history/index.tsx","statementMap":{},"fnMap":{},"branchMap":{},"s":{},"f":{},"b":{},"hash":"1cc1e58c210a6e4a2bd787fda9a92e80c8ed7412"}
,"/Users/sukesh/Documents/Natterbox/Code/portal-web-ui/portal-web/src/styles/commonMUIStyles.ts": {"path":"/Users/sukesh/Documents/Natterbox/Code/portal-web-ui/portal-web/src/styles/commonMUIStyles.ts","statementMap":{"0":{"start":{"line":3,"column":26},"end":{"line":10,"column":2}}},"fnMap":{},"branchMap":{},"s":{"0":9},"f":{},"b":{},"_coverageSchema":"43e27e138ebf9cfc5966b082cf9a028302ed4184","hash":"5dc9783f4ea62493020b955eeb78f30584bacd84"}
,"/Users/sukesh/Documents/Natterbox/Code/portal-web-ui/portal-web/src/styles/core-styles.scss": {"path":"/Users/sukesh/Documents/Natterbox/Code/portal-web-ui/portal-web/src/styles/core-styles.scss","statementMap":{"0":{"start":{"line":1,"column":0},"end":{"line":1,"column":36}}},"fnMap":{},"branchMap":{},"s":{"0":1},"f":{},"b":{},"_coverageSchema":"43e27e138ebf9cfc5966b082cf9a028302ed4184","hash":"f970a486bce5edbebff72c12aec5adffb5d44c3d"}
}
