{"/Users/sukesh/Documents/Natterbox/Code/portal-web-ui/portal-web/src/App.tsx": {"path":"/Users/sukesh/Documents/Natterbox/Code/portal-web-ui/portal-web/src/App.tsx","statementMap":{"0":{"start":{"line":17,"column":14},"end":{"line":21,"column":2}},"1":{"start":{"line":29,"column":12},"end":{"line":113,"column":1}},"2":{"start":{"line":36,"column":6},"end":{"line":36,"column":16}},"3":{"start":{"line":38,"column":28},"end":{"line":42,"column":4}},"4":{"start":{"line":44,"column":2},"end":{"line":46,"column":3}},"5":{"start":{"line":45,"column":4},"end":{"line":45,"column":22}},"6":{"start":{"line":48,"column":2},"end":{"line":50,"column":3}},"7":{"start":{"line":49,"column":4},"end":{"line":49,"column":25}},"8":{"start":{"line":52,"column":21},"end":{"line":74,"column":4}},"9":{"start":{"line":54,"column":6},"end":{"line":64,"column":10}},"10":{"start":{"line":60,"column":8},"end":{"line":64,"column":10}},"11":{"start":{"line":68,"column":6},"end":{"line":72,"column":8}},"12":{"start":{"line":76,"column":2},"end":{"line":81,"column":3}},"13":{"start":{"line":83,"column":2},"end":{"line":112,"column":3}},"14":{"start":{"line":93,"column":20},"end":{"line":102,"column":23}}},"fnMap":{"0":{"name":"(anonymous_0)","decl":{"start":{"line":29,"column":12},"end":{"line":29,"column":13}},"loc":{"start":{"line":29,"column":18},"end":{"line":113,"column":1}},"line":29},"1":{"name":"(anonymous_1)","decl":{"start":{"line":53,"column":13},"end":{"line":53,"column":14}},"loc":{"start":{"line":53,"column":20},"end":{"line":65,"column":5}},"line":53},"2":{"name":"(anonymous_2)","decl":{"start":{"line":67,"column":13},"end":{"line":67,"column":14}},"loc":{"start":{"line":67,"column":26},"end":{"line":73,"column":5}},"line":67},"3":{"name":"(anonymous_3)","decl":{"start":{"line":92,"column":26},"end":{"line":92,"column":27}},"loc":{"start":{"line":93,"column":20},"end":{"line":102,"column":23}},"line":93}},"branchMap":{"0":{"loc":{"start":{"line":44,"column":2},"end":{"line":46,"column":3}},"type":"if","locations":[{"start":{"line":44,"column":2},"end":{"line":46,"column":3}},{"start":{"line":44,"column":2},"end":{"line":46,"column":3}}],"line":44},"1":{"loc":{"start":{"line":48,"column":2},"end":{"line":50,"column":3}},"type":"if","locations":[{"start":{"line":48,"column":2},"end":{"line":50,"column":3}},{"start":{"line":48,"column":2},"end":{"line":50,"column":3}}],"line":48},"2":{"loc":{"start":{"line":54,"column":6},"end":{"line":64,"column":10}},"type":"if","locations":[{"start":{"line":54,"column":6},"end":{"line":64,"column":10}},{"start":{"line":54,"column":6},"end":{"line":64,"column":10}}],"line":54},"3":{"loc":{"start":{"line":55,"column":8},"end":{"line":58,"column":39}},"type":"binary-expr","locations":[{"start":{"line":55,"column":8},"end":{"line":55,"column":11}},{"start":{"line":56,"column":8},"end":{"line":56,"column":25}},{"start":{"line":57,"column":8},"end":{"line":57,"column":28}},{"start":{"line":58,"column":8},"end":{"line":58,"column":39}}],"line":55},"4":{"loc":{"start":{"line":70,"column":25},"end":{"line":70,"column":52}},"type":"binary-expr","locations":[{"start":{"line":70,"column":25},"end":{"line":70,"column":46}},{"start":{"line":70,"column":50},"end":{"line":70,"column":52}}],"line":70},"5":{"loc":{"start":{"line":95,"column":23},"end":{"line":100,"column":23}},"type":"binary-expr","locations":[{"start":{"line":95,"column":23},"end":{"line":95,"column":33}},{"start":{"line":96,"column":24},"end":{"line":99,"column":26}}],"line":95}},"s":{"0":1,"1":1,"2":3,"3":3,"4":3,"5":1,"6":2,"7":1,"8":2,"9":0,"10":0,"11":0,"12":2,"13":2,"14":0},"f":{"0":3,"1":0,"2":0,"3":0},"b":{"0":[1,2],"1":[1,1],"2":[0,0],"3":[0,0,0,0],"4":[0,0],"5":[0,0]},"_coverageSchema":"43e27e138ebf9cfc5966b082cf9a028302ed4184","hash":"26c1cffd9f91fcfd2db8023734e9c72de601a9c2"}
,"/Users/sukesh/Documents/Natterbox/Code/portal-web-ui/portal-web/src/AppRoutes.tsx": {"path":"/Users/sukesh/Documents/Natterbox/Code/portal-web-ui/portal-web/src/AppRoutes.tsx","statementMap":{"0":{"start":{"line":14,"column":25},"end":{"line":39,"column":1}},"1":{"start":{"line":15,"column":19},"end":{"line":15,"column":32}},"2":{"start":{"line":16,"column":2},"end":{"line":23,"column":16}},"3":{"start":{"line":18,"column":4},"end":{"line":22,"column":6}},"4":{"start":{"line":25,"column":2},"end":{"line":38,"column":3}},"5":{"start":{"line":27,"column":49},"end":{"line":27,"column":64}},"6":{"start":{"line":28,"column":53},"end":{"line":28,"column":68}},"7":{"start":{"line":34,"column":57},"end":{"line":34,"column":76}}},"fnMap":{"0":{"name":"(anonymous_0)","decl":{"start":{"line":14,"column":25},"end":{"line":14,"column":26}},"loc":{"start":{"line":14,"column":43},"end":{"line":39,"column":1}},"line":14},"1":{"name":"(anonymous_1)","decl":{"start":{"line":16,"column":12},"end":{"line":16,"column":13}},"loc":{"start":{"line":16,"column":18},"end":{"line":23,"column":3}},"line":16},"2":{"name":"(anonymous_2)","decl":{"start":{"line":27,"column":43},"end":{"line":27,"column":44}},"loc":{"start":{"line":27,"column":49},"end":{"line":27,"column":64}},"line":27},"3":{"name":"(anonymous_3)","decl":{"start":{"line":28,"column":47},"end":{"line":28,"column":48}},"loc":{"start":{"line":28,"column":53},"end":{"line":28,"column":68}},"line":28},"4":{"name":"(anonymous_4)","decl":{"start":{"line":34,"column":51},"end":{"line":34,"column":52}},"loc":{"start":{"line":34,"column":57},"end":{"line":34,"column":76}},"line":34}},"branchMap":{},"s":{"0":1,"1":0,"2":0,"3":0,"4":0,"5":0,"6":0,"7":0},"f":{"0":0,"1":0,"2":0,"3":0,"4":0},"b":{},"_coverageSchema":"43e27e138ebf9cfc5966b082cf9a028302ed4184","hash":"282ae708c278a851a1f4136214fbed99181c284b"}
,"/Users/sukesh/Documents/Natterbox/Code/portal-web-ui/portal-web/src/global.d.ts": {"path":"/Users/sukesh/Documents/Natterbox/Code/portal-web-ui/portal-web/src/global.d.ts","statementMap":{},"fnMap":{},"branchMap":{},"s":{},"f":{},"b":{},"hash":"6a7b46b694c0b641cf9170368384ad5c5e0bccd2"}
,"/Users/sukesh/Documents/Natterbox/Code/portal-web-ui/portal-web/src/index.tsx": {"path":"/Users/sukesh/Documents/Natterbox/Code/portal-web-ui/portal-web/src/index.tsx","statementMap":{"0":{"start":{"line":8,"column":31},"end":{"line":22,"column":1}},"1":{"start":{"line":9,"column":2},"end":{"line":12,"column":3}},"2":{"start":{"line":15,"column":4},"end":{"line":19,"column":32}},"3":{"start":{"line":21,"column":2},"end":{"line":21,"column":25}},"4":{"start":{"line":24,"column":0},"end":{"line":31,"column":1}}},"fnMap":{"0":{"name":"(anonymous_0)","decl":{"start":{"line":8,"column":31},"end":{"line":8,"column":32}},"loc":{"start":{"line":8,"column":73},"end":{"line":22,"column":1}},"line":8}},"branchMap":{"0":{"loc":{"start":{"line":15,"column":4},"end":{"line":19,"column":32}},"type":"cond-expr","locations":[{"start":{"line":18,"column":8},"end":{"line":18,"column":41}},{"start":{"line":19,"column":8},"end":{"line":19,"column":32}}],"line":15},"1":{"loc":{"start":{"line":15,"column":4},"end":{"line":17,"column":37}},"type":"binary-expr","locations":[{"start":{"line":15,"column":4},"end":{"line":15,"column":18}},{"start":{"line":16,"column":4},"end":{"line":16,"column":27}},{"start":{"line":17,"column":4},"end":{"line":17,"column":37}}],"line":15}},"s":{"0":0,"1":0,"2":0,"3":0,"4":0},"f":{"0":0},"b":{"0":[0,0],"1":[0,0,0]},"hash":"0789c117e62654e9b2e38773f51f11c921d6497f"}
,"/Users/sukesh/Documents/Natterbox/Code/portal-web-ui/portal-web/src/react-app-env.d.ts": {"path":"/Users/sukesh/Documents/Natterbox/Code/portal-web-ui/portal-web/src/react-app-env.d.ts","statementMap":{},"fnMap":{},"branchMap":{},"s":{},"f":{},"b":{},"hash":"4c49f6753fdaec57ee3e19b1c83a31b329bdb45c"}
,"/Users/sukesh/Documents/Natterbox/Code/portal-web-ui/portal-web/src/assets/icons/account.svg": {"path":"/Users/sukesh/Documents/Natterbox/Code/portal-web-ui/portal-web/src/assets/icons/account.svg","statementMap":{"0":{"start":{"line":1,"column":14},"end":{"line":1,"column":30}},"1":{"start":{"line":2,"column":6},"end":{"line":16,"column":8}},"2":{"start":{"line":6,"column":10},"end":{"line":14,"column":12}}},"fnMap":{"0":{"name":"SvgAccount","decl":{"start":{"line":5,"column":50},"end":{"line":5,"column":60}},"loc":{"start":{"line":5,"column":73},"end":{"line":15,"column":9}},"line":5}},"branchMap":{},"s":{"0":7,"1":7,"2":0},"f":{"0":0},"b":{},"_coverageSchema":"43e27e138ebf9cfc5966b082cf9a028302ed4184","hash":"af0b951b27df217b4857981dedf141d8d129ce78"}
,"/Users/sukesh/Documents/Natterbox/Code/portal-web-ui/portal-web/src/assets/icons/beginning.svg": {"path":"/Users/sukesh/Documents/Natterbox/Code/portal-web-ui/portal-web/src/assets/icons/beginning.svg","statementMap":{"0":{"start":{"line":1,"column":14},"end":{"line":1,"column":30}},"1":{"start":{"line":2,"column":6},"end":{"line":16,"column":8}},"2":{"start":{"line":6,"column":10},"end":{"line":14,"column":12}}},"fnMap":{"0":{"name":"SvgBeginning","decl":{"start":{"line":5,"column":50},"end":{"line":5,"column":62}},"loc":{"start":{"line":5,"column":75},"end":{"line":15,"column":9}},"line":5}},"branchMap":{},"s":{"0":7,"1":7,"2":0},"f":{"0":0},"b":{},"_coverageSchema":"43e27e138ebf9cfc5966b082cf9a028302ed4184","hash":"549d532bd52beb2a19485a20dd8cb09925ccfc44"}
,"/Users/sukesh/Documents/Natterbox/Code/portal-web-ui/portal-web/src/assets/icons/delete.svg": {"path":"/Users/sukesh/Documents/Natterbox/Code/portal-web-ui/portal-web/src/assets/icons/delete.svg","statementMap":{"0":{"start":{"line":1,"column":14},"end":{"line":1,"column":30}},"1":{"start":{"line":2,"column":6},"end":{"line":16,"column":8}},"2":{"start":{"line":6,"column":10},"end":{"line":14,"column":12}}},"fnMap":{"0":{"name":"SvgDelete","decl":{"start":{"line":5,"column":50},"end":{"line":5,"column":59}},"loc":{"start":{"line":5,"column":72},"end":{"line":15,"column":9}},"line":5}},"branchMap":{},"s":{"0":7,"1":7,"2":0},"f":{"0":0},"b":{},"_coverageSchema":"43e27e138ebf9cfc5966b082cf9a028302ed4184","hash":"178303e8079b7fc300538bf5a455be4214c3b1b4"}
,"/Users/sukesh/Documents/Natterbox/Code/portal-web-ui/portal-web/src/assets/icons/download.svg": {"path":"/Users/sukesh/Documents/Natterbox/Code/portal-web-ui/portal-web/src/assets/icons/download.svg","statementMap":{"0":{"start":{"line":1,"column":14},"end":{"line":1,"column":30}},"1":{"start":{"line":2,"column":6},"end":{"line":16,"column":8}},"2":{"start":{"line":6,"column":10},"end":{"line":14,"column":12}}},"fnMap":{"0":{"name":"SvgDownload","decl":{"start":{"line":5,"column":50},"end":{"line":5,"column":61}},"loc":{"start":{"line":5,"column":74},"end":{"line":15,"column":9}},"line":5}},"branchMap":{},"s":{"0":7,"1":7,"2":0},"f":{"0":0},"b":{},"_coverageSchema":"43e27e138ebf9cfc5966b082cf9a028302ed4184","hash":"d1518852444af9a0bb982b5d7a4dd0b947c817f5"}
,"/Users/sukesh/Documents/Natterbox/Code/portal-web-ui/portal-web/src/assets/icons/filterActive.svg": {"path":"/Users/sukesh/Documents/Natterbox/Code/portal-web-ui/portal-web/src/assets/icons/filterActive.svg","statementMap":{"0":{"start":{"line":1,"column":14},"end":{"line":1,"column":30}},"1":{"start":{"line":2,"column":6},"end":{"line":16,"column":8}},"2":{"start":{"line":6,"column":10},"end":{"line":14,"column":12}}},"fnMap":{"0":{"name":"SvgFilterActive","decl":{"start":{"line":5,"column":50},"end":{"line":5,"column":65}},"loc":{"start":{"line":5,"column":78},"end":{"line":15,"column":9}},"line":5}},"branchMap":{},"s":{"0":7,"1":7,"2":0},"f":{"0":0},"b":{},"_coverageSchema":"43e27e138ebf9cfc5966b082cf9a028302ed4184","hash":"878f3522c2c054b20250b1f58b741e041ad8524c"}
,"/Users/sukesh/Documents/Natterbox/Code/portal-web-ui/portal-web/src/assets/icons/filterInactive.svg": {"path":"/Users/sukesh/Documents/Natterbox/Code/portal-web-ui/portal-web/src/assets/icons/filterInactive.svg","statementMap":{"0":{"start":{"line":1,"column":14},"end":{"line":1,"column":30}},"1":{"start":{"line":2,"column":6},"end":{"line":16,"column":8}},"2":{"start":{"line":6,"column":10},"end":{"line":14,"column":12}}},"fnMap":{"0":{"name":"SvgFilterInactive","decl":{"start":{"line":5,"column":50},"end":{"line":5,"column":67}},"loc":{"start":{"line":5,"column":80},"end":{"line":15,"column":9}},"line":5}},"branchMap":{},"s":{"0":7,"1":7,"2":0},"f":{"0":0},"b":{},"_coverageSchema":"43e27e138ebf9cfc5966b082cf9a028302ed4184","hash":"b82c8a4379289096a6b0236607adc44591636c7f"}
,"/Users/sukesh/Documents/Natterbox/Code/portal-web-ui/portal-web/src/assets/icons/playback-backward.svg": {"path":"/Users/sukesh/Documents/Natterbox/Code/portal-web-ui/portal-web/src/assets/icons/playback-backward.svg","statementMap":{"0":{"start":{"line":1,"column":14},"end":{"line":1,"column":30}},"1":{"start":{"line":2,"column":6},"end":{"line":16,"column":8}},"2":{"start":{"line":6,"column":10},"end":{"line":14,"column":12}}},"fnMap":{"0":{"name":"SvgPlaybackBackward","decl":{"start":{"line":5,"column":50},"end":{"line":5,"column":69}},"loc":{"start":{"line":5,"column":82},"end":{"line":15,"column":9}},"line":5}},"branchMap":{},"s":{"0":7,"1":7,"2":0},"f":{"0":0},"b":{},"_coverageSchema":"43e27e138ebf9cfc5966b082cf9a028302ed4184","hash":"eb9e19557a71464e3278b02eb9e4bb2b0ae9c3a5"}
,"/Users/sukesh/Documents/Natterbox/Code/portal-web-ui/portal-web/src/assets/icons/playback-forward.svg": {"path":"/Users/sukesh/Documents/Natterbox/Code/portal-web-ui/portal-web/src/assets/icons/playback-forward.svg","statementMap":{"0":{"start":{"line":1,"column":14},"end":{"line":1,"column":30}},"1":{"start":{"line":2,"column":6},"end":{"line":16,"column":8}},"2":{"start":{"line":6,"column":10},"end":{"line":14,"column":12}}},"fnMap":{"0":{"name":"SvgPlaybackForward","decl":{"start":{"line":5,"column":50},"end":{"line":5,"column":68}},"loc":{"start":{"line":5,"column":81},"end":{"line":15,"column":9}},"line":5}},"branchMap":{},"s":{"0":7,"1":7,"2":0},"f":{"0":0},"b":{},"_coverageSchema":"43e27e138ebf9cfc5966b082cf9a028302ed4184","hash":"0b2d0f20eef00d1321af6d2b9ba05852555b5d4f"}
,"/Users/sukesh/Documents/Natterbox/Code/portal-web-ui/portal-web/src/assets/icons/plus.svg": {"path":"/Users/sukesh/Documents/Natterbox/Code/portal-web-ui/portal-web/src/assets/icons/plus.svg","statementMap":{"0":{"start":{"line":1,"column":14},"end":{"line":1,"column":30}},"1":{"start":{"line":2,"column":6},"end":{"line":16,"column":8}},"2":{"start":{"line":6,"column":10},"end":{"line":14,"column":12}}},"fnMap":{"0":{"name":"SvgPlus","decl":{"start":{"line":5,"column":50},"end":{"line":5,"column":57}},"loc":{"start":{"line":5,"column":70},"end":{"line":15,"column":9}},"line":5}},"branchMap":{},"s":{"0":7,"1":7,"2":0},"f":{"0":0},"b":{},"_coverageSchema":"43e27e138ebf9cfc5966b082cf9a028302ed4184","hash":"981d4b1237096b09ab0b2755a78d690b8de71dfe"}
,"/Users/sukesh/Documents/Natterbox/Code/portal-web-ui/portal-web/src/assets/icons/settings.svg": {"path":"/Users/sukesh/Documents/Natterbox/Code/portal-web-ui/portal-web/src/assets/icons/settings.svg","statementMap":{"0":{"start":{"line":1,"column":14},"end":{"line":1,"column":30}},"1":{"start":{"line":2,"column":6},"end":{"line":16,"column":8}},"2":{"start":{"line":6,"column":10},"end":{"line":14,"column":12}}},"fnMap":{"0":{"name":"SvgSettings","decl":{"start":{"line":5,"column":50},"end":{"line":5,"column":61}},"loc":{"start":{"line":5,"column":74},"end":{"line":15,"column":9}},"line":5}},"branchMap":{},"s":{"0":7,"1":7,"2":0},"f":{"0":0},"b":{},"_coverageSchema":"43e27e138ebf9cfc5966b082cf9a028302ed4184","hash":"083019ca3faac144152aaee0d6c4544df9fa9580"}
,"/Users/sukesh/Documents/Natterbox/Code/portal-web-ui/portal-web/src/components/AccountSettings/components/Accounts/AccountQueries.ts": {"path":"/Users/sukesh/Documents/Natterbox/Code/portal-web-ui/portal-web/src/components/AccountSettings/components/Accounts/AccountQueries.ts","statementMap":{"0":{"start":{"line":3,"column":36},"end":{"line":18,"column":1}},"1":{"start":{"line":20,"column":39},"end":{"line":31,"column":1}},"2":{"start":{"line":33,"column":39},"end":{"line":44,"column":1}}},"fnMap":{},"branchMap":{},"s":{"0":1,"1":1,"2":1},"f":{},"b":{},"_coverageSchema":"43e27e138ebf9cfc5966b082cf9a028302ed4184","hash":"e50b0e7360e156b90b1a46818564a0d10c3d47f9"}
,"/Users/sukesh/Documents/Natterbox/Code/portal-web-ui/portal-web/src/components/AccountSettings/components/Accounts/Accounts.tsx": {"path":"/Users/sukesh/Documents/Natterbox/Code/portal-web-ui/portal-web/src/components/AccountSettings/components/Accounts/Accounts.tsx","statementMap":{"0":{"start":{"line":18,"column":23},"end":{"line":21,"column":1}},"1":{"start":{"line":23,"column":24},"end":{"line":88,"column":1}},"2":{"start":{"line":24,"column":38},"end":{"line":24,"column":53}},"3":{"start":{"line":25,"column":42},"end":{"line":25,"column":74}},"4":{"start":{"line":29,"column":6},"end":{"line":29,"column":40}},"5":{"start":{"line":31,"column":2},"end":{"line":33,"column":8}},"6":{"start":{"line":32,"column":4},"end":{"line":32,"column":25}},"7":{"start":{"line":35,"column":23},"end":{"line":45,"column":3}},"8":{"start":{"line":36,"column":17},"end":{"line":36,"column":35}},"9":{"start":{"line":37,"column":4},"end":{"line":37,"column":25}},"10":{"start":{"line":39,"column":4},"end":{"line":41,"column":5}},"11":{"start":{"line":40,"column":6},"end":{"line":40,"column":27}},"12":{"start":{"line":48,"column":4},"end":{"line":52,"column":27}},"13":{"start":{"line":54,"column":2},"end":{"line":87,"column":3}},"14":{"start":{"line":60,"column":30},"end":{"line":60,"column":49}},"15":{"start":{"line":62,"column":8},"end":{"line":84,"column":14}},"16":{"start":{"line":72,"column":18},"end":{"line":72,"column":72}}},"fnMap":{"0":{"name":"(anonymous_0)","decl":{"start":{"line":23,"column":24},"end":{"line":23,"column":25}},"loc":{"start":{"line":23,"column":30},"end":{"line":88,"column":1}},"line":23},"1":{"name":"(anonymous_1)","decl":{"start":{"line":31,"column":12},"end":{"line":31,"column":13}},"loc":{"start":{"line":31,"column":18},"end":{"line":33,"column":3}},"line":31},"2":{"name":"(anonymous_2)","decl":{"start":{"line":35,"column":23},"end":{"line":35,"column":24}},"loc":{"start":{"line":35,"column":32},"end":{"line":45,"column":3}},"line":35},"3":{"name":"(anonymous_3)","decl":{"start":{"line":60,"column":24},"end":{"line":60,"column":25}},"loc":{"start":{"line":60,"column":30},"end":{"line":60,"column":49}},"line":60},"4":{"name":"(anonymous_4)","decl":{"start":{"line":61,"column":14},"end":{"line":61,"column":15}},"loc":{"start":{"line":62,"column":8},"end":{"line":84,"column":14}},"line":62},"5":{"name":"(anonymous_5)","decl":{"start":{"line":71,"column":49},"end":{"line":71,"column":50}},"loc":{"start":{"line":72,"column":18},"end":{"line":72,"column":72}},"line":72}},"branchMap":{"0":{"loc":{"start":{"line":39,"column":4},"end":{"line":41,"column":5}},"type":"if","locations":[{"start":{"line":39,"column":4},"end":{"line":41,"column":5}},{"start":{"line":39,"column":4},"end":{"line":41,"column":5}}],"line":39},"1":{"loc":{"start":{"line":48,"column":4},"end":{"line":52,"column":27}},"type":"binary-expr","locations":[{"start":{"line":48,"column":4},"end":{"line":48,"column":10}},{"start":{"line":49,"column":4},"end":{"line":49,"column":12}},{"start":{"line":50,"column":4},"end":{"line":50,"column":10}},{"start":{"line":51,"column":4},"end":{"line":51,"column":25}},{"start":{"line":52,"column":4},"end":{"line":52,"column":27}}],"line":48},"2":{"loc":{"start":{"line":56,"column":17},"end":{"line":56,"column":38}},"type":"binary-expr","locations":[{"start":{"line":56,"column":17},"end":{"line":56,"column":23}},{"start":{"line":56,"column":27},"end":{"line":56,"column":38}}],"line":56},"3":{"loc":{"start":{"line":58,"column":19},"end":{"line":58,"column":36}},"type":"binary-expr","locations":[{"start":{"line":58,"column":19},"end":{"line":58,"column":25}},{"start":{"line":58,"column":29},"end":{"line":58,"column":36}}],"line":58},"4":{"loc":{"start":{"line":76,"column":13},"end":{"line":82,"column":13}},"type":"binary-expr","locations":[{"start":{"line":76,"column":13},"end":{"line":76,"column":34}},{"start":{"line":77,"column":14},"end":{"line":81,"column":16}}],"line":76}},"s":{"0":0,"1":0,"2":0,"3":0,"4":0,"5":0,"6":0,"7":0,"8":0,"9":0,"10":0,"11":0,"12":0,"13":0,"14":0,"15":0,"16":0},"f":{"0":0,"1":0,"2":0,"3":0,"4":0,"5":0},"b":{"0":[0,0],"1":[0,0,0,0,0],"2":[0,0],"3":[0,0],"4":[0,0]},"hash":"8e663f7395140ae2c8f28a208182c2551145e396"}
,"/Users/sukesh/Documents/Natterbox/Code/portal-web-ui/portal-web/src/components/AccountSettings/components/Accounts/Accounts.type.ts": {"path":"/Users/sukesh/Documents/Natterbox/Code/portal-web-ui/portal-web/src/components/AccountSettings/components/Accounts/Accounts.type.ts","statementMap":{},"fnMap":{},"branchMap":{},"s":{},"f":{},"b":{},"hash":"8e4387f555c3d201000e7cabf206cee2b3a8d135"}
,"/Users/sukesh/Documents/Natterbox/Code/portal-web-ui/portal-web/src/components/AccountSettings/components/Accounts/components/GeneralSettings.tsx": {"path":"/Users/sukesh/Documents/Natterbox/Code/portal-web-ui/portal-web/src/components/AccountSettings/components/Accounts/components/GeneralSettings.tsx","statementMap":{"0":{"start":{"line":36,"column":23},"end":{"line":54,"column":1}},"1":{"start":{"line":37,"column":2},"end":{"line":53,"column":3}},"2":{"start":{"line":39,"column":6},"end":{"line":41,"column":8}},"3":{"start":{"line":40,"column":8},"end":{"line":40,"column":57}},"4":{"start":{"line":43,"column":6},"end":{"line":45,"column":62}},"5":{"start":{"line":45,"column":21},"end":{"line":45,"column":61}},"6":{"start":{"line":47,"column":6},"end":{"line":49,"column":8}},"7":{"start":{"line":48,"column":8},"end":{"line":48,"column":74}},"8":{"start":{"line":52,"column":6},"end":{"line":52,"column":32}},"9":{"start":{"line":56,"column":15},"end":{"line":60,"column":1}},"10":{"start":{"line":62,"column":51},"end":{"line":364,"column":1}},"11":{"start":{"line":67,"column":46},"end":{"line":73,"column":4}},"12":{"start":{"line":75,"column":36},"end":{"line":83,"column":4}},"13":{"start":{"line":85,"column":55},"end":{"line":99,"column":3}},"14":{"start":{"line":89,"column":8},"end":{"line":89,"column":25}},"15":{"start":{"line":90,"column":28},"end":{"line":90,"column":54}},"16":{"start":{"line":91,"column":8},"end":{"line":96,"column":10}},"17":{"start":{"line":101,"column":55},"end":{"line":116,"column":3}},"18":{"start":{"line":105,"column":8},"end":{"line":105,"column":25}},"19":{"start":{"line":106,"column":28},"end":{"line":106,"column":54}},"20":{"start":{"line":108,"column":8},"end":{"line":113,"column":10}},"21":{"start":{"line":118,"column":20},"end":{"line":126,"column":3}},"22":{"start":{"line":119,"column":4},"end":{"line":125,"column":6}},"23":{"start":{"line":128,"column":2},"end":{"line":130,"column":17}},"24":{"start":{"line":129,"column":4},"end":{"line":129,"column":15}},"25":{"start":{"line":132,"column":22},"end":{"line":144,"column":3}},"26":{"start":{"line":132,"column":45},"end":{"line":144,"column":3}},"27":{"start":{"line":133,"column":4},"end":{"line":143,"column":5}},"28":{"start":{"line":134,"column":6},"end":{"line":137,"column":8}},"29":{"start":{"line":139,"column":6},"end":{"line":142,"column":8}},"30":{"start":{"line":146,"column":29},"end":{"line":161,"column":3}},"31":{"start":{"line":147,"column":4},"end":{"line":160,"column":22}},"32":{"start":{"line":163,"column":22},"end":{"line":167,"column":5}},"33":{"start":{"line":164,"column":4},"end":{"line":167,"column":5}},"34":{"start":{"line":165,"column":25},"end":{"line":165,"column":70}},"35":{"start":{"line":169,"column":21},"end":{"line":194,"column":3}},"36":{"start":{"line":170,"column":4},"end":{"line":178,"column":5}},"37":{"start":{"line":171,"column":6},"end":{"line":176,"column":8}},"38":{"start":{"line":177,"column":6},"end":{"line":177,"column":18}},"39":{"start":{"line":180,"column":21},"end":{"line":185,"column":5}},"40":{"start":{"line":187,"column":4},"end":{"line":191,"column":22}},"41":{"start":{"line":193,"column":4},"end":{"line":193,"column":15}},"42":{"start":{"line":196,"column":54},"end":{"line":196,"column":68}},"43":{"start":{"line":198,"column":26},"end":{"line":200,"column":27}},"44":{"start":{"line":199,"column":19},"end":{"line":199,"column":40}},"45":{"start":{"line":200,"column":16},"end":{"line":200,"column":26}},"46":{"start":{"line":202,"column":23},"end":{"line":202,"column":53}},"47":{"start":{"line":204,"column":26},"end":{"line":213,"column":3}},"48":{"start":{"line":205,"column":4},"end":{"line":212,"column":13}},"49":{"start":{"line":215,"column":2},"end":{"line":363,"column":3}},"50":{"start":{"line":228,"column":12},"end":{"line":247,"column":23}},"51":{"start":{"line":298,"column":20},"end":{"line":298,"column":59}},"52":{"start":{"line":339,"column":16},"end":{"line":344,"column":18}},"53":{"start":{"line":345,"column":16},"end":{"line":345,"column":27}}},"fnMap":{"0":{"name":"(anonymous_0)","decl":{"start":{"line":36,"column":23},"end":{"line":36,"column":24}},"loc":{"start":{"line":36,"column":40},"end":{"line":54,"column":1}},"line":36},"1":{"name":"(anonymous_1)","decl":{"start":{"line":39,"column":30},"end":{"line":39,"column":31}},"loc":{"start":{"line":40,"column":8},"end":{"line":40,"column":57}},"line":40},"2":{"name":"(anonymous_2)","decl":{"start":{"line":45,"column":13},"end":{"line":45,"column":14}},"loc":{"start":{"line":45,"column":21},"end":{"line":45,"column":61}},"line":45},"3":{"name":"(anonymous_3)","decl":{"start":{"line":47,"column":53},"end":{"line":47,"column":54}},"loc":{"start":{"line":48,"column":8},"end":{"line":48,"column":74}},"line":48},"4":{"name":"(anonymous_4)","decl":{"start":{"line":62,"column":51},"end":{"line":62,"column":52}},"loc":{"start":{"line":66,"column":16},"end":{"line":364,"column":1}},"line":66},"5":{"name":"(anonymous_5)","decl":{"start":{"line":88,"column":6},"end":{"line":88,"column":7}},"loc":{"start":{"line":88,"column":24},"end":{"line":97,"column":7}},"line":88},"6":{"name":"(anonymous_6)","decl":{"start":{"line":104,"column":6},"end":{"line":104,"column":7}},"loc":{"start":{"line":104,"column":24},"end":{"line":114,"column":7}},"line":104},"7":{"name":"(anonymous_7)","decl":{"start":{"line":118,"column":20},"end":{"line":118,"column":21}},"loc":{"start":{"line":118,"column":26},"end":{"line":126,"column":3}},"line":118},"8":{"name":"(anonymous_8)","decl":{"start":{"line":128,"column":12},"end":{"line":128,"column":13}},"loc":{"start":{"line":128,"column":18},"end":{"line":130,"column":3}},"line":128},"9":{"name":"(anonymous_9)","decl":{"start":{"line":132,"column":22},"end":{"line":132,"column":23}},"loc":{"start":{"line":132,"column":45},"end":{"line":144,"column":3}},"line":132},"10":{"name":"(anonymous_10)","decl":{"start":{"line":132,"column":45},"end":{"line":132,"column":46}},"loc":{"start":{"line":132,"column":50},"end":{"line":144,"column":3}},"line":132},"11":{"name":"(anonymous_11)","decl":{"start":{"line":146,"column":29},"end":{"line":146,"column":30}},"loc":{"start":{"line":146,"column":35},"end":{"line":161,"column":3}},"line":146},"12":{"name":"(anonymous_12)","decl":{"start":{"line":160,"column":13},"end":{"line":160,"column":14}},"loc":{"start":{"line":160,"column":19},"end":{"line":160,"column":21}},"line":160},"13":{"name":"(anonymous_13)","decl":{"start":{"line":163,"column":22},"end":{"line":163,"column":23}},"loc":{"start":{"line":164,"column":4},"end":{"line":167,"column":5}},"line":164},"14":{"name":"(anonymous_14)","decl":{"start":{"line":165,"column":6},"end":{"line":165,"column":7}},"loc":{"start":{"line":165,"column":25},"end":{"line":165,"column":70}},"line":165},"15":{"name":"(anonymous_15)","decl":{"start":{"line":169,"column":21},"end":{"line":169,"column":22}},"loc":{"start":{"line":169,"column":27},"end":{"line":194,"column":3}},"line":169},"16":{"name":"(anonymous_16)","decl":{"start":{"line":191,"column":13},"end":{"line":191,"column":14}},"loc":{"start":{"line":191,"column":19},"end":{"line":191,"column":21}},"line":191},"17":{"name":"(anonymous_17)","decl":{"start":{"line":199,"column":12},"end":{"line":199,"column":13}},"loc":{"start":{"line":199,"column":19},"end":{"line":199,"column":40}},"line":199},"18":{"name":"(anonymous_18)","decl":{"start":{"line":200,"column":9},"end":{"line":200,"column":10}},"loc":{"start":{"line":200,"column":16},"end":{"line":200,"column":26}},"line":200},"19":{"name":"(anonymous_19)","decl":{"start":{"line":204,"column":26},"end":{"line":204,"column":27}},"loc":{"start":{"line":205,"column":4},"end":{"line":212,"column":13}},"line":205},"20":{"name":"(anonymous_20)","decl":{"start":{"line":227,"column":16},"end":{"line":227,"column":17}},"loc":{"start":{"line":228,"column":12},"end":{"line":247,"column":23}},"line":228},"21":{"name":"(anonymous_21)","decl":{"start":{"line":297,"column":39},"end":{"line":297,"column":40}},"loc":{"start":{"line":298,"column":20},"end":{"line":298,"column":59}},"line":298},"22":{"name":"(anonymous_22)","decl":{"start":{"line":338,"column":49},"end":{"line":338,"column":50}},"loc":{"start":{"line":338,"column":55},"end":{"line":346,"column":15}},"line":338}},"branchMap":{"0":{"loc":{"start":{"line":37,"column":2},"end":{"line":53,"column":3}},"type":"switch","locations":[{"start":{"line":38,"column":4},"end":{"line":41,"column":8}},{"start":{"line":42,"column":4},"end":{"line":45,"column":62}},{"start":{"line":46,"column":4},"end":{"line":49,"column":8}},{"start":{"line":51,"column":4},"end":{"line":52,"column":32}}],"line":37},"1":{"loc":{"start":{"line":133,"column":4},"end":{"line":143,"column":5}},"type":"if","locations":[{"start":{"line":133,"column":4},"end":{"line":143,"column":5}},{"start":{"line":133,"column":4},"end":{"line":143,"column":5}}],"line":133},"2":{"loc":{"start":{"line":165,"column":25},"end":{"line":165,"column":70}},"type":"binary-expr","locations":[{"start":{"line":165,"column":25},"end":{"line":165,"column":28}},{"start":{"line":165,"column":32},"end":{"line":165,"column":48}},{"start":{"line":165,"column":52},"end":{"line":165,"column":70}}],"line":165},"3":{"loc":{"start":{"line":170,"column":4},"end":{"line":178,"column":5}},"type":"if","locations":[{"start":{"line":170,"column":4},"end":{"line":178,"column":5}},{"start":{"line":170,"column":4},"end":{"line":178,"column":5}}],"line":170},"4":{"loc":{"start":{"line":182,"column":10},"end":{"line":184,"column":12}},"type":"cond-expr","locations":[{"start":{"line":183,"column":10},"end":{"line":183,"column":75}},{"start":{"line":184,"column":10},"end":{"line":184,"column":12}}],"line":182},"5":{"loc":{"start":{"line":198,"column":27},"end":{"line":198,"column":40}},"type":"binary-expr","locations":[{"start":{"line":198,"column":27},"end":{"line":198,"column":34}},{"start":{"line":198,"column":38},"end":{"line":198,"column":40}}],"line":198},"6":{"loc":{"start":{"line":202,"column":23},"end":{"line":202,"column":53}},"type":"binary-expr","locations":[{"start":{"line":202,"column":23},"end":{"line":202,"column":36}},{"start":{"line":202,"column":40},"end":{"line":202,"column":53}}],"line":202},"7":{"loc":{"start":{"line":270,"column":29},"end":{"line":270,"column":53}},"type":"binary-expr","locations":[{"start":{"line":270,"column":29},"end":{"line":270,"column":44}},{"start":{"line":270,"column":48},"end":{"line":270,"column":53}}],"line":270},"8":{"loc":{"start":{"line":295,"column":28},"end":{"line":295,"column":60}},"type":"binary-expr","locations":[{"start":{"line":295,"column":28},"end":{"line":295,"column":40}},{"start":{"line":295,"column":44},"end":{"line":295,"column":60}}],"line":295},"9":{"loc":{"start":{"line":301,"column":17},"end":{"line":327,"column":17}},"type":"binary-expr","locations":[{"start":{"line":301,"column":17},"end":{"line":301,"column":41}},{"start":{"line":302,"column":18},"end":{"line":326,"column":21}}],"line":301},"10":{"loc":{"start":{"line":334,"column":16},"end":{"line":334,"column":59}},"type":"cond-expr","locations":[{"start":{"line":334,"column":32},"end":{"line":334,"column":41}},{"start":{"line":334,"column":44},"end":{"line":334,"column":59}}],"line":334},"11":{"loc":{"start":{"line":347,"column":31},"end":{"line":347,"column":64}},"type":"cond-expr","locations":[{"start":{"line":347,"column":47},"end":{"line":347,"column":55}},{"start":{"line":347,"column":58},"end":{"line":347,"column":64}}],"line":347},"12":{"loc":{"start":{"line":352,"column":15},"end":{"line":357,"column":15}},"type":"binary-expr","locations":[{"start":{"line":352,"column":15},"end":{"line":352,"column":29}},{"start":{"line":353,"column":16},"end":{"line":356,"column":18}}],"line":352}},"s":{"0":1,"1":9,"2":3,"3":108,"4":3,"5":1779,"6":3,"7":372,"8":0,"9":1,"10":1,"11":3,"12":3,"13":3,"14":0,"15":0,"16":0,"17":3,"18":0,"19":0,"20":0,"21":3,"22":1,"23":3,"24":1,"25":3,"26":15,"27":1,"28":1,"29":0,"30":3,"31":0,"32":3,"33":0,"34":0,"35":3,"36":0,"37":0,"38":0,"39":0,"40":0,"41":0,"42":3,"43":3,"44":18,"45":6,"46":3,"47":3,"48":9,"49":3,"50":9,"51":6,"52":0,"53":0},"f":{"0":9,"1":108,"2":1779,"3":372,"4":3,"5":0,"6":0,"7":1,"8":1,"9":15,"10":1,"11":0,"12":0,"13":0,"14":0,"15":0,"16":0,"17":18,"18":6,"19":9,"20":9,"21":6,"22":0},"b":{"0":[3,3,3,0],"1":[1,0],"2":[0,0,0],"3":[0,0],"4":[0,0],"5":[3,0],"6":[3,3],"7":[3,1],"8":[3,3],"9":[3,0],"10":[0,3],"11":[0,3],"12":[3,0]},"_coverageSchema":"43e27e138ebf9cfc5966b082cf9a028302ed4184","hash":"80a12871196a2eadda18152afcaeec8135d8c1b5"}
,"/Users/sukesh/Documents/Natterbox/Code/portal-web-ui/portal-web/src/components/AccountSettings/components/Assets/index.tsx": {"path":"/Users/sukesh/Documents/Natterbox/Code/portal-web-ui/portal-web/src/components/AccountSettings/components/Assets/index.tsx","statementMap":{"0":{"start":{"line":3,"column":22},"end":{"line":3,"column":45}},"1":{"start":{"line":3,"column":28},"end":{"line":3,"column":45}}},"fnMap":{"0":{"name":"(anonymous_0)","decl":{"start":{"line":3,"column":22},"end":{"line":3,"column":23}},"loc":{"start":{"line":3,"column":28},"end":{"line":3,"column":45}},"line":3}},"branchMap":{},"s":{"0":0,"1":0},"f":{"0":0},"b":{},"hash":"8ab03d04a344ff716effa1b00b6639229adfd673"}
,"/Users/sukesh/Documents/Natterbox/Code/portal-web-ui/portal-web/src/components/Devices/components/Device.type.ts": {"path":"/Users/sukesh/Documents/Natterbox/Code/portal-web-ui/portal-web/src/components/Devices/components/Device.type.ts","statementMap":{},"fnMap":{},"branchMap":{},"s":{},"f":{},"b":{},"hash":"4dc4e1f2899ab62a5a7adeeca6a7ca58970d35f7"}
,"/Users/sukesh/Documents/Natterbox/Code/portal-web-ui/portal-web/src/components/Devices/components/DeviceColProps.tsx": {"path":"/Users/sukesh/Documents/Natterbox/Code/portal-web-ui/portal-web/src/components/Devices/components/DeviceColProps.tsx","statementMap":{"0":{"start":{"line":9,"column":51},"end":{"line":43,"column":1}},"1":{"start":{"line":22,"column":6},"end":{"line":22,"column":37}},"2":{"start":{"line":22,"column":28},"end":{"line":22,"column":37}},"3":{"start":{"line":24,"column":20},"end":{"line":24,"column":30}},"4":{"start":{"line":25,"column":22},"end":{"line":25,"column":39}},"5":{"start":{"line":27,"column":6},"end":{"line":40,"column":7}}},"fnMap":{"0":{"name":"(anonymous_0)","decl":{"start":{"line":21,"column":12},"end":{"line":21,"column":13}},"loc":{"start":{"line":21,"column":23},"end":{"line":41,"column":5}},"line":21}},"branchMap":{"0":{"loc":{"start":{"line":22,"column":6},"end":{"line":22,"column":37}},"type":"if","locations":[{"start":{"line":22,"column":6},"end":{"line":22,"column":37}},{"start":{"line":22,"column":6},"end":{"line":22,"column":37}}],"line":22},"1":{"loc":{"start":{"line":30,"column":18},"end":{"line":30,"column":73}},"type":"cond-expr","locations":[{"start":{"line":30,"column":44},"end":{"line":30,"column":62}},{"start":{"line":30,"column":65},"end":{"line":30,"column":73}}],"line":30},"2":{"loc":{"start":{"line":36,"column":11},"end":{"line":38,"column":72}},"type":"cond-expr","locations":[{"start":{"line":37,"column":14},"end":{"line":37,"column":23}},{"start":{"line":38,"column":14},"end":{"line":38,"column":72}}],"line":36}},"s":{"0":1,"1":100,"2":96,"3":4,"4":4,"5":4},"f":{"0":100},"b":{"0":[96,4],"1":[4,0],"2":[4,0]},"_coverageSchema":"43e27e138ebf9cfc5966b082cf9a028302ed4184","hash":"44fe4504d77ca9b5c8b16a78bd37a2b5bf689e8f"}
,"/Users/sukesh/Documents/Natterbox/Code/portal-web-ui/portal-web/src/components/Devices/components/DeviceList.tsx": {"path":"/Users/sukesh/Documents/Natterbox/Code/portal-web-ui/portal-web/src/components/Devices/components/DeviceList.tsx","statementMap":{"0":{"start":{"line":19,"column":26},"end":{"line":117,"column":1}},"1":{"start":{"line":20,"column":38},"end":{"line":20,"column":53}},"2":{"start":{"line":21,"column":26},"end":{"line":21,"column":37}},"3":{"start":{"line":22,"column":40},"end":{"line":22,"column":53}},"4":{"start":{"line":23,"column":38},"end":{"line":23,"column":53}},"5":{"start":{"line":24,"column":38},"end":{"line":27,"column":4}},"6":{"start":{"line":29,"column":44},"end":{"line":29,"column":69}},"7":{"start":{"line":32,"column":4},"end":{"line":32,"column":73}},"8":{"start":{"line":34,"column":27},"end":{"line":36,"column":3}},"9":{"start":{"line":35,"column":4},"end":{"line":35,"column":20}},"10":{"start":{"line":38,"column":34},"end":{"line":41,"column":3}},"11":{"start":{"line":39,"column":4},"end":{"line":39,"column":52}},"12":{"start":{"line":40,"column":4},"end":{"line":40,"column":14}},"13":{"start":{"line":43,"column":30},"end":{"line":48,"column":3}},"14":{"start":{"line":44,"column":4},"end":{"line":47,"column":6}},"15":{"start":{"line":50,"column":20},"end":{"line":53,"column":3}},"16":{"start":{"line":55,"column":23},"end":{"line":57,"column":3}},"17":{"start":{"line":56,"column":32},"end":{"line":56,"column":51}},"18":{"start":{"line":59,"column":23},"end":{"line":59,"column":38}},"19":{"start":{"line":61,"column":2},"end":{"line":116,"column":3}},"20":{"start":{"line":68,"column":29},"end":{"line":68,"column":48}},"21":{"start":{"line":98,"column":33},"end":{"line":98,"column":53}},"22":{"start":{"line":99,"column":33},"end":{"line":99,"column":42}},"23":{"start":{"line":106,"column":16},"end":{"line":109,"column":18}}},"fnMap":{"0":{"name":"(anonymous_0)","decl":{"start":{"line":19,"column":26},"end":{"line":19,"column":27}},"loc":{"start":{"line":19,"column":32},"end":{"line":117,"column":1}},"line":19},"1":{"name":"(anonymous_1)","decl":{"start":{"line":34,"column":27},"end":{"line":34,"column":28}},"loc":{"start":{"line":34,"column":47},"end":{"line":36,"column":3}},"line":34},"2":{"name":"(anonymous_2)","decl":{"start":{"line":38,"column":34},"end":{"line":38,"column":35}},"loc":{"start":{"line":38,"column":43},"end":{"line":41,"column":3}},"line":38},"3":{"name":"(anonymous_3)","decl":{"start":{"line":43,"column":30},"end":{"line":43,"column":31}},"loc":{"start":{"line":43,"column":35},"end":{"line":48,"column":3}},"line":43},"4":{"name":"(anonymous_4)","decl":{"start":{"line":56,"column":26},"end":{"line":56,"column":27}},"loc":{"start":{"line":56,"column":32},"end":{"line":56,"column":51}},"line":56},"5":{"name":"(anonymous_5)","decl":{"start":{"line":68,"column":23},"end":{"line":68,"column":24}},"loc":{"start":{"line":68,"column":29},"end":{"line":68,"column":48}},"line":68},"6":{"name":"(anonymous_6)","decl":{"start":{"line":98,"column":27},"end":{"line":98,"column":28}},"loc":{"start":{"line":98,"column":33},"end":{"line":98,"column":53}},"line":98},"7":{"name":"(anonymous_7)","decl":{"start":{"line":99,"column":27},"end":{"line":99,"column":28}},"loc":{"start":{"line":99,"column":33},"end":{"line":99,"column":42}},"line":99},"8":{"name":"(anonymous_8)","decl":{"start":{"line":105,"column":27},"end":{"line":105,"column":28}},"loc":{"start":{"line":106,"column":16},"end":{"line":109,"column":18}},"line":106}},"branchMap":{"0":{"loc":{"start":{"line":32,"column":4},"end":{"line":32,"column":73}},"type":"cond-expr","locations":[{"start":{"line":32,"column":56},"end":{"line":32,"column":68}},{"start":{"line":32,"column":71},"end":{"line":32,"column":73}}],"line":32},"1":{"loc":{"start":{"line":32,"column":4},"end":{"line":32,"column":53}},"type":"binary-expr","locations":[{"start":{"line":32,"column":4},"end":{"line":32,"column":8}},{"start":{"line":32,"column":12},"end":{"line":32,"column":24}},{"start":{"line":32,"column":28},"end":{"line":32,"column":53}}],"line":32},"2":{"loc":{"start":{"line":63,"column":7},"end":{"line":63,"column":69}},"type":"binary-expr","locations":[{"start":{"line":63,"column":7},"end":{"line":63,"column":14}},{"start":{"line":63,"column":18},"end":{"line":63,"column":69}}],"line":63},"3":{"loc":{"start":{"line":64,"column":7},"end":{"line":70,"column":7}},"type":"binary-expr","locations":[{"start":{"line":64,"column":7},"end":{"line":64,"column":12}},{"start":{"line":65,"column":8},"end":{"line":69,"column":10}}],"line":64},"4":{"loc":{"start":{"line":67,"column":16},"end":{"line":67,"column":37}},"type":"binary-expr","locations":[{"start":{"line":67,"column":16},"end":{"line":67,"column":22}},{"start":{"line":67,"column":26},"end":{"line":67,"column":37}}],"line":67},"5":{"loc":{"start":{"line":71,"column":7},"end":{"line":114,"column":7}},"type":"binary-expr","locations":[{"start":{"line":71,"column":7},"end":{"line":71,"column":15}},{"start":{"line":71,"column":19},"end":{"line":71,"column":25}},{"start":{"line":72,"column":8},"end":{"line":113,"column":11}}],"line":71},"6":{"loc":{"start":{"line":76,"column":16},"end":{"line":81,"column":32}},"type":"cond-expr","locations":[{"start":{"line":77,"column":20},"end":{"line":80,"column":21}},{"start":{"line":81,"column":20},"end":{"line":81,"column":32}}],"line":76},"7":{"loc":{"start":{"line":76,"column":16},"end":{"line":76,"column":41}},"type":"binary-expr","locations":[{"start":{"line":76,"column":16},"end":{"line":76,"column":20}},{"start":{"line":76,"column":24},"end":{"line":76,"column":41}}],"line":76},"8":{"loc":{"start":{"line":79,"column":26},"end":{"line":79,"column":64}},"type":"cond-expr","locations":[{"start":{"line":79,"column":46},"end":{"line":79,"column":59}},{"start":{"line":79,"column":62},"end":{"line":79,"column":64}}],"line":79},"9":{"loc":{"start":{"line":96,"column":11},"end":{"line":101,"column":11}},"type":"binary-expr","locations":[{"start":{"line":96,"column":11},"end":{"line":96,"column":21}},{"start":{"line":97,"column":12},"end":{"line":100,"column":14}}],"line":96},"10":{"loc":{"start":{"line":102,"column":11},"end":{"line":112,"column":11}},"type":"binary-expr","locations":[{"start":{"line":102,"column":11},"end":{"line":102,"column":26}},{"start":{"line":103,"column":12},"end":{"line":111,"column":14}}],"line":102}},"s":{"0":1,"1":4,"2":4,"3":4,"4":4,"5":4,"6":4,"7":4,"8":4,"9":0,"10":4,"11":0,"12":0,"13":4,"14":0,"15":4,"16":4,"17":0,"18":4,"19":4,"20":0,"21":0,"22":0,"23":0},"f":{"0":4,"1":0,"2":0,"3":0,"4":0,"5":0,"6":0,"7":0,"8":0},"b":{"0":[1,3],"1":[4,1,1],"2":[4,2],"3":[4,1],"4":[1,1],"5":[4,2,1],"6":[1,0],"7":[1,1],"8":[1,0],"9":[1,0],"10":[1,0]},"_coverageSchema":"43e27e138ebf9cfc5966b082cf9a028302ed4184","hash":"7c784f9c99828aadc0214d342beaed27740b5d4f"}
,"/Users/sukesh/Documents/Natterbox/Code/portal-web-ui/portal-web/src/components/Devices/components/DeviceQueries.ts": {"path":"/Users/sukesh/Documents/Natterbox/Code/portal-web-ui/portal-web/src/components/Devices/components/DeviceQueries.ts","statementMap":{"0":{"start":{"line":3,"column":31},"end":{"line":11,"column":1}},"1":{"start":{"line":13,"column":27},"end":{"line":23,"column":1}},"2":{"start":{"line":25,"column":29},"end":{"line":34,"column":1}},"3":{"start":{"line":36,"column":29},"end":{"line":46,"column":1}}},"fnMap":{},"branchMap":{},"s":{"0":2,"1":2,"2":2,"3":2},"f":{},"b":{},"_coverageSchema":"43e27e138ebf9cfc5966b082cf9a028302ed4184","hash":"b09876f5431906c9abbd052bae7ce7daf64694b7"}
,"/Users/sukesh/Documents/Natterbox/Code/portal-web-ui/portal-web/src/components/Devices/components/DeviceCreate/DeviceCreate.tsx": {"path":"/Users/sukesh/Documents/Natterbox/Code/portal-web-ui/portal-web/src/components/Devices/components/DeviceCreate/DeviceCreate.tsx","statementMap":{"0":{"start":{"line":15,"column":28},"end":{"line":38,"column":1}},"1":{"start":{"line":16,"column":2},"end":{"line":37,"column":3}}},"fnMap":{"0":{"name":"(anonymous_0)","decl":{"start":{"line":15,"column":28},"end":{"line":15,"column":29}},"loc":{"start":{"line":15,"column":72},"end":{"line":38,"column":1}},"line":15}},"branchMap":{},"s":{"0":2,"1":1},"f":{"0":1},"b":{},"_coverageSchema":"43e27e138ebf9cfc5966b082cf9a028302ed4184","hash":"aa3045154e677872f5fe19c9251109c48fd5286f"}
,"/Users/sukesh/Documents/Natterbox/Code/portal-web-ui/portal-web/src/components/Devices/components/DeviceCreate/GeneralSettingsCreate.tsx": {"path":"/Users/sukesh/Documents/Natterbox/Code/portal-web-ui/portal-web/src/components/Devices/components/DeviceCreate/GeneralSettingsCreate.tsx","statementMap":{"0":{"start":{"line":17,"column":27},"end":{"line":22,"column":1}},"1":{"start":{"line":33,"column":50},"end":{"line":223,"column":1}},"2":{"start":{"line":34,"column":28},"end":{"line":34,"column":69}},"3":{"start":{"line":36,"column":48},"end":{"line":36,"column":63}},"4":{"start":{"line":45,"column":6},"end":{"line":49,"column":4}},"5":{"start":{"line":47,"column":6},"end":{"line":47,"column":19}},"6":{"start":{"line":52,"column":32},"end":{"line":60,"column":3}},"7":{"start":{"line":53,"column":4},"end":{"line":53,"column":40}},"8":{"start":{"line":56,"column":4},"end":{"line":59,"column":6}},"9":{"start":{"line":63,"column":22},"end":{"line":75,"column":3}},"10":{"start":{"line":64,"column":4},"end":{"line":68,"column":8}},"11":{"start":{"line":65,"column":6},"end":{"line":68,"column":8}},"12":{"start":{"line":70,"column":4},"end":{"line":74,"column":8}},"13":{"start":{"line":71,"column":6},"end":{"line":74,"column":8}},"14":{"start":{"line":78,"column":24},"end":{"line":86,"column":3}},"15":{"start":{"line":79,"column":4},"end":{"line":85,"column":22}},"16":{"start":{"line":88,"column":23},"end":{"line":88,"column":70}},"17":{"start":{"line":90,"column":59},"end":{"line":90,"column":64}},"18":{"start":{"line":92,"column":34},"end":{"line":100,"column":3}},"19":{"start":{"line":102,"column":2},"end":{"line":222,"column":3}}},"fnMap":{"0":{"name":"(anonymous_0)","decl":{"start":{"line":33,"column":50},"end":{"line":33,"column":51}},"loc":{"start":{"line":33,"column":71},"end":{"line":223,"column":1}},"line":33},"1":{"name":"(anonymous_1)","decl":{"start":{"line":46,"column":4},"end":{"line":46,"column":5}},"loc":{"start":{"line":46,"column":18},"end":{"line":48,"column":5}},"line":46},"2":{"name":"(anonymous_2)","decl":{"start":{"line":52,"column":32},"end":{"line":52,"column":33}},"loc":{"start":{"line":52,"column":37},"end":{"line":60,"column":3}},"line":52},"3":{"name":"(anonymous_3)","decl":{"start":{"line":63,"column":22},"end":{"line":63,"column":23}},"loc":{"start":{"line":63,"column":27},"end":{"line":75,"column":3}},"line":63},"4":{"name":"(anonymous_4)","decl":{"start":{"line":78,"column":24},"end":{"line":78,"column":25}},"loc":{"start":{"line":78,"column":30},"end":{"line":86,"column":3}},"line":78},"5":{"name":"(anonymous_5)","decl":{"start":{"line":85,"column":13},"end":{"line":85,"column":14}},"loc":{"start":{"line":85,"column":19},"end":{"line":85,"column":21}},"line":85}},"branchMap":{"0":{"loc":{"start":{"line":58,"column":20},"end":{"line":58,"column":47}},"type":"cond-expr","locations":[{"start":{"line":58,"column":38},"end":{"line":58,"column":40}},{"start":{"line":58,"column":43},"end":{"line":58,"column":47}}],"line":58},"1":{"loc":{"start":{"line":64,"column":4},"end":{"line":68,"column":8}},"type":"if","locations":[{"start":{"line":64,"column":4},"end":{"line":68,"column":8}},{"start":{"line":64,"column":4},"end":{"line":68,"column":8}}],"line":64},"2":{"loc":{"start":{"line":70,"column":4},"end":{"line":74,"column":8}},"type":"if","locations":[{"start":{"line":70,"column":4},"end":{"line":74,"column":8}},{"start":{"line":70,"column":4},"end":{"line":74,"column":8}}],"line":70},"3":{"loc":{"start":{"line":73,"column":25},"end":{"line":73,"column":70}},"type":"cond-expr","locations":[{"start":{"line":73,"column":49},"end":{"line":73,"column":63}},{"start":{"line":73,"column":66},"end":{"line":73,"column":70}}],"line":73},"4":{"loc":{"start":{"line":88,"column":23},"end":{"line":88,"column":70}},"type":"binary-expr","locations":[{"start":{"line":88,"column":23},"end":{"line":88,"column":47}},{"start":{"line":88,"column":51},"end":{"line":88,"column":70}}],"line":88},"5":{"loc":{"start":{"line":107,"column":7},"end":{"line":107,"column":60}},"type":"binary-expr","locations":[{"start":{"line":107,"column":7},"end":{"line":107,"column":24}},{"start":{"line":107,"column":28},"end":{"line":107,"column":60}}],"line":107},"6":{"loc":{"start":{"line":111,"column":11},"end":{"line":125,"column":11}},"type":"binary-expr","locations":[{"start":{"line":111,"column":11},"end":{"line":111,"column":27}},{"start":{"line":112,"column":12},"end":{"line":124,"column":14}}],"line":111},"7":{"loc":{"start":{"line":116,"column":21},"end":{"line":116,"column":60}},"type":"cond-expr","locations":[{"start":{"line":116,"column":43},"end":{"line":116,"column":45}},{"start":{"line":116,"column":48},"end":{"line":116,"column":60}}],"line":116},"8":{"loc":{"start":{"line":119,"column":24},"end":{"line":119,"column":67}},"type":"binary-expr","locations":[{"start":{"line":119,"column":24},"end":{"line":119,"column":51}},{"start":{"line":119,"column":55},"end":{"line":119,"column":67}}],"line":119},"9":{"loc":{"start":{"line":127,"column":11},"end":{"line":139,"column":11}},"type":"binary-expr","locations":[{"start":{"line":127,"column":11},"end":{"line":127,"column":26}},{"start":{"line":128,"column":12},"end":{"line":138,"column":14}}],"line":127},"10":{"loc":{"start":{"line":129,"column":24},"end":{"line":129,"column":61}},"type":"binary-expr","locations":[{"start":{"line":129,"column":24},"end":{"line":129,"column":45}},{"start":{"line":129,"column":49},"end":{"line":129,"column":61}}],"line":129},"11":{"loc":{"start":{"line":203,"column":9},"end":{"line":212,"column":9}},"type":"binary-expr","locations":[{"start":{"line":203,"column":9},"end":{"line":203,"column":32}},{"start":{"line":204,"column":10},"end":{"line":211,"column":19}}],"line":203},"12":{"loc":{"start":{"line":210,"column":13},"end":{"line":210,"column":56}},"type":"cond-expr","locations":[{"start":{"line":210,"column":35},"end":{"line":210,"column":45}},{"start":{"line":210,"column":48},"end":{"line":210,"column":56}}],"line":210},"13":{"loc":{"start":{"line":213,"column":9},"end":{"line":213,"column":70}},"type":"binary-expr","locations":[{"start":{"line":213,"column":9},"end":{"line":213,"column":33}},{"start":{"line":213,"column":37},"end":{"line":213,"column":70}}],"line":213},"14":{"loc":{"start":{"line":214,"column":9},"end":{"line":219,"column":9}},"type":"binary-expr","locations":[{"start":{"line":214,"column":9},"end":{"line":214,"column":26}},{"start":{"line":215,"column":10},"end":{"line":218,"column":24}}],"line":214}},"s":{"0":2,"1":2,"2":1,"3":1,"4":1,"5":0,"6":1,"7":0,"8":0,"9":1,"10":0,"11":0,"12":0,"13":0,"14":1,"15":0,"16":1,"17":1,"18":1,"19":1},"f":{"0":1,"1":0,"2":0,"3":0,"4":0,"5":0},"b":{"0":[0,0],"1":[0,0],"2":[0,0],"3":[0,0],"4":[1,1],"5":[1,0],"6":[1,1],"7":[0,1],"8":[1,1],"9":[1,0],"10":[0,0],"11":[1,1],"12":[0,1],"13":[1,0],"14":[1,0]},"_coverageSchema":"43e27e138ebf9cfc5966b082cf9a028302ed4184","hash":"22845d3f2e980ee1a5646a78c0d90da181e85b1a"}
,"/Users/sukesh/Documents/Natterbox/Code/portal-web-ui/portal-web/src/components/Devices/components/DeviceCreate/SecuritySettingsCreate.tsx": {"path":"/Users/sukesh/Documents/Natterbox/Code/portal-web-ui/portal-web/src/components/Devices/components/DeviceCreate/SecuritySettingsCreate.tsx","statementMap":{"0":{"start":{"line":3,"column":25},"end":{"line":9,"column":1}},"1":{"start":{"line":4,"column":2},"end":{"line":8,"column":3}}},"fnMap":{"0":{"name":"(anonymous_0)","decl":{"start":{"line":3,"column":25},"end":{"line":3,"column":26}},"loc":{"start":{"line":3,"column":31},"end":{"line":9,"column":1}},"line":3}},"branchMap":{},"s":{"0":0,"1":0},"f":{"0":0},"b":{},"hash":"ec43ddd9e2180413015a1cd15511e0fbe557c525"}
,"/Users/sukesh/Documents/Natterbox/Code/portal-web-ui/portal-web/src/components/Devices/components/DeviceUpdate/DeviceUpdate.tsx": {"path":"/Users/sukesh/Documents/Natterbox/Code/portal-web-ui/portal-web/src/components/Devices/components/DeviceUpdate/DeviceUpdate.tsx","statementMap":{"0":{"start":{"line":21,"column":28},"end":{"line":72,"column":1}},"1":{"start":{"line":22,"column":26},"end":{"line":22,"column":65}},"2":{"start":{"line":24,"column":23},"end":{"line":26,"column":3}},"3":{"start":{"line":25,"column":4},"end":{"line":25,"column":31}},"4":{"start":{"line":28,"column":2},"end":{"line":71,"column":3}}},"fnMap":{"0":{"name":"(anonymous_0)","decl":{"start":{"line":21,"column":28},"end":{"line":21,"column":29}},"loc":{"start":{"line":21,"column":63},"end":{"line":72,"column":1}},"line":21},"1":{"name":"(anonymous_1)","decl":{"start":{"line":24,"column":23},"end":{"line":24,"column":24}},"loc":{"start":{"line":24,"column":32},"end":{"line":26,"column":3}},"line":24}},"branchMap":{},"s":{"0":1,"1":0,"2":0,"3":0,"4":0},"f":{"0":0,"1":0},"b":{},"_coverageSchema":"43e27e138ebf9cfc5966b082cf9a028302ed4184","hash":"faf454b83b733eea1f900635ee22057454bb70b0"}
,"/Users/sukesh/Documents/Natterbox/Code/portal-web-ui/portal-web/src/components/Devices/components/DeviceUpdate/GeneralSettingsUpdate.tsx": {"path":"/Users/sukesh/Documents/Natterbox/Code/portal-web-ui/portal-web/src/components/Devices/components/DeviceUpdate/GeneralSettingsUpdate.tsx","statementMap":{"0":{"start":{"line":22,"column":27},"end":{"line":27,"column":1}},"1":{"start":{"line":33,"column":50},"end":{"line":225,"column":1}},"2":{"start":{"line":34,"column":37},"end":{"line":36,"column":4}},"3":{"start":{"line":38,"column":40},"end":{"line":40,"column":3}},"4":{"start":{"line":42,"column":34},"end":{"line":42,"column":49}},"5":{"start":{"line":46,"column":6},"end":{"line":50,"column":4}},"6":{"start":{"line":48,"column":6},"end":{"line":48,"column":15}},"7":{"start":{"line":52,"column":2},"end":{"line":59,"column":12}},"8":{"start":{"line":53,"column":4},"end":{"line":58,"column":6}},"9":{"start":{"line":62,"column":25},"end":{"line":77,"column":3}},"10":{"start":{"line":63,"column":4},"end":{"line":63,"column":33}},"11":{"start":{"line":65,"column":4},"end":{"line":76,"column":8}},"12":{"start":{"line":66,"column":6},"end":{"line":71,"column":8}},"13":{"start":{"line":73,"column":6},"end":{"line":76,"column":8}},"14":{"start":{"line":79,"column":2},"end":{"line":79,"column":33}},"15":{"start":{"line":79,"column":15},"end":{"line":79,"column":33}},"16":{"start":{"line":82,"column":22},"end":{"line":94,"column":3}},"17":{"start":{"line":83,"column":4},"end":{"line":87,"column":8}},"18":{"start":{"line":84,"column":6},"end":{"line":87,"column":8}},"19":{"start":{"line":89,"column":4},"end":{"line":93,"column":8}},"20":{"start":{"line":90,"column":6},"end":{"line":93,"column":8}},"21":{"start":{"line":97,"column":24},"end":{"line":106,"column":3}},"22":{"start":{"line":98,"column":4},"end":{"line":105,"column":22}},"23":{"start":{"line":108,"column":59},"end":{"line":108,"column":70}},"24":{"start":{"line":110,"column":23},"end":{"line":110,"column":67}},"25":{"start":{"line":112,"column":2},"end":{"line":224,"column":3}}},"fnMap":{"0":{"name":"(anonymous_0)","decl":{"start":{"line":33,"column":50},"end":{"line":33,"column":51}},"loc":{"start":{"line":33,"column":62},"end":{"line":225,"column":1}},"line":33},"1":{"name":"(anonymous_1)","decl":{"start":{"line":47,"column":4},"end":{"line":47,"column":5}},"loc":{"start":{"line":47,"column":18},"end":{"line":49,"column":5}},"line":47},"2":{"name":"(anonymous_2)","decl":{"start":{"line":52,"column":12},"end":{"line":52,"column":13}},"loc":{"start":{"line":52,"column":18},"end":{"line":59,"column":3}},"line":52},"3":{"name":"(anonymous_3)","decl":{"start":{"line":62,"column":25},"end":{"line":62,"column":26}},"loc":{"start":{"line":62,"column":30},"end":{"line":77,"column":3}},"line":62},"4":{"name":"(anonymous_4)","decl":{"start":{"line":82,"column":22},"end":{"line":82,"column":23}},"loc":{"start":{"line":82,"column":27},"end":{"line":94,"column":3}},"line":82},"5":{"name":"(anonymous_5)","decl":{"start":{"line":97,"column":24},"end":{"line":97,"column":25}},"loc":{"start":{"line":97,"column":30},"end":{"line":106,"column":3}},"line":97},"6":{"name":"(anonymous_6)","decl":{"start":{"line":105,"column":13},"end":{"line":105,"column":14}},"loc":{"start":{"line":105,"column":19},"end":{"line":105,"column":21}},"line":105}},"branchMap":{"0":{"loc":{"start":{"line":65,"column":4},"end":{"line":76,"column":8}},"type":"if","locations":[{"start":{"line":65,"column":4},"end":{"line":76,"column":8}},{"start":{"line":65,"column":4},"end":{"line":76,"column":8}}],"line":65},"1":{"loc":{"start":{"line":79,"column":2},"end":{"line":79,"column":33}},"type":"if","locations":[{"start":{"line":79,"column":2},"end":{"line":79,"column":33}},{"start":{"line":79,"column":2},"end":{"line":79,"column":33}}],"line":79},"2":{"loc":{"start":{"line":83,"column":4},"end":{"line":87,"column":8}},"type":"if","locations":[{"start":{"line":83,"column":4},"end":{"line":87,"column":8}},{"start":{"line":83,"column":4},"end":{"line":87,"column":8}}],"line":83},"3":{"loc":{"start":{"line":89,"column":4},"end":{"line":93,"column":8}},"type":"if","locations":[{"start":{"line":89,"column":4},"end":{"line":93,"column":8}},{"start":{"line":89,"column":4},"end":{"line":93,"column":8}}],"line":89},"4":{"loc":{"start":{"line":92,"column":25},"end":{"line":92,"column":70}},"type":"cond-expr","locations":[{"start":{"line":92,"column":49},"end":{"line":92,"column":53}},{"start":{"line":92,"column":56},"end":{"line":92,"column":70}}],"line":92},"5":{"loc":{"start":{"line":110,"column":23},"end":{"line":110,"column":67}},"type":"binary-expr","locations":[{"start":{"line":110,"column":23},"end":{"line":110,"column":48}},{"start":{"line":110,"column":52},"end":{"line":110,"column":67}}],"line":110},"6":{"loc":{"start":{"line":211,"column":9},"end":{"line":220,"column":9}},"type":"binary-expr","locations":[{"start":{"line":211,"column":9},"end":{"line":211,"column":33}},{"start":{"line":212,"column":10},"end":{"line":219,"column":19}}],"line":211},"7":{"loc":{"start":{"line":218,"column":13},"end":{"line":218,"column":52}},"type":"cond-expr","locations":[{"start":{"line":218,"column":31},"end":{"line":218,"column":41}},{"start":{"line":218,"column":44},"end":{"line":218,"column":52}}],"line":218},"8":{"loc":{"start":{"line":221,"column":9},"end":{"line":221,"column":71}},"type":"binary-expr","locations":[{"start":{"line":221,"column":9},"end":{"line":221,"column":34}},{"start":{"line":221,"column":38},"end":{"line":221,"column":71}}],"line":221}},"s":{"0":1,"1":1,"2":0,"3":0,"4":0,"5":0,"6":0,"7":0,"8":0,"9":0,"10":0,"11":0,"12":0,"13":0,"14":0,"15":0,"16":0,"17":0,"18":0,"19":0,"20":0,"21":0,"22":0,"23":0,"24":0,"25":0},"f":{"0":0,"1":0,"2":0,"3":0,"4":0,"5":0,"6":0},"b":{"0":[0,0],"1":[0,0],"2":[0,0],"3":[0,0],"4":[0,0],"5":[0,0],"6":[0,0],"7":[0,0],"8":[0,0]},"_coverageSchema":"43e27e138ebf9cfc5966b082cf9a028302ed4184","hash":"c724e05bf0d70f1879cb134075ead6b13eca294e"}
,"/Users/sukesh/Documents/Natterbox/Code/portal-web-ui/portal-web/src/components/Devices/components/DeviceUpdate/SecuritySettingsUpdate.tsx": {"path":"/Users/sukesh/Documents/Natterbox/Code/portal-web-ui/portal-web/src/components/Devices/components/DeviceUpdate/SecuritySettingsUpdate.tsx","statementMap":{"0":{"start":{"line":3,"column":57},"end":{"line":12,"column":1}},"1":{"start":{"line":4,"column":18},"end":{"line":4,"column":39}},"2":{"start":{"line":6,"column":2},"end":{"line":11,"column":3}}},"fnMap":{"0":{"name":"(anonymous_0)","decl":{"start":{"line":3,"column":57},"end":{"line":3,"column":58}},"loc":{"start":{"line":3,"column":69},"end":{"line":12,"column":1}},"line":3}},"branchMap":{},"s":{"0":1,"1":0,"2":0},"f":{"0":0},"b":{},"_coverageSchema":"43e27e138ebf9cfc5966b082cf9a028302ed4184","hash":"7622fab8ea8c426caf9bbb563520cbef28d1fa92"}
,"/Users/sukesh/Documents/Natterbox/Code/portal-web-ui/portal-web/src/components/Groups/index.tsx": {"path":"/Users/sukesh/Documents/Natterbox/Code/portal-web-ui/portal-web/src/components/Groups/index.tsx","statementMap":{},"fnMap":{},"branchMap":{},"s":{},"f":{},"b":{},"hash":"8546e03b0b72cbc6dfce12897770f2888af76268"}
,"/Users/sukesh/Documents/Natterbox/Code/portal-web-ui/portal-web/src/components/Groups/components/Groups.type.ts": {"path":"/Users/sukesh/Documents/Natterbox/Code/portal-web-ui/portal-web/src/components/Groups/components/Groups.type.ts","statementMap":{},"fnMap":{},"branchMap":{},"s":{},"f":{},"b":{},"hash":"b28d64660f5433eccf971dc6c4d5e929d0f53ec8"}
,"/Users/sukesh/Documents/Natterbox/Code/portal-web-ui/portal-web/src/components/Groups/components/GroupsColProps.tsx": {"path":"/Users/sukesh/Documents/Natterbox/Code/portal-web-ui/portal-web/src/components/Groups/components/GroupsColProps.tsx","statementMap":{"0":{"start":{"line":3,"column":49},"end":{"line":20,"column":1}}},"fnMap":{},"branchMap":{},"s":{"0":0},"f":{},"b":{},"hash":"8ad86f8b86a18ced031c7a670e693e33baa96ff5"}
,"/Users/sukesh/Documents/Natterbox/Code/portal-web-ui/portal-web/src/components/Groups/components/GroupsList.tsx": {"path":"/Users/sukesh/Documents/Natterbox/Code/portal-web-ui/portal-web/src/components/Groups/components/GroupsList.tsx","statementMap":{"0":{"start":{"line":22,"column":21},"end":{"line":22,"column":41}},"1":{"start":{"line":24,"column":26},"end":{"line":149,"column":1}},"2":{"start":{"line":25,"column":38},"end":{"line":25,"column":53}},"3":{"start":{"line":26,"column":38},"end":{"line":26,"column":63}},"4":{"start":{"line":27,"column":50},"end":{"line":27,"column":61}},"5":{"start":{"line":28,"column":38},"end":{"line":34,"column":4}},"6":{"start":{"line":36,"column":57},"end":{"line":44,"column":3}},"7":{"start":{"line":46,"column":2},"end":{"line":48,"column":8}},"8":{"start":{"line":47,"column":4},"end":{"line":47,"column":16}},"9":{"start":{"line":51,"column":4},"end":{"line":61,"column":9}},"10":{"start":{"line":71,"column":6},"end":{"line":71,"column":22}},"11":{"start":{"line":73,"column":31},"end":{"line":76,"column":3}},"12":{"start":{"line":74,"column":4},"end":{"line":74,"column":37}},"13":{"start":{"line":75,"column":4},"end":{"line":75,"column":16}},"14":{"start":{"line":78,"column":31},"end":{"line":81,"column":3}},"15":{"start":{"line":78,"column":54},"end":{"line":81,"column":3}},"16":{"start":{"line":79,"column":4},"end":{"line":79,"column":34}},"17":{"start":{"line":80,"column":4},"end":{"line":80,"column":16}},"18":{"start":{"line":83,"column":30},"end":{"line":88,"column":3}},"19":{"start":{"line":84,"column":4},"end":{"line":87,"column":6}},"20":{"start":{"line":90,"column":2},"end":{"line":148,"column":3}},"21":{"start":{"line":97,"column":29},"end":{"line":97,"column":48}},"22":{"start":{"line":122,"column":20},"end":{"line":122,"column":60}},"23":{"start":{"line":138,"column":16},"end":{"line":141,"column":18}}},"fnMap":{"0":{"name":"(anonymous_0)","decl":{"start":{"line":24,"column":26},"end":{"line":24,"column":27}},"loc":{"start":{"line":24,"column":32},"end":{"line":149,"column":1}},"line":24},"1":{"name":"(anonymous_1)","decl":{"start":{"line":46,"column":12},"end":{"line":46,"column":13}},"loc":{"start":{"line":46,"column":18},"end":{"line":48,"column":3}},"line":46},"2":{"name":"(anonymous_2)","decl":{"start":{"line":73,"column":31},"end":{"line":73,"column":32}},"loc":{"start":{"line":73,"column":40},"end":{"line":76,"column":3}},"line":73},"3":{"name":"(anonymous_3)","decl":{"start":{"line":78,"column":31},"end":{"line":78,"column":32}},"loc":{"start":{"line":78,"column":54},"end":{"line":81,"column":3}},"line":78},"4":{"name":"(anonymous_4)","decl":{"start":{"line":78,"column":54},"end":{"line":78,"column":55}},"loc":{"start":{"line":78,"column":60},"end":{"line":81,"column":3}},"line":78},"5":{"name":"(anonymous_5)","decl":{"start":{"line":83,"column":30},"end":{"line":83,"column":31}},"loc":{"start":{"line":83,"column":35},"end":{"line":88,"column":3}},"line":83},"6":{"name":"(anonymous_6)","decl":{"start":{"line":97,"column":23},"end":{"line":97,"column":24}},"loc":{"start":{"line":97,"column":29},"end":{"line":97,"column":48}},"line":97},"7":{"name":"(anonymous_7)","decl":{"start":{"line":121,"column":36},"end":{"line":121,"column":37}},"loc":{"start":{"line":122,"column":20},"end":{"line":122,"column":60}},"line":122},"8":{"name":"(anonymous_8)","decl":{"start":{"line":137,"column":27},"end":{"line":137,"column":28}},"loc":{"start":{"line":138,"column":16},"end":{"line":141,"column":18}},"line":138}},"branchMap":{"0":{"loc":{"start":{"line":51,"column":4},"end":{"line":61,"column":9}},"type":"cond-expr","locations":[{"start":{"line":52,"column":8},"end":{"line":52,"column":28}},{"start":{"line":53,"column":8},"end":{"line":61,"column":9}}],"line":51},"1":{"loc":{"start":{"line":51,"column":4},"end":{"line":51,"column":32}},"type":"binary-expr","locations":[{"start":{"line":51,"column":4},"end":{"line":51,"column":8}},{"start":{"line":51,"column":12},"end":{"line":51,"column":32}}],"line":51},"2":{"loc":{"start":{"line":92,"column":7},"end":{"line":92,"column":79}},"type":"binary-expr","locations":[{"start":{"line":92,"column":7},"end":{"line":92,"column":13}},{"start":{"line":92,"column":17},"end":{"line":92,"column":24}},{"start":{"line":92,"column":28},"end":{"line":92,"column":79}}],"line":92},"3":{"loc":{"start":{"line":93,"column":7},"end":{"line":99,"column":7}},"type":"binary-expr","locations":[{"start":{"line":93,"column":7},"end":{"line":93,"column":12}},{"start":{"line":94,"column":8},"end":{"line":98,"column":10}}],"line":93},"4":{"loc":{"start":{"line":96,"column":16},"end":{"line":96,"column":37}},"type":"binary-expr","locations":[{"start":{"line":96,"column":16},"end":{"line":96,"column":22}},{"start":{"line":96,"column":26},"end":{"line":96,"column":37}}],"line":96},"5":{"loc":{"start":{"line":100,"column":7},"end":{"line":146,"column":7}},"type":"binary-expr","locations":[{"start":{"line":100,"column":7},"end":{"line":100,"column":15}},{"start":{"line":100,"column":19},"end":{"line":100,"column":25}},{"start":{"line":101,"column":8},"end":{"line":145,"column":11}}],"line":100},"6":{"loc":{"start":{"line":134,"column":11},"end":{"line":144,"column":11}},"type":"binary-expr","locations":[{"start":{"line":134,"column":11},"end":{"line":134,"column":26}},{"start":{"line":135,"column":12},"end":{"line":143,"column":14}}],"line":134}},"s":{"0":0,"1":0,"2":0,"3":0,"4":0,"5":0,"6":0,"7":0,"8":0,"9":0,"10":0,"11":0,"12":0,"13":0,"14":0,"15":0,"16":0,"17":0,"18":0,"19":0,"20":0,"21":0,"22":0,"23":0},"f":{"0":0,"1":0,"2":0,"3":0,"4":0,"5":0,"6":0,"7":0,"8":0},"b":{"0":[0,0],"1":[0,0],"2":[0,0,0],"3":[0,0],"4":[0,0],"5":[0,0,0],"6":[0,0]},"hash":"0c04065a62777175f5d834eec39cba3f86fb81ed"}
,"/Users/sukesh/Documents/Natterbox/Code/portal-web-ui/portal-web/src/components/Groups/components/GroupsQueries.ts": {"path":"/Users/sukesh/Documents/Natterbox/Code/portal-web-ui/portal-web/src/components/Groups/components/GroupsQueries.ts","statementMap":{"0":{"start":{"line":3,"column":30},"end":{"line":21,"column":1}},"1":{"start":{"line":23,"column":26},"end":{"line":34,"column":1}},"2":{"start":{"line":36,"column":28},"end":{"line":47,"column":1}}},"fnMap":{},"branchMap":{},"s":{"0":0,"1":0,"2":0},"f":{},"b":{},"hash":"89fc29a627d72ee4ef260a627e8f4806469beceb"}
,"/Users/sukesh/Documents/Natterbox/Code/portal-web-ui/portal-web/src/components/Groups/components/GroupUpdate/GeneralSettingsUpdate.tsx": {"path":"/Users/sukesh/Documents/Natterbox/Code/portal-web-ui/portal-web/src/components/Groups/components/GroupUpdate/GeneralSettingsUpdate.tsx","statementMap":{"0":{"start":{"line":19,"column":26},"end":{"line":25,"column":1}},"1":{"start":{"line":31,"column":50},"end":{"line":173,"column":1}},"2":{"start":{"line":32,"column":37},"end":{"line":34,"column":4}},"3":{"start":{"line":35,"column":38},"end":{"line":35,"column":77}},"4":{"start":{"line":39,"column":6},"end":{"line":43,"column":4}},"5":{"start":{"line":41,"column":6},"end":{"line":41,"column":15}},"6":{"start":{"line":45,"column":2},"end":{"line":53,"column":12}},"7":{"start":{"line":46,"column":4},"end":{"line":52,"column":6}},"8":{"start":{"line":55,"column":2},"end":{"line":55,"column":33}},"9":{"start":{"line":55,"column":15},"end":{"line":55,"column":33}},"10":{"start":{"line":58,"column":22},"end":{"line":70,"column":3}},"11":{"start":{"line":59,"column":4},"end":{"line":63,"column":8}},"12":{"start":{"line":60,"column":6},"end":{"line":63,"column":8}},"13":{"start":{"line":65,"column":4},"end":{"line":69,"column":8}},"14":{"start":{"line":66,"column":6},"end":{"line":69,"column":8}},"15":{"start":{"line":73,"column":24},"end":{"line":82,"column":3}},"16":{"start":{"line":74,"column":4},"end":{"line":81,"column":22}},"17":{"start":{"line":84,"column":47},"end":{"line":84,"column":57}},"18":{"start":{"line":86,"column":23},"end":{"line":86,"column":66}},"19":{"start":{"line":88,"column":2},"end":{"line":172,"column":3}}},"fnMap":{"0":{"name":"(anonymous_0)","decl":{"start":{"line":31,"column":50},"end":{"line":31,"column":51}},"loc":{"start":{"line":31,"column":62},"end":{"line":173,"column":1}},"line":31},"1":{"name":"(anonymous_1)","decl":{"start":{"line":40,"column":4},"end":{"line":40,"column":5}},"loc":{"start":{"line":40,"column":18},"end":{"line":42,"column":5}},"line":40},"2":{"name":"(anonymous_2)","decl":{"start":{"line":45,"column":12},"end":{"line":45,"column":13}},"loc":{"start":{"line":45,"column":18},"end":{"line":53,"column":3}},"line":45},"3":{"name":"(anonymous_3)","decl":{"start":{"line":58,"column":22},"end":{"line":58,"column":23}},"loc":{"start":{"line":58,"column":27},"end":{"line":70,"column":3}},"line":58},"4":{"name":"(anonymous_4)","decl":{"start":{"line":73,"column":24},"end":{"line":73,"column":25}},"loc":{"start":{"line":73,"column":30},"end":{"line":82,"column":3}},"line":73},"5":{"name":"(anonymous_5)","decl":{"start":{"line":81,"column":13},"end":{"line":81,"column":14}},"loc":{"start":{"line":81,"column":19},"end":{"line":81,"column":21}},"line":81}},"branchMap":{"0":{"loc":{"start":{"line":55,"column":2},"end":{"line":55,"column":33}},"type":"if","locations":[{"start":{"line":55,"column":2},"end":{"line":55,"column":33}},{"start":{"line":55,"column":2},"end":{"line":55,"column":33}}],"line":55},"1":{"loc":{"start":{"line":59,"column":4},"end":{"line":63,"column":8}},"type":"if","locations":[{"start":{"line":59,"column":4},"end":{"line":63,"column":8}},{"start":{"line":59,"column":4},"end":{"line":63,"column":8}}],"line":59},"2":{"loc":{"start":{"line":65,"column":4},"end":{"line":69,"column":8}},"type":"if","locations":[{"start":{"line":65,"column":4},"end":{"line":69,"column":8}},{"start":{"line":65,"column":4},"end":{"line":69,"column":8}}],"line":65},"3":{"loc":{"start":{"line":68,"column":25},"end":{"line":68,"column":70}},"type":"cond-expr","locations":[{"start":{"line":68,"column":49},"end":{"line":68,"column":53}},{"start":{"line":68,"column":56},"end":{"line":68,"column":70}}],"line":68},"4":{"loc":{"start":{"line":86,"column":23},"end":{"line":86,"column":66}},"type":"binary-expr","locations":[{"start":{"line":86,"column":23},"end":{"line":86,"column":47}},{"start":{"line":86,"column":51},"end":{"line":86,"column":66}}],"line":86},"5":{"loc":{"start":{"line":159,"column":9},"end":{"line":168,"column":9}},"type":"binary-expr","locations":[{"start":{"line":159,"column":9},"end":{"line":159,"column":32}},{"start":{"line":160,"column":10},"end":{"line":167,"column":19}}],"line":159},"6":{"loc":{"start":{"line":166,"column":13},"end":{"line":166,"column":52}},"type":"cond-expr","locations":[{"start":{"line":166,"column":31},"end":{"line":166,"column":41}},{"start":{"line":166,"column":44},"end":{"line":166,"column":52}}],"line":166},"7":{"loc":{"start":{"line":169,"column":9},"end":{"line":169,"column":69}},"type":"binary-expr","locations":[{"start":{"line":169,"column":9},"end":{"line":169,"column":33}},{"start":{"line":169,"column":37},"end":{"line":169,"column":69}}],"line":169}},"s":{"0":0,"1":0,"2":0,"3":0,"4":0,"5":0,"6":0,"7":0,"8":0,"9":0,"10":0,"11":0,"12":0,"13":0,"14":0,"15":0,"16":0,"17":0,"18":0,"19":0},"f":{"0":0,"1":0,"2":0,"3":0,"4":0,"5":0},"b":{"0":[0,0],"1":[0,0],"2":[0,0],"3":[0,0],"4":[0,0],"5":[0,0],"6":[0,0],"7":[0,0]},"hash":"944b1d364702a31faa2dfed906a3dd27780efa6a"}
,"/Users/sukesh/Documents/Natterbox/Code/portal-web-ui/portal-web/src/components/Groups/components/GroupUpdate/GroupUpdate.tsx": {"path":"/Users/sukesh/Documents/Natterbox/Code/portal-web-ui/portal-web/src/components/Groups/components/GroupUpdate/GroupUpdate.tsx","statementMap":{"0":{"start":{"line":20,"column":27},"end":{"line":67,"column":1}},"1":{"start":{"line":21,"column":26},"end":{"line":21,"column":65}},"2":{"start":{"line":23,"column":23},"end":{"line":25,"column":3}},"3":{"start":{"line":24,"column":4},"end":{"line":24,"column":31}},"4":{"start":{"line":27,"column":2},"end":{"line":66,"column":3}}},"fnMap":{"0":{"name":"(anonymous_0)","decl":{"start":{"line":20,"column":27},"end":{"line":20,"column":28}},"loc":{"start":{"line":20,"column":62},"end":{"line":67,"column":1}},"line":20},"1":{"name":"(anonymous_1)","decl":{"start":{"line":23,"column":23},"end":{"line":23,"column":24}},"loc":{"start":{"line":23,"column":32},"end":{"line":25,"column":3}},"line":23}},"branchMap":{},"s":{"0":0,"1":0,"2":0,"3":0,"4":0},"f":{"0":0,"1":0},"b":{},"hash":"b96ebe46ce86156932e54d52dab388bc56194819"}
,"/Users/sukesh/Documents/Natterbox/Code/portal-web-ui/portal-web/src/components/Groups/components/GroupUpdate/MembershipSettingsUpdate.tsx": {"path":"/Users/sukesh/Documents/Natterbox/Code/portal-web-ui/portal-web/src/components/Groups/components/GroupUpdate/MembershipSettingsUpdate.tsx","statementMap":{"0":{"start":{"line":3,"column":33},"end":{"line":5,"column":1}},"1":{"start":{"line":4,"column":2},"end":{"line":4,"column":14}}},"fnMap":{"0":{"name":"(anonymous_0)","decl":{"start":{"line":3,"column":33},"end":{"line":3,"column":34}},"loc":{"start":{"line":3,"column":39},"end":{"line":5,"column":1}},"line":3}},"branchMap":{},"s":{"0":0,"1":0},"f":{"0":0},"b":{},"hash":"a377878dc7c9bcff1bea2117e4b399b21eb2deba"}
,"/Users/sukesh/Documents/Natterbox/Code/portal-web-ui/portal-web/src/components/Groups/components/GroupUpdate/VoicemailSettingsUpdate.tsx": {"path":"/Users/sukesh/Documents/Natterbox/Code/portal-web-ui/portal-web/src/components/Groups/components/GroupUpdate/VoicemailSettingsUpdate.tsx","statementMap":{"0":{"start":{"line":3,"column":32},"end":{"line":5,"column":1}},"1":{"start":{"line":4,"column":2},"end":{"line":4,"column":14}}},"fnMap":{"0":{"name":"(anonymous_0)","decl":{"start":{"line":3,"column":32},"end":{"line":3,"column":33}},"loc":{"start":{"line":3,"column":38},"end":{"line":5,"column":1}},"line":3}},"branchMap":{},"s":{"0":0,"1":0},"f":{"0":0},"b":{},"hash":"34d0e326ab861abfae98ccc7a4185956bf1fe9d5"}
,"/Users/sukesh/Documents/Natterbox/Code/portal-web-ui/portal-web/src/components/Home/Home.tsx": {"path":"/Users/sukesh/Documents/Natterbox/Code/portal-web-ui/portal-web/src/components/Home/Home.tsx","statementMap":{"0":{"start":{"line":3,"column":20},"end":{"line":3,"column":46}},"1":{"start":{"line":3,"column":26},"end":{"line":3,"column":46}}},"fnMap":{"0":{"name":"(anonymous_0)","decl":{"start":{"line":3,"column":20},"end":{"line":3,"column":21}},"loc":{"start":{"line":3,"column":26},"end":{"line":3,"column":46}},"line":3}},"branchMap":{},"s":{"0":0,"1":0},"f":{"0":0},"b":{},"hash":"cd0092381f3dd11369db40a150878ef79046ab17"}
,"/Users/sukesh/Documents/Natterbox/Code/portal-web-ui/portal-web/src/components/Logs/components/BulkDownloads/index.tsx": {"path":"/Users/sukesh/Documents/Natterbox/Code/portal-web-ui/portal-web/src/components/Logs/components/BulkDownloads/index.tsx","statementMap":{"0":{"start":{"line":3,"column":29},"end":{"line":3,"column":60}},"1":{"start":{"line":3,"column":35},"end":{"line":3,"column":60}}},"fnMap":{"0":{"name":"(anonymous_0)","decl":{"start":{"line":3,"column":29},"end":{"line":3,"column":30}},"loc":{"start":{"line":3,"column":35},"end":{"line":3,"column":60}},"line":3}},"branchMap":{},"s":{"0":1,"1":0},"f":{"0":0},"b":{},"_coverageSchema":"43e27e138ebf9cfc5966b082cf9a028302ed4184","hash":"3f4d5e8a707ebd301b5eee608890a7bad0715531"}
,"/Users/sukesh/Documents/Natterbox/Code/portal-web-ui/portal-web/src/components/Logs/components/CallLogs/CallLogColProps.tsx": {"path":"/Users/sukesh/Documents/Natterbox/Code/portal-web-ui/portal-web/src/components/Logs/components/CallLogs/CallLogColProps.tsx","statementMap":{"0":{"start":{"line":26,"column":18},"end":{"line":27,"column":53}},"1":{"start":{"line":27,"column":2},"end":{"line":27,"column":53}},"2":{"start":{"line":29,"column":29},"end":{"line":51,"column":1}},"3":{"start":{"line":53,"column":50},"end":{"line":136,"column":1}},"4":{"start":{"line":57,"column":23},"end":{"line":57,"column":71}},"5":{"start":{"line":79,"column":6},"end":{"line":81,"column":7}},"6":{"start":{"line":80,"column":8},"end":{"line":80,"column":33}},"7":{"start":{"line":82,"column":6},"end":{"line":82,"column":15}},"8":{"start":{"line":89,"column":6},"end":{"line":91,"column":7}},"9":{"start":{"line":90,"column":8},"end":{"line":90,"column":33}},"10":{"start":{"line":92,"column":6},"end":{"line":92,"column":15}},"11":{"start":{"line":99,"column":6},"end":{"line":102,"column":12}},"12":{"start":{"line":112,"column":23},"end":{"line":112,"column":63}},"13":{"start":{"line":122,"column":6},"end":{"line":133,"column":12}},"14":{"start":{"line":130,"column":38},"end":{"line":130,"column":47}}},"fnMap":{"0":{"name":"(anonymous_0)","decl":{"start":{"line":26,"column":18},"end":{"line":26,"column":19}},"loc":{"start":{"line":27,"column":2},"end":{"line":27,"column":53}},"line":27},"1":{"name":"(anonymous_1)","decl":{"start":{"line":57,"column":12},"end":{"line":57,"column":13}},"loc":{"start":{"line":57,"column":23},"end":{"line":57,"column":71}},"line":57},"2":{"name":"(anonymous_2)","decl":{"start":{"line":78,"column":12},"end":{"line":78,"column":13}},"loc":{"start":{"line":78,"column":23},"end":{"line":83,"column":5}},"line":78},"3":{"name":"(anonymous_3)","decl":{"start":{"line":88,"column":12},"end":{"line":88,"column":13}},"loc":{"start":{"line":88,"column":23},"end":{"line":93,"column":5}},"line":88},"4":{"name":"(anonymous_4)","decl":{"start":{"line":98,"column":12},"end":{"line":98,"column":13}},"loc":{"start":{"line":99,"column":6},"end":{"line":102,"column":12}},"line":99},"5":{"name":"(anonymous_5)","decl":{"start":{"line":112,"column":12},"end":{"line":112,"column":13}},"loc":{"start":{"line":112,"column":23},"end":{"line":112,"column":63}},"line":112},"6":{"name":"(anonymous_6)","decl":{"start":{"line":121,"column":12},"end":{"line":121,"column":13}},"loc":{"start":{"line":122,"column":6},"end":{"line":133,"column":12}},"line":122},"7":{"name":"(anonymous_7)","decl":{"start":{"line":130,"column":32},"end":{"line":130,"column":33}},"loc":{"start":{"line":130,"column":38},"end":{"line":130,"column":47}},"line":130}},"branchMap":{"0":{"loc":{"start":{"line":79,"column":6},"end":{"line":81,"column":7}},"type":"if","locations":[{"start":{"line":79,"column":6},"end":{"line":81,"column":7}},{"start":{"line":79,"column":6},"end":{"line":81,"column":7}}],"line":79},"1":{"loc":{"start":{"line":89,"column":6},"end":{"line":91,"column":7}},"type":"if","locations":[{"start":{"line":89,"column":6},"end":{"line":91,"column":7}},{"start":{"line":89,"column":6},"end":{"line":91,"column":7}}],"line":89},"2":{"loc":{"start":{"line":100,"column":24},"end":{"line":100,"column":37}},"type":"binary-expr","locations":[{"start
[...]
,"/Users/sukesh/Documents/Natterbox/Code/portal-web-ui/portal-web/src/components/shared/TablePagination/PortalServerPaging.tsx": {"path":"/Users/sukesh/Documents/Natterbox/Code/portal-web-ui/portal-web/src/components/shared/TablePagination/PortalServerPaging.tsx","statementMap":{"0":{"start":{"line":25,"column":52},"end":{"line":78,"column":1}},"1":{"start":{"line":39,"column":4},"end":{"line":76,"column":5}}},"fnMap":{"0":{"name":"(anonymous_0)","decl":{"start":{"line":26,"column":2},"end":{"line":26,"column":3}},"loc":{"start":{"line":38,"column":8},"end":{"line":77,"column":3}},"line":38}},"branchMap":{"0":{"loc":{"start":{"line":27,"column":4},"end":{"line":27,"column":23}},"type":"default-arg","locations":[{"start":{"line":27,"column":22},"end":{"line":27,"column":23}}],"line":27},"1":{"loc":{"start":{"line":28,"column":4},"end":{"line":28,"column":19}},"type":"default-arg","locations":[{"start":{"line":28,"column":18},"end":{"line":28,"column":19}}],"line":28},"2":{"loc":{"start":{"line":50,"column":22},"end":{"line":50,"column":48}},"type":"binary-expr","locations":[{"start":{"line":50,"column":22},"end":{"line":50,"column":33}},{"start":{"line":50,"column":37},"end":{"line":50,"column":48}}],"line":50},"3":{"loc":{"start":{"line":64,"column":22},"end":{"line":64,"column":45}},"type":"binary-expr","locations":[{"start":{"line":64,"column":22},"end":{"line":64,"column":30}},{"start":{"line":64,"column":34},"end":{"line":64,"column":45}}],"line":64},"4":{"loc":{"start":{"line":71,"column":22},"end":{"line":71,"column":47}},"type":"binary-expr","locations":[{"start":{"line":71,"column":22},"end":{"line":71,"column":33}},{"start":{"line":71,"column":37},"end":{"line":71,"column":47}}],"line":71}},"s":{"0":6,"1":0},"f":{"0":0},"b":{"0":[0],"1":[0],"2":[0,0],"3":[0,0],"4":[0,0]},"_coverageSchema":"43e27e138ebf9cfc5966b082cf9a028302ed4184","hash":"ff7ab5195f1b37e4b342439a9b6590d347c1b0eb"}
,"/Users/sukesh/Documents/Natterbox/Code/portal-web-ui/portal-web/src/components/shared/styles/sharedStyles.ts": {"path":"/Users/sukesh/Documents/Natterbox/Code/portal-web-ui/portal-web/src/components/shared/styles/sharedStyles.ts","statementMap":{"0":{"start":{"line":3,"column":27},"end":{"line":7,"column":2}}},"fnMap":{},"branchMap":{},"s":{"0":6},"f":{},"b":{},"_coverageSchema":"43e27e138ebf9cfc5966b082cf9a028302ed4184","hash":"90aa424287b5a4ed630772675c132335e27396eb"}
,"/Users/sukesh/Documents/Natterbox/Code/portal-web-ui/portal-web/src/mocks/AccountMock.ts": {"path":"/Users/sukesh/Documents/Natterbox/Code/portal-web-ui/portal-web/src/mocks/AccountMock.ts","statementMap":{"0":{"start":{"line":1,"column":42},"end":{"line":217,"column":1}}},"fnMap":{},"branchMap":{},"s":{"0":3},"f":{},"b":{},"_coverageSchema":"43e27e138ebf9cfc5966b082cf9a028302ed4184","hash":"bb63674eb5646c319375719cefc530a15ca33ce7"}
,"/Users/sukesh/Documents/Natterbox/Code/portal-web-ui/portal-web/src/mocks/CallLog.mock.ts": {"path":"/Users/sukesh/Documents/Natterbox/Code/portal-web-ui/portal-web/src/mocks/CallLog.mock.ts","statementMap":{"0":{"start":{"line":1,"column":31},"end":{"line":1110,"column":1}}},"fnMap":{},"branchMap":{},"s":{"0":3},"f":{},"b":{},"_coverageSchema":"43e27e138ebf9cfc5966b082cf9a028302ed4184","hash":"d7a3a5771505db61a310be79360011f6acbd82c4"}
,"/Users/sukesh/Documents/Natterbox/Code/portal-web-ui/portal-web/src/mocks/DeviceListMock.ts": {"path":"/Users/sukesh/Documents/Natterbox/Code/portal-web-ui/portal-web/src/mocks/DeviceListMock.ts","statementMap":{"0":{"start":{"line":1,"column":30},"end":{"line":6330,"column":1}}},"fnMap":{},"branchMap":{},"s":{"0":3},"f":{},"b":{},"_coverageSchema":"43e27e138ebf9cfc5966b082cf9a028302ed4184","hash":"4bca479d3005d93b699937016dbe3b3442f1d9f9"}
,"/Users/sukesh/Documents/Natterbox/Code/portal-web-ui/portal-web/src/pages/AsyncRouteLoading.tsx": {"path":"/Users/sukesh/Documents/Natterbox/Code/portal-web-ui/portal-web/src/pages/AsyncRouteLoading.tsx","statementMap":{"0":{"start":{"line":3,"column":26},"end":{"line":18,"column":1}},"1":{"start":{"line":4,"column":2},"end":{"line":13,"column":3}},"2":{"start":{"line":5,"column":4},"end":{"line":12,"column":5}},"3":{"start":{"line":14,"column":2},"end":{"line":16,"column":3}},"4":{"start":{"line":15,"column":4},"end":{"line":15,"column":32}},"5":{"start":{"line":17,"column":2},"end":{"line":17,"column":13}}},"fnMap":{"0":{"name":"(anonymous_0)","decl":{"start":{"line":3,"column":26},"end":{"line":3,"column":27}},"loc":{"start":{"line":3,"column":59},"end":{"line":18,"column":1}},"line":3}},"branchMap":{"0":{"loc":{"start":{"line":4,"column":2},"end":{"line":13,"column":3}},"type":"if","locations":[{"start":{"line":4,"column":2},"end":{"line":13,"column":3}},{"start":{"line":4,"column":2},"end":{"line":13,"column":3}}],"line":4},"1":{"loc":{"start":{"line":14,"column":2},"end":{"line":16,"column":3}},"type":"if","locations":[{"start":{"line":14,"column":2},"end":{"line":16,"column":3}},{"start":{"line":14,"column":2},"end":{"line":16,"column":3}}],"line":14}},"s":{"0":1,"1":0,"2":0,"3":0,"4":0,"5":0},"f":{"0":0},"b":{"0":[0,0],"1":[0,0]},"_coverageSchema":"43e27e138ebf9cfc5966b082cf9a028302ed4184","hash":"1b2130270a682a3c43d8a3db79289c92057dc768"}
,"/Users/sukesh/Documents/Natterbox/Code/portal-web-ui/portal-web/src/pages/accountSettings/AccountsPage.tsx": {"path":"/Users/sukesh/Documents/Natterbox/Code/portal-web-ui/portal-web/src/pages/accountSettings/AccountsPage.tsx","statementMap":{"0":{"start":{"line":6,"column":37},"end":{"line":9,"column":1}},"1":{"start":{"line":11,"column":24},"end":{"line":11,"column":76}},"2":{"start":{"line":11,"column":41},"end":{"line":11,"column":75}}},"fnMap":{"0":{"name":"(anonymous_0)","decl":{"start":{"line":11,"column":35},"end":{"line":11,"column":36}},"loc":{"start":{"line":11,"column":41},"end":{"line":11,"column":75}},"line":11}},"branchMap":{},"s":{"0":0,"1":0,"2":0},"f":{"0":0},"b":{},"hash":"d235be7718481b0771a7833a511041cdf0553adf"}
,"/Users/sukesh/Documents/Natterbox/Code/portal-web-ui/portal-web/src/pages/devices/DevicesPage.tsx": {"path":"/Users/sukesh/Documents/Natterbox/Code/portal-web-ui/portal-web/src/pages/devices/DevicesPage.tsx","statementMap":{"0":{"start":{"line":5,"column":34},"end":{"line":9,"column":2}},"1":{"start":{"line":6,"column":2},"end":{"line":8,"column":15}}},"fnMap":{"0":{"name":"(anonymous_0)","decl":{"start":{"line":5,"column":45},"end":{"line":5,"column":46}},"loc":{"start":{"line":6,"column":2},"end":{"line":8,"column":15}},"line":6}},"branchMap":{},"s":{"0":0,"1":0},"f":{"0":0},"b":{},"hash":"63af3d6c43f5c5465b600648ded0831d221ee801"}
,"/Users/sukesh/Documents/Natterbox/Code/portal-web-ui/portal-web/src/pages/groups/GroupsPage.tsx": {"path":"/Users/sukesh/Documents/Natterbox/Code/portal-web-ui/portal-web/src/pages/groups/GroupsPage.tsx","statementMap":{"0":{"start":{"line":5,"column":33},"end":{"line":9,"column":2}},"1":{"start":{"line":6,"column":2},"end":{"line":8,"column":15}}},"fnMap":{"0":{"name":"(anonymous_0)","decl":{"start":{"line":5,"column":44},"end":{"line":5,"column":45}},"loc":{"start":{"line":6,"column":2},"end":{"line":8,"column":15}},"line":6}},"branchMap":{},"s":{"0":0,"1":0},"f":{"0":0},"b":{},"hash":"c885df8c00ad29a1734307f7b433b073348abffd"}
,"/Users/sukesh/Documents/Natterbox/Code/portal-web-ui/portal-web/src/pages/logs/LogsPage.tsx": {"path":"/Users/sukesh/Documents/Natterbox/Code/portal-web-ui/portal-web/src/pages/logs/LogsPage.tsx","statementMap":{"0":{"start":{"line":11,"column":37},"end":{"line":17,"column":1}},"1":{"start":{"line":19,"column":17},"end":{"line":19,"column":69}},"2":{"start":{"line":19,"column":34},"end":{"line":19,"column":68}}},"fnMap":{"0":{"name":"(anonymous_0)","decl":{"start":{"line":19,"column":28},"end":{"line":19,"column":29}},"loc":{"start":{"line":19,"column":34},"end":{"line":19,"column":68}},"line":19}},"branchMap":{},"s":{"0":1,"1":1,"2":2},"f":{"0":2},"b":{},"_coverageSchema":"43e27e138ebf9cfc5966b082cf9a028302ed4184","hash":"89321c6c9af4b074c9ad610bb852b5a483d4ada7"}
,"/Users/sukesh/Documents/Natterbox/Code/portal-web-ui/portal-web/src/pages/me/MePage.tsx": {"path":"/Users/sukesh/Documents/Natterbox/Code/portal-web-ui/portal-web/src/pages/me/MePage.tsx","statementMap":{"0":{"start":{"line":4,"column":29},"end":{"line":4,"column":53}},"1":{"start":{"line":4,"column":46},"end":{"line":4,"column":52}}},"fnMap":{"0":{"name":"(anonymous_0)","decl":{"start":{"line":4,"column":40},"end":{"line":4,"column":41}},"loc":{"start":{"line":4,"column":46},"end":{"line":4,"column":52}},"line":4}},"branchMap":{},"s":{"0":0,"1":0},"f":{"0":0},"b":{},"hash":"65d853eb9b6db5a055c298c38e8ea639dec78a6a"}
,"/Users/sukesh/Documents/Natterbox/Code/portal-web-ui/portal-web/src/pages/numbers/NumbersPage.tsx": {"path":"/Users/sukesh/Documents/Natterbox/Code/portal-web-ui/portal-web/src/pages/numbers/NumbersPage.tsx","statementMap":{"0":{"start":{"line":5,"column":34},"end":{"line":9,"column":2}},"1":{"start":{"line":6,"column":2},"end":{"line":8,"column":15}}},"fnMap":{"0":{"name":"(anonymous_0)","decl":{"start":{"line":5,"column":45},"end":{"line":5,"column":46}},"loc":{"start":{"line":6,"column":2},"end":{"line":8,"column":15}},"line":6}},"branchMap":{},"s":{"0":0,"1":0},"f":{"0":0},"b":{},"hash":"b7b3d77763afa2fa0c7c3f8324959e1a4d6d75bd"}
,"/Users/sukesh/Documents/Natterbox/Code/portal-web-ui/portal-web/src/pages/users/UsersPage.tsx": {"path":"/Users/sukesh/Documents/Natterbox/Code/portal-web-ui/portal-web/src/pages/users/UsersPage.tsx","statementMap":{"0":{"start":{"line":5,"column":32},"end":{"line":9,"column":2}},"1":{"start":{"line":6,"column":2},"end":{"line":8,"column":15}}},"fnMap":{"0":{"name":"(anonymous_0)","decl":{"start":{"line":5,"column":43},"end":{"line":5,"column":44}},"loc":{"start":{"line":6,"column":2},"end":{"line":8,"column":15}},"line":6}},"branchMap":{},"s":{"0":0,"1":0},"f":{"0":0},"b":{},"hash":"abcfed9a9af654f71f679c8271245d05bbcbf434"}
,"/Users/sukesh/Documents/Natterbox/Code/portal-web-ui/portal-web/src/plugins/auth0/index.tsx": {"path":"/Users/sukesh/Documents/Natterbox/Code/portal-web-ui/portal-web/src/plugins/auth0/index.tsx","statementMap":{"0":{"start":{"line":32,"column":28},"end":{"line":32,"column":74}},"1":{"start":{"line":33,"column":24},"end":{"line":33,"column":55}},"2":{"start":{"line":33,"column":30},"end":{"line":33,"column":55}},"3":{"start":{"line":35,"column":26},"end":{"line":65,"column":1}},"4":{"start":{"line":36,"column":2},"end":{"line":43,"column":3}},"5":{"start":{"line":37,"column":4},"end":{"line":42,"column":5}},"6":{"start":{"line":46,"column":2},"end":{"line":52,"column":3}},"7":{"start":{"line":47,"column":4},"end":{"line":47,"column":62}},"8":{"start":{"line":49,"column":4},"end":{"line":51,"column":5}},"9":{"start":{"line":58,"column":6},"end":{"line":58,"column":27}},"10":{"start":{"line":60,"column":2},"end":{"line":64,"column":3}},"11":{"start":{"line":67,"column":29},"end":{"line":188,"column":1}},"12":{"start":{"line":72,"column":48},"end":{"line":72,"column":63}},"13":{"start":{"line":73,"column":46},"end":{"line":73,"column":60}},"14":{"start":{"line":74,"column":40},"end":{"line":74,"column":55}},"15":{"start":{"line":75,"column":26},"end":{"line":75,"column":47}},"16":{"start":{"line":76,"column":36},"end":{"line":76,"column":50}},"17":{"start":{"line":77,"column":40},"end":{"line":77,"column":63}},"18":{"start":{"line":78,"column":30},"end":{"line":78,"column":42}},"19":{"start":{"line":80,"column":2},"end":{"line":123,"column":8}},"20":{"start":{"line":81,"column":22},"end":{"line":120,"column":5}},"21":{"start":{"line":87,"column":10},"end":{"line":87,"column":35}},"22":{"start":{"line":89,"column":28},"end":{"line":94,"column":8}},"23":{"start":{"line":96,"column":6},"end":{"line":96,"column":35}},"24":{"start":{"line":97,"column":6},"end":{"line":97,"column":27}},"25":{"start":{"line":99,"column":6},"end":{"line":106,"column":7}},"26":{"start":{"line":100,"column":44},"end":{"line":100,"column":46}},"27":{"start":{"line":101,"column":8},"end":{"line":105,"column":9}},"28":{"start":{"line":102,"column":11},"end":{"line":102,"column":72}},"29":{"start":{"line":104,"column":10},"end":{"line":104,"column":38}},"30":{"start":{"line":108,"column":21},"end":{"line":108,"column":58}},"31":{"start":{"line":110,"column":6},"end":{"line":117,"column":7}},"32":{"start":{"line":111,"column":28},"end":{"line":111,"column":57}},"33":{"start":{"line":112,"column":22},"end":{"line":112,"column":60}},"34":{"start":{"line":114,"column":8},"end":{"line":114,"column":32}},"35":{"start":{"line":115,"column":8},"end":{"line":115,"column":28}},"36":{"start":{"line":116,"column":8},"end":{"line":116,"column":27}},"37":{"start":{"line":119,"column":6},"end":{"line":119,"column":30}},"38":{"start":{"line":122,"column":4},"end":{"line":122,"column":15}},"39":{"start":{"line":125,"column":25},"end":{"line":139,"column":3}},"40":{"start":{"line":126,"column":4},"end":{"line":126,"column":24}},"41":{"start":{"line":128,"column":4},"end":{"line":134,"column":5}},"42":{"start":{"line":129,"column":6},"end":{"line":129,"column":48}},"43":{"start":{"line":131,"column":6},"end":{"line":131,"column":26}},"44":{"start":{"line":133,"column":6},"end":{"line":133,"column":27}},"45":{"start":{"line":136,"column":24},"end":{"line":136,"column":52}},"46":{"start":{"line":137,"column":4},"end":{"line":137,"column":24}},"47":{"start":{"line":138,"column":4},"end":{"line":138,"column":28}},"48":{"start":{"line":141,"column":33},"end":{"line":152,"column":3}},"49":{"start":{"line":142,"column":4},"end":{"line":142,"column":27}},"50":{"start":{"line":144,"column":19},"end":{"line":144,"column":62}},"51":{"start":{"line":145,"column":24},"end":{"line":145,"column":52}},"52":{"start":{"line":147,"column":4},"end":{"line":147,"column":28}},"53":{"start":{"line":148,"column":4},"end":{"line":148,"column":28}},"54":{"start":{"line":149,"column":4},"end":{"line":149,"column":24}},"55":{"start":{"line":151,"column":4},"end":{"line":151,"column":17}},"56":{"start":{"line":154,"column":28},"end":{"line":155,"column":43}},"57":{"start":{"line":155,"column":4},"end":{"line":155,"column":43}},"58":{"start":{"line":157,"column":27},"end":{"line":158,"column":42}},"59":{"start":{"line":158,"column":4},"end":{"line":158,"column":42}},"60":{"start":{"line":160,"column":17},"end":{"line":160,"column":74}},"61":{"start":{"line":160,"column":46},"end":{"line":160,"column":74}},"62":{"start":{"line":162,"column":27},"end":{"line":163,"column":42}},"63":{"start":{"line":163,"column":4},"end":{"line":163,"column":42}},"64":{"start":{"line":165,"column":28},"end":{"line":166,"column":43}},"65":{"start":{"line":166,"column":4},"end":{"line":166,"column":43}},"66":{"start":{"line":168,"column":2},"end":{"line":187,"column":3}}},"fnMap":{"0":{"name":"(anonymous_0)","decl":{"start":{"line":33,"column":24},"end":{"line":33,"column":25}},"loc":{"start":{"line":33,"column":30},"end":{"line":33,"column":55}},"line":33},"1":{"name":"(anonymous_1)","decl":{"start":{"line":35,"column":26},"end":{"line":35,"column":27}},"loc":{"start":{"line":35,"column":38},"end":{"line":65,"column":1}},"line":35},"2":{"name":"(anonymous_2)","decl":{"start":{"line":67,"column":29},"end":{"line":67,"column":30}},"loc":{"start":{"line":71,"column":71},"end":{"line":188,"column":1}},"line":71},"3":{"name":"(anonymous_3)","decl":{"start":{"line":80,"column":12},"end":{"line":80,"column":13}},"loc":{"start":{"line":80,"column":18},"end":{"line":123,"column":3}},"line":80},"4":{"name":"(anonymous_4)","decl":{"start":{"line":81,"column":22},"end":{"line":81,"column":23}},"loc":{"start":{"line":81,"column":34},"end":{"line":120,"column":5}},"line":81},"5":{"name":"(anonymous_5)","decl":{"start":{"line":125,"column":25},"end":{"line":125,"column":26}},"loc":{"start":{"line":125,"column":64},"end":{"line":139,"column":3}},"line":125},"6":{"name":"(anonymous_6)","decl":{"start":{"line":141,"column":33},"end":{"line":141,"column":34}},"loc":{"start":{"line":141,"column":45},"end":{"line":152,"column":3}},"line":141},"7":{"name":"(anonymous_7)","decl":{"start":{"line":154,"column":28},"end":{"line":154,"column":29}},"loc":{"start":{"line":155,"column":4},"end":{"line":155,"column":43}},"line":155},"8":{"name":"(anonymous_8)","decl":{"start":{"line":157,"column":27},"end":{"line":157,"column":28}},"loc":{"start":{"line":158,"column":4},"end":{"line":158,"column":42}},"line":158},"9":{"name":"(anonymous_9)","decl":{"start":{"line":160,"column":17},"end":{"line":160,"column":18}},"loc":{"start":{"line":160,"column":46},"end":{"line":160,"column":74}},"line":160},"10":{"name":"(anonymous_10)","decl":{"start":{"line":162,"column":27},"end":{"line":162,"column":28}},"loc":{"start":{"line":163,"column":4},"end":{"line":163,"column":42}},"line":163},"11":{"name":"(anonymous_11)","decl":{"start":{"line":165,"column":28},"end":{"line":165,"column":29}},"loc":{"start":{"line":166,"column":4},"end":{"line":166,"column":43}},"line":166}},"branchMap":{"0":{"loc":{"start":{"line":36,"column":2},"end":{"line":43,"column":3}},"type":"if","locations":[{"start":{"line":36,"column":2},"end":{"line":43,"column":3}},{"start":{"line":36,"column":2},"end":{"line":43,"column":3}}],"line":36},"1":{"loc":{"start":{"line":99,"column":6},"end":{"line":106,"column":7}},"type":"if","locations":[{"start":{"line":99,"column":6},"end":{"line":106,"column":7}},{"start":{"line":99,"column":6},"end":{"line":106,"column":7}}],"line":99},"2":{"loc":{"start":{"line":110,"column":6},"end":{"line":117,"column":7}},"type":"if","locations":[{"start":{"line":110,"column":6},"end":{"line":117,"column":7}},{"start":{"line":110,"column":6},"end":{"line":117,"column":7}}],"line":110}},"s":{"0":8,"1":8,"2":0,"3":8,"4":0,"5":0,"6":0,"7":0,"8":0,"9":0,"10":0,"11":8,"12":0,"13":0,"14":0,"15":0,"16":0,"17":0,"18":0,"19":0,"20":0,"21":0,"22":0,"23":0,"24":0,"25":0,"26":0,"27":0,"28":0,"29":0,"30":0,"31":0,"32":0,"33":0,"34":0,"35":0,"36":0,"37":0,"38":0,"39":0,"40":0,"41":0,"42":0,"43":0,"44":0,"45":0,"46":0,"47":0,"48":0,"49":0,"50":0,"51":0,"52":0,"53":0,"54":0,"55":0,"56":0,"57":0,"58":0,"59":0,"60":0,"61":0,"62":0,"63":0,"64":0,"65":0,"66":0},"f":{"0":0,"1":0,"2":0,"3":0,"4":0,"5":0,"6":0,"7":0,"8":0,"9":0,"10":0,"11":0},"b":{"0":[0,0],"1":[0,0],"2":[0,0]},"_coverageSchema":"43e27e138ebf9cfc5966b082cf9a028302ed4184","hash":"3ca6228fa4ae0095ba2e4077f23098b721e4e91b"}
,"/Users/sukesh/Documents/Natterbox/Code/portal-web-ui/portal-web/src/plugins/history/index.tsx": {"path":"/Users/sukesh/Documents/Natterbox/Code/portal-web-ui/portal-web/src/plugins/history/index.tsx","statementMap":{},"fnMap":{},"branchMap":{},"s":{},"f":{},"b":{},"hash":"1cc1e58c210a6e4a2bd787fda9a92e80c8ed7412"}
,"/Users/sukesh/Documents/Natterbox/Code/portal-web-ui/portal-web/src/styles/commonMUIStyles.ts": {"path":"/Users/sukesh/Documents/Natterbox/Code/portal-web-ui/portal-web/src/styles/commonMUIStyles.ts","statementMap":{"0":{"start":{"line":3,"column":26},"end":{"line":10,"column":2}}},"fnMap":{},"branchMap":{},"s":{"0":6},"f":{},"b":{},"_coverageSchema":"43e27e138ebf9cfc5966b082cf9a028302ed4184","hash":"5dc9783f4ea62493020b955eeb78f30584bacd84"}
,"/Users/sukesh/Documents/Natterbox/Code/portal-web-ui/portal-web/src/styles/global.scss": {"path":"/Users/sukesh/Documents/Natterbox/Code/portal-web-ui/portal-web/src/styles/global.scss","statementMap":{"0":{"start":{"line":1,"column":0},"end":{"line":1,"column":31}}},"fnMap":{},"branchMap":{},"s":{"0":1},"f":{},"b":{},"_coverageSchema":"43e27e138ebf9cfc5966b082cf9a028302ed4184","hash":"14991f712f09b5d3e2cdb3133ab3e675cc6fd377"}
}
