TN:
SF:/Users/sukesh/Documents/Natterbox/Code/portal-web-ui/portal-web/src/App.tsx
FN:29,(anonymous_0)
FN:53,(anonymous_1)
FN:67,(anonymous_2)
FN:92,(anonymous_3)
FNF:4
FNH:1
FNDA:3,(anonymous_0)
FNDA:0,(anonymous_1)
FNDA:0,(anonymous_2)
FNDA:0,(anonymous_3)
DA:17,1
DA:29,1
DA:36,3
DA:38,3
DA:44,3
DA:45,1
DA:48,2
DA:49,1
DA:52,2
DA:54,0
DA:60,0
DA:68,0
DA:76,2
DA:83,2
DA:93,0
LF:15
LH:11
BRDA:44,0,0,1
BRDA:44,0,1,2
BRDA:48,1,0,1
BRDA:48,1,1,1
BRDA:54,2,0,0
BRDA:54,2,1,0
BRDA:55,3,0,0
BRDA:55,3,1,0
BRDA:55,3,2,0
BRDA:55,3,3,0
BRDA:70,4,0,0
BRDA:70,4,1,0
BRDA:95,5,0,0
BRDA:95,5,1,0
BRF:14
BRH:4
end_of_record
TN:
SF:/Users/sukesh/Documents/Natterbox/Code/portal-web-ui/portal-web/src/AppRoutes.tsx
FN:14,(anonymous_0)
FN:16,(anonymous_1)
FN:27,(anonymous_2)
FN:28,(anonymous_3)
FN:34,(anonymous_4)
FNF:5
FNH:0
FNDA:0,(anonymous_0)
FNDA:0,(anonymous_1)
FNDA:0,(anonymous_2)
FNDA:0,(anonymous_3)
FNDA:0,(anonymous_4)
DA:14,1
DA:15,0
DA:16,0
DA:18,0
DA:25,0
DA:27,0
DA:28,0
DA:34,0
LF:8
LH:1
BRF:0
BRH:0
end_of_record
TN:
SF:/Users/sukesh/Documents/Natterbox/Code/portal-web-ui/portal-web/src/global.d.ts
FNF:0
FNH:0
LF:0
LH:0
BRF:0
BRH:0
end_of_record
TN:
SF:/Users/sukesh/Documents/Natterbox/Code/portal-web-ui/portal-web/src/index.tsx
FN:8,(anonymous_0)
FNF:1
FNH:0
FNDA:0,(anonymous_0)
DA:8,0
DA:9,0
DA:15,0
DA:21,0
DA:24,0
LF:5
LH:0
BRDA:15,0,0,0
BRDA:15,0,1,0
BRDA:15,1,0,0
BRDA:15,1,1,0
BRDA:15,1,2,0
BRF:5
BRH:0
end_of_record
TN:
SF:/Users/sukesh/Documents/Natterbox/Code/portal-web-ui/portal-web/src/react-app-env.d.ts
FNF:0
FNH:0
LF:0
LH:0
BRF:0
BRH:0
end_of_record
TN:
SF:/Users/sukesh/Documents/Natterbox/Code/portal-web-ui/portal-web/src/assets/icons/account.svg
FN:5,SvgAccount
FNF:1
FNH:0
FNDA:0,SvgAccount
DA:1,7
DA:2,7
DA:6,0
LF:3
LH:2
BRF:0
BRH:0
end_of_record
TN:
SF:/Users/sukesh/Documents/Natterbox/Code/portal-web-ui/portal-web/src/assets/icons/beginning.svg
FN:5,SvgBeginning
FNF:1
FNH:0
FNDA:0,SvgBeginning
DA:1,7
DA:2,7
DA:6,0
LF:3
LH:2
BRF:0
BRH:0
end_of_record
TN:
SF:/Users/sukesh/Documents/Natterbox/Code/portal-web-ui/portal-web/src/assets/icons/delete.svg
FN:5,SvgDelete
FNF:1
FNH:0
FNDA:0,SvgDelete
DA:1,7
DA:2,7
DA:6,0
LF:3
LH:2
BRF:0
BRH:0
end_of_record
TN:
SF:/Users/sukesh/Documents/Natterbox/Code/portal-web-ui/portal-web/src/assets/icons/download.svg
FN:5,SvgDownload
FNF:1
FNH:0
FNDA:0,SvgDownload
DA:1,7
DA:2,7
DA:6,0
LF:3
LH:2
BRF:0
BRH:0
end_of_record
TN:
SF:/Users/sukesh/Documents/Natterbox/Code/portal-web-ui/portal-web/src/assets/icons/filterActive.svg
FN:5,SvgFilterActive
FNF:1
FNH:0
FNDA:0,SvgFilterActive
DA:1,7
DA:2,7
DA:6,0
LF:3
LH:2
BRF:0
BRH:0
end_of_record
TN:
SF:/Users/sukesh/Documents/Natterbox/Code/portal-web-ui/portal-web/src/assets/icons/filterInactive.svg
FN:5,SvgFilterInactive
FNF:1
FNH:0
FNDA:0,SvgFilterInactive
DA:1,7
DA:2,7
DA:6,0
LF:3
LH:2
BRF:0
BRH:0
end_of_record
TN:
SF:/Users/sukesh/Documents/Natterbox/Code/portal-web-ui/portal-web/src/assets/icons/playback-backward.svg
FN:5,SvgPlaybackBackward
FNF:1
FNH:0
FNDA:0,SvgPlaybackBackward
DA:1,7
DA:2,7
DA:6,0
LF:3
LH:2
BRF:0
BRH:0
end_of_record
TN:
SF:/Users/sukesh/Documents/Natterbox/Code/portal-web-ui/portal-web/src/assets/icons/playback-forward.svg
FN:5,SvgPlaybackForward
FNF:1
FNH:0
FNDA:0,SvgPlaybackForward
DA:1,7
DA:2,7
DA:6,0
LF:3
LH:2
BRF:0
BRH:0
end_of_record
TN:
SF:/Users/sukesh/Documents/Natterbox/Code/portal-web-ui/portal-web/src/assets/icons/plus.svg
FN:5,SvgPlus
FNF:1
FNH:0
FNDA:0,SvgPlus
DA:1,7
DA:2,7
DA:6,0
LF:3
LH:2
BRF:0
BRH:0
end_of_record
TN:
SF:/Users/sukesh/Documents/Natterbox/Code/portal-web-ui/portal-web/src/assets/icons/settings.svg
FN:5,SvgSettings
FNF:1
FNH:0
FNDA:0,SvgSettings
DA:1,7
DA:2,7
DA:6,0
LF:3
LH:2
BRF:0
BRH:0
end_of_record
TN:
SF:/Users/sukesh/Documents/Natterbox/Code/portal-web-ui/portal-web/src/components/AccountSettings/components/Accounts/AccountQueries.ts
FNF:0
FNH:0
DA:3,1
DA:20,1
DA:33,1
LF:3
LH:3
BRF:0
BRH:0
end_of_record
TN:
SF:/Users/sukesh/Documents/Natterbox/Code/portal-web-ui/portal-web/src/components/AccountSettings/components/Accounts/Accounts.tsx
FN:23,(anonymous_0)
FN:31,(anonymous_1)
FN:35,(anonymous_2)
FN:60,(anonymous_3)
FN:61,(anonymous_4)
FN:71,(anonymous_5)
FNF:6
FNH:0
FNDA:0,(anonymous_0)
FNDA:0,(anonymous_1)
FNDA:0,(anonymous_2)
FNDA:0,(anonymous_3)
FNDA:0,(anonymous_4)
FNDA:0,(anonymous_5)
DA:18,0
DA:23,0
DA:24,0
DA:25,0
DA:29,0
DA:31,0
DA:32,0
DA:35,0
DA:36,0
DA:37,0
DA:39,0
DA:40,0
DA:48,0
DA:54,0
DA:60,0
DA:62,0
DA:72,0
LF:17
LH:0
BRDA:39,0,0,0
BRDA:39,0,1,0
BRDA:48,1,0,0
BRDA:48,1,1,0
BRDA:48,1,2,0
BRDA:48,1,3,0
BRDA:48,1,4,0
BRDA:56,2,0,0
BRDA:56,2,1,0
BRDA:58,3,0,0
BRDA:58,3,1,0
BRDA:76,4,0,0
BRDA:76,4,1,0
BRF:13
BRH:0
end_of_record
TN:
SF:/Users/sukesh/Documents/Natterbox/Code/portal-web-ui/portal-web/src/components/AccountSettings/components/Accounts/Accounts.type.ts
FNF:0
FNH:0
LF:0
LH:0
BRF:0
BRH:0
end_of_record
TN:
SF:/Users/sukesh/Documents/Natterbox/Code/portal-web-ui/portal-web/src/components/AccountSettings/components/Accounts/components/GeneralSettings.tsx
FN:36,(anonymous_0)
FN:39,(anonymous_1)
FN:45,(anonymous_2)
FN:47,(anonymous_3)
FN:62,(anonymous_4)
FN:88,(anonymous_5)
FN:104,(anonymous_6)
FN:118,(anonymous_7)
FN:128,(anonymous_8)
FN:132,(anonymous_9)
FN:132,(anonymous_10)
FN:146,(anonymous_11)
FN:160,(anonymous_12)
FN:163,(anonymous_13)
FN:165,(anonymous_14)
FN:169,(anonymous_15)
FN:191,(anonymous_16)
FN:199,(anonymous_17)
FN:200,(anonymous_18)
FN:204,(anonymous_19)
FN:227,(anonymous_20)
FN:297,(anonymous_21)
FN:338,(anonymous_22)
FNF:23
FNH:14
FNDA:9,(anonymous_0)
FNDA:108,(anonymous_1)
FNDA:1779,(anonymous_2)
FNDA:372,(anonymous_3)
FNDA:3,(anonymous_4)
FNDA:0,(anonymous_5)
FNDA:0,(anonymous_6)
FNDA:1,(anonymous_7)
FNDA:1,(anonymous_8)
FNDA:15,(anonymous_9)
FNDA:1,(anonymous_10)
FNDA:0,(anonymous_11)
FNDA:0,(anonymous_12)
FNDA:0,(anonymous_13)
FNDA:0,(anonymous_14)
FNDA:0,(anonymous_15)
FNDA:0,(anonymous_16)
FNDA:18,(anonymous_17)
FNDA:6,(anonymous_18)
FNDA:9,(anonymous_19)
FNDA:9,(anonymous_20)
FNDA:6,(anonymous_21)
FNDA:0,(anonymous_22)
DA:36,1
DA:37,9
DA:39,3
DA:40,108
DA:43,3
DA:45,1779
DA:47,3
DA:48,372
DA:52,0
DA:56,1
DA:62,1
DA:67,3
DA:75,3
DA:85,3
DA:89,0
DA:90,0
DA:91,0
DA:101,3
DA:105,0
DA:106,0
DA:108,0
DA:118,3
DA:119,1
DA:128,3
DA:129,1
DA:132,15
DA:133,1
DA:134,1
DA:139,0
DA:146,3
DA:147,0
DA:163,3
DA:164,0
DA:165,0
DA:169,3
DA:170,0
DA:171,0
DA:177,0
DA:180,0
DA:187,0
DA:193,0
DA:196,3
DA:198,3
DA:199,18
DA:200,6
DA:202,3
DA:204,3
DA:205,9
DA:215,3
DA:228,9
DA:298,6
DA:339,0
DA:345,0
LF:53
LH:34
BRDA:37,0,0,3
BRDA:37,0,1,3
BRDA:37,0,2,3
BRDA:37,0,3,0
BRDA:133,1,0,1
BRDA:133,1,1,0
BRDA:165,2,0,0
BRDA:165,2,1,0
BRDA:165,2,2,0
BRDA:170,3,0,0
BRDA:170,3,1,0
BRDA:182,4,0,0
BRDA:182,4,1,0
BRDA:198,5,0,3
BRDA:198,5,1,0
BRDA:202,6,0,3
BRDA:202,6,1,3
BRDA:270,7,0,3
BRDA:270,7,1,1
BRDA:295,8,0,3
BRDA:295,8,1,3
BRDA:301,9,0,3
BRDA:301,9,1,0
BRDA:334,10,0,0
BRDA:334,10,1,3
BRDA:347,11,0,0
BRDA:347,11,1,3
BRDA:352,12,0,3
BRDA:352,12,1,0
BRF:29
BRH:15
end_of_record
TN:
SF:/Users/sukesh/Documents/Natterbox/Code/portal-web-ui/portal-web/src/components/AccountSettings/components/Assets/index.tsx
FN:3,(anonymous_0)
FNF:1
FNH:0
FNDA:0,(anonymous_0)
DA:3,0
LF:1
LH:0
BRF:0
BRH:0
end_of_record
TN:
SF:/Users/sukesh/Documents/Natterbox/Code/portal-web-ui/portal-web/src/components/Devices/components/Device.type.ts
FNF:0
FNH:0
LF:0
LH:0
BRF:0
BRH:0
end_of_record
TN:
SF:/Users/sukesh/Documents/Natterbox/Code/portal-web-ui/portal-web/src/components/Devices/components/DeviceColProps.tsx
FN:21,(anonymous_0)
FNF:1
FNH:1
FNDA:100,(anonymous_0)
DA:9,1
DA:22,100
DA:24,4
DA:25,4
DA:27,4
LF:5
LH:5
BRDA:22,0,0,96
BRDA:22,0,1,4
BRDA:30,1,0,4
BRDA:30,1,1,0
BRDA:36,2,0,4
BRDA:36,2,1,0
BRF:6
BRH:4
end_of_record
TN:
SF:/Users/sukesh/Documents/Natterbox/Code/portal-web-ui/portal-web/src/components/Devices/components/DeviceList.tsx
FN:19,(anonymous_0)
FN:34,(anonymous_1)
FN:38,(anonymous_2)
FN:43,(anonymous_3)
FN:56,(anonymous_4)
FN:68,(anonymous_5)
FN:98,(anonymous_6)
FN:99,(anonymous_7)
FN:105,(anonymous_8)
FNF:9
FNH:1
FNDA:4,(anonymous_0)
FNDA:0,(anonymous_1)
FNDA:0,(anonymous_2)
FNDA:0,(anonymous_3)
FNDA:0,(anonymous_4)
FNDA:0,(anonymous_5)
FNDA:0,(anonymous_6)
FNDA:0,(anonymous_7)
FNDA:0,(anonymous_8)
DA:19,1
DA:20,4
DA:21,4
DA:22,4
DA:23,4
DA:24,4
DA:29,4
DA:32,4
DA:34,4
DA:35,0
DA:38,4
DA:39,0
DA:40,0
DA:43,4
DA:44,0
DA:50,4
DA:55,4
DA:56,0
DA:59,4
DA:61,4
DA:68,0
DA:98,0
DA:99,0
DA:106,0
LF:24
LH:15
BRDA:32,0,0,1
BRDA:32,0,1,3
BRDA:32,1,0,4
BRDA:32,1,1,1
BRDA:32,1,2,1
BRDA:63,2,0,4
BRDA:63,2,1,2
BRDA:64,3,0,4
BRDA:64,3,1,1
BRDA:67,4,0,1
BRDA:67,4,1,1
BRDA:71,5,0,4
BRDA:71,5,1,2
BRDA:71,5,2,1
BRDA:76,6,0,1
BRDA:76,6,1,0
BRDA:76,7,0,1
BRDA:76,7,1,1
BRDA:79,8,0,1
BRDA:79,8,1,0
BRDA:96,9,0,1
BRDA:96,9,1,0
BRDA:102,10,0,1
BRDA:102,10,1,0
BRF:24
BRH:20
end_of_record
TN:
SF:/Users/sukesh/Documents/Natterbox/Code/portal-web-ui/portal-web/src/components/Devices/components/DeviceQueries.ts
FNF:0
FNH:0
DA:3,2
DA:13,2
DA:25,2
DA:36,2
LF:4
LH:4
BRF:0
BRH:0
end_of_record
TN:
SF:/Users/sukesh/Documents/Natterbox/Code/portal-web-ui/portal-web/src/components/Devices/components/DeviceCreate/DeviceCreate.tsx
FN:15,(anonymous_0)
FNF:1
FNH:1
FNDA:1,(anonymous_0)
DA:15,2
DA:16,1
LF:2
LH:2
BRF:0
BRH:0
end_of_record
TN:
SF:/Users/sukesh/Documents/Natterbox/Code/portal-web-ui/portal-web/src/components/Devices/components/DeviceCreate/GeneralSettingsCreate.tsx
FN:33,(anonymous_0)
FN:46,(anonymous_1)
FN:52,(anonymous_2)
FN:63,(anonymous_3)
FN:78,(anonymous_4)
FN:85,(anonymous_5)
FNF:6
FNH:1
FNDA:1,(anonymous_0)
FNDA:0,(anonymous_1)
FNDA:0,(anonymous_2)
FNDA:0,(anonymous_3)
FNDA:0,(anonymous_4)
FNDA:0,(anonymous_5)
DA:17,2
DA:33,2
DA:34,1
DA:36,1
DA:45,1
DA:47,0
DA:52,1
DA:53,0
DA:56,0
DA:63,1
DA:64,0
DA:65,0
DA:70,0
DA:71,0
DA:78,1
DA:79,0
DA:88,1
DA:90,1
DA:92,1
DA:102,1
LF:20
LH:12
BRDA:58,0,0,0
BRDA:58,0,1,0
BRDA:64,1,0,0
BRDA:64,1,1,0
BRDA:70,2,0,0
BRDA:70,2,1,0
BRDA:73,3,0,0
BRDA:73,3,1,0
BRDA:88,4,0,1
BRDA:88,4,1,1
BRDA:107,5,0,1
BRDA:107,5,1,0
BRDA:111,6,0,1
BRDA:111,6,1,1
BRDA:116,7,0,0
BRDA:116,7,1,1
BRDA:119,8,0,1
BRDA:119,8,1,1
BRDA:127,9,0,1
BRDA:127,9,1,0
BRDA:129,10,0,0
BRDA:129,10,1,0
BRDA:203,11,0,1
BRDA:203,11,1,1
BRDA:210,12,0,0
BRDA:210,12,1,1
BRDA:213,13,0,1
BRDA:213,13,1,0
BRDA:214,14,0,1
BRDA:214,14,1,0
BRF:30
BRH:14
end_of_record
TN:
SF:/Users/sukesh/Documents/Natterbox/Code/portal-web-ui/portal-web/src/components/Devices/components/DeviceCreate/SecuritySettingsCreate.tsx
FN:3,(anonymous_0)
FNF:1
FNH:0
FNDA:0,(anonymous_0)
DA:3,0
DA:4,0
LF:2
LH:0
BRF:0
BRH:0
end_of_record
TN:
SF:/Users/sukesh/Documents/Natterbox/Code/portal-web-ui/portal-web/src/components/Devices/components/DeviceUpdate/DeviceUpdate.tsx
FN:21,(anonymous_0)
FN:24,(anonymous_1)
FNF:2
FNH:0
FNDA:0,(anonymous_0)
FNDA:0,(anonymous_1)
DA:21,1
DA:22,0
DA:24,0
DA:25,0
DA:28,0
LF:5
LH:1
BRF:0
BRH:0
end_of_record
TN:
SF:/Users/sukesh/Documents/Natterbox/Code/portal-web-ui/portal-web/src/components/Devices/components/DeviceUpdate/GeneralSettingsUpdate.tsx
FN:33,(anonymous_0)
FN:47,(anonymous_1)
FN:52,(anonymous_2)
FN:62,(anonymous_3)
FN:82,(anonymous_4)
FN:97,(anonymous_5)
FN:105,(anonymous_6)
FNF:7
FNH:0
FNDA:0,(anonymous_0)
FNDA:0,(anonymous_1)
FNDA:0,(anonymous_2)
FNDA:0,(anonymous_3)
FNDA:0,(anonymous_4)
FNDA:0,(anonymous_5)
FNDA:0,(anonymous_6)
DA:22,1
DA:33,1
DA:34,0
DA:38,0
DA:42,0
DA:46,0
DA:48,0
DA:52,0
DA:53,0
DA:62,0
DA:63,0
DA:65,0
DA:66,0
DA:73,0
DA:79,0
DA:82,0
DA:83,0
DA:84,0
DA:89,0
DA:90,0
DA:97,0
DA:98,0
DA:108,0
DA:110,0
DA:112,0
LF:25
LH:2
BRDA:65,0,0,0
BRDA:65,0,1,0
BRDA:79,1,0,0
BRDA:79,1,1,0
BRDA:83,2,0,0
BRDA:83,2,1,0
BRDA:89,3,0,0
BRDA:89,3,1,0
BRDA:92,4,0,0
BRDA:92,4,1,0
BRDA:110,5,0,0
BRDA:110,5,1,0
BRDA:211,6,0,0
BRDA:211,6,1,0
BRDA:218,7,0,0
BRDA:218,7,1,0
BRDA:221,8,0,0
BRDA:221,8,1,0
BRF:18
BRH:0
end_of_record
TN:
SF:/Users/sukesh/Documents/Natterbox/Code/portal-web-ui/portal-web/src/components/Devices/components/DeviceUpdate/SecuritySettingsUpdate.tsx
FN:3,(anonymous_0)
FNF:1
FNH:0
FNDA:0,(anonymous_0)
DA:3,1
DA:4,0
DA:6,0
LF:3
LH:1
BRF:0
BRH:0
end_of_record
TN:
SF:/Users/sukesh/Documents/Natterbox/Code/portal-web-ui/portal-web/src/components/Groups/index.tsx
FNF:0
FNH:0
LF:0
LH:0
BRF:0
BRH:0
end_of_record
TN:
SF:/Users/sukesh/Documents/Natterbox/Code/portal-web-ui/portal-web/src/components/Groups/components/Groups.type.ts
FNF:0
FNH:0
LF:0
LH:0
BRF:0
BRH:0
end_of_record
TN:
SF:/Users/sukesh/Documents/Natterbox/Code/portal-web-ui/portal-web/src/components/Groups/components/GroupsColProps.tsx
FNF:0
FNH:0
DA:3,0
LF:1
LH:0
BRF:0
BRH:0
end_of_record
TN:
SF:/Users/sukesh/Documents/Natterbox/Code/portal-web-ui/portal-web/src/components/Groups/components/GroupsList.tsx
FN:24,(anonymous_0)
FN:46,(anonymous_1)
FN:73,(anonymous_2)
FN:78,(anonymous_3)
FN:78,(anonymous_4)
FN:83,(anonymous_5)
FN:97,(anonymous_6)
FN:121,(anonymous_7)
FN:137,(anonymous_8)
FNF:9
FNH:0
FNDA:0,(anonymous_0)
FNDA:0,(anonymous_1)
FNDA:0,(anonymous_2)
FNDA:0,(anonymous_3)
FNDA:0,(anonymous_4)
FNDA:0,(anonymous_5)
FNDA:0,(anonymous_6)
FNDA:0,(anonymous_7)
FNDA:0,(anonymous_8)
DA:22,0
DA:24,0
DA:25,0
DA:26,0
DA:27,0
DA:28,0
DA:36,0
DA:46,0
DA:47,0
DA:51,0
DA:71,0
DA:73,0
DA:74,0
DA:75,0
DA:78,0
DA:79,0
DA:80,0
DA:83,0
DA:84,0
DA:90,0
DA:97,0
DA:122,0
DA:138,0
LF:23
LH:0
BRDA:51,0,0,0
BRDA:51,0,1,0
BRDA:51,1,0,0
BRDA:51,1,1,0
BRDA:92,2,0,0
BRDA:92,2,1,0
BRDA:92,2,2,0
BRDA:93,3,0,0
BRDA:93,3,1,0
BRDA:96,4,0,0
BRDA:96,4,1,0
BRDA:100,5,0,0
BRDA:100,5,1,0
BRDA:100,5,2,0
BRDA:134,6,0,0
BRDA:134,6,1,0
BRF:16
BRH:0
end_of_record
TN:
SF:/Users/sukesh/Documents/Natterbox/Code/portal-web-ui/portal-web/src/components/Groups/components/GroupsQueries.ts
FNF:0
FNH:0
DA:3,0
DA:23,0
DA:36,0
LF:3
LH:0
BRF:0
BRH:0
end_of_record
TN:
SF:/Users/sukesh/Documents/Natterbox/Code/portal-web-ui/portal-web/src/components/Groups/components/GroupUpdate/GeneralSettingsUpdate.tsx
FN:31,(anonymous_0)
FN:40,(anonymous_1)
FN:45,(anonymous_2)
FN:58,(anonymous_3)
FN:73,(anonymous_4)
FN:81,(anonymous_5)
FNF:6
FNH:0
FNDA:0,(anonymous_0)
FNDA:0,(anonymous_1)
FNDA:0,(anonymous_2)
FNDA:0,(anonymous_3)
FNDA:0,(anonymous_4)
FNDA:0,(anonymous_5)
DA:19,0
DA:31,0
DA:32,0
DA:35,0
DA:39,0
DA:41,0
DA:45,0
DA:46,0
DA:55,0
DA:58,0
DA:59,0
DA:60,0
DA:65,0
DA:66,0
DA:73,0
DA:74,0
DA:84,0
DA:86,0
DA:88,0
LF:19
LH:0
BRDA:55,0,0,0
BRDA:55,0,1,0
BRDA:59,1,0,0
BRDA:59,1,1,0
BRDA:65,2,0,0
BRDA:65,2,1,0
BRDA:68,3,0,0
BRDA:68,3,1,0
BRDA:86,4,0,0
BRDA:86,4,1,0
BRDA:159,5,0,0
BRDA:159,5,1,0
BRDA:166,6,0,0
BRDA:166,6,1,0
BRDA:169,7,0,0
BRDA:169,7,1,0
BRF:16
BRH:0
end_of_record
TN:
SF:/Users/sukesh/Documents/Natterbox/Code/portal-web-ui/portal-web/src/components/Groups/components/GroupUpdate/GroupUpdate.tsx
FN:20,(anonymous_0)
FN:23,(anonymous_1)
FNF:2
FNH:0
FNDA:0,(anonymous_0)
FNDA:0,(anonymous_1)
DA:20,0
DA:21,0
DA:23,0
DA:24,0
DA:27,0
LF:5
LH:0
BRF:0
BRH:0
end_of_record
TN:
SF:/Users/sukesh/Documents/Natterbox/Code/portal-web-ui/portal-web/src/components/Groups/components/GroupUpdate/MembershipSettingsUpdate.tsx
FN:3,(anonymous_0)
FNF:1
FNH:0
FNDA:0,(anonymous_0)
DA:3,0
DA:4,0
LF:2
LH:0
BRF:0
BRH:0
end_of_record
TN:
SF:/Users/sukesh/Documents/Natterbox/Code/portal-web-ui/portal-web/src/components/Groups/components/GroupUpdate/VoicemailSettingsUpdate.tsx
FN:3,(anonymous_0)
FNF:1
FNH:0
FNDA:0,(anonymous_0)
DA:3,0
DA:4,0
LF:2
LH:0
BRF:0
BRH:0
end_of_record
TN:
SF:/Users/sukesh/Documents/Natterbox/Code/portal-web-ui/portal-web/src/components/Home/Home.tsx
FN:3,(anonymous_0)
FNF:1
FNH:0
FNDA:0,(anonymous_0)
DA:3,0
LF:1
LH:0
BRF:0
BRH:0
end_of_record
TN:
SF:/Users/sukesh/Documents/Natterbox/Code/portal-web-ui/portal-web/src/components/Logs/components/BulkDownloads/index.tsx
FN:3,(anonymous_0)
FNF:1
FNH:0
FNDA:0,(anonymous_0)
DA:3,1
LF:1
LH:1
BRF:0
BRH:0
end_of_record
TN:
SF:/Users/sukesh/Documents/Natterbox/Code/portal-web-ui/portal-web/src/components/Logs/components/CallLogs/CallLogColProps.tsx
FN:26,(anonymous_0)
FN:57,(anonymous_1)
FN:78,(anonymous_2)
FN:88,(anonymous_3)
FN:98,(anonymous_4)
FN:112,(anonymous_5)
FN:121,(anonymous_6)
FN:130,(anonymous_7)
FNF:8
FNH:7
FNDA:116,(anonymous_0)
FNDA:144,(anonymous_1)
FNDA:144,(anonymous_2)
FNDA:144,(anonymous_3)
FNDA:144,(anonymous_4)
FNDA:144,(anonymous_5)
FNDA:144,(anonymous_6)
FNDA:0,(anonymous_7)
DA:26,2
DA:27,116
DA:29,2
DA:53,2
DA:57,144
DA:79,144
DA:80,90
DA:82,54
DA:89,144
DA:90,26
DA:92,118
DA:99,144
DA:112,144
DA:122,144
DA:130,0
LF:15
LH:14
BRDA:79,0,0,90
BRDA:79,0,1,54
BRDA:89,1,0,26
BRDA:89,1,1,118
BRDA:100,2,0,144
BRDA:100,2,1,0
BRF:6
BRH:5
end_of_record
TN:
SF:/Users/sukesh/Documents/Natterbox/Code/portal-web-ui/portal-web/src/components/Logs/components/CallLogs/CallLogQueries.ts
FNF:0
FNH:0
DA:3,2
LF:1
LH:1
BRF:0
BRH:0
end_of_record
TN:
SF:/Users/sukesh/Documents/Natterbox/Code/portal-web-ui/portal-web/src/components/Logs/components/CallLogs/CallLogs.tsx
FN:17,(anonymous_0)
FN:26,(anonymous_1)
FN:30,(anonymous_2)
FN:49,(anonymous_3)
FNF:4
FNH:1
FNDA:6,(anonymous_0)
FNDA:0,(anonymous_1)
FNDA:0,(anonymous_2)
FNDA:0,(anonymous_3)
DA:17,2
DA:18,6
DA:19,6
DA:20,6
DA:21,6
DA:24,6
DA:26,6
DA:27,0
DA:30,6
DA:31,0
DA:32,0
DA:35,6
DA:40,6
DA:42,6
DA:49,0
LF:15
LH:11
BRDA:24,0,0,2
BRDA:24,0,1,4
BRDA:24,1,0,6
BRDA:24,1,1,2
BRDA:24,1,2,2
BRDA:44,2,0,6
BRDA:44,2,1,3
BRDA:45,3,0,6
BRDA:45,3,1,1
BRDA:48,4,0,1
BRDA:48,4,1,1
BRDA:53,5,0,6
BRDA:53,5,1,3
BRDA:53,5,2,2
BRDA:58,6,0,2
BRDA:58,6,1,0
BRDA:58,7,0,2
BRDA:58,7,1,2
BRDA:61,8,0,0
BRDA:61,8,1,2
BRF:20
BRH:18
end_of_record
TN:
SF:/Users/sukesh/Documents/Natterbox/Code/portal-web-ui/portal-web/src/components/Logs/components/CallLogs/CallLogs.type.ts
FNF:0
FNH:0
LF:0
LH:0
BRF:0
BRH:0
end_of_record
TN:
SF:/Users/sukesh/Documents/Natterbox/Code/portal-web-ui/portal-web/src/components/Logs/components/CallLogs/CallLogsData.ts
FNF:0
FNH:0
DA:1,0
LF:1
LH:0
BRF:0
BRH:0
end_of_record
TN:
SF:/Users/sukesh/Documents/Natterbox/Code/portal-web-ui/portal-web/src/components/Logs/components/EventLogs/index.tsx
FN:3,(anonymous_0)
FNF:1
FNH:0
FNDA:0,(anonymous_0)
DA:3,1
LF:1
LH:1
BRF:0
BRH:0
end_of_record
TN:
SF:/Users/sukesh/Documents/Natterbox/Code/portal-web-ui/portal-web/src/components/Logs/components/MyCalls/index.tsx
FN:3,(anonymous_0)
FNF:1
FNH:0
FNDA:0,(anonymous_0)
DA:3,1
LF:1
LH:1
BRF:0
BRH:0
end_of_record
TN:
SF:/Users/sukesh/Documents/Natterbox/Code/portal-web-ui/portal-web/src/components/Logs/components/SMSMMSLogs/index.tsx
FN:3,(anonymous_0)
FNF:1
FNH:0
FNDA:0,(anonymous_0)
DA:3,1
LF:1
LH:1
BRF:0
BRH:0
end_of_record
TN:
SF:/Users/sukesh/Documents/Natterbox/Code/portal-web-ui/portal-web/src/components/Me/components/Me.tsx
FN:16,(anonymous_0)
FN:25,(anonymous_1)
FN:29,(anonymous_2)
FN:64,(anonymous_3)
FN:75,(anonymous_4)
FNF:5
FNH:0
FNDA:0,(anonymous_0)
FNDA:0,(anonymous_1)
FNDA:0,(anonymous_2)
FNDA:0,(anonymous_3)
FNDA:0,(anonymous_4)
DA:16,0
DA:17,0
DA:18,0
DA:19,0
DA:20,0
DA:21,0
DA:23,0
DA:25,0
DA:26,0
DA:27,0
DA:28,0
DA:29,0
DA:31,0
DA:65,0
DA:76,0
LF:15
LH:0
BRDA:20,0,0,0
BRDA:20,0,1,0
BRDA:21,1,0,0
BRDA:21,1,1,0
BRDA:26,2,0,0
BRDA:26,2,1,0
BRDA:26,3,0,0
BRDA:26,3,1,0
BRF:8
BRH:0
end_of_record
TN:
SF:/Users/sukesh/Documents/Natterbox/Code/portal-web-ui/portal-web/src/components/Numbers/index.tsx
FNF:0
FNH:0
LF:0
LH:0
BRF:0
BRH:0
end_of_record
TN:
SF:/Users/sukesh/Documents/Natterbox/Code/portal-web-ui/portal-web/src/components/Numbers/components/Number.type.ts
FNF:0
FNH:0
LF:0
LH:0
BRF:0
BRH:0
end_of_record
TN:
SF:/Users/sukesh/Documents/Natterbox/Code/portal-web-ui/portal-web/src/components/Numbers/components/NumberColProps.tsx
FN:20,(anonymous_0)
FNF:1
FNH:0
FNDA:0,(anonymous_0)
DA:4,0
DA:20,0
LF:2
LH:0
BRDA:20,0,0,0
BRDA:20,0,1,0
BRDA:20,1,0,0
BRDA:20,1,1,0
BRF:4
BRH:0
end_of_record
TN:
SF:/Users/sukesh/Documents/Natterbox/Code/portal-web-ui/portal-web/src/components/Numbers/components/NumberList.tsx
FN:26,(anonymous_0)
FN:55,(anonymous_1)
FN:82,(anonymous_2)
FN:87,(anonymous_3)
FN:87,(anonymous_4)
FN:92,(anonymous_5)
FN:100,(anonymous_6)
FN:110,(anonymous_7)
FN:134,(anonymous_8)
FN:148,(anonymous_9)
FN:153,(anonymous_10)
FNF:11
FNH:0
FNDA:0,(anonymous_0)
FNDA:0,(anonymous_1)
FNDA:0,(anonymous_2)
FNDA:0,(anonymous_3)
FNDA:0,(anonymous_4)
FNDA:0,(anonymous_5)
FNDA:0,(anonymous_6)
FNDA:0,(anonymous_7)
FNDA:0,(anonymous_8)
FNDA:0,(anonymous_9)
FNDA:0,(anonymous_10)
DA:24,0
DA:26,0
DA:27,0
DA:28,0
DA:29,0
DA:42,0
DA:43,0
DA:45,0
DA:55,0
DA:56,0
DA:60,0
DA:80,0
DA:82,0
DA:83,0
DA:84,0
DA:87,0
DA:88,0
DA:89,0
DA:92,0
DA:93,0
DA:99,0
DA:100,0
DA:103,0
DA:110,0
DA:135,0
DA:148,0
DA:154,0
LF:27
LH:0
BRDA:60,0,0,0
BRDA:60,0,1,0
BRDA:60,1,0,0
BRDA:60,1,1,0
BRDA:105,2,0,0
BRDA:105,2,1,0
BRDA:105,2,2,0
BRDA:106,3,0,0
BRDA:106,3,1,0
BRDA:109,4,0,0
BRDA:109,4,1,0
BRDA:113,5,0,0
BRDA:113,5,1,0
BRDA:113,5,2,0
BRDA:147,6,0,0
BRDA:147,6,1,0
BRDA:150,7,0,0
BRDA:150,7,1,0
BRF:18
BRH:0
end_of_record
TN:
SF:/Users/sukesh/Documents/Natterbox/Code/portal-web-ui/portal-web/src/components/Numbers/components/NumberQueries.ts
FNF:0
FNH:0
DA:3,0
DA:24,0
LF:2
LH:0
BRF:0
BRH:0
end_of_record
TN:
SF:/Users/sukesh/Documents/Natterbox/Code/portal-web-ui/portal-web/src/components/Numbers/components/NumberCreate/NumberCreate.tsx
FN:9,(anonymous_0)
FNF:1
FNH:0
FNDA:0,(anonymous_0)
DA:9,0
DA:10,0
LF:2
LH:0
BRF:0
BRH:0
end_of_record
TN:
SF:/Users/sukesh/Documents/Natterbox/Code/portal-web-ui/portal-web/src/components/Numbers/components/NumberUpdate/NumberUpdate.tsx
FN:32,(anonymous_0)
FN:33,(anonymous_1)
FN:39,(anonymous_2)
FN:54,(anonymous_3)
FN:60,(anonymous_4)
FN:66,(anonymous_5)
FN:73,(anonymous_6)
FN:83,(anonymous_7)
FN:92,(anonymous_8)
FN:107,(anonymous_9)
FN:132,(anonymous_10)
FN:145,(anonymous_11)
FNF:12
FNH:0
FNDA:0,(anonymous_0)
FNDA:0,(anonymous_1)
FNDA:0,(anonymous_2)
FNDA:0,(anonymous_3)
FNDA:0,(anonymous_4)
FNDA:0,(anonymous_5)
FNDA:0,(anonymous_6)
FNDA:0,(anonymous_7)
FNDA:0,(anonymous_8)
FNDA:0,(anonymous_9)
FNDA:0,(anonymous_10)
FNDA:0,(anonymous_11)
DA:32,0
DA:33,0
DA:39,0
DA:40,0
DA:43,0
DA:44,0
DA:45,0
DA:48,0
DA:53,0
DA:55,0
DA:60,0
DA:62,0
DA:63,0
DA:66,0
DA:67,0
DA:69,0
DA:72,0
DA:73,0
DA:74,0
DA:83,0
DA:84,0
DA:95,0
DA:100,0
DA:107,0
DA:132,0
DA:145,0
LF:26
LH:0
BRDA:62,0,0,0
BRDA:62,0,1,0
BRDA:63,1,0,0
BRDA:63,1,1,0
BRDA:67,2,0,0
BRDA:67,2,1,0
BRDA:67,3,0,0
BRDA:67,3,1,0
BRDA:72,4,0,0
BRDA:72,4,1,0
BRDA:72,5,0,0
BRDA:72,5,1,0
BRDA:89,6,0,0
BRDA:89,6,1,0
BRDA:95,7,0,0
BRDA:95,7,1,0
BRDA:102,8,0,0
BRDA:102,8,1,0
BRDA:103,9,0,0
BRDA:103,9,1,0
BRDA:106,10,0,0
BRDA:106,10,1,0
BRDA:110,11,0,0
BRDA:110,11,1,0
BRDA:110,11,2,0
BRDA:128,12,0,0
BRDA:128,12,1,0
BRDA:151,13,0,0
BRDA:151,13,1,0
BRDA:158,14,0,0
BRDA:158,14,1,0
BRDA:161,15,0,0
BRDA:161,15,1,0
BRF:33
BRH:0
end_of_record
TN:
SF:/Users/sukesh/Documents/Natterbox/Code/portal-web-ui/portal-web/src/components/Users/User.type.ts
FNF:0
FNH:0
LF:0
LH:0
BRF:0
BRH:0
end_of_record
TN:
SF:/Users/sukesh/Documents/Natterbox/Code/portal-web-ui/portal-web/src/components/Users/UserColProps.ts
FNF:0
FNH:0
DA:3,0
DA:46,0
LF:2
LH:0
BRF:0
BRH:0
end_of_record
TN:
SF:/Users/sukesh/Documents/Natterbox/Code/portal-web-ui/portal-web/src/components/Users/UserDetails.tsx
FN:41,(anonymous_0)
FN:57,(anonymous_1)
FN:72,(anonymous_2)
FN:91,(anonymous_3)
FN:100,(anonymous_4)
FN:101,(anonymous_5)
FNF:6
FNH:0
FNDA:0,(anonymous_0)
FNDA:0,(anonymous_1)
FNDA:0,(anonymous_2)
FNDA:0,(anonymous_3)
FNDA:0,(anonymous_4)
FNDA:0,(anonymous_5)
DA:21,0
DA:41,0
DA:46,0
DA:47,0
DA:51,0
DA:52,0
DA:53,0
DA:57,0
DA:61,0
DA:62,0
DA:65,0
DA:72,0
DA:91,0
DA:100,0
DA:102,0
LF:15
LH:0
BRDA:51,0,0,0
BRDA:51,0,1,0
BRDA:52,1,0,0
BRDA:52,1,1,0
BRDA:56,2,0,0
BRDA:56,2,1,0
BRDA:61,3,0,0
BRDA:61,3,1,0
BRDA:61,4,0,0
BRDA:61,4,1,0
BRDA:62,5,0,0
BRDA:62,5,1,0
BRDA:62,6,0,0
BRDA:62,6,1,0
BRDA:62,7,0,0
BRDA:62,7,1,0
BRDA:62,8,0,0
BRDA:62,8,1,0
BRDA:83,9,0,0
BRDA:83,9,1,0
BRDA:83,10,0,0
BRDA:83,10,1,0
BRF:22
BRH:0
end_of_record
TN:
SF:/Users/sukesh/Documents/Natterbox/Code/portal-web-ui/portal-web/src/components/Users/UserQueries.ts
FNF:0
FNH:0
DA:3,0
LF:1
LH:0
BRF:0
BRH:0
end_of_record
TN:
SF:/Users/sukesh/Documents/Natterbox/Code/portal-web-ui/portal-web/src/components/Users/Users.tsx
FN:17,(anonymous_0)
FN:28,(anonymous_1)
FN:32,(anonymous_2)
FN:42,(anonymous_3)
FN:56,(anonymous_4)
FN:88,(anonymous_5)
FNF:6
FNH:0
FNDA:0,(anonymous_0)
FNDA:0,(anonymous_1)
FNDA:0,(anonymous_2)
FNDA:0,(anonymous_3)
FNDA:0,(anonymous_4)
FNDA:0,(anonymous_5)
DA:17,0
DA:18,0
DA:19,0
DA:20,0
DA:21,0
DA:22,0
DA:23,0
DA:26,0
DA:28,0
DA:29,0
DA:32,0
DA:33,0
DA:34,0
DA:37,0
DA:42,0
DA:43,0
DA:44,0
DA:47,0
DA:49,0
DA:56,0
DA:88,0
LF:21
LH:0
BRDA:26,0,0,0
BRDA:26,0,1,0
BRDA:26,1,0,0
BRDA:26,1,1,0
BRDA:26,1,2,0
BRDA:51,2,0,0
BRDA:51,2,1,0
BRDA:52,3,0,0
BRDA:52,3,1,0
BRDA:55,4,0,0
BRDA:55,4,1,0
BRDA:59,5,0,0
BRDA:59,5,1,0
BRDA:59,5,2,0
BRDA:64,6,0,0
BRDA:64,6,1,0
BRDA:64,7,0,0
BRDA:64,7,1,0
BRDA:67,8,0,0
BRDA:67,8,1,0
BRDA:84,9,0,0
BRDA:84,9,1,0
BRF:22
BRH:0
end_of_record
TN:
SF:/Users/sukesh/Documents/Natterbox/Code/portal-web-ui/portal-web/src/components/shared/ErrorAlert.tsx
FN:10,(anonymous_0)
FNF:1
FNH:0
FNDA:0,(anonymous_0)
DA:9,6
DA:11,0
LF:2
LH:1
BRF:0
BRH:0
end_of_record
TN:
SF:/Users/sukesh/Documents/Natterbox/Code/portal-web-ui/portal-web/src/components/shared/ErrorSnack.tsx
FN:14,(anonymous_0)
FNF:1
FNH:1
FNDA:2,(anonymous_0)
DA:13,6
DA:15,2
LF:2
LH:2
BRF:0
BRH:0
end_of_record
TN:
SF:/Users/sukesh/Documents/Natterbox/Code/portal-web-ui/portal-web/src/components/shared/PrivateRoute.tsx
FN:6,(anonymous_0)
FN:9,(anonymous_1)
FN:13,(anonymous_2)
FN:21,(anonymous_3)
FNF:4
FNH:0
FNDA:0,(anonymous_0)
FNDA:0,(anonymous_1)
FNDA:0,(anonymous_2)
FNDA:0,(anonymous_3)
DA:6,6
DA:7,0
DA:9,0
DA:10,0
DA:11,0
DA:13,0
DA:14,0
DA:18,0
DA:21,0
DA:22,0
DA:24,0
DA:27,6
DA:36,6
LF:13
LH:3
BRDA:10,0,0,0
BRDA:10,0,1,0
BRDA:10,1,0,0
BRDA:10,1,1,0
BRDA:22,2,0,0
BRDA:22,2,1,0
BRF:6
BRH:0
end_of_record
TN:
SF:/Users/sukesh/Documents/Natterbox/Code/portal-web-ui/portal-web/src/components/shared/ActionBlocks/ActionBlocks.tsx
FN:38,(anonymous_0)
FN:51,(anonymous_1)
FN:58,(anonymous_2)
FNF:3
FNH:3
FNDA:18,(anonymous_0)
FNDA:3,(anonymous_1)
FNDA:18,(anonymous_2)
DA:29,6
DA:38,6
DA:43,18
DA:51,6
DA:56,3
DA:59,18
LF:6
LH:6
BRDA:52,0,0,3
BRDA:62,1,0,18
BRDA:62,1,1,12
BRDA:65,2,0,18
BRDA:65,2,1,12
BRF:5
BRH:5
end_of_record
TN:
SF:/Users/sukesh/Documents/Natterbox/Code/portal-web-ui/portal-web/src/components/shared/Checkbox/CheckBox.tsx
FN:6,(anonymous_0)
FNF:1
FNH:0
FNDA:0,(anonymous_0)
DA:6,0
DA:7,0
LF:2
LH:0
BRF:0
BRH:0
end_of_record
TN:
SF:/Users/sukesh/Documents/Natterbox/Code/portal-web-ui/portal-web/src/components/shared/CompRender/CompRender.tsx
FN:15,(anonymous_0)
FNF:1
FNH:0
FNDA:0,(anonymous_0)
DA:15,6
DA:23,0
LF:2
LH:1
BRDA:23,0,0,0
BRDA:23,0,1,0
BRDA:24,1,0,0
BRDA:24,1,1,0
BRDA:25,2,0,0
BRDA:25,2,1,0
BRF:6
BRH:0
end_of_record
TN:
SF:/Users/sukesh/Documents/Natterbox/Code/portal-web-ui/portal-web/src/components/shared/Footer/Footer.tsx
FN:3,(anonymous_0)
FNF:1
FNH:0
FNDA:0,(anonymous_0)
DA:3,6
DA:4,0
LF:2
LH:1
BRDA:5,0,0,0
BRDA:5,0,1,0
BRF:2
BRH:0
end_of_record
TN:
SF:/Users/sukesh/Documents/Natterbox/Code/portal-web-ui/portal-web/src/components/shared/Header/Header.tsx
FN:32,(anonymous_0)
FN:53,(anonymous_1)
FNF:2
FNH:2
FNDA:1,(anonymous_0)
FNDA:8,(anonymous_1)
DA:21,7
DA:32,7
DA:33,1
DA:34,1
DA:36,1
DA:54,8
LF:6
LH:6
BRDA:59,0,0,1
BRDA:59,0,1,7
BRF:2
BRH:2
end_of_record
TN:
SF:/Users/sukesh/Documents/Natterbox/Code/portal-web-ui/portal-web/src/components/shared/Header/HeaderMUIStyles.ts
FNF:0
FNH:0
DA:3,7
DA:9,7
LF:2
LH:2
BRF:0
BRH:0
end_of_record
TN:
SF:/Users/sukesh/Documents/Natterbox/Code/portal-web-ui/portal-web/src/components/shared/Images/index.tsx
FN:13,(anonymous_0)
FN:14,(anonymous_1)
FN:15,(anonymous_2)
FN:16,(anonymous_3)
FN:17,(anonymous_4)
FN:20,(anonymous_5)
FN:23,(anonymous_6)
FN:26,(anonymous_7)
FN:30,(anonymous_8)
FN:31,(anonymous_9)
FN:32,(anonymous_10)
FNF:11
FNH:6
FNDA:0,(anonymous_0)
FNDA:0,(anonymous_1)
FNDA:3,(anonymous_2)
FNDA:3,(anonymous_3)
FNDA:3,(anonymous_4)
FNDA:3,(anonymous_5)
FNDA:0,(anonymous_6)
FNDA:0,(anonymous_7)
FNDA:3,(anonymous_8)
FNDA:3,(anonymous_9)
FNDA:0,(anonymous_10)
DA:13,7
DA:14,7
DA:15,7
DA:16,7
DA:17,7
DA:18,3
DA:20,7
DA:21,3
DA:23,7
DA:24,0
DA:26,7
DA:27,0
DA:30,7
DA:31,7
DA:32,7
DA:33,0
LF:16
LH:13
BRF:0
BRH:0
end_of_record
TN:
SF:/Users/sukesh/Documents/Natterbox/Code/portal-web-ui/portal-web/src/components/shared/LightTooltip/LightTooltip.tsx
FN:5,(anonymous_0)
FN:17,LightTooltip
FNF:2
FNH:0
FNDA:0,(anonymous_0)
FNDA:0,LightTooltip
DA:5,0
DA:18,0
DA:20,0
LF:3
LH:0
BRF:0
BRH:0
end_of_record
TN:
SF:/Users/sukesh/Documents/Natterbox/Code/portal-web-ui/portal-web/src/components/shared/Loading/Loading.tsx
FN:9,(anonymous_0)
FNF:1
FNH:1
FNDA:6,(anonymous_0)
DA:9,7
DA:10,6
LF:2
LH:2
BRDA:11,0,0,6
BRDA:11,0,1,1
BRF:2
BRH:2
end_of_record
TN:
SF:/Users/sukesh/Documents/Natterbox/Code/portal-web-ui/portal-web/src/components/shared/Login/Login.tsx
FN:8,(anonymous_0)
FN:13,(anonymous_1)
FN:18,(anonymous_2)
FNF:3
FNH:1
FNDA:1,(anonymous_0)
FNDA:0,(anonymous_1)
FNDA:0,(anonymous_2)
DA:8,8
DA:9,1
DA:11,1
DA:14,0
DA:19,0
DA:20,0
LF:6
LH:3
BRDA:16,0,0,0
BRDA:16,0,1,0
BRF:2
BRH:0
end_of_record
TN:
SF:/Users/sukesh/Documents/Natterbox/Code/portal-web-ui/portal-web/src/components/shared/PortalDialog/PortalDialogTitle.tsx
FN:22,(anonymous_0)
FNF:1
FNH:1
FNDA:1,(anonymous_0)
DA:9,6
DA:22,6
DA:26,1
DA:28,1
LF:4
LH:4
BRF:0
BRH:0
end_of_record
TN:
SF:/Users/sukesh/Documents/Natterbox/Code/portal-web-ui/portal-web/src/components/shared/PortalTable/PortalTable.tsx
FN:23,PortalTable
FN:44,(anonymous_1)
FNF:2
FNH:2
FNDA:3,PortalTable
FNDA:244,(anonymous_1)
DA:29,3
DA:45,244
LF:2
LH:2
BRDA:39,0,0,3
BRDA:39,0,1,3
BRDA:39,0,2,0
BRDA:42,1,0,3
BRDA:42,1,1,3
BRDA:42,1,2,3
BRF:6
BRH:5
end_of_record
TN:
SF:/Users/sukesh/Documents/Natterbox/Code/portal-web-ui/portal-web/src/components/shared/PortalTable/PortalTableHeader.tsx
FN:16,(anonymous_0)
FN:27,(anonymous_1)
FNF:2
FNH:2
FNDA:3,(anonymous_0)
FNDA:27,(anonymous_1)
DA:16,6
DA:20,3
DA:28,27
LF:3
LH:3
BRDA:22,0,0,3
BRDA:22,0,1,3
BRF:2
BRH:2
end_of_record
TN:
SF:/Users/sukesh/Documents/Natterbox/Code/portal-web-ui/portal-web/src/components/shared/PortalTable/PortalTableRow.tsx
FN:21,PortalTableRow
FN:33,(anonymous_1)
FN:33,(anonymous_2)
FN:40,(anonymous_3)
FN:43,(anonymous_4)
FNF:5
FNH:2
FNDA:244,PortalTableRow
FNDA:0,(anonymous_1)
FNDA:0,(anonymous_2)
FNDA:0,(anonymous_3)
FNDA:2028,(anonymous_4)
DA:28,244
DA:33,0
DA:40,0
DA:44,2028
LF:4
LH:2
BRDA:25,0,0,0
BRDA:33,1,0,100
BRDA:33,1,1,144
BRDA:35,2,0,244
BRDA:35,2,1,100
BRDA:36,3,0,244
BRDA:36,3,1,122
BRDA:38,4,0,244
BRDA:38,4,1,244
BRDA:48,5,0,964
BRDA:48,5,1,1064
BRF:11
BRH:10
end_of_record
TN:
SF:/Users/sukesh/Documents/Natterbox/Code/portal-web-ui/portal-web/src/components/shared/TabbedTable/NoTabTable.tsx
FN:6,(anonymous_0)
FNF:1
FNH:0
FNDA:0,(anonymous_0)
DA:6,6
DA:7,0
LF:2
LH:1
BRF:0
BRH:0
end_of_record
TN:
SF:/Users/sukesh/Documents/Natterbox/Code/portal-web-ui/portal-web/src/components/shared/TabbedTable/TabbedMUIStyles.ts
FNF:0
FNH:0
DA:3,6
LF:1
LH:1
BRF:0
BRH:0
end_of_record
TN:
SF:/Users/sukesh/Documents/Natterbox/Code/portal-web-ui/portal-web/src/components/shared/TabbedTable/TabbedTable.tsx
FN:14,(anonymous_0)
FN:22,(anonymous_1)
FN:41,(anonymous_2)
FNF:3
FNH:0
FNDA:0,(anonymous_0)
FNDA:0,(anonymous_1)
FNDA:0,(anonymous_2)
DA:13,6
DA:15,0
DA:16,0
DA:17,0
DA:19,0
DA:20,0
DA:22,0
DA:26,0
DA:27,0
DA:29,0
DA:42,0
LF:11
LH:1
BRF:0
BRH:0
end_of_record
TN:
SF:/Users/sukesh/Documents/Natterbox/Code/portal-web-ui/portal-web/src/components/shared/TablePagination/PortalPagerMUIStyles.ts
FNF:0
FNH:0
DA:3,6
LF:1
LH:1
BRF:0
BRH:0
end_of_record
TN:
SF:/Users/sukesh/Documents/Natterbox/Code/portal-web-ui/portal-web/src/components/shared/TablePagination/PortalPaging.tsx
FN:15,(anonymous_0)
FNF:1
FNH:1
FNDA:3,(anonymous_0)
DA:14,6
DA:23,3
DA:25,3
LF:3
LH:3
BRDA:16,0,0,0
BRF:1
BRH:0
end_of_record
TN:
SF:/Users/sukesh/Documents/Natterbox/Code/portal-web-ui/portal-web/src/components/shared/TablePagination/PortalServerPaging.tsx
FN:26,(anonymous_0)
FNF:1
FNH:0
FNDA:0,(anonymous_0)
DA:25,6
DA:39,0
LF:2
LH:1
BRDA:27,0,0,0
BRDA:28,1,0,0
BRDA:50,2,0,0
BRDA:50,2,1,0
BRDA:64,3,0,0
BRDA:64,3,1,0
BRDA:71,4,0,0
BRDA:71,4,1,0
BRF:8
BRH:0
end_of_record
TN:
SF:/Users/sukesh/Documents/Natterbox/Code/portal-web-ui/portal-web/src/components/shared/styles/sharedStyles.ts
FNF:0
FNH:0
DA:3,6
LF:1
LH:1
BRF:0
BRH:0
end_of_record
TN:
SF:/Users/sukesh/Documents/Natterbox/Code/portal-web-ui/portal-web/src/mocks/AccountMock.ts
FNF:0
FNH:0
DA:1,3
LF:1
LH:1
BRF:0
BRH:0
end_of_record
TN:
SF:/Users/sukesh/Documents/Natterbox/Code/portal-web-ui/portal-web/src/mocks/CallLog.mock.ts
FNF:0
FNH:0
DA:1,3
LF:1
LH:1
BRF:0
BRH:0
end_of_record
TN:
SF:/Users/sukesh/Documents/Natterbox/Code/portal-web-ui/portal-web/src/mocks/DeviceListMock.ts
FNF:0
FNH:0
DA:1,3
LF:1
LH:1
BRF:0
BRH:0
end_of_record
TN:
SF:/Users/sukesh/Documents/Natterbox/Code/portal-web-ui/portal-web/src/pages/AsyncRouteLoading.tsx
FN:3,(anonymous_0)
FNF:1
FNH:0
FNDA:0,(anonymous_0)
DA:3,1
DA:4,0
DA:5,0
DA:14,0
DA:15,0
DA:17,0
LF:6
LH:1
BRDA:4,0,0,0
BRDA:4,0,1,0
BRDA:14,1,0,0
BRDA:14,1,1,0
BRF:4
BRH:0
end_of_record
TN:
SF:/Users/sukesh/Documents/Natterbox/Code/portal-web-ui/portal-web/src/pages/accountSettings/AccountsPage.tsx
FN:11,(anonymous_0)
FNF:1
FNH:0
FNDA:0,(anonymous_0)
DA:6,0
DA:11,0
LF:2
LH:0
BRF:0
BRH:0
end_of_record
TN:
SF:/Users/sukesh/Documents/Natterbox/Code/portal-web-ui/portal-web/src/pages/devices/DevicesPage.tsx
FN:5,(anonymous_0)
FNF:1
FNH:0
FNDA:0,(anonymous_0)
DA:5,0
DA:6,0
LF:2
LH:0
BRF:0
BRH:0
end_of_record
TN:
SF:/Users/sukesh/Documents/Natterbox/Code/portal-web-ui/portal-web/src/pages/groups/GroupsPage.tsx
FN:5,(anonymous_0)
FNF:1
FNH:0
FNDA:0,(anonymous_0)
DA:5,0
DA:6,0
LF:2
LH:0
BRF:0
BRH:0
end_of_record
TN:
SF:/Users/sukesh/Documents/Natterbox/Code/portal-web-ui/portal-web/src/pages/logs/LogsPage.tsx
FN:19,(anonymous_0)
FNF:1
FNH:1
FNDA:2,(anonymous_0)
DA:11,1
DA:19,2
LF:2
LH:2
BRF:0
BRH:0
end_of_record
TN:
SF:/Users/sukesh/Documents/Natterbox/Code/portal-web-ui/portal-web/src/pages/me/MePage.tsx
FN:4,(anonymous_0)
FNF:1
FNH:0
FNDA:0,(anonymous_0)
DA:4,0
LF:1
LH:0
BRF:0
BRH:0
end_of_record
TN:
SF:/Users/sukesh/Documents/Natterbox/Code/portal-web-ui/portal-web/src/pages/numbers/NumbersPage.tsx
FN:5,(anonymous_0)
FNF:1
FNH:0
FNDA:0,(anonymous_0)
DA:5,0
DA:6,0
LF:2
LH:0
BRF:0
BRH:0
end_of_record
TN:
SF:/Users/sukesh/Documents/Natterbox/Code/portal-web-ui/portal-web/src/pages/users/UsersPage.tsx
FN:5,(anonymous_0)
FNF:1
FNH:0
FNDA:0,(anonymous_0)
DA:5,0
DA:6,0
LF:2
LH:0
BRF:0
BRH:0
end_of_record
TN:
SF:/Users/sukesh/Documents/Natterbox/Code/portal-web-ui/portal-web/src/plugins/auth0/index.tsx
FN:33,(anonymous_0)
FN:35,(anonymous_1)
FN:67,(anonymous_2)
FN:80,(anonymous_3)
FN:81,(anonymous_4)
FN:125,(anonymous_5)
FN:141,(anonymous_6)
FN:154,(anonymous_7)
FN:157,(anonymous_8)
FN:160,(anonymous_9)
FN:162,(anonymous_10)
FN:165,(anonymous_11)
FNF:12
FNH:0
FNDA:0,(anonymous_0)
FNDA:0,(anonymous_1)
FNDA:0,(anonymous_2)
FNDA:0,(anonymous_3)
FNDA:0,(anonymous_4)
FNDA:0,(anonymous_5)
FNDA:0,(anonymous_6)
FNDA:0,(anonymous_7)
FNDA:0,(anonymous_8)
FNDA:0,(anonymous_9)
FNDA:0,(anonymous_10)
FNDA:0,(anonymous_11)
DA:32,8
DA:33,8
DA:35,8
DA:36,0
DA:37,0
DA:46,0
DA:47,0
DA:49,0
DA:58,0
DA:60,0
DA:67,8
DA:72,0
DA:73,0
DA:74,0
DA:75,0
DA:76,0
DA:77,0
DA:78,0
DA:80,0
DA:81,0
DA:87,0
DA:89,0
DA:96,0
DA:97,0
DA:99,0
DA:100,0
DA:101,0
DA:102,0
DA:104,0
DA:108,0
DA:110,0
DA:111,0
DA:112,0
DA:114,0
DA:115,0
DA:116,0
DA:119,0
DA:122,0
DA:125,0
DA:126,0
DA:128,0
DA:129,0
DA:131,0
DA:133,0
DA:136,0
DA:137,0
DA:138,0
DA:141,0
DA:142,0
DA:144,0
DA:145,0
DA:147,0
DA:148,0
DA:149,0
DA:151,0
DA:154,0
DA:155,0
DA:157,0
DA:158,0
DA:160,0
DA:162,0
DA:163,0
DA:165,0
DA:166,0
DA:168,0
LF:65
LH:4
BRDA:36,0,0,0
BRDA:36,0,1,0
BRDA:99,1,0,0
BRDA:99,1,1,0
BRDA:110,2,0,0
BRDA:110,2,1,0
BRF:6
BRH:0
end_of_record
TN:
SF:/Users/sukesh/Documents/Natterbox/Code/portal-web-ui/portal-web/src/plugins/history/index.tsx
FNF:0
FNH:0
LF:0
LH:0
BRF:0
BRH:0
end_of_record
TN:
SF:/Users/sukesh/Documents/Natterbox/Code/portal-web-ui/portal-web/src/styles/commonMUIStyles.ts
FNF:0
FNH:0
DA:3,6
LF:1
LH:1
BRF:0
BRH:0
end_of_record
TN:
SF:/Users/sukesh/Documents/Natterbox/Code/portal-web-ui/portal-web/src/styles/global.scss
FNF:0
FNH:0
DA:1,1
LF:1
LH:1
BRF:0
BRH:0
end_of_record
