TN:
SF:/Users/sukesh/Documents/Natterbox/Code/portal-web-ui/portal-web/src/App.tsx
FN:34,(anonymous_0)
FN:55,(anonymous_1)
FN:80,(anonymous_2)
FN:104,(anonymous_3)
FN:109,(anonymous_4)
FNF:5
FNH:1
FNDA:3,(anonymous_0)
FNDA:0,(anonymous_1)
FNDA:0,(anonymous_2)
FNDA:0,(anonymous_3)
FNDA:0,(anonymous_4)
DA:18,1
DA:34,1
DA:41,3
DA:43,3
DA:44,3
DA:46,3
DA:47,1
DA:50,2
DA:51,1
DA:54,2
DA:56,0
DA:57,0
DA:58,0
DA:65,0
DA:72,0
DA:73,0
DA:81,0
DA:89,2
DA:96,2
DA:105,0
DA:110,0
LF:21
LH:12
BRDA:46,0,0,1
BRDA:46,0,1,2
BRDA:50,1,0,1
BRDA:50,1,1,1
BRDA:56,2,0,0
BRDA:56,2,1,0
BRDA:57,3,0,0
BRDA:57,3,1,0
BRDA:72,4,0,0
BRDA:72,4,1,0
BRDA:83,5,0,0
BRDA:83,5,1,0
BRDA:107,6,0,0
BRDA:107,6,1,0
BRF:14
BRH:4
end_of_record
TN:
SF:/Users/sukesh/Documents/Natterbox/Code/portal-web-ui/portal-web/src/AppRoutes.tsx
FN:16,(anonymous_0)
FN:18,(anonymous_1)
FN:25,(anonymous_2)
FN:26,(anonymous_3)
FNF:4
FNH:0
FNDA:0,(anonymous_0)
FNDA:0,(anonymous_1)
FNDA:0,(anonymous_2)
FNDA:0,(anonymous_3)
DA:16,1
DA:17,0
DA:18,0
DA:20,0
DA:23,0
DA:25,0
DA:26,0
LF:7
LH:1
BRF:0
BRH:0
end_of_record
TN:
SF:/Users/sukesh/Documents/Natterbox/Code/portal-web-ui/portal-web/src/common.types.ts
FNF:0
FNH:0
LF:0
LH:0
BRF:0
BRH:0
end_of_record
TN:
SF:/Users/sukesh/Documents/Natterbox/Code/portal-web-ui/portal-web/src/global.d.ts
FNF:0
FNH:0
LF:0
LH:0
BRF:0
BRH:0
end_of_record
TN:
SF:/Users/sukesh/Documents/Natterbox/Code/portal-web-ui/portal-web/src/index.tsx
FN:9,(anonymous_0)
FNF:1
FNH:0
FNDA:0,(anonymous_0)
DA:9,0
DA:10,0
DA:16,0
DA:22,0
DA:25,0
LF:5
LH:0
BRDA:16,0,0,0
BRDA:16,0,1,0
BRDA:16,1,0,0
BRDA:16,1,1,0
BRDA:16,1,2,0
BRF:5
BRH:0
end_of_record
TN:
SF:/Users/sukesh/Documents/Natterbox/Code/portal-web-ui/portal-web/src/react-app-env.d.ts
FNF:0
FNH:0
LF:0
LH:0
BRF:0
BRH:0
end_of_record
TN:
SF:/Users/sukesh/Documents/Natterbox/Code/portal-web-ui/portal-web/src/assets/icons/account.svg
FN:5,SvgAccount
FNF:1
FNH:0
FNDA:0,SvgAccount
DA:1,11
DA:2,11
DA:6,0
LF:3
LH:2
BRF:0
BRH:0
end_of_record
TN:
SF:/Users/sukesh/Documents/Natterbox/Code/portal-web-ui/portal-web/src/assets/icons/beginning.svg
FN:5,SvgBeginning
FNF:1
FNH:0
FNDA:0,SvgBeginning
DA:1,11
DA:2,11
DA:6,0
LF:3
LH:2
BRF:0
BRH:0
end_of_record
TN:
SF:/Users/sukesh/Documents/Natterbox/Code/portal-web-ui/portal-web/src/assets/icons/checkBoxActive.svg
FN:5,SvgCheckBoxActive
FNF:1
FNH:0
FNDA:0,SvgCheckBoxActive
DA:1,11
DA:2,11
DA:6,0
LF:3
LH:2
BRF:0
BRH:0
end_of_record
TN:
SF:/Users/sukesh/Documents/Natterbox/Code/portal-web-ui/portal-web/src/assets/icons/delete.svg
FN:5,SvgDelete
FNF:1
FNH:0
FNDA:0,SvgDelete
DA:1,11
DA:2,11
DA:6,0
LF:3
LH:2
BRF:0
BRH:0
end_of_record
TN:
SF:/Users/sukesh/Documents/Natterbox/Code/portal-web-ui/portal-web/src/assets/icons/down.svg
FN:5,SvgDown
FNF:1
FNH:0
FNDA:0,SvgDown
DA:1,11
DA:2,11
DA:6,0
LF:3
LH:2
BRF:0
BRH:0
end_of_record
TN:
SF:/Users/sukesh/Documents/Natterbox/Code/portal-web-ui/portal-web/src/assets/icons/download.svg
FN:5,SvgDownload
FNF:1
FNH:0
FNDA:0,SvgDownload
DA:1,11
DA:2,11
DA:6,0
LF:3
LH:2
BRF:0
BRH:0
end_of_record
TN:
SF:/Users/sukesh/Documents/Natterbox/Code/portal-web-ui/portal-web/src/assets/icons/filterActive.svg
FN:5,SvgFilterActive
FNF:1
FNH:0
FNDA:0,SvgFilterActive
DA:1,11
DA:2,11
DA:6,0
LF:3
LH:2
BRF:0
BRH:0
end_of_record
TN:
SF:/Users/sukesh/Documents/Natterbox/Code/portal-web-ui/portal-web/src/assets/icons/filterInactive.svg
FN:5,SvgFilterInactive
FNF:1
FNH:0
FNDA:0,SvgFilterInactive
DA:1,11
DA:2,11
DA:6,0
LF:3
LH:2
BRF:0
BRH:0
end_of_record
TN:
SF:/Users/sukesh/Documents/Natterbox/Code/portal-web-ui/portal-web/src/assets/icons/logout.svg
FN:5,SvgLogout
FNF:1
FNH:0
FNDA:0,SvgLogout
DA:1,11
DA:2,11
DA:6,0
LF:3
LH:2
BRF:0
BRH:0
end_of_record
TN:
SF:/Users/sukesh/Documents/Natterbox/Code/portal-web-ui/portal-web/src/assets/icons/paused.svg
FN:5,SvgPaused
FNF:1
FNH:0
FNDA:0,SvgPaused
DA:1,11
DA:2,11
DA:6,0
LF:3
LH:2
BRF:0
BRH:0
end_of_record
TN:
SF:/Users/sukesh/Documents/Natterbox/Code/portal-web-ui/portal-web/src/assets/icons/playback-backward.svg
FN:5,SvgPlaybackBackward
FNF:1
FNH:0
FNDA:0,SvgPlaybackBackward
DA:1,11
DA:2,11
DA:6,0
LF:3
LH:2
BRF:0
BRH:0
end_of_record
TN:
SF:/Users/sukesh/Documents/Natterbox/Code/portal-web-ui/portal-web/src/assets/icons/playback-forward.svg
FN:5,SvgPlaybackForward
FNF:1
FNH:0
FNDA:0,SvgPlaybackForward
DA:1,11
DA:2,11
DA:6,0
LF:3
LH:2
BRF:0
BRH:0
end_of_record
TN:
SF:/Users/sukesh/Documents/Natterbox/Code/portal-web-ui/portal-web/src/assets/icons/plus.svg
FN:5,SvgPlus
FNF:1
FNH:0
FNDA:0,SvgPlus
DA:1,11
DA:2,11
DA:6,0
LF:3
LH:2
BRF:0
BRH:0
end_of_record
TN:
SF:/Users/sukesh/Documents/Natterbox/Code/portal-web-ui/portal-web/src/assets/icons/search.svg
FN:5,SvgSearch
FNF:1
FNH:0
FNDA:0,SvgSearch
DA:1,11
DA:2,11
DA:6,0
LF:3
LH:2
BRF:0
BRH:0
end_of_record
TN:
SF:/Users/sukesh/Documents/Natterbox/Code/portal-web-ui/portal-web/src/assets/icons/settings.svg
FN:5,SvgSettings
FNF:1
FNH:0
FNDA:0,SvgSettings
DA:1,11
DA:2,11
DA:6,0
LF:3
LH:2
BRF:0
BRH:0
end_of_record
TN:
SF:/Users/sukesh/Documents/Natterbox/Code/portal-web-ui/portal-web/src/assets/icons/zoom-in.svg
FN:5,SvgZoomIn
FNF:1
FNH:0
FNDA:0,SvgZoomIn
DA:1,11
DA:2,11
DA:6,0
LF:3
LH:2
BRF:0
BRH:0
end_of_record
TN:
SF:/Users/sukesh/Documents/Natterbox/Code/portal-web-ui/portal-web/src/assets/icons/zoom-out.svg
FN:5,SvgZoomOut
FNF:1
FNH:0
FNDA:0,SvgZoomOut
DA:1,11
DA:2,11
DA:6,0
LF:3
LH:2
BRF:0
BRH:0
end_of_record
TN:
SF:/Users/sukesh/Documents/Natterbox/Code/portal-web-ui/portal-web/src/components/AccountSettings/components/Accounts/Accounts.tsx
FN:27,(anonymous_0)
FN:30,(anonymous_1)
FN:44,(anonymous_2)
FNF:3
FNH:0
FNDA:0,(anonymous_0)
FNDA:0,(anonymous_1)
FNDA:0,(anonymous_2)
DA:16,0
DA:22,0
DA:27,0
DA:28,0
DA:30,0
DA:32,0
DA:45,0
LF:7
LH:0
BRF:0
BRH:0
end_of_record
TN:
SF:/Users/sukesh/Documents/Natterbox/Code/portal-web-ui/portal-web/src/components/AccountSettings/components/Accounts/Accounts.type.ts
FNF:0
FNH:0
LF:0
LH:0
BRF:0
BRH:0
end_of_record
TN:
SF:/Users/sukesh/Documents/Natterbox/Code/portal-web-ui/portal-web/src/components/AccountSettings/components/Accounts/components/AllSettings/AllSettings.tsx
FN:8,(anonymous_0)
FN:21,(anonymous_1)
FNF:2
FNH:0
FNDA:0,(anonymous_0)
FNDA:0,(anonymous_1)
DA:8,0
DA:9,0
DA:10,0
DA:14,0
DA:21,0
LF:5
LH:0
BRDA:16,0,0,0
BRDA:16,0,1,0
BRDA:17,1,0,0
BRDA:17,1,1,0
BRDA:20,2,0,0
BRDA:20,2,1,0
BRDA:24,3,0,0
BRDA:24,3,1,0
BRDA:24,3,2,0
BRF:9
BRH:0
end_of_record
TN:
SF:/Users/sukesh/Documents/Natterbox/Code/portal-web-ui/portal-web/src/components/AccountSettings/components/Accounts/components/AllSettings/AllSettingsQueries.ts
FNF:0
FNH:0
DA:3,1
DA:32,1
DA:45,1
DA:58,1
LF:4
LH:4
BRF:0
BRH:0
end_of_record
TN:
SF:/Users/sukesh/Documents/Natterbox/Code/portal-web-ui/portal-web/src/components/AccountSettings/components/Accounts/components/AllSettings/components/GeneralSettings/GeneralSettings.tsx
FN:32,(anonymous_0)
FN:36,(anonymous_1)
FN:71,(anonymous_2)
FN:83,(anonymous_3)
FN:103,(anonymous_4)
FN:120,(anonymous_5)
FN:138,(anonymous_6)
FN:156,(anonymous_7)
FN:176,(anonymous_8)
FN:195,(anonymous_9)
FN:212,(anonymous_10)
FN:226,(anonymous_11)
FNF:12
FNH:0
FNDA:0,(anonymous_0)
FNDA:0,(anonymous_1)
FNDA:0,(anonymous_2)
FNDA:0,(anonymous_3)
FNDA:0,(anonymous_4)
FNDA:0,(anonymous_5)
FNDA:0,(anonymous_6)
FNDA:0,(anonymous_7)
FNDA:0,(anonymous_8)
FNDA:0,(anonymous_9)
FNDA:0,(anonymous_10)
FNDA:0,(anonymous_11)
DA:32,0
DA:35,0
DA:37,0
DA:45,0
DA:51,0
DA:64,0
DA:66,0
DA:71,0
DA:84,0
DA:85,0
DA:104,0
DA:105,0
DA:121,0
DA:122,0
DA:139,0
DA:140,0
DA:157,0
DA:158,0
DA:177,0
DA:178,0
DA:196,0
DA:197,0
DA:212,0
DA:226,0
LF:24
LH:0
BRDA:81,0,0,0
BRDA:81,0,1,0
BRDA:101,1,0,0
BRDA:101,1,1,0
BRDA:119,2,0,0
BRDA:119,2,1,0
BRDA:142,3,0,0
BRDA:142,3,1,0
BRDA:160,4,0,0
BRDA:160,4,1,0
BRDA:180,5,0,0
BRDA:180,5,1,0
BRF:12
BRH:0
end_of_record
TN:
SF:/Users/sukesh/Documents/Natterbox/Code/portal-web-ui/portal-web/src/components/AccountSettings/components/Accounts/components/AllSettings/components/GeneralSettings/GeneralSettings.type.ts
FNF:0
FNH:0
LF:0
LH:0
BRF:0
BRH:0
end_of_record
TN:
SF:/Users/sukesh/Documents/Natterbox/Code/portal-web-ui/portal-web/src/components/AccountSettings/components/Accounts/components/AllSettings/components/GeneralSettings/GeneralSettingsActions.ts
FNF:0
FNH:0
DA:5,0
DA:12,0
DA:16,0
DA:18,0
DA:20,0
LF:5
LH:0
BRF:0
BRH:0
end_of_record
TN:
SF:/Users/sukesh/Documents/Natterbox/Code/portal-web-ui/portal-web/src/components/AccountSettings/components/Accounts/components/AllSettings/components/GeneralSettings/GeneralSettingsMiddleware.ts
FN:11,(anonymous_0)
FN:11,(anonymous_1)
FN:30,(anonymous_2)
FNF:3
FNH:0
FNDA:0,(anonymous_0)
FNDA:0,(anonymous_1)
FNDA:0,(anonymous_2)
DA:11,0
DA:15,0
DA:19,0
DA:21,0
DA:31,0
DA:33,0
DA:34,0
DA:36,0
DA:41,0
DA:43,0
DA:48,0
DA:50,0
DA:55,0
DA:57,0
DA:60,0
DA:64,0
DA:66,0
DA:69,0
LF:18
LH:0
BRDA:19,0,0,0
BRDA:19,0,1,0
BRDA:19,0,2,0
BRDA:33,1,0,0
BRDA:33,1,1,0
BRDA:34,2,0,0
BRDA:34,2,1,0
BRDA:34,2,2,0
BRDA:34,2,3,0
BRDA:37,3,0,0
BRDA:37,3,1,0
BRDA:44,4,0,0
BRDA:44,4,1,0
BRDA:51,5,0,0
BRDA:51,5,1,0
BRF:15
BRH:0
end_of_record
TN:
SF:/Users/sukesh/Documents/Natterbox/Code/portal-web-ui/portal-web/src/components/AccountSettings/components/Accounts/components/AllSettings/components/GeneralSettings/GeneralSettingsReducer.ts
FN:30,(anonymous_0)
FN:32,(anonymous_1)
FN:36,(anonymous_2)
FN:40,(anonymous_3)
FN:45,(anonymous_4)
FNF:5
FNH:0
FNDA:0,(anonymous_0)
FNDA:0,(anonymous_1)
FNDA:0,(anonymous_2)
FNDA:0,(anonymous_3)
FNDA:0,(anonymous_4)
DA:11,0
DA:28,0
DA:31,0
DA:32,0
DA:36,0
DA:41,0
DA:46,0
LF:7
LH:0
BRF:0
BRH:0
end_of_record
TN:
SF:/Users/sukesh/Documents/Natterbox/Code/portal-web-ui/portal-web/src/components/AccountSettings/components/Accounts/components/AllSettings/components/Locale/Locale.tsx
FN:38,(anonymous_0)
FN:41,(anonymous_1)
FN:46,(anonymous_2)
FN:47,(anonymous_3)
FN:49,(anonymous_4)
FN:64,(anonymous_5)
FN:87,(anonymous_6)
FN:100,(anonymous_7)
FN:110,(anonymous_8)
FN:117,(anonymous_9)
FN:127,(anonymous_10)
FN:131,(anonymous_11)
FN:131,(anonymous_12)
FN:145,(anonymous_13)
FN:159,(anonymous_14)
FN:162,(anonymous_15)
FN:164,(anonymous_16)
FN:168,(anonymous_17)
FN:190,(anonymous_18)
FN:198,(anonymous_19)
FN:199,(anonymous_20)
FN:203,(anonymous_21)
FN:226,(anonymous_22)
FN:293,(anonymous_23)
FN:334,(anonymous_24)
FNF:25
FNH:15
FNDA:9,(anonymous_0)
FNDA:108,(anonymous_1)
FNDA:1387,(anonymous_2)
FNDA:1362,(anonymous_3)
FNDA:372,(anonymous_4)
FNDA:3,(anonymous_5)
FNDA:0,(anonymous_6)
FNDA:0,(anonymous_7)
FNDA:0,(anonymous_8)
FNDA:1,(anonymous_9)
FNDA:1,(anonymous_10)
FNDA:15,(anonymous_11)
FNDA:1,(anonymous_12)
FNDA:0,(anonymous_13)
FNDA:0,(anonymous_14)
FNDA:0,(anonymous_15)
FNDA:0,(anonymous_16)
FNDA:0,(anonymous_17)
FNDA:0,(anonymous_18)
FNDA:18,(anonymous_19)
FNDA:6,(anonymous_20)
FNDA:9,(anonymous_21)
FNDA:9,(anonymous_22)
FNDA:6,(anonymous_23)
FNDA:0,(anonymous_24)
DA:38,1
DA:39,9
DA:41,3
DA:42,108
DA:45,3
DA:46,1387
DA:47,1362
DA:49,3
DA:50,372
DA:54,0
DA:58,1
DA:64,1
DA:69,3
DA:77,3
DA:87,3
DA:88,0
DA:89,0
DA:97,3
DA:101,0
DA:102,0
DA:107,3
DA:111,0
DA:112,0
DA:117,3
DA:118,1
DA:127,3
DA:128,1
DA:131,15
DA:132,1
DA:133,1
DA:138,0
DA:145,3
DA:146,0
DA:162,3
DA:163,0
DA:164,0
DA:168,3
DA:169,0
DA:170,0
DA:176,0
DA:179,0
DA:186,0
DA:192,0
DA:195,3
DA:197,3
DA:198,18
DA:199,6
DA:201,3
DA:203,3
DA:204,9
DA:214,3
DA:227,9
DA:294,6
DA:335,0
DA:341,0
LF:55
LH:36
BRDA:39,0,0,3
BRDA:39,0,1,3
BRDA:39,0,2,3
BRDA:39,0,3,0
BRDA:46,1,0,1384
BRDA:46,1,1,3
BRDA:132,2,0,1
BRDA:132,2,1,0
BRDA:164,3,0,0
BRDA:164,3,1,0
BRDA:164,3,2,0
BRDA:169,4,0,0
BRDA:169,4,1,0
BRDA:181,5,0,0
BRDA:181,5,1,0
BRDA:197,6,0,3
BRDA:197,6,1,0
BRDA:201,7,0,3
BRDA:201,7,1,3
BRDA:266,8,0,3
BRDA:266,8,1,1
BRDA:291,9,0,3
BRDA:291,9,1,3
BRDA:297,10,0,3
BRDA:297,10,1,0
BRDA:330,11,0,0
BRDA:330,11,1,3
BRDA:343,12,0,0
BRDA:343,12,1,3
BRDA:348,13,0,3
BRDA:348,13,1,0
BRF:31
BRH:17
end_of_record
TN:
SF:/Users/sukesh/Documents/Natterbox/Code/portal-web-ui/portal-web/src/components/AccountSettings/components/Accounts/components/AllSettings/components/Locale/LocaleRow.tsx
FN:13,(anonymous_0)
FNF:1
FNH:1
FNDA:9,(anonymous_0)
DA:13,1
DA:20,9
LF:2
LH:2
BRDA:18,0,0,9
BRDA:22,1,0,9
BRDA:22,1,1,9
BRF:3
BRH:3
end_of_record
TN:
SF:/Users/sukesh/Documents/Natterbox/Code/portal-web-ui/portal-web/src/components/AccountSettings/components/Accounts/components/Sound/Sound.type.ts
FNF:0
FNH:0
LF:0
LH:0
BRF:0
BRH:0
end_of_record
TN:
SF:/Users/sukesh/Documents/Natterbox/Code/portal-web-ui/portal-web/src/components/AccountSettings/components/Accounts/components/Sound/SoundActions.ts
FNF:0
FNH:0
DA:4,2
DA:5,2
DA:7,2
DA:8,2
DA:9,2
DA:13,2
LF:6
LH:6
BRF:0
BRH:0
end_of_record
TN:
SF:/Users/sukesh/Documents/Natterbox/Code/portal-web-ui/portal-web/src/components/AccountSettings/components/Accounts/components/Sound/SoundColProps.ts
FN:29,(anonymous_0)
FN:35,(anonymous_1)
FNF:2
FNH:2
FNDA:4,(anonymous_0)
FNDA:4,(anonymous_1)
DA:4,2
DA:29,4
DA:35,4
LF:3
LH:3
BRF:0
BRH:0
end_of_record
TN:
SF:/Users/sukesh/Documents/Natterbox/Code/portal-web-ui/portal-web/src/components/AccountSettings/components/Accounts/components/Sound/SoundList.tsx
FN:24,(anonymous_0)
FN:68,(anonymous_1)
FN:70,(anonymous_2)
FN:81,(anonymous_3)
FN:108,(anonymous_4)
FN:122,(anonymous_5)
FN:134,(anonymous_6)
FN:155,(anonymous_7)
FN:166,(anonymous_8)
FNF:9
FNH:5
FNDA:3,(anonymous_0)
FNDA:2,(anonymous_1)
FNDA:3,(anonymous_2)
FNDA:0,(anonymous_3)
FNDA:0,(anonymous_4)
FNDA:0,(anonymous_5)
FNDA:0,(anonymous_6)
FNDA:8,(anonymous_7)
FNDA:12,(anonymous_8)
DA:22,1
DA:24,1
DA:37,3
DA:45,3
DA:56,3
DA:68,3
DA:69,2
DA:70,3
DA:73,1
DA:76,3
DA:81,0
DA:95,3
DA:108,0
DA:122,0
DA:134,0
DA:156,8
DA:166,12
LF:17
LH:13
BRDA:56,0,0,1
BRDA:56,0,1,2
BRDA:56,1,0,3
BRDA:56,1,1,1
BRDA:69,2,0,1
BRDA:69,2,1,1
BRDA:69,3,0,2
BRDA:69,3,1,1
BRDA:97,4,0,3
BRDA:97,4,1,2
BRDA:97,4,2,1
BRDA:100,5,0,3
BRDA:100,5,1,0
BRDA:103,6,0,0
BRDA:103,6,1,0
BRDA:107,7,0,3
BRDA:107,7,1,0
BRDA:110,8,0,3
BRDA:110,8,1,2
BRDA:110,8,2,2
BRF:20
BRH:16
end_of_record
TN:
SF:/Users/sukesh/Documents/Natterbox/Code/portal-web-ui/portal-web/src/components/AccountSettings/components/Accounts/components/Sound/SoundQueries.ts
FNF:0
FNH:0
DA:3,2
LF:1
LH:1
BRF:0
BRH:0
end_of_record
TN:
SF:/Users/sukesh/Documents/Natterbox/Code/portal-web-ui/portal-web/src/components/AccountSettings/components/Accounts/components/Sound/SoundReducer.ts
FN:19,(anonymous_0)
FN:21,(anonymous_1)
FN:26,(anonymous_2)
FN:30,(anonymous_3)
FN:36,(anonymous_4)
FN:40,(anonymous_5)
FN:44,(anonymous_6)
FNF:7
FNH:1
FNDA:2,(anonymous_0)
FNDA:0,(anonymous_1)
FNDA:0,(anonymous_2)
FNDA:0,(anonymous_3)
FNDA:0,(anonymous_4)
FNDA:0,(anonymous_5)
FNDA:0,(anonymous_6)
DA:8,2
DA:10,2
DA:19,2
DA:20,2
DA:21,0
DA:26,0
DA:30,0
DA:36,0
DA:40,0
DA:44,0
LF:10
LH:4
BRF:0
BRH:0
end_of_record
TN:
SF:/Users/sukesh/Documents/Natterbox/Code/portal-web-ui/portal-web/src/components/AccountSettings/components/Accounts/components/Sound/useSoundListHook.ts
FN:15,(anonymous_0)
FN:37,(anonymous_1)
FN:41,(anonymous_2)
FN:46,(anonymous_3)
FN:46,(anonymous_4)
FN:51,(anonymous_5)
FN:54,(anonymous_6)
FN:57,(anonymous_7)
FNF:8
FNH:3
FNDA:11,(anonymous_0)
FNDA:4,(anonymous_1)
FNDA:0,(anonymous_2)
FNDA:8,(anonymous_3)
FNDA:0,(anonymous_4)
FNDA:0,(anonymous_5)
FNDA:0,(anonymous_6)
FNDA:0,(anonymous_7)
DA:15,2
DA:16,11
DA:18,11
DA:29,11
DA:37,11
DA:38,4
DA:41,11
DA:42,0
DA:43,0
DA:46,11
DA:47,0
DA:48,0
DA:51,11
DA:52,0
DA:54,11
DA:55,0
DA:57,11
DA:59,11
LF:18
LH:12
BRF:0
BRH:0
end_of_record
TN:
SF:/Users/sukesh/Documents/Natterbox/Code/portal-web-ui/portal-web/src/components/AccountSettings/components/Accounts/components/Sound/components/CreateSound/CreateSound.tsx
FN:22,(anonymous_0)
FN:66,(anonymous_1)
FNF:2
FNH:0
FNDA:0,(anonymous_0)
FNDA:0,(anonymous_1)
DA:22,1
DA:29,0
DA:38,0
DA:40,0
DA:66,0
LF:5
LH:1
BRDA:42,0,0,0
BRDA:42,0,1,0
BRDA:45,1,0,0
BRDA:45,1,1,0
BRDA:49,2,0,0
BRDA:49,2,1,0
BRDA:119,3,0,0
BRDA:119,3,1,0
BRF:8
BRH:0
end_of_record
TN:
SF:/Users/sukesh/Documents/Natterbox/Code/portal-web-ui/portal-web/src/components/AccountSettings/components/Accounts/components/Sound/components/CreateSound/CreateSoundActions.ts
FNF:0
FNH:0
DA:3,1
DA:4,1
DA:6,1
DA:10,1
DA:11,1
LF:5
LH:5
BRF:0
BRH:0
end_of_record
TN:
SF:/Users/sukesh/Documents/Natterbox/Code/portal-web-ui/portal-web/src/components/AccountSettings/components/Accounts/components/Sound/components/CreateSound/CreateSoundReducer.ts
FN:24,(anonymous_0)
FN:26,(anonymous_1)
FN:31,(anonymous_2)
FN:35,(anonymous_3)
FN:39,(anonymous_4)
FN:43,(anonymous_5)
FNF:6
FNH:1
FNDA:1,(anonymous_0)
FNDA:0,(anonymous_1)
FNDA:0,(anonymous_2)
FNDA:0,(anonymous_3)
FNDA:0,(anonymous_4)
FNDA:0,(anonymous_5)
DA:11,1
DA:22,1
DA:25,1
DA:26,0
DA:31,0
DA:35,0
DA:39,0
DA:43,0
LF:8
LH:3
BRF:0
BRH:0
end_of_record
TN:
SF:/Users/sukesh/Documents/Natterbox/Code/portal-web-ui/portal-web/src/components/AccountSettings/components/Accounts/components/Sound/components/CreateSound/useCreateSoundHook.ts
FN:18,(anonymous_0)
FN:26,(anonymous_1)
FN:29,(anonymous_2)
FN:42,(anonymous_3)
FN:42,(anonymous_4)
FN:59,(anonymous_5)
FN:61,(anonymous_6)
FN:84,(anonymous_7)
FNF:8
FNH:0
FNDA:0,(anonymous_0)
FNDA:0,(anonymous_1)
FNDA:0,(anonymous_2)
FNDA:0,(anonymous_3)
FNDA:0,(anonymous_4)
FNDA:0,(anonymous_5)
FNDA:0,(anonymous_6)
FNDA:0,(anonymous_7)
DA:18,1
DA:19,0
DA:24,0
DA:25,0
DA:26,0
DA:27,0
DA:29,0
DA:30,0
DA:31,0
DA:33,0
DA:35,0
DA:36,0
DA:39,0
DA:42,0
DA:43,0
DA:44,0
DA:45,0
DA:52,0
DA:55,0
DA:59,0
DA:61,0
DA:62,0
DA:63,0
DA:65,0
DA:73,0
DA:75,0
DA:76,0
DA:79,0
DA:80,0
DA:84,0
DA:86,0
LF:31
LH:1
BRDA:27,0,0,0
BRDA:27,0,1,0
BRDA:33,1,0,0
BRDA:33,1,1,0
BRDA:43,2,0,0
BRDA:43,2,1,0
BRDA:44,3,0,0
BRDA:44,3,1,0
BRDA:75,4,0,0
BRDA:75,4,1,0
BRDA:79,5,0,0
BRDA:79,5,1,0
BRF:12
BRH:0
end_of_record
TN:
SF:/Users/sukesh/Documents/Natterbox/Code/portal-web-ui/portal-web/src/components/AccountSettings/components/Accounts/components/Sound/mocks/soundMocks.ts
FNF:0
FNH:0
DA:1,1
LF:1
LH:1
BRF:0
BRH:0
end_of_record
TN:
SF:/Users/sukesh/Documents/Natterbox/Code/portal-web-ui/portal-web/src/components/AccountSettings/components/Assets/index.tsx
FN:3,(anonymous_0)
FNF:1
FNH:0
FNDA:0,(anonymous_0)
DA:3,0
LF:1
LH:0
BRF:0
BRH:0
end_of_record
TN:
SF:/Users/sukesh/Documents/Natterbox/Code/portal-web-ui/portal-web/src/components/Devices/components/Device.type.ts
FNF:0
FNH:0
LF:0
LH:0
BRF:0
BRH:0
end_of_record
TN:
SF:/Users/sukesh/Documents/Natterbox/Code/portal-web-ui/portal-web/src/components/Devices/components/DeviceColProps.tsx
FN:24,(anonymous_0)
FNF:1
FNH:0
FNDA:0,(anonymous_0)
DA:9,1
DA:25,0
DA:27,0
DA:28,0
DA:30,0
LF:5
LH:1
BRDA:25,0,0,0
BRDA:25,0,1,0
BRDA:33,1,0,0
BRDA:33,1,1,0
BRDA:39,2,0,0
BRDA:39,2,1,0
BRF:6
BRH:0
end_of_record
TN:
SF:/Users/sukesh/Documents/Natterbox/Code/portal-web-ui/portal-web/src/components/Devices/components/DeviceList.tsx
FN:26,(anonymous_0)
FN:47,(anonymous_1)
FN:74,(anonymous_2)
FN:79,(anonymous_3)
FN:79,(anonymous_4)
FN:84,(anonymous_5)
FN:91,(anonymous_6)
FN:96,(anonymous_7)
FN:107,(anonymous_8)
FN:118,(anonymous_9)
FN:139,(anonymous_10)
FN:148,(anonymous_11)
FN:154,(anonymous_12)
FN:155,(anonymous_13)
FN:161,(anonymous_14)
FNF:15
FNH:5
FNDA:3,(anonymous_0)
FNDA:1,(anonymous_1)
FNDA:0,(anonymous_2)
FNDA:4,(anonymous_3)
FNDA:0,(anonymous_4)
FNDA:0,(anonymous_5)
FNDA:0,(anonymous_6)
FNDA:0,(anonymous_7)
FNDA:0,(anonymous_8)
FNDA:0,(anonymous_9)
FNDA:4,(anonymous_10)
FNDA:3,(anonymous_11)
FNDA:0,(anonymous_12)
FNDA:0,(anonymous_13)
FNDA:0,(anonymous_14)
DA:24,1
DA:26,1
DA:27,3
DA:28,3
DA:29,3
DA:30,3
DA:31,3
DA:32,3
DA:37,3
DA:47,3
DA:48,1
DA:52,3
DA:72,3
DA:74,3
DA:75,0
DA:76,0
DA:79,4
DA:80,0
DA:81,0
DA:84,3
DA:85,0
DA:91,3
DA:92,0
DA:94,3
DA:96,0
DA:100,3
DA:107,0
DA:118,0
DA:140,4
DA:148,3
DA:154,0
DA:155,0
DA:162,0
LF:33
LH:21
BRDA:52,0,0,0
BRDA:52,0,1,3
BRDA:52,1,0,3
BRDA:52,1,1,0
BRDA:102,2,0,3
BRDA:102,2,1,2
BRDA:102,2,2,1
BRDA:103,3,0,3
BRDA:103,3,1,1
BRDA:106,4,0,1
BRDA:106,4,1,1
BRDA:110,5,0,3
BRDA:110,5,1,2
BRDA:110,5,2,1
BRDA:152,6,0,1
BRDA:152,6,1,0
BRDA:158,7,0,1
BRDA:158,7,1,0
BRF:18
BRH:14
end_of_record
TN:
SF:/Users/sukesh/Documents/Natterbox/Code/portal-web-ui/portal-web/src/components/Devices/components/DeviceQueries.ts
FNF:0
FNH:0
DA:3,3
DA:21,3
DA:31,3
DA:44,3
DA:55,3
DA:67,3
LF:6
LH:6
BRF:0
BRH:0
end_of_record
TN:
SF:/Users/sukesh/Documents/Natterbox/Code/portal-web-ui/portal-web/src/components/Devices/components/DeviceCreate/DeviceCreate.tsx
FN:15,(anonymous_0)
FNF:1
FNH:1
FNDA:1,(anonymous_0)
DA:15,2
DA:16,1
LF:2
LH:2
BRF:0
BRH:0
end_of_record
TN:
SF:/Users/sukesh/Documents/Natterbox/Code/portal-web-ui/portal-web/src/components/Devices/components/DeviceCreate/GeneralSettingsCreate.tsx
FN:33,(anonymous_0)
FN:46,(anonymous_1)
FN:52,(anonymous_2)
FN:63,(anonymous_3)
FN:78,(anonymous_4)
FN:85,(anonymous_5)
FNF:6
FNH:1
FNDA:2,(anonymous_0)
FNDA:0,(anonymous_1)
FNDA:0,(anonymous_2)
FNDA:0,(anonymous_3)
FNDA:0,(anonymous_4)
FNDA:0,(anonymous_5)
DA:17,3
DA:33,3
DA:34,2
DA:36,2
DA:45,2
DA:47,0
DA:52,2
DA:53,0
DA:56,0
DA:63,2
DA:64,0
DA:65,0
DA:70,0
DA:71,0
DA:78,2
DA:79,0
DA:88,2
DA:90,2
DA:92,2
DA:102,2
LF:20
LH:12
BRDA:58,0,0,0
BRDA:58,0,1,0
BRDA:64,1,0,0
BRDA:64,1,1,0
BRDA:70,2,0,0
BRDA:70,2,1,0
BRDA:73,3,0,0
BRDA:73,3,1,0
BRDA:88,4,0,2
BRDA:88,4,1,2
BRDA:107,5,0,2
BRDA:107,5,1,0
BRDA:111,6,0,2
BRDA:111,6,1,2
BRDA:116,7,0,0
BRDA:116,7,1,2
BRDA:119,8,0,2
BRDA:119,8,1,2
BRDA:128,9,0,2
BRDA:128,9,1,0
BRDA:130,10,0,0
BRDA:130,10,1,0
BRDA:201,11,0,2
BRDA:201,11,1,2
BRDA:208,12,0,0
BRDA:208,12,1,2
BRDA:211,13,0,2
BRDA:211,13,1,0
BRDA:212,14,0,2
BRDA:212,14,1,0
BRF:30
BRH:14
end_of_record
TN:
SF:/Users/sukesh/Documents/Natterbox/Code/portal-web-ui/portal-web/src/components/Devices/components/DeviceCreate/SecuritySettingsCreate.tsx
FN:3,(anonymous_0)
FNF:1
FNH:0
FNDA:0,(anonymous_0)
DA:3,0
DA:4,0
LF:2
LH:0
BRF:0
BRH:0
end_of_record
TN:
SF:/Users/sukesh/Documents/Natterbox/Code/portal-web-ui/portal-web/src/components/Devices/components/DeviceUpdate/DeviceUpdate.tsx
FN:21,(anonymous_0)
FN:24,(anonymous_1)
FNF:2
FNH:0
FNDA:0,(anonymous_0)
FNDA:0,(anonymous_1)
DA:21,1
DA:22,0
DA:24,0
DA:25,0
DA:28,0
LF:5
LH:1
BRF:0
BRH:0
end_of_record
TN:
SF:/Users/sukesh/Documents/Natterbox/Code/portal-web-ui/portal-web/src/components/Devices/components/DeviceUpdate/GeneralSettingsUpdate.tsx
FN:32,(anonymous_0)
FN:46,(anonymous_1)
FN:56,(anonymous_2)
FN:64,(anonymous_3)
FN:70,(anonymous_4)
FN:85,(anonymous_5)
FN:93,(anonymous_6)
FN:192,(anonymous_7)
FNF:8
FNH:0
FNDA:0,(anonymous_0)
FNDA:0,(anonymous_1)
FNDA:0,(anonymous_2)
FNDA:0,(anonymous_3)
FNDA:0,(anonymous_4)
FNDA:0,(anonymous_5)
FNDA:0,(anonymous_6)
FNDA:0,(anonymous_7)
DA:21,1
DA:32,1
DA:33,0
DA:37,0
DA:44,0
DA:46,0
DA:47,0
DA:56,0
DA:57,0
DA:67,0
DA:70,0
DA:71,0
DA:72,0
DA:77,0
DA:78,0
DA:85,0
DA:86,0
DA:96,0
DA:98,0
DA:100,0
DA:192,0
LF:21
LH:2
BRDA:67,0,0,0
BRDA:67,0,1,0
BRDA:71,1,0,0
BRDA:71,1,1,0
BRDA:77,2,0,0
BRDA:77,2,1,0
BRDA:80,3,0,0
BRDA:80,3,1,0
BRDA:197,4,0,0
BRDA:197,4,1,0
BRDA:200,5,0,0
BRDA:200,5,1,0
BRDA:200,5,2,0
BRDA:200,5,3,0
BRDA:223,6,0,0
BRDA:223,6,1,0
BRF:16
BRH:0
end_of_record
TN:
SF:/Users/sukesh/Documents/Natterbox/Code/portal-web-ui/portal-web/src/components/Devices/components/DeviceUpdate/SecuritySettingsUpdate.tsx
FN:3,(anonymous_0)
FNF:1
FNH:0
FNDA:0,(anonymous_0)
DA:3,1
DA:4,0
DA:6,0
LF:3
LH:1
BRF:0
BRH:0
end_of_record
TN:
SF:/Users/sukesh/Documents/Natterbox/Code/portal-web-ui/portal-web/src/components/ErrorHandler/ErrorHandler.tsx
FN:34,(anonymous_0)
FN:41,(anonymous_1)
FN:43,(anonymous_2)
FN:55,(anonymous_3)
FN:62,(anonymous_4)
FN:69,(anonymous_5)
FN:73,(anonymous_6)
FNF:7
FNH:0
FNDA:0,(anonymous_0)
FNDA:0,(anonymous_1)
FNDA:0,(anonymous_2)
FNDA:0,(anonymous_3)
FNDA:0,(anonymous_4)
FNDA:0,(anonymous_5)
FNDA:0,(anonymous_6)
DA:34,0
DA:35,0
DA:36,0
DA:38,0
DA:39,0
DA:41,0
DA:42,0
DA:43,0
DA:44,0
DA:45,0
DA:47,0
DA:50,0
DA:51,0
DA:54,0
DA:56,0
DA:57,0
DA:60,0
DA:62,0
DA:66,0
DA:69,0
DA:70,0
DA:71,0
DA:72,0
DA:73,0
DA:75,0
DA:76,0
DA:78,0
DA:80,0
DA:81,0
DA:82,0
DA:86,0
DA:89,0
DA:94,0
LF:33
LH:0
BRDA:42,0,0,0
BRDA:42,0,1,0
BRDA:44,1,0,0
BRDA:44,1,1,0
BRDA:44,2,0,0
BRDA:44,2,1,0
BRDA:50,3,0,0
BRDA:50,3,1,0
BRDA:56,4,0,0
BRDA:56,4,1,0
BRDA:56,5,0,0
BRDA:56,5,1,0
BRDA:70,6,0,0
BRDA:70,6,1,0
BRDA:71,7,0,0
BRDA:71,7,1,0
BRDA:73,8,0,0
BRDA:73,8,1,0
BRDA:75,9,0,0
BRDA:75,9,1,0
BRDA:80,10,0,0
BRDA:80,10,1,0
BRDA:81,11,0,0
BRDA:81,11,1,0
BRDA:82,12,0,0
BRDA:82,12,1,0
BRDA:83,13,0,0
BRDA:83,13,1,0
BRDA:96,14,0,0
BRDA:96,14,1,0
BRDA:97,15,0,0
BRDA:97,15,1,0
BRF:32
BRH:0
end_of_record
TN:
SF:/Users/sukesh/Documents/Natterbox/Code/portal-web-ui/portal-web/src/components/ErrorHandler/NetworkError.tsx
FN:3,(anonymous_0)
FNF:1
FNH:0
FNDA:0,(anonymous_0)
DA:3,0
DA:4,0
LF:2
LH:0
BRF:0
BRH:0
end_of_record
TN:
SF:/Users/sukesh/Documents/Natterbox/Code/portal-web-ui/portal-web/src/components/ErrorHandler/UnknownError.tsx
FN:3,(anonymous_0)
FNF:1
FNH:0
FNDA:0,(anonymous_0)
DA:3,0
DA:4,0
LF:2
LH:0
BRF:0
BRH:0
end_of_record
TN:
SF:/Users/sukesh/Documents/Natterbox/Code/portal-web-ui/portal-web/src/components/Groups/index.tsx
FNF:0
FNH:0
LF:0
LH:0
BRF:0
BRH:0
end_of_record
TN:
SF:/Users/sukesh/Documents/Natterbox/Code/portal-web-ui/portal-web/src/components/Groups/components/Groups.type.ts
FNF:0
FNH:0
LF:0
LH:0
BRF:0
BRH:0
end_of_record
TN:
SF:/Users/sukesh/Documents/Natterbox/Code/portal-web-ui/portal-web/src/components/Groups/components/GroupsColProps.tsx
FN:28,(anonymous_0)
FNF:1
FNH:0
FNDA:0,(anonymous_0)
DA:3,0
DA:29,0
DA:30,0
LF:3
LH:0
BRDA:29,0,0,0
BRDA:29,0,1,0
BRF:2
BRH:0
end_of_record
TN:
SF:/Users/sukesh/Documents/Natterbox/Code/portal-web-ui/portal-web/src/components/Groups/components/GroupsList.tsx
FN:27,(anonymous_0)
FN:53,(anonymous_1)
FN:80,(anonymous_2)
FN:85,(anonymous_3)
FN:85,(anonymous_4)
FN:90,(anonymous_5)
FN:98,(anonymous_6)
FN:103,(anonymous_7)
FN:114,(anonymous_8)
FN:124,(anonymous_9)
FN:146,(anonymous_10)
FN:155,(anonymous_11)
FN:161,(anonymous_12)
FN:171,(anonymous_13)
FNF:14
FNH:0
FNDA:0,(anonymous_0)
FNDA:0,(anonymous_1)
FNDA:0,(anonymous_2)
FNDA:0,(anonymous_3)
FNDA:0,(anonymous_4)
FNDA:0,(anonymous_5)
FNDA:0,(anonymous_6)
FNDA:0,(anonymous_7)
FNDA:0,(anonymous_8)
FNDA:0,(anonymous_9)
FNDA:0,(anonymous_10)
FNDA:0,(anonymous_11)
FNDA:0,(anonymous_12)
FNDA:0,(anonymous_13)
DA:25,0
DA:27,0
DA:28,0
DA:29,0
DA:30,0
DA:31,0
DA:32,0
DA:33,0
DA:43,0
DA:53,0
DA:54,0
DA:58,0
DA:78,0
DA:80,0
DA:81,0
DA:82,0
DA:85,0
DA:86,0
DA:87,0
DA:90,0
DA:91,0
DA:98,0
DA:99,0
DA:101,0
DA:103,0
DA:107,0
DA:114,0
DA:124,0
DA:147,0
DA:155,0
DA:162,0
DA:163,0
DA:172,0
DA:177,0
LF:34
LH:0
BRDA:58,0,0,0
BRDA:58,0,1,0
BRDA:58,1,0,0
BRDA:58,1,1,0
BRDA:109,2,0,0
BRDA:109,2,1,0
BRDA:109,2,2,0
BRDA:110,3,0,0
BRDA:110,3,1,0
BRDA:113,4,0,0
BRDA:113,4,1,0
BRDA:117,5,0,0
BRDA:117,5,1,0
BRDA:117,5,2,0
BRDA:159,6,0,0
BRDA:159,6,1,0
BRDA:167,7,0,0
BRDA:167,7,1,0
BRF:18
BRH:0
end_of_record
TN:
SF:/Users/sukesh/Documents/Natterbox/Code/portal-web-ui/portal-web/src/components/Groups/components/GroupsQueries.ts
FNF:0
FNH:0
DA:3,0
DA:23,0
DA:35,0
DA:51,0
DA:64,0
LF:5
LH:0
BRF:0
BRH:0
end_of_record
TN:
SF:/Users/sukesh/Documents/Natterbox/Code/portal-web-ui/portal-web/src/components/Groups/components/GroupCreate/GroupCreate.tsx
FN:37,(anonymous_0)
FN:46,(anonymous_1)
FN:58,(anonymous_2)
FN:71,(anonymous_3)
FN:85,(anonymous_4)
FN:94,(anonymous_5)
FN:101,(anonymous_6)
FN:112,(anonymous_7)
FN:170,(anonymous_8)
FN:230,(anonymous_9)
FN:241,(anonymous_10)
FNF:11
FNH:0
FNDA:0,(anonymous_0)
FNDA:0,(anonymous_1)
FNDA:0,(anonymous_2)
FNDA:0,(anonymous_3)
FNDA:0,(anonymous_4)
FNDA:0,(anonymous_5)
FNDA:0,(anonymous_6)
FNDA:0,(anonymous_7)
FNDA:0,(anonymous_8)
FNDA:0,(anonymous_9)
FNDA:0,(anonymous_10)
DA:26,0
DA:37,0
DA:38,0
DA:39,0
DA:41,0
DA:42,0
DA:43,0
DA:45,0
DA:47,0
DA:48,0
DA:49,0
DA:57,0
DA:60,0
DA:62,0
DA:63,0
DA:64,0
DA:65,0
DA:71,0
DA:72,0
DA:73,0
DA:78,0
DA:85,0
DA:86,0
DA:90,0
DA:97,0
DA:99,0
DA:101,0
DA:102,0
DA:105,0
DA:112,0
DA:171,0
DA:230,0
DA:241,0
LF:33
LH:0
BRDA:47,0,0,0
BRDA:47,0,1,0
BRDA:60,1,0,0
BRDA:60,1,1,0
BRDA:63,2,0,0
BRDA:63,2,1,0
BRDA:72,3,0,0
BRDA:72,3,1,0
BRDA:80,4,0,0
BRDA:80,4,1,0
BRDA:107,5,0,0
BRDA:107,5,1,0
BRDA:107,5,2,0
BRDA:108,6,0,0
BRDA:108,6,1,0
BRDA:111,7,0,0
BRDA:111,7,1,0
BRDA:201,8,0,0
BRDA:201,8,1,0
BRDA:204,9,0,0
BRDA:204,9,1,0
BRDA:231,10,0,0
BRDA:231,10,1,0
BRDA:242,11,0,0
BRDA:242,11,1,0
BRDA:246,12,0,0
BRDA:246,12,1,0
BRF:27
BRH:0
end_of_record
TN:
SF:/Users/sukesh/Documents/Natterbox/Code/portal-web-ui/portal-web/src/components/Groups/components/GroupUpdate/GeneralSettingsUpdate.tsx
FN:21,(anonymous_0)
FN:37,(anonymous_1)
FN:42,(anonymous_2)
FN:50,(anonymous_3)
FN:55,(anonymous_4)
FN:70,(anonymous_5)
FN:83,(anonymous_6)
FNF:7
FNH:0
FNDA:0,(anonymous_0)
FNDA:0,(anonymous_1)
FNDA:0,(anonymous_2)
FNDA:0,(anonymous_3)
FNDA:0,(anonymous_4)
FNDA:0,(anonymous_5)
FNDA:0,(anonymous_6)
DA:21,0
DA:26,0
DA:31,0
DA:36,0
DA:38,0
DA:42,0
DA:43,0
DA:50,0
DA:51,0
DA:55,0
DA:56,0
DA:57,0
DA:62,0
DA:63,0
DA:70,0
DA:71,0
DA:76,0
DA:78,0
DA:86,0
DA:88,0
DA:90,0
LF:21
LH:0
BRDA:51,0,0,0
BRDA:51,0,1,0
BRDA:56,1,0,0
BRDA:56,1,1,0
BRDA:62,2,0,0
BRDA:62,2,1,0
BRDA:65,3,0,0
BRDA:65,3,1,0
BRDA:76,4,0,0
BRDA:76,4,1,0
BRDA:88,5,0,0
BRDA:88,5,1,0
BRDA:172,6,0,0
BRDA:172,6,1,0
BRDA:179,7,0,0
BRDA:179,7,1,0
BRDA:182,8,0,0
BRDA:182,8,1,0
BRF:18
BRH:0
end_of_record
TN:
SF:/Users/sukesh/Documents/Natterbox/Code/portal-web-ui/portal-web/src/components/Groups/components/GroupUpdate/GroupUpdate.tsx
FN:24,(anonymous_0)
FN:31,(anonymous_1)
FNF:2
FNH:0
FNDA:0,(anonymous_0)
FNDA:0,(anonymous_1)
DA:24,0
DA:25,0
DA:29,0
DA:31,0
DA:33,0
LF:5
LH:0
BRDA:48,0,0,0
BRDA:48,0,1,0
BRDA:50,1,0,0
BRDA:50,1,1,0
BRF:4
BRH:0
end_of_record
TN:
SF:/Users/sukesh/Documents/Natterbox/Code/portal-web-ui/portal-web/src/components/Groups/components/GroupUpdate/MembershipSettingsUpdate.tsx
FN:20,TabPanel
FN:35,(anonymous_1)
FN:42,(anonymous_2)
FNF:3
FNH:0
FNDA:0,TabPanel
FNDA:0,(anonymous_1)
FNDA:0,(anonymous_2)
DA:21,0
DA:23,0
DA:35,0
DA:40,0
DA:42,0
DA:43,0
DA:46,0
DA:56,0
LF:8
LH:0
BRF:0
BRH:0
end_of_record
TN:
SF:/Users/sukesh/Documents/Natterbox/Code/portal-web-ui/portal-web/src/components/Groups/components/GroupUpdate/VoicemailSettingsUpdate.tsx
FN:3,(anonymous_0)
FNF:1
FNH:0
FNDA:0,(anonymous_0)
DA:3,0
DA:4,0
LF:2
LH:0
BRF:0
BRH:0
end_of_record
TN:
SF:/Users/sukesh/Documents/Natterbox/Code/portal-web-ui/portal-web/src/components/Groups/components/GroupUpdate/components/Members/GroupImports.ts
FNF:0
FNH:0
LF:0
LH:0
BRF:0
BRH:0
end_of_record
TN:
SF:/Users/sukesh/Documents/Natterbox/Code/portal-web-ui/portal-web/src/components/Groups/components/GroupUpdate/components/Members/GroupMemberActions.ts
FNF:0
FNH:0
DA:3,0
DA:12,0
DA:14,0
DA:18,0
DA:26,0
DA:28,0
DA:30,0
LF:7
LH:0
BRF:0
BRH:0
end_of_record
TN:
SF:/Users/sukesh/Documents/Natterbox/Code/portal-web-ui/portal-web/src/components/Groups/components/GroupUpdate/components/Members/GroupMemberColProps.tsx
FN:8,(anonymous_0)
FN:36,(anonymous_1)
FNF:2
FNH:0
FNDA:0,(anonymous_0)
FNDA:0,(anonymous_1)
DA:6,0
DA:9,0
DA:37,0
LF:3
LH:0
BRDA:43,0,0,0
BRDA:43,0,1,0
BRDA:45,1,0,0
BRDA:45,1,1,0
BRF:4
BRH:0
end_of_record
TN:
SF:/Users/sukesh/Documents/Natterbox/Code/portal-web-ui/portal-web/src/components/Groups/components/GroupUpdate/components/Members/GroupMemberQueries.ts
FNF:0
FNH:0
DA:3,0
DA:22,0
DA:35,0
LF:3
LH:0
BRF:0
BRH:0
end_of_record
TN:
SF:/Users/sukesh/Documents/Natterbox/Code/portal-web-ui/portal-web/src/components/Groups/components/GroupUpdate/components/Members/GroupMemberReducer.ts
FN:23,(anonymous_0)
FN:25,(anonymous_1)
FN:29,(anonymous_2)
FN:33,(anonymous_3)
FN:37,(anonymous_4)
FN:44,(anonymous_5)
FN:48,(anonymous_6)
FNF:7
FNH:0
FNDA:0,(anonymous_0)
FNDA:0,(anonymous_1)
FNDA:0,(anonymous_2)
FNDA:0,(anonymous_3)
FNDA:0,(anonymous_4)
FNDA:0,(anonymous_5)
FNDA:0,(anonymous_6)
DA:12,0
DA:14,0
DA:23,0
DA:24,0
DA:25,0
DA:29,0
DA:33,0
DA:37,0
DA:44,0
DA:48,0
LF:10
LH:0
BRF:0
BRH:0
end_of_record
TN:
SF:/Users/sukesh/Documents/Natterbox/Code/portal-web-ui/portal-web/src/components/Groups/components/GroupUpdate/components/Members/GroupMembers.tsx
FN:48,(anonymous_0)
FN:73,(anonymous_1)
FN:80,(anonymous_2)
FN:89,(anonymous_3)
FN:113,(anonymous_4)
FN:118,(anonymous_5)
FN:139,(anonymous_6)
FN:144,(anonymous_7)
FN:160,(anonymous_8)
FN:163,(anonymous_9)
FN:167,(anonymous_10)
FN:170,(anonymous_11)
FN:181,(anonymous_12)
FN:184,(anonymous_13)
FN:198,(anonymous_14)
FN:227,(anonymous_15)
FN:232,(anonymous_16)
FN:232,(anonymous_17)
FN:237,(anonymous_18)
FN:240,(anonymous_19)
FN:249,(anonymous_20)
FN:251,(anonymous_21)
FN:255,(anonymous_22)
FN:259,(anonymous_23)
FN:270,(anonymous_24)
FN:275,(anonymous_25)
FN:295,(anonymous_26)
FN:323,(anonymous_27)
FN:359,(anonymous_28)
FN:380,(anonymous_29)
FN:389,(anonymous_30)
FNF:31
FNH:0
FNDA:0,(anonymous_0)
FNDA:0,(anonymous_1)
FNDA:0,(anonymous_2)
FNDA:0,(anonymous_3)
FNDA:0,(anonymous_4)
FNDA:0,(anonymous_5)
FNDA:0,(anonymous_6)
FNDA:0,(anonymous_7)
FNDA:0,(anonymous_8)
FNDA:0,(anonymous_9)
FNDA:0,(anonymous_10)
FNDA:0,(anonymous_11)
FNDA:0,(anonymous_12)
FNDA:0,(anonymous_13)
FNDA:0,(anonymous_14)
FNDA:0,(anonymous_15)
FNDA:0,(anonymous_16)
FNDA:0,(anonymous_17)
FNDA:0,(anonymous_18)
FNDA:0,(anonymous_19)
FNDA:0,(anonymous_20)
FNDA:0,(anonymous_21)
FNDA:0,(anonymous_22)
FNDA:0,(anonymous_23)
FNDA:0,(anonymous_24)
FNDA:0,(anonymous_25)
FNDA:0,(anonymous_26)
FNDA:0,(anonymous_27)
FNDA:0,(anonymous_28)
FNDA:0,(anonymous_29)
FNDA:0,(anonymous_30)
DA:48,0
DA:53,0
DA:55,0
DA:62,0
DA:70,0
DA:74,0
DA:79,0
DA:81,0
DA:85,0
DA:89,0
DA:90,0
DA:95,0
DA:96,0
DA:100,0
DA:106,0
DA:108,0
DA:111,0
DA:113,0
DA:114,0
DA:119,0
DA:120,0
DA:125,0
DA:132,0
DA:134,0
DA:137,0
DA:139,0
DA:140,0
DA:145,0
DA:146,0
DA:151,0
DA:160,0
DA:161,0
DA:164,0
DA:165,0
DA:168,0
DA:171,0
DA:178,0
DA:179,0
DA:182,0
DA:185,0
DA:192,0
DA:198,0
DA:199,0
DA:200,0
DA:205,0
DA:225,0
DA:227,0
DA:228,0
DA:229,0
DA:232,0
DA:233,0
DA:234,0
DA:237,0
DA:238,0
DA:240,0
DA:241,0
DA:249,0
DA:250,0
DA:251,0
DA:255,0
DA:256,0
DA:259,0
DA:265,0
DA:272,0
DA:275,0
DA:276,0
DA:282,0
DA:284,0
DA:295,0
DA:323,0
DA:359,0
DA:381,0
DA:389,0
LF:73
LH:0
BRDA:95,0,0,0
BRDA:95,0,1,0
BRDA:106,1,0,0
BRDA:106,1,1,0
BRDA:119,2,0,0
BRDA:119,2,1,0
BRDA:132,3,0,0
BRDA:132,3,1,0
BRDA:134,4,0,0
BRDA:134,4,1,0
BRDA:145,5,0,0
BRDA:145,5,1,0
BRDA:148,6,0,0
BRDA:148,6,1,0
BRDA:164,7,0,0
BRDA:164,7,1,0
BRDA:178,8,0,0
BRDA:178,8,1,0
BRDA:205,9,0,0
BRDA:205,9,1,0
BRDA:205,10,0,0
BRDA:205,10,1,0
BRDA:250,11,0,0
BRDA:250,11,1,0
BRDA:250,12,0,0
BRDA:250,12,1,0
BRDA:282,13,0,0
BRDA:282,13,1,0
BRDA:289,14,0,0
BRDA:289,14,1,0
BRDA:290,15,0,0
BRDA:290,15,1,0
BRDA:313,16,0,0
BRDA:313,16,1,0
BRDA:313,16,2,0
BRDA:316,17,0,0
BRDA:316,17,1,0
BRDA:324,18,0,0
BRDA:324,18,1,0
BRDA:324,18,2,0
BRDA:330,19,0,0
BRDA:330,19,1,0
BRDA:330,19,2,0
BRDA:332,20,0,0
BRDA:332,20,1,0
BRDA:337,21,0,0
BRDA:337,21,1,0
BRDA:337,21,2,0
BRDA:342,22,0,0
BRDA:342,22,1,0
BRDA:342,22,2,0
BRF:51
BRH:0
end_of_record
TN:
SF:/Users/sukesh/Documents/Natterbox/Code/portal-web-ui/portal-web/src/components/Home/Home.tsx
FN:3,(anonymous_0)
FNF:1
FNH:0
FNDA:0,(anonymous_0)
DA:3,0
LF:1
LH:0
BRF:0
BRH:0
end_of_record
TN:
SF:/Users/sukesh/Documents/Natterbox/Code/portal-web-ui/portal-web/src/components/Logs/components/BulkDownloads/index.tsx
FN:3,(anonymous_0)
FNF:1
FNH:0
FNDA:0,(anonymous_0)
DA:3,1
LF:1
LH:1
BRF:0
BRH:0
end_of_record
TN:
SF:/Users/sukesh/Documents/Natterbox/Code/portal-web-ui/portal-web/src/components/Logs/components/CallLogs/CallLogActions.ts
FNF:0
FNH:0
DA:6,2
DA:7,2
DA:8,2
DA:9,2
DA:10,2
DA:12,2
DA:16,2
DA:18,2
DA:23,2
DA:25,2
LF:10
LH:10
BRF:0
BRH:0
end_of_record
TN:
SF:/Users/sukesh/Documents/Natterbox/Code/portal-web-ui/portal-web/src/components/Logs/components/CallLogs/CallLogColProps.tsx
FN:18,(anonymous_0)
FN:52,(anonymous_1)
FN:88,(anonymous_2)
FN:101,(anonymous_3)
FN:114,(anonymous_4)
FN:134,(anonymous_5)
FN:148,(anonymous_6)
FNF:7
FNH:0
FNDA:0,(anonymous_0)
FNDA:0,(anonymous_1)
FNDA:0,(anonymous_2)
FNDA:0,(anonymous_3)
FNDA:0,(anonymous_4)
FNDA:0,(anonymous_5)
FNDA:0,(anonymous_6)
DA:18,2
DA:19,0
DA:21,2
DA:45,2
DA:52,0
DA:89,0
DA:90,0
DA:92,0
DA:102,0
DA:103,0
DA:105,0
DA:115,0
DA:134,0
DA:148,0
LF:14
LH:3
BRDA:89,0,0,0
BRDA:89,0,1,0
BRDA:102,1,0,0
BRDA:102,1,1,0
BRDA:116,2,0,0
BRDA:116,2,1,0
BRF:6
BRH:0
end_of_record
TN:
SF:/Users/sukesh/Documents/Natterbox/Code/portal-web-ui/portal-web/src/components/Logs/components/CallLogs/CallLogMUIStyles.ts
FNF:0
FNH:0
DA:3,2
LF:1
LH:1
BRF:0
BRH:0
end_of_record
TN:
SF:/Users/sukesh/Documents/Natterbox/Code/portal-web-ui/portal-web/src/components/Logs/components/CallLogs/CallLogQueries.ts
FNF:0
FNH:0
DA:3,2
DA:39,2
LF:2
LH:2
BRF:0
BRH:0
end_of_record
TN:
SF:/Users/sukesh/Documents/Natterbox/Code/portal-web-ui/portal-web/src/components/Logs/components/CallLogs/CallLogReducer.ts
FN:36,(anonymous_0)
FN:38,(anonymous_1)
FN:43,(anonymous_2)
FN:48,(anonymous_3)
FN:52,(anonymous_4)
FN:56,(anonymous_5)
FN:60,(anonymous_6)
FN:64,(anonymous_7)
FN:68,(anonymous_8)
FN:71,(anonymous_9)
FN:74,(anonymous_10)
FN:88,(anonymous_11)
FNF:12
FNH:1
FNDA:2,(anonymous_0)
FNDA:0,(anonymous_1)
FNDA:0,(anonymous_2)
FNDA:0,(anonymous_3)
FNDA:0,(anonymous_4)
FNDA:0,(anonymous_5)
FNDA:0,(anonymous_6)
FNDA:0,(anonymous_7)
FNDA:0,(anonymous_8)
FNDA:0,(anonymous_9)
FNDA:0,(anonymous_10)
FNDA:0,(anonymous_11)
DA:17,2
DA:26,2
DA:36,2
DA:37,2
DA:38,0
DA:43,0
DA:48,0
DA:52,0
DA:56,0
DA:60,0
DA:64,0
DA:68,0
DA:71,0
DA:75,0
DA:76,0
DA:88,0
LF:16
LH:4
BRF:0
BRH:0
end_of_record
TN:
SF:/Users/sukesh/Documents/Natterbox/Code/portal-web-ui/portal-web/src/components/Logs/components/CallLogs/CallLogs.tsx
FN:49,(anonymous_0)
FN:71,(anonymous_1)
FN:84,(anonymous_2)
FN:87,(anonymous_3)
FN:87,(anonymous_4)
FN:93,(anonymous_5)
FN:106,(anonymous_6)
FN:109,(anonymous_7)
FN:121,(anonymous_8)
FN:137,(anonymous_9)
FN:138,(anonymous_10)
FN:141,(anonymous_11)
FN:155,(anonymous_12)
FN:184,(anonymous_13)
FN:187,(anonymous_14)
FN:188,(anonymous_15)
FN:197,(anonymous_16)
FN:202,(anonymous_17)
FN:202,(anonymous_18)
FN:211,(anonymous_19)
FN:215,(anonymous_20)
FN:219,(anonymous_21)
FN:222,(anonymous_22)
FN:226,(anonymous_23)
FN:260,(anonymous_24)
FN:269,(anonymous_25)
FN:277,(anonymous_26)
FN:278,(anonymous_27)
FN:288,(anonymous_28)
FN:310,(anonymous_29)
FN:320,(anonymous_30)
FNF:31
FNH:10
FNDA:9,(anonymous_0)
FNDA:36,(anonymous_1)
FNDA:0,(anonymous_2)
FNDA:36,(anonymous_3)
FNDA:0,(anonymous_4)
FNDA:0,(anonymous_5)
FNDA:0,(anonymous_6)
FNDA:0,(anonymous_7)
FNDA:0,(anonymous_8)
FNDA:3,(anonymous_9)
FNDA:36,(anonymous_10)
FNDA:0,(anonymous_11)
FNDA:0,(anonymous_12)
FNDA:3,(anonymous_13)
FNDA:0,(anonymous_14)
FNDA:0,(anonymous_15)
FNDA:0,(anonymous_16)
FNDA:12,(anonymous_17)
FNDA:0,(anonymous_18)
FNDA:0,(anonymous_19)
FNDA:0,(anonymous_20)
FNDA:0,(anonymous_21)
FNDA:0,(anonymous_22)
FNDA:3,(anonymous_23)
FNDA:0,(anonymous_24)
FNDA:0,(anonymous_25)
FNDA:0,(anonymous_26)
FNDA:0,(anonymous_27)
FNDA:0,(anonymous_28)
FNDA:12,(anonymous_29)
FNDA:36,(anonymous_30)
DA:47,2
DA:49,2
DA:51,9
DA:52,9
DA:53,9
DA:54,9
DA:55,9
DA:56,9
DA:59,9
DA:60,9
DA:63,9
DA:71,9
DA:72,36
DA:73,9
DA:81,27
DA:84,9
DA:85,0
DA:87,36
DA:92,0
DA:93,0
DA:103,0
DA:106,0
DA:108,0
DA:109,0
DA:120,0
DA:121,0
DA:133,0
DA:137,9
DA:138,3
DA:139,36
DA:141,36
DA:145,36
DA:155,9
DA:156,0
DA:158,0
DA:159,0
DA:160,0
DA:162,0
DA:163,0
DA:165,0
DA:166,0
DA:168,0
DA:169,0
DA:172,0
DA:175,0
DA:176,0
DA:181,0
DA:184,9
DA:185,3
DA:188,0
DA:189,0
DA:197,9
DA:198,0
DA:199,0
DA:202,12
DA:203,0
DA:204,0
DA:208,9
DA:211,0
DA:215,0
DA:219,0
DA:222,0
DA:226,9
DA:227,3
DA:231,9
DA:251,9
DA:253,9
DA:260,0
DA:270,0
DA:273,0
DA:277,0
DA:278,0
DA:288,0
DA:311,12
DA:320,36
LF:75
LH:35
BRDA:72,0,0,9
BRDA:72,0,1,27
BRDA:90,1,0,0
BRDA:92,2,0,0
BRDA:92,2,1,0
BRDA:108,3,0,0
BRDA:108,3,1,0
BRDA:108,4,0,0
BRDA:108,4,1,0
BRDA:120,5,0,0
BRDA:120,5,1,0
BRDA:120,6,0,0
BRDA:120,6,1,0
BRDA:141,7,0,36
BRDA:141,7,1,36
BRDA:142,8,0,3
BRDA:142,8,1,33
BRDA:147,9,0,36
BRDA:147,9,1,0
BRDA:158,10,0,0
BRDA:158,10,1,0
BRDA:162,11,0,0
BRDA:162,11,1,0
BRDA:165,12,0,0
BRDA:165,12,1,0
BRDA:168,13,0,0
BRDA:168,13,1,0
BRDA:175,14,0,0
BRDA:175,14,1,0
BRDA:176,15,0,0
BRDA:176,15,1,0
BRDA:185,16,0,0
BRDA:185,16,1,3
BRDA:189,17,0,0
BRDA:189,17,1,0
BRDA:231,18,0,0
BRDA:231,18,1,9
BRDA:231,19,0,9
BRDA:231,19,1,0
BRDA:255,20,0,9
BRDA:255,20,1,6
BRDA:255,20,2,3
BRDA:256,21,0,9
BRDA:256,21,1,3
BRDA:259,22,0,3
BRDA:259,22,1,3
BRDA:265,23,0,9
BRDA:265,23,1,6
BRDA:265,23,2,3
BRF:49
BRH:20
end_of_record
TN:
SF:/Users/sukesh/Documents/Natterbox/Code/portal-web-ui/portal-web/src/components/Logs/components/CallLogs/CallLogs.type.ts
FNF:0
FNH:0
LF:0
LH:0
BRF:0
BRH:0
end_of_record
TN:
SF:/Users/sukesh/Documents/Natterbox/Code/portal-web-ui/portal-web/src/components/Logs/components/CallLogs/components/CallLogRecording/CallLogRecordingActions.ts
FNF:0
FNH:0
DA:3,2
DA:4,2
DA:8,2
DA:11,2
DA:15,2
LF:5
LH:5
BRF:0
BRH:0
end_of_record
TN:
SF:/Users/sukesh/Documents/Natterbox/Code/portal-web-ui/portal-web/src/components/Logs/components/CallLogs/components/CallLogRecording/CallLogRecordingPlay.tsx
FN:21,(anonymous_0)
FN:67,(anonymous_1)
FNF:2
FNH:0
FNDA:0,(anonymous_0)
FNDA:0,(anonymous_1)
DA:21,2
DA:29,0
DA:31,0
DA:33,0
DA:68,0
LF:5
LH:1
BRDA:50,0,0,0
BRDA:50,0,1,0
BRDA:56,1,0,0
BRDA:56,1,1,0
BRF:4
BRH:0
end_of_record
TN:
SF:/Users/sukesh/Documents/Natterbox/Code/portal-web-ui/portal-web/src/components/Logs/components/CallLogs/components/CallLogRecording/CallLogRecordingPopup.tsx
FN:20,(anonymous_0)
FN:26,(anonymous_1)
FN:26,(anonymous_2)
FN:33,(anonymous_3)
FN:42,(anonymous_4)
FN:62,(anonymous_5)
FN:78,(anonymous_6)
FNF:7
FNH:0
FNDA:0,(anonymous_0)
FNDA:0,(anonymous_1)
FNDA:0,(anonymous_2)
FNDA:0,(anonymous_3)
FNDA:0,(anonymous_4)
FNDA:0,(anonymous_5)
FNDA:0,(anonymous_6)
DA:20,2
DA:21,0
DA:22,0
DA:24,0
DA:26,0
DA:27,0
DA:28,0
DA:29,0
DA:30,0
DA:33,0
DA:34,0
DA:43,0
DA:57,0
DA:62,0
DA:78,0
LF:15
LH:1
BRDA:24,0,0,0
BRDA:24,0,1,0
BRDA:36,1,0,0
BRDA:36,1,1,0
BRDA:59,2,0,0
BRDA:59,2,1,0
BRF:6
BRH:0
end_of_record
TN:
SF:/Users/sukesh/Documents/Natterbox/Code/portal-web-ui/portal-web/src/components/Logs/components/CallLogs/components/CallLogRecording/CallLogRecordingReducer.ts
FN:19,(anonymous_0)
FN:21,(anonymous_1)
FN:25,(anonymous_2)
FN:34,(anonymous_3)
FN:39,(anonymous_4)
FN:43,(anonymous_5)
FNF:6
FNH:1
FNDA:2,(anonymous_0)
FNDA:0,(anonymous_1)
FNDA:0,(anonymous_2)
FNDA:0,(anonymous_3)
FNDA:0,(anonymous_4)
FNDA:0,(anonymous_5)
DA:11,2
DA:19,2
DA:20,2
DA:21,0
DA:26,0
DA:27,0
DA:28,0
DA:34,0
DA:39,0
DA:43,0
LF:10
LH:3
BRF:0
BRH:0
end_of_record
TN:
SF:/Users/sukesh/Documents/Natterbox/Code/portal-web-ui/portal-web/src/components/Logs/components/CallLogs/components/CallLogRecording/CallLogStreamPlayer.tsx
FN:4,(anonymous_0)
FN:11,(anonymous_1)
FNF:2
FNH:0
FNDA:0,(anonymous_0)
FNDA:0,(anonymous_1)
DA:4,2
DA:5,0
DA:10,2
DA:11,0
LF:4
LH:2
BRF:0
BRH:0
end_of_record
TN:
SF:/Users/sukesh/Documents/Natterbox/Code/portal-web-ui/portal-web/src/components/Logs/components/CallLogs/components/CallLogRecording/useCallLogRecordingPlay.ts
FN:23,(anonymous_0)
FN:26,(anonymous_1)
FN:31,(anonymous_2)
FN:39,(anonymous_3)
FN:40,(anonymous_4)
FN:53,(anonymous_5)
FN:70,(anonymous_6)
FNF:7
FNH:0
FNDA:0,(anonymous_0)
FNDA:0,(anonymous_1)
FNDA:0,(anonymous_2)
FNDA:0,(anonymous_3)
FNDA:0,(anonymous_4)
FNDA:0,(anonymous_5)
FNDA:0,(anonymous_6)
DA:23,2
DA:24,0
DA:25,0
DA:26,0
DA:27,0
DA:29,0
DA:31,0
DA:32,0
DA:39,0
DA:40,0
DA:41,0
DA:50,0
DA:53,0
DA:55,0
DA:56,0
DA:57,0
DA:64,0
DA:66,0
DA:70,0
DA:71,0
DA:73,0
LF:21
LH:1
BRDA:27,0,0,0
BRDA:27,0,1,0
BRDA:45,1,0,0
BRDA:45,1,1,0
BRDA:61,2,0,0
BRDA:61,2,1,0
BRF:6
BRH:0
end_of_record
TN:
SF:/Users/sukesh/Documents/Natterbox/Code/portal-web-ui/portal-web/src/components/Logs/components/CallLogs/components/CallLogSearch/CallLogColumnSelect.tsx
FN:12,(anonymous_0)
FN:22,(anonymous_1)
FN:30,(anonymous_2)
FNF:3
FNH:0
FNDA:0,(anonymous_0)
FNDA:0,(anonymous_1)
FNDA:0,(anonymous_2)
DA:12,2
DA:19,0
DA:20,0
DA:23,0
DA:24,0
DA:31,0
LF:6
LH:1
BRDA:17,0,0,0
BRDA:29,1,0,0
BRDA:29,1,1,0
BRF:3
BRH:0
end_of_record
TN:
SF:/Users/sukesh/Documents/Natterbox/Code/portal-web-ui/portal-web/src/components/Logs/components/CallLogs/components/CallLogSearch/CallLogSearch.tsx
FN:63,(anonymous_0)
FN:72,(anonymous_1)
FN:75,(anonymous_2)
FN:75,(anonymous_3)
FN:91,(anonymous_4)
FN:98,(anonymous_5)
FN:121,(anonymous_6)
FN:129,(anonymous_7)
FN:134,(anonymous_8)
FN:134,(anonymous_9)
FN:144,(anonymous_10)
FN:144,(anonymous_11)
FN:153,(anonymous_12)
FN:160,(anonymous_13)
FN:164,(anonymous_14)
FN:164,(anonymous_15)
FN:193,(anonymous_16)
FN:201,(anonymous_17)
FN:210,(anonymous_18)
FN:216,(anonymous_19)
FN:229,(anonymous_20)
FN:240,(anonymous_21)
FN:242,(anonymous_22)
FN:276,(anonymous_23)
FN:278,(anonymous_24)
FN:287,(anonymous_25)
FN:318,(anonymous_26)
FNF:27
FNH:2
FNDA:3,(anonymous_0)
FNDA:0,(anonymous_1)
FNDA:0,(anonymous_2)
FNDA:0,(anonymous_3)
FNDA:0,(anonymous_4)
FNDA:0,(anonymous_5)
FNDA:0,(anonymous_6)
FNDA:0,(anonymous_7)
FNDA:0,(anonymous_8)
FNDA:0,(anonymous_9)
FNDA:0,(anonymous_10)
FNDA:0,(anonymous_11)
FNDA:0,(anonymous_12)
FNDA:0,(anonymous_13)
FNDA:0,(anonymous_14)
FNDA:0,(anonymous_15)
FNDA:3,(anonymous_16)
FNDA:0,(anonymous_17)
FNDA:0,(anonymous_18)
FNDA:0,(anonymous_19)
FNDA:0,(anonymous_20)
FNDA:0,(anonymous_21)
FNDA:0,(anonymous_22)
FNDA:0,(anonymous_23)
FNDA:0,(anonymous_24)
FNDA:0,(anonymous_25)
FNDA:0,(anonymous_26)
DA:36,2
DA:63,2
DA:70,3
DA:72,3
DA:73,0
DA:75,3
DA:76,0
DA:77,0
DA:83,0
DA:91,3
DA:92,0
DA:93,0
DA:98,0
DA:118,0
DA:121,3
DA:122,0
DA:123,0
DA:126,0
DA:129,3
DA:130,0
DA:132,0
DA:134,0
DA:137,0
DA:138,0
DA:139,0
DA:142,0
DA:144,0
DA:146,0
DA:149,0
DA:150,0
DA:153,0
DA:154,0
DA:157,0
DA:160,3
DA:161,0
DA:162,0
DA:164,0
DA:167,0
DA:190,0
DA:193,3
DA:194,3
DA:201,0
DA:210,0
DA:216,0
DA:227,3
DA:229,3
DA:230,0
DA:232,0
DA:238,0
DA:240,0
DA:243,0
DA:245,0
DA:246,0
DA:248,0
DA:259,0
DA:260,0
DA:263,3
DA:276,0
DA:278,0
DA:288,0
DA:319,0
DA:320,0
LF:62
LH:14
BRDA:76,0,0,0
BRDA:76,0,1,0
BRDA:79,1,0,0
BRDA:79,1,1,0
BRDA:92,2,0,0
BRDA:92,2,1,0
BRDA:95,3,0,0
BRDA:95,3,1,0
BRDA:122,4,0,0
BRDA:122,4,1,0
BRDA:137,5,0,0
BRDA:137,5,1,0
BRDA:137,6,0,0
BRDA:137,6,1,0
BRDA:142,7,0,0
BRDA:142,7,1,0
BRDA:143,8,0,0
BRDA:143,8,1,0
BRDA:149,9,0,0
BRDA:149,9,1,0
BRDA:153,10,0,0
BRDA:153,10,1,0
BRDA:161,11,0,0
BRDA:161,11,1,0
BRDA:177,12,0,0
BRDA:177,12,1,0
BRDA:233,13,0,0
BRDA:233,13,1,0
BRDA:234,14,0,0
BRDA:234,14,1,0
BRDA:245,15,0,0
BRDA:245,15,1,0
BRDA:286,16,0,3
BRDA:286,16,1,0
BRDA:309,17,0,3
BRDA:309,17,1,3
BRDA:309,17,2,0
BRDA:312,18,0,0
BRDA:312,18,1,3
BRF:39
BRH:4
end_of_record
TN:
SF:/Users/sukesh/Documents/Natterbox/Code/portal-web-ui/portal-web/src/components/Logs/components/CallLogs/components/CallLogSearch/CallLogSearchRow.tsx
FN:18,(anonymous_0)
FN:27,(anonymous_1)
FN:43,(anonymous_2)
FNF:3
FNH:0
FNDA:0,(anonymous_0)
FNDA:0,(anonymous_1)
FNDA:0,(anonymous_2)
DA:18,2
DA:25,0
DA:28,0
DA:43,0
LF:4
LH:1
BRDA:38,0,0,0
BRDA:38,0,1,0
BRF:2
BRH:0
end_of_record
TN:
SF:/Users/sukesh/Documents/Natterbox/Code/portal-web-ui/portal-web/src/components/Logs/components/EventLogs/index.tsx
FN:3,(anonymous_0)
FNF:1
FNH:0
FNDA:0,(anonymous_0)
DA:3,1
LF:1
LH:1
BRF:0
BRH:0
end_of_record
TN:
SF:/Users/sukesh/Documents/Natterbox/Code/portal-web-ui/portal-web/src/components/Logs/components/MyCalls/index.tsx
FN:3,(anonymous_0)
FNF:1
FNH:0
FNDA:0,(anonymous_0)
DA:3,1
LF:1
LH:1
BRF:0
BRH:0
end_of_record
TN:
SF:/Users/sukesh/Documents/Natterbox/Code/portal-web-ui/portal-web/src/components/Logs/components/SMSMMSLogs/index.tsx
FN:3,(anonymous_0)
FNF:1
FNH:0
FNDA:0,(anonymous_0)
DA:3,1
LF:1
LH:1
BRF:0
BRH:0
end_of_record
TN:
SF:/Users/sukesh/Documents/Natterbox/Code/portal-web-ui/portal-web/src/components/Me/components/Me.tsx
FN:16,(anonymous_0)
FN:22,(anonymous_1)
FN:26,(anonymous_2)
FN:61,(anonymous_3)
FN:72,(anonymous_4)
FNF:5
FNH:0
FNDA:0,(anonymous_0)
FNDA:0,(anonymous_1)
FNDA:0,(anonymous_2)
FNDA:0,(anonymous_3)
FNDA:0,(anonymous_4)
DA:16,0
DA:17,0
DA:18,0
DA:19,0
DA:20,0
DA:22,0
DA:23,0
DA:24,0
DA:25,0
DA:26,0
DA:28,0
DA:62,0
DA:73,0
LF:13
LH:0
BRDA:23,0,0,0
BRDA:23,0,1,0
BRDA:23,1,0,0
BRDA:23,1,1,0
BRF:4
BRH:0
end_of_record
TN:
SF:/Users/sukesh/Documents/Natterbox/Code/portal-web-ui/portal-web/src/components/Numbers/index.tsx
FNF:0
FNH:0
LF:0
LH:0
BRF:0
BRH:0
end_of_record
TN:
SF:/Users/sukesh/Documents/Natterbox/Code/portal-web-ui/portal-web/src/components/Numbers/components/Number.type.ts
FNF:0
FNH:0
LF:0
LH:0
BRF:0
BRH:0
end_of_record
TN:
SF:/Users/sukesh/Documents/Natterbox/Code/portal-web-ui/portal-web/src/components/Numbers/components/NumberActions.ts
FNF:0
FNH:0
DA:6,0
DA:7,0
DA:9,0
DA:10,0
DA:11,0
DA:12,0
DA:15,0
DA:16,0
DA:21,0
DA:22,0
DA:23,0
DA:24,0
DA:25,0
DA:26,0
LF:14
LH:0
BRF:0
BRH:0
end_of_record
TN:
SF:/Users/sukesh/Documents/Natterbox/Code/portal-web-ui/portal-web/src/components/Numbers/components/NumberColProps.tsx
FN:24,(anonymous_0)
FNF:1
FNH:0
FNDA:0,(anonymous_0)
DA:4,0
DA:24,0
LF:2
LH:0
BRDA:24,0,0,0
BRDA:24,0,1,0
BRDA:24,1,0,0
BRDA:24,1,1,0
BRF:4
BRH:0
end_of_record
TN:
SF:/Users/sukesh/Documents/Natterbox/Code/portal-web-ui/portal-web/src/components/Numbers/components/NumberList.tsx
FN:36,(anonymous_0)
FN:59,(anonymous_1)
FN:86,(anonymous_2)
FN:91,(anonymous_3)
FN:91,(anonymous_4)
FN:96,(anonymous_5)
FN:101,(anonymous_6)
FN:106,(anonymous_7)
FN:117,(anonymous_8)
FN:128,(anonymous_9)
FN:149,(anonymous_10)
FN:158,(anonymous_11)
FN:163,(anonymous_12)
FN:169,(anonymous_13)
FNF:14
FNH:0
FNDA:0,(anonymous_0)
FNDA:0,(anonymous_1)
FNDA:0,(anonymous_2)
FNDA:0,(anonymous_3)
FNDA:0,(anonymous_4)
FNDA:0,(anonymous_5)
FNDA:0,(anonymous_6)
FNDA:0,(anonymous_7)
FNDA:0,(anonymous_8)
FNDA:0,(anonymous_9)
FNDA:0,(anonymous_10)
FNDA:0,(anonymous_11)
FNDA:0,(anonymous_12)
FNDA:0,(anonymous_13)
DA:34,0
DA:36,0
DA:37,0
DA:47,0
DA:49,0
DA:59,0
DA:60,0
DA:64,0
DA:84,0
DA:86,0
DA:87,0
DA:88,0
DA:91,0
DA:92,0
DA:93,0
DA:96,0
DA:97,0
DA:98,0
DA:101,0
DA:102,0
DA:104,0
DA:106,0
DA:110,0
DA:117,0
DA:128,0
DA:150,0
DA:158,0
DA:163,0
DA:169,0
LF:29
LH:0
BRDA:64,0,0,0
BRDA:64,0,1,0
BRDA:64,1,0,0
BRDA:64,1,1,0
BRDA:112,2,0,0
BRDA:112,2,1,0
BRDA:112,2,2,0
BRDA:113,3,0,0
BRDA:113,3,1,0
BRDA:116,4,0,0
BRDA:116,4,1,0
BRDA:120,5,0,0
BRDA:120,5,1,0
BRDA:120,5,2,0
BRDA:162,6,0,0
BRDA:162,6,1,0
BRDA:165,7,0,0
BRDA:165,7,1,0
BRF:18
BRH:0
end_of_record
TN:
SF:/Users/sukesh/Documents/Natterbox/Code/portal-web-ui/portal-web/src/components/Numbers/components/NumberQueries.ts
FNF:0
FNH:0
DA:3,0
DA:24,0
LF:2
LH:0
BRF:0
BRH:0
end_of_record
TN:
SF:/Users/sukesh/Documents/Natterbox/Code/portal-web-ui/portal-web/src/components/Numbers/components/NumberReducer.ts
FN:27,(anonymous_0)
FN:29,(anonymous_1)
FN:34,(anonymous_2)
FN:39,(anonymous_3)
FN:43,(anonymous_4)
FN:47,(anonymous_5)
FN:51,(anonymous_6)
FN:55,(anonymous_7)
FN:59,(anonymous_8)
FN:79,(anonymous_9)
FN:81,(anonymous_10)
FN:85,(anonymous_11)
FN:89,(anonymous_12)
FN:93,(anonymous_13)
FN:97,(anonymous_14)
FN:101,(anonymous_15)
FNF:16
FNH:0
FNDA:0,(anonymous_0)
FNDA:0,(anonymous_1)
FNDA:0,(anonymous_2)
FNDA:0,(anonymous_3)
FNDA:0,(anonymous_4)
FNDA:0,(anonymous_5)
FNDA:0,(anonymous_6)
FNDA:0,(anonymous_7)
FNDA:0,(anonymous_8)
FNDA:0,(anonymous_9)
FNDA:0,(anonymous_10)
FNDA:0,(anonymous_11)
FNDA:0,(anonymous_12)
FNDA:0,(anonymous_13)
FNDA:0,(anonymous_14)
FNDA:0,(anonymous_15)
DA:8,0
DA:10,0
DA:27,0
DA:28,0
DA:29,0
DA:34,0
DA:39,0
DA:43,0
DA:47,0
DA:51,0
DA:55,0
DA:59,0
DA:68,0
DA:77,0
DA:80,0
DA:81,0
DA:85,0
DA:89,0
DA:93,0
DA:97,0
DA:101,0
LF:21
LH:0
BRF:0
BRH:0
end_of_record
TN:
SF:/Users/sukesh/Documents/Natterbox/Code/portal-web-ui/portal-web/src/components/Numbers/components/NumberCreate/NumberCreate.tsx
FN:9,(anonymous_0)
FNF:1
FNH:0
FNDA:0,(anonymous_0)
DA:9,0
DA:10,0
LF:2
LH:0
BRF:0
BRH:0
end_of_record
TN:
SF:/Users/sukesh/Documents/Natterbox/Code/portal-web-ui/portal-web/src/components/Numbers/components/NumberUpdate/NumberUpdate.tsx
FN:37,(anonymous_0)
FN:62,(anonymous_1)
FN:70,(anonymous_2)
FN:81,(anonymous_3)
FN:94,(anonymous_4)
FN:103,(anonymous_5)
FN:115,(anonymous_6)
FN:138,(anonymous_7)
FN:141,(anonymous_8)
FN:152,(anonymous_9)
FNF:10
FNH:0
FNDA:0,(anonymous_0)
FNDA:0,(anonymous_1)
FNDA:0,(anonymous_2)
FNDA:0,(anonymous_3)
FNDA:0,(anonymous_4)
FNDA:0,(anonymous_5)
FNDA:0,(anonymous_6)
FNDA:0,(anonymous_7)
FNDA:0,(anonymous_8)
FNDA:0,(anonymous_9)
DA:37,0
DA:44,0
DA:56,0
DA:61,0
DA:63,0
DA:64,0
DA:65,0
DA:70,0
DA:72,0
DA:73,0
DA:74,0
DA:76,0
DA:77,0
DA:81,0
DA:83,0
DA:84,0
DA:86,0
DA:87,0
DA:94,0
DA:95,0
DA:109,0
DA:115,0
DA:139,0
DA:141,0
DA:152,0
LF:25
LH:0
BRDA:64,0,0,0
BRDA:64,0,1,0
BRDA:72,1,0,0
BRDA:72,1,1,0
BRDA:76,2,0,0
BRDA:76,2,1,0
BRDA:83,3,0,0
BRDA:83,3,1,0
BRDA:86,4,0,0
BRDA:86,4,1,0
BRDA:100,5,0,0
BRDA:100,5,1,0
BRDA:111,6,0,0
BRDA:111,6,1,0
BRDA:114,7,0,0
BRDA:114,7,1,0
BRDA:118,8,0,0
BRDA:118,8,1,0
BRDA:136,9,0,0
BRDA:136,9,1,0
BRDA:139,10,0,0
BRDA:139,10,1,0
BRDA:164,11,0,0
BRDA:164,11,1,0
BRDA:166,12,0,0
BRDA:166,12,1,0
BRDA:168,13,0,0
BRDA:168,13,1,0
BRF:28
BRH:0
end_of_record
TN:
SF:/Users/sukesh/Documents/Natterbox/Code/portal-web-ui/portal-web/src/components/Policies/components/Policies.mock.ts
FNF:0
FNH:0
DA:1,2
DA:1734,2
LF:2
LH:2
BRF:0
BRH:0
end_of_record
TN:
SF:/Users/sukesh/Documents/Natterbox/Code/portal-web-ui/portal-web/src/components/Policies/components/Policies.type.ts
FNF:0
FNH:0
LF:0
LH:0
BRF:0
BRH:0
end_of_record
TN:
SF:/Users/sukesh/Documents/Natterbox/Code/portal-web-ui/portal-web/src/components/Policies/components/PoliciesActions.ts
FNF:0
FNH:0
DA:5,2
DA:6,2
DA:7,2
DA:8,2
DA:11,2
DA:14,2
DA:17,2
DA:20,2
DA:23,2
DA:24,2
DA:27,2
LF:11
LH:11
BRF:0
BRH:0
end_of_record
TN:
SF:/Users/sukesh/Documents/Natterbox/Code/portal-web-ui/portal-web/src/components/Policies/components/PoliciesQueries.ts
FNF:0
FNH:0
DA:3,2
DA:34,2
LF:2
LH:2
BRF:0
BRH:0
end_of_record
TN:
SF:/Users/sukesh/Documents/Natterbox/Code/portal-web-ui/portal-web/src/components/Policies/components/PoliciesReducer.ts
FN:50,(anonymous_0)
FN:52,(anonymous_1)
FN:56,(anonymous_2)
FN:60,(anonymous_3)
FN:64,(anonymous_4)
FN:68,(anonymous_5)
FN:72,(anonymous_6)
FN:80,(anonymous_7)
FN:82,(anonymous_8)
FN:86,(anonymous_9)
FN:90,(anonymous_10)
FN:94,(anonymous_11)
FN:102,(anonymous_12)
FN:103,(anonymous_13)
FNF:14
FNH:3
FNDA:2,(anonymous_0)
FNDA:0,(anonymous_1)
FNDA:0,(anonymous_2)
FNDA:0,(anonymous_3)
FNDA:0,(anonymous_4)
FNDA:0,(anonymous_5)
FNDA:0,(anonymous_6)
FNDA:2,(anonymous_7)
FNDA:0,(anonymous_8)
FNDA:0,(anonymous_9)
FNDA:0,(anonymous_10)
FNDA:0,(anonymous_11)
FNDA:2,(anonymous_12)
FNDA:0,(anonymous_13)
DA:22,2
DA:32,2
DA:44,2
DA:48,2
DA:51,2
DA:52,0
DA:56,0
DA:60,0
DA:64,0
DA:68,0
DA:72,0
DA:78,2
DA:81,2
DA:82,0
DA:86,0
DA:90,0
DA:94,0
DA:100,2
DA:103,2
LF:19
LH:9
BRF:0
BRH:0
end_of_record
TN:
SF:/Users/sukesh/Documents/Natterbox/Code/portal-web-ui/portal-web/src/components/Policies/components/PoliciesList/PoliciesList.tsx
FN:42,(anonymous_0)
FN:70,(anonymous_1)
FN:70,(anonymous_2)
FN:98,(anonymous_3)
FN:102,(anonymous_4)
FN:104,(anonymous_5)
FN:107,(anonymous_6)
FN:118,(anonymous_7)
FN:127,(anonymous_8)
FN:131,(anonymous_9)
FN:149,(anonymous_10)
FN:214,(anonymous_11)
FNF:12
FNH:5
FNDA:9,(anonymous_0)
FNDA:12,(anonymous_1)
FNDA:0,(anonymous_2)
FNDA:3,(anonymous_3)
FNDA:3,(anonymous_4)
FNDA:0,(anonymous_5)
FNDA:0,(anonymous_6)
FNDA:0,(anonymous_7)
FNDA:0,(anonymous_8)
FNDA:0,(anonymous_9)
FNDA:0,(anonymous_10)
FNDA:15,(anonymous_11)
DA:40,1
DA:42,1
DA:43,9
DA:56,9
DA:58,9
DA:70,12
DA:71,0
DA:72,0
DA:76,9
DA:96,9
DA:98,9
DA:99,3
DA:102,9
DA:103,3
DA:104,0
DA:107,9
DA:108,0
DA:109,0
DA:118,9
DA:119,0
DA:120,0
DA:121,0
DA:123,0
DA:127,9
DA:128,0
DA:131,9
DA:132,0
DA:133,0
DA:134,0
DA:135,0
DA:137,0
DA:142,9
DA:149,0
DA:214,15
LF:34
LH:18
BRDA:76,0,0,0
BRDA:76,0,1,9
BRDA:76,1,0,9
BRDA:76,1,1,0
BRDA:103,2,0,3
BRDA:103,2,1,0
BRDA:119,3,0,0
BRDA:119,3,1,0
BRDA:132,4,0,0
BRDA:132,4,1,0
BRDA:133,5,0,0
BRDA:133,5,1,0
BRDA:144,6,0,9
BRDA:144,6,1,6
BRDA:144,6,2,3
BRDA:145,7,0,9
BRDA:145,7,1,3
BRDA:148,8,0,3
BRDA:148,8,1,3
BRDA:154,9,0,9
BRDA:154,9,1,6
BRDA:154,9,2,3
BRF:22
BRH:13
end_of_record
TN:
SF:/Users/sukesh/Documents/Natterbox/Code/portal-web-ui/portal-web/src/components/Policies/components/PoliciesList/PolicyColProps.tsx
FN:11,(anonymous_0)
FN:30,(anonymous_1)
FN:38,(anonymous_2)
FN:44,(anonymous_3)
FNF:4
FNH:0
FNDA:0,(anonymous_0)
FNDA:0,(anonymous_1)
FNDA:0,(anonymous_2)
FNDA:0,(anonymous_3)
DA:6,2
DA:12,0
DA:13,0
DA:14,0
DA:31,0
DA:38,0
DA:44,0
LF:7
LH:1
BRDA:31,0,0,0
BRDA:31,0,1,0
BRF:2
BRH:0
end_of_record
TN:
SF:/Users/sukesh/Documents/Natterbox/Code/portal-web-ui/portal-web/src/components/Policies/components/PolicyEditor/PolicyEditor.tsx
FN:23,(anonymous_0)
FN:34,(anonymous_1)
FN:44,(anonymous_2)
FN:61,(anonymous_3)
FN:67,(anonymous_4)
FN:70,(anonymous_5)
FN:72,(anonymous_6)
FN:74,(anonymous_7)
FNF:8
FNH:1
FNDA:2,(anonymous_0)
FNDA:0,(anonymous_1)
FNDA:0,(anonymous_2)
FNDA:0,(anonymous_3)
FNDA:0,(anonymous_4)
FNDA:0,(anonymous_5)
FNDA:0,(anonymous_6)
FNDA:0,(anonymous_7)
DA:23,1
DA:24,2
DA:25,2
DA:26,2
DA:32,2
DA:34,2
DA:35,0
DA:42,2
DA:44,2
DA:45,0
DA:46,0
DA:47,0
DA:49,0
DA:50,0
DA:51,0
DA:57,0
DA:58,0
DA:61,2
DA:62,0
DA:63,0
DA:70,2
DA:72,2
DA:74,2
DA:76,2
LF:24
LH:13
BRDA:45,0,0,0
BRDA:45,0,1,0
BRDA:45,1,0,0
BRDA:45,1,1,0
BRDA:78,2,0,2
BRDA:78,2,1,0
BRDA:79,3,0,2
BRDA:79,3,1,0
BRDA:82,4,0,2
BRDA:82,4,1,0
BRDA:104,5,0,2
BRDA:104,5,1,0
BRDA:117,6,0,2
BRDA:117,6,1,2
BRF:14
BRH:6
end_of_record
TN:
SF:/Users/sukesh/Documents/Natterbox/Code/portal-web-ui/portal-web/src/components/Policies/components/PolicyEditor/PolicyEditorMUIStyles.ts
FNF:0
FNH:0
DA:3,0
LF:1
LH:0
BRF:0
BRH:0
end_of_record
TN:
SF:/Users/sukesh/Documents/Natterbox/Code/portal-web-ui/portal-web/src/components/Policies/components/PolicyEditor/PolicyOptions.tsx
FN:24,(anonymous_0)
FN:40,(anonymous_1)
FN:48,(anonymous_2)
FN:57,(anonymous_3)
FN:66,(anonymous_4)
FN:75,(anonymous_5)
FN:135,(anonymous_6)
FNF:7
FNH:1
FNDA:2,(anonymous_0)
FNDA:0,(anonymous_1)
FNDA:0,(anonymous_2)
FNDA:0,(anonymous_3)
FNDA:0,(anonymous_4)
FNDA:0,(anonymous_5)
FNDA:0,(anonymous_6)
DA:24,1
DA:30,2
DA:31,0
DA:33,2
DA:38,2
DA:40,2
DA:41,0
DA:48,2
DA:49,0
DA:57,2
DA:58,0
DA:66,2
DA:70,2
DA:75,0
DA:135,0
LF:15
LH:9
BRDA:30,0,0,0
BRDA:30,0,1,2
BRF:2
BRH:1
end_of_record
TN:
SF:/Users/sukesh/Documents/Natterbox/Code/portal-web-ui/portal-web/src/components/Users/User.type.ts
FNF:0
FNH:0
LF:0
LH:0
BRF:0
BRH:0
end_of_record
TN:
SF:/Users/sukesh/Documents/Natterbox/Code/portal-web-ui/portal-web/src/components/Users/UserActions.ts
FNF:0
FNH:0
DA:4,0
DA:5,0
DA:6,0
DA:7,0
DA:8,0
DA:9,0
DA:10,0
DA:13,0
DA:18,0
DA:23,0
LF:10
LH:0
BRF:0
BRH:0
end_of_record
TN:
SF:/Users/sukesh/Documents/Natterbox/Code/portal-web-ui/portal-web/src/components/Users/UserColProps.ts
FNF:0
FNH:0
DA:1,0
DA:54,0
LF:2
LH:0
BRF:0
BRH:0
end_of_record
TN:
SF:/Users/sukesh/Documents/Natterbox/Code/portal-web-ui/portal-web/src/components/Users/UserQueries.ts
FNF:0
FNH:0
DA:3,9
DA:23,9
DA:35,9
DA:47,9
DA:61,9
DA:75,9
DA:91,9
DA:106,9
DA:121,9
LF:9
LH:9
BRF:0
BRH:0
end_of_record
TN:
SF:/Users/sukesh/Documents/Natterbox/Code/portal-web-ui/portal-web/src/components/Users/UserReducer.ts
FN:35,(anonymous_0)
FN:37,(anonymous_1)
FN:42,(anonymous_2)
FN:47,(anonymous_3)
FN:51,(anonymous_4)
FN:55,(anonymous_5)
FN:59,(anonymous_6)
FN:63,(anonymous_7)
FN:67,(anonymous_8)
FN:86,(anonymous_9)
FN:87,(anonymous_10)
FNF:11
FNH:0
FNDA:0,(anonymous_0)
FNDA:0,(anonymous_1)
FNDA:0,(anonymous_2)
FNDA:0,(anonymous_3)
FNDA:0,(anonymous_4)
FNDA:0,(anonymous_5)
FNDA:0,(anonymous_6)
FNDA:0,(anonymous_7)
FNDA:0,(anonymous_8)
FNDA:0,(anonymous_9)
FNDA:0,(anonymous_10)
DA:16,0
DA:18,0
DA:35,0
DA:36,0
DA:37,0
DA:42,0
DA:47,0
DA:51,0
DA:55,0
DA:59,0
DA:63,0
DA:67,0
DA:73,0
DA:84,0
DA:87,0
LF:15
LH:0
BRF:0
BRH:0
end_of_record
TN:
SF:/Users/sukesh/Documents/Natterbox/Code/portal-web-ui/portal-web/src/components/Users/Users.tsx
FN:36,(anonymous_0)
FN:60,(anonymous_1)
FN:87,(anonymous_2)
FN:92,(anonymous_3)
FN:92,(anonymous_4)
FN:97,(anonymous_5)
FN:110,(anonymous_6)
FN:115,(anonymous_7)
FN:131,(anonymous_8)
FN:132,(anonymous_9)
FN:143,(anonymous_10)
FN:164,(anonymous_11)
FN:173,(anonymous_12)
FN:181,(anonymous_13)
FNF:14
FNH:0
FNDA:0,(anonymous_0)
FNDA:0,(anonymous_1)
FNDA:0,(anonymous_2)
FNDA:0,(anonymous_3)
FNDA:0,(anonymous_4)
FNDA:0,(anonymous_5)
FNDA:0,(anonymous_6)
FNDA:0,(anonymous_7)
FNDA:0,(anonymous_8)
FNDA:0,(anonymous_9)
FNDA:0,(anonymous_10)
FNDA:0,(anonymous_11)
FNDA:0,(anonymous_12)
FNDA:0,(anonymous_13)
DA:34,0
DA:36,0
DA:37,0
DA:47,0
DA:49,0
DA:60,0
DA:61,0
DA:65,0
DA:85,0
DA:87,0
DA:88,0
DA:89,0
DA:92,0
DA:93,0
DA:94,0
DA:97,0
DA:98,0
DA:99,0
DA:110,0
DA:111,0
DA:113,0
DA:115,0
DA:119,0
DA:131,0
DA:132,0
DA:143,0
DA:165,0
DA:173,0
DA:181,0
LF:29
LH:0
BRDA:65,0,0,0
BRDA:65,0,1,0
BRDA:65,1,0,0
BRDA:65,1,1,0
BRDA:121,2,0,0
BRDA:121,2,1,0
BRDA:121,2,2,0
BRDA:122,3,0,0
BRDA:122,3,1,0
BRDA:125,4,0,0
BRDA:125,4,1,0
BRDA:129,5,0,0
BRDA:129,5,1,0
BRDA:135,6,0,0
BRDA:135,6,1,0
BRDA:135,6,2,0
BRDA:177,7,0,0
BRDA:177,7,1,0
BRF:18
BRH:0
end_of_record
TN:
SF:/Users/sukesh/Documents/Natterbox/Code/portal-web-ui/portal-web/src/components/Users/components/UserCreate/UserCreate.tsx
FN:29,(anonymous_0)
FN:33,(anonymous_1)
FN:39,(anonymous_2)
FN:39,(anonymous_3)
FN:55,(anonymous_4)
FN:68,(anonymous_5)
FN:68,(anonymous_6)
FN:104,(anonymous_7)
FNF:8
FNH:0
FNDA:0,(anonymous_0)
FNDA:0,(anonymous_1)
FNDA:0,(anonymous_2)
FNDA:0,(anonymous_3)
FNDA:0,(anonymous_4)
FNDA:0,(anonymous_5)
FNDA:0,(anonymous_6)
FNDA:0,(anonymous_7)
DA:29,0
DA:30,0
DA:32,0
DA:34,0
DA:35,0
DA:39,0
DA:40,0
DA:41,0
DA:47,0
DA:55,0
DA:56,0
DA:68,0
DA:69,0
DA:70,0
DA:73,0
DA:74,0
DA:75,0
DA:88,0
DA:90,0
DA:105,0
LF:20
LH:0
BRDA:40,0,0,0
BRDA:40,0,1,0
BRDA:69,1,0,0
BRDA:69,1,1,0
BRDA:73,2,0,0
BRDA:73,2,1,0
BRDA:227,3,0,0
BRDA:227,3,1,0
BRF:8
BRH:0
end_of_record
TN:
SF:/Users/sukesh/Documents/Natterbox/Code/portal-web-ui/portal-web/src/components/Users/components/UserCreate/UserCreateReducer.ts
FN:16,(anonymous_0)
FN:17,(anonymous_1)
FNF:2
FNH:0
FNDA:0,(anonymous_0)
FNDA:0,(anonymous_1)
DA:5,0
DA:16,0
DA:17,0
LF:3
LH:0
BRF:0
BRH:0
end_of_record
TN:
SF:/Users/sukesh/Documents/Natterbox/Code/portal-web-ui/portal-web/src/components/Users/components/UserUpdate/GeneralSettingsUpdate.tsx
FN:30,(anonymous_0)
FN:50,(anonymous_1)
FN:56,(anonymous_2)
FN:62,(anonymous_3)
FN:76,(anonymous_4)
FN:80,(anonymous_5)
FN:80,(anonymous_6)
FN:113,(anonymous_7)
FN:124,(anonymous_8)
FN:124,(anonymous_9)
FN:137,(anonymous_10)
FN:139,(anonymous_11)
FN:311,(anonymous_12)
FN:316,(anonymous_13)
FNF:14
FNH:0
FNDA:0,(anonymous_0)
FNDA:0,(anonymous_1)
FNDA:0,(anonymous_2)
FNDA:0,(anonymous_3)
FNDA:0,(anonymous_4)
FNDA:0,(anonymous_5)
FNDA:0,(anonymous_6)
FNDA:0,(anonymous_7)
FNDA:0,(anonymous_8)
FNDA:0,(anonymous_9)
FNDA:0,(anonymous_10)
FNDA:0,(anonymous_11)
FNDA:0,(anonymous_12)
FNDA:0,(anonymous_13)
DA:30,0
DA:35,0
DA:36,0
DA:38,0
DA:39,0
DA:41,0
DA:44,0
DA:49,0
DA:51,0
DA:55,0
DA:57,0
DA:58,0
DA:62,0
DA:63,0
DA:64,0
DA:70,0
DA:71,0
DA:72,0
DA:76,0
DA:80,0
DA:81,0
DA:83,0
DA:84,0
DA:91,0
DA:100,0
DA:111,0
DA:113,0
DA:114,0
DA:124,0
DA:125,0
DA:126,0
DA:128,0
DA:129,0
DA:137,0
DA:139,0
DA:141,0
DA:143,0
DA:311,0
DA:316,0
LF:39
LH:0
BRDA:63,0,0,0
BRDA:63,0,1,0
BRDA:63,1,0,0
BRDA:63,1,1,0
BRDA:70,2,0,0
BRDA:70,2,1,0
BRDA:71,3,0,0
BRDA:71,3,1,0
BRDA:75,4,0,0
BRDA:75,4,1,0
BRDA:83,5,0,0
BRDA:83,5,1,0
BRDA:100,6,0,0
BRDA:100,6,1,0
BRDA:100,7,0,0
BRDA:100,7,1,0
BRDA:125,8,0,0
BRDA:125,8,1,0
BRDA:141,9,0,0
BRDA:141,9,1,0
BRDA:280,10,0,0
BRDA:280,10,1,0
BRDA:298,11,0,0
BRDA:298,11,1,0
BRDA:304,12,0,0
BRDA:304,12,1,0
BRDA:304,12,2,0
BRDA:307,13,0,0
BRDA:307,13,1,0
BRF:29
BRH:0
end_of_record
TN:
SF:/Users/sukesh/Documents/Natterbox/Code/portal-web-ui/portal-web/src/components/Users/components/UserUpdate/UserUpdate.tsx
FN:25,(anonymous_0)
FN:33,(anonymous_1)
FN:42,(anonymous_2)
FNF:3
FNH:0
FNDA:0,(anonymous_0)
FNDA:0,(anonymous_1)
FNDA:0,(anonymous_2)
DA:25,0
DA:26,0
DA:28,0
DA:30,0
DA:33,0
DA:35,0
DA:42,0
LF:7
LH:0
BRDA:30,0,0,0
BRDA:30,0,1,0
BRDA:30,1,0,0
BRDA:30,1,1,0
BRDA:30,2,0,0
BRDA:30,2,1,0
BRDA:30,3,0,0
BRDA:30,3,1,0
BRDA:31,4,0,0
BRDA:31,4,1,0
BRDA:31,5,0,0
BRDA:31,5,1,0
BRDA:49,6,0,0
BRDA:49,6,1,0
BRDA:49,7,0,0
BRDA:49,7,1,0
BRF:16
BRH:0
end_of_record
TN:
SF:/Users/sukesh/Documents/Natterbox/Code/portal-web-ui/portal-web/src/components/Users/components/UserUpdate/UserUpdateReducer.ts
FN:18,(anonymous_0)
FN:19,(anonymous_1)
FNF:2
FNH:0
FNDA:0,(anonymous_0)
FNDA:0,(anonymous_1)
DA:5,0
DA:16,0
DA:19,0
LF:3
LH:0
BRF:0
BRH:0
end_of_record
TN:
SF:/Users/sukesh/Documents/Natterbox/Code/portal-web-ui/portal-web/src/components/Users/components/UserUpdate/components/GeneralSettings/GeneralSettingsUpdate.tsx
FN:25,(anonymous_0)
FN:38,(anonymous_1)
FN:43,(anonymous_2)
FN:57,(anonymous_3)
FN:61,(anonymous_4)
FN:61,(anonymous_5)
FN:94,(anonymous_6)
FN:105,(anonymous_7)
FNF:8
FNH:0
FNDA:0,(anonymous_0)
FNDA:0,(anonymous_1)
FNDA:0,(anonymous_2)
FNDA:0,(anonymous_3)
FNDA:0,(anonymous_4)
FNDA:0,(anonymous_5)
FNDA:0,(anonymous_6)
FNDA:0,(anonymous_7)
DA:25,0
DA:28,0
DA:29,0
DA:32,0
DA:37,0
DA:39,0
DA:43,0
DA:44,0
DA:45,0
DA:51,0
DA:52,0
DA:53,0
DA:57,0
DA:61,0
DA:62,0
DA:64,0
DA:65,0
DA:72,0
DA:81,0
DA:92,0
DA:94,0
DA:95,0
DA:105,0
DA:107,0
LF:24
LH:0
BRDA:44,0,0,0
BRDA:44,0,1,0
BRDA:44,1,0,0
BRDA:44,1,1,0
BRDA:51,2,0,0
BRDA:51,2,1,0
BRDA:52,3,0,0
BRDA:52,3,1,0
BRDA:56,4,0,0
BRDA:56,4,1,0
BRDA:64,5,0,0
BRDA:64,5,1,0
BRDA:81,6,0,0
BRDA:81,6,1,0
BRDA:81,7,0,0
BRDA:81,7,1,0
BRDA:236,8,0,0
BRDA:236,8,1,0
BRDA:254,9,0,0
BRDA:254,9,1,0
BRF:20
BRH:0
end_of_record
TN:
SF:/Users/sukesh/Documents/Natterbox/Code/portal-web-ui/portal-web/src/components/Users/components/UserUpdate/components/Voicemail/Voicemail.tsx
FN:41,(anonymous_0)
FN:46,(anonymous_1)
FN:67,(anonymous_2)
FN:78,(anonymous_3)
FN:83,(anonymous_4)
FN:87,(anonymous_5)
FN:114,(anonymous_6)
FN:128,(anonymous_7)
FN:144,(anonymous_8)
FN:145,(anonymous_9)
FN:162,(anonymous_10)
FN:181,(anonymous_11)
FN:202,(anonymous_12)
FN:203,(anonymous_13)
FN:211,(anonymous_14)
FN:216,(anonymous_15)
FN:220,(anonymous_16)
FN:223,(anonymous_17)
FNF:18
FNH:0
FNDA:0,(anonymous_0)
FNDA:0,(anonymous_1)
FNDA:0,(anonymous_2)
FNDA:0,(anonymous_3)
FNDA:0,(anonymous_4)
FNDA:0,(anonymous_5)
FNDA:0,(anonymous_6)
FNDA:0,(anonymous_7)
FNDA:0,(anonymous_8)
FNDA:0,(anonymous_9)
FNDA:0,(anonymous_10)
FNDA:0,(anonymous_11)
FNDA:0,(anonymous_12)
FNDA:0,(anonymous_13)
FNDA:0,(anonymous_14)
FNDA:0,(anonymous_15)
FNDA:0,(anonymous_16)
FNDA:0,(anonymous_17)
DA:41,0
DA:42,0
DA:47,0
DA:64,0
DA:68,0
DA:77,0
DA:79,0
DA:83,0
DA:84,0
DA:86,0
DA:88,0
DA:91,0
DA:95,0
DA:101,0
DA:103,0
DA:109,0
DA:111,0
DA:112,0
DA:114,0
DA:129,0
DA:130,0
DA:144,0
DA:146,0
DA:163,0
DA:164,0
DA:182,0
DA:183,0
DA:203,0
DA:204,0
DA:212,0
DA:213,0
DA:214,0
DA:217,0
DA:221,0
DA:224,0
LF:35
LH:0
BRDA:49,0,0,0
BRDA:49,0,1,0
BRDA:50,1,0,0
BRDA:50,1,1,0
BRDA:51,2,0,0
BRDA:51,2,1,0
BRDA:52,3,0,0
BRDA:52,3,1,0
BRDA:54,4,0,0
BRDA:54,4,1,0
BRDA:84,5,0,0
BRDA:84,5,1,0
BRDA:84,6,0,0
BRDA:84,6,1,0
BRDA:111,7,0,0
BRDA:111,7,1,0
BRDA:111,8,0,0
BRDA:111,8,1,0
BRDA:111,8,2,0
BRDA:197,9,0,0
BRDA:197,9,1,0
BRDA:197,10,0,0
BRDA:197,10,1,0
BRDA:212,11,0,0
BRDA:212,11,1,0
BRDA:212,12,0,0
BRDA:212,12,1,0
BRDA:212,12,2,0
BRF:28
BRH:0
end_of_record
TN:
SF:/Users/sukesh/Documents/Natterbox/Code/portal-web-ui/portal-web/src/components/Users/components/UserUpdate/components/Voicemail/Voicemail.type.ts
FNF:0
FNH:0
LF:0
LH:0
BRF:0
BRH:0
end_of_record
TN:
SF:/Users/sukesh/Documents/Natterbox/Code/portal-web-ui/portal-web/src/components/Users/components/UserUpdate/components/Voicemail/VoicemailActions.ts
FNF:0
FNH:0
DA:5,0
DA:15,0
DA:17,0
DA:19,0
DA:23,0
DA:25,0
DA:27,0
DA:29,0
LF:8
LH:0
BRF:0
BRH:0
end_of_record
TN:
SF:/Users/sukesh/Documents/Natterbox/Code/portal-web-ui/portal-web/src/components/Users/components/UserUpdate/components/Voicemail/VoicemailMiddleware.ts
FN:6,(anonymous_0)
FN:6,(anonymous_1)
FN:26,(anonymous_2)
FN:31,(anonymous_3)
FNF:4
FNH:0
FNDA:0,(anonymous_0)
FNDA:0,(anonymous_1)
FNDA:0,(anonymous_2)
FNDA:0,(anonymous_3)
DA:6,0
DA:10,0
DA:14,0
DA:17,0
DA:19,0
DA:26,0
DA:33,0
DA:36,0
DA:37,0
DA:41,0
DA:45,0
DA:48,0
DA:49,0
DA:52,0
DA:57,0
DA:60,0
DA:63,0
LF:17
LH:0
BRDA:14,0,0,0
BRDA:14,0,1,0
BRDA:14,0,2,0
BRDA:14,0,3,0
BRDA:14,0,4,0
BRDA:36,1,0,0
BRDA:36,1,1,0
BRF:7
BRH:0
end_of_record
TN:
SF:/Users/sukesh/Documents/Natterbox/Code/portal-web-ui/portal-web/src/components/Users/components/UserUpdate/components/Voicemail/VoicemailReducer.ts
FN:30,(anonymous_0)
FN:32,(anonymous_1)
FN:38,(anonymous_2)
FN:43,(anonymous_3)
FN:52,(anonymous_4)
FN:58,(anonymous_5)
FN:67,(anonymous_6)
FN:76,(anonymous_7)
FNF:8
FNH:0
FNDA:0,(anonymous_0)
FNDA:0,(anonymous_1)
FNDA:0,(anonymous_2)
FNDA:0,(anonymous_3)
FNDA:0,(anonymous_4)
FNDA:0,(anonymous_5)
FNDA:0,(anonymous_6)
FNDA:0,(anonymous_7)
DA:14,0
DA:30,0
DA:31,0
DA:32,0
DA:39,0
DA:44,0
DA:53,0
DA:59,0
DA:68,0
DA:77,0
LF:10
LH:0
BRF:0
BRH:0
end_of_record
TN:
SF:/Users/sukesh/Documents/Natterbox/Code/portal-web-ui/portal-web/src/components/shared/PrivateRoute.tsx
FN:7,(anonymous_0)
FN:10,(anonymous_1)
FN:14,(anonymous_2)
FN:22,(anonymous_3)
FNF:4
FNH:0
FNDA:0,(anonymous_0)
FNDA:0,(anonymous_1)
FNDA:0,(anonymous_2)
FNDA:0,(anonymous_3)
DA:7,9
DA:8,0
DA:10,0
DA:11,0
DA:12,0
DA:14,0
DA:15,0
DA:19,0
DA:22,0
DA:23,0
DA:25,0
DA:28,9
DA:37,9
LF:13
LH:3
BRDA:11,0,0,0
BRDA:11,0,1,0
BRDA:11,1,0,0
BRDA:11,1,1,0
BRDA:23,2,0,0
BRDA:23,2,1,0
BRF:6
BRH:0
end_of_record
TN:
SF:/Users/sukesh/Documents/Natterbox/Code/portal-web-ui/portal-web/src/components/shared/ActionBlocks/ActionBlocks.tsx
FN:44,(anonymous_0)
FN:49,(anonymous_1)
FN:54,(anonymous_2)
FN:59,(anonymous_3)
FN:64,(anonymous_4)
FN:69,(anonymous_5)
FN:74,(anonymous_6)
FN:79,(anonymous_7)
FN:83,(anonymous_8)
FN:96,(anonymous_9)
FN:104,(anonymous_10)
FNF:11
FNH:3
FNDA:0,(anonymous_0)
FNDA:0,(anonymous_1)
FNDA:0,(anonymous_2)
FNDA:0,(anonymous_3)
FNDA:0,(anonymous_4)
FNDA:0,(anonymous_5)
FNDA:0,(anonymous_6)
FNDA:0,(anonymous_7)
FNDA:25,(anonymous_8)
FNDA:6,(anonymous_9)
FNDA:48,(anonymous_10)
DA:40,9
DA:44,0
DA:49,0
DA:54,0
DA:59,0
DA:64,0
DA:69,0
DA:74,0
DA:79,0
DA:83,9
DA:88,25
DA:96,9
DA:97,6
DA:101,6
DA:105,48
DA:106,6
DA:109,42
DA:111,42
LF:18
LH:10
BRDA:97,0,0,0
BRDA:97,0,1,6
BRDA:105,1,0,6
BRDA:105,1,1,42
BRDA:105,2,0,48
BRDA:105,2,1,48
BRDA:112,3,0,42
BRDA:112,3,1,25
BRDA:126,4,0,2
BRDA:126,4,1,23
BRF:10
BRH:9
end_of_record
TN:
SF:/Users/sukesh/Documents/Natterbox/Code/portal-web-ui/portal-web/src/components/shared/Checkbox/CheckBox.tsx
FN:6,(anonymous_0)
FNF:1
FNH:0
FNDA:0,(anonymous_0)
DA:6,9
DA:7,0
LF:2
LH:1
BRF:0
BRH:0
end_of_record
TN:
SF:/Users/sukesh/Documents/Natterbox/Code/portal-web-ui/portal-web/src/components/shared/CompRender/CompRender.tsx
FN:15,(anonymous_0)
FNF:1
FNH:0
FNDA:0,(anonymous_0)
DA:15,9
DA:23,0
LF:2
LH:1
BRDA:23,0,0,0
BRDA:23,0,1,0
BRDA:24,1,0,0
BRDA:24,1,1,0
BRDA:25,2,0,0
BRDA:25,2,1,0
BRF:6
BRH:0
end_of_record
TN:
SF:/Users/sukesh/Documents/Natterbox/Code/portal-web-ui/portal-web/src/components/shared/Error/ErrorAlert.tsx
FN:14,(anonymous_0)
FN:22,(anonymous_1)
FN:26,(anonymous_2)
FNF:3
FNH:0
FNDA:0,(anonymous_0)
FNDA:0,(anonymous_1)
FNDA:0,(anonymous_2)
DA:13,9
DA:15,0
DA:16,0
DA:18,0
DA:26,0
LF:5
LH:1
BRDA:26,0,0,0
BRDA:26,0,1,0
BRF:2
BRH:0
end_of_record
TN:
SF:/Users/sukesh/Documents/Natterbox/Code/portal-web-ui/portal-web/src/components/shared/Error/ErrorSnack.tsx
FN:14,(anonymous_0)
FNF:1
FNH:1
FNDA:7,(anonymous_0)
DA:13,9
DA:15,7
LF:2
LH:2
BRF:0
BRH:0
end_of_record
TN:
SF:/Users/sukesh/Documents/Natterbox/Code/portal-web-ui/portal-web/src/components/shared/Footer/Footer.tsx
FN:3,(anonymous_0)
FNF:1
FNH:0
FNDA:0,(anonymous_0)
DA:3,9
DA:4,0
LF:2
LH:1
BRDA:5,0,0,0
BRDA:5,0,1,0
BRF:2
BRH:0
end_of_record
TN:
SF:/Users/sukesh/Documents/Natterbox/Code/portal-web-ui/portal-web/src/components/shared/Header/Header.tsx
FN:32,(anonymous_0)
FN:53,(anonymous_1)
FNF:2
FNH:2
FNDA:1,(anonymous_0)
FNDA:8,(anonymous_1)
DA:21,10
DA:32,10
DA:33,1
DA:34,1
DA:36,1
DA:54,8
LF:6
LH:6
BRDA:59,0,0,1
BRDA:59,0,1,7
BRF:2
BRH:2
end_of_record
TN:
SF:/Users/sukesh/Documents/Natterbox/Code/portal-web-ui/portal-web/src/components/shared/Header/HeaderMUIStyles.ts
FNF:0
FNH:0
DA:3,10
DA:9,10
LF:2
LH:2
BRF:0
BRH:0
end_of_record
TN:
SF:/Users/sukesh/Documents/Natterbox/Code/portal-web-ui/portal-web/src/components/shared/Images/index.tsx
FN:20,(anonymous_0)
FN:21,(anonymous_1)
FN:22,(anonymous_2)
FN:23,(anonymous_3)
FN:24,(anonymous_4)
FN:25,(anonymous_5)
FN:28,(anonymous_6)
FN:31,(anonymous_7)
FN:34,(anonymous_8)
FN:38,(anonymous_9)
FN:39,(anonymous_10)
FN:40,(anonymous_11)
FN:47,(anonymous_12)
FN:49,(anonymous_13)
FN:53,(anonymous_14)
FN:61,(anonymous_15)
FN:63,(anonymous_16)
FN:65,(anonymous_17)
FN:66,(anonymous_18)
FNF:19
FNH:13
FNDA:0,(anonymous_0)
FNDA:9,(anonymous_1)
FNDA:4,(anonymous_2)
FNDA:4,(anonymous_3)
FNDA:0,(anonymous_4)
FNDA:4,(anonymous_5)
FNDA:4,(anonymous_6)
FNDA:9,(anonymous_7)
FNDA:9,(anonymous_8)
FNDA:6,(anonymous_9)
FNDA:6,(anonymous_10)
FNDA:9,(anonymous_11)
FNDA:0,(anonymous_12)
FNDA:0,(anonymous_13)
FNDA:0,(anonymous_14)
FNDA:3,(anonymous_15)
FNDA:0,(anonymous_16)
FNDA:2,(anonymous_17)
FNDA:2,(anonymous_18)
DA:20,11
DA:21,11
DA:22,11
DA:23,11
DA:24,11
DA:25,11
DA:26,4
DA:28,11
DA:29,4
DA:31,11
DA:32,9
DA:34,11
DA:35,9
DA:38,11
DA:39,11
DA:40,11
DA:41,9
DA:47,11
DA:49,11
DA:50,0
DA:53,11
DA:54,0
DA:61,11
DA:63,11
DA:65,11
DA:66,11
LF:26
LH:24
BRF:0
BRH:0
end_of_record
TN:
SF:/Users/sukesh/Documents/Natterbox/Code/portal-web-ui/portal-web/src/components/shared/LightTooltip/LightTooltip.tsx
FN:5,(anonymous_0)
FN:17,LightTooltip
FNF:2
FNH:0
FNDA:0,(anonymous_0)
FNDA:0,LightTooltip
DA:5,0
DA:18,0
DA:20,0
LF:3
LH:0
BRF:0
BRH:0
end_of_record
TN:
SF:/Users/sukesh/Documents/Natterbox/Code/portal-web-ui/portal-web/src/components/shared/Loading/Loading.tsx
FN:9,(anonymous_0)
FNF:1
FNH:1
FNDA:9,(anonymous_0)
DA:9,10
DA:10,9
LF:2
LH:2
BRDA:11,0,0,9
BRDA:11,0,1,1
BRF:2
BRH:2
end_of_record
TN:
SF:/Users/sukesh/Documents/Natterbox/Code/portal-web-ui/portal-web/src/components/shared/Login/Login.tsx
FN:8,(anonymous_0)
FN:13,(anonymous_1)
FN:19,(anonymous_2)
FNF:3
FNH:1
FNDA:1,(anonymous_0)
FNDA:0,(anonymous_1)
FNDA:0,(anonymous_2)
DA:8,11
DA:9,1
DA:11,1
DA:14,0
DA:20,0
DA:21,0
LF:6
LH:3
BRDA:16,0,0,0
BRDA:16,0,1,0
BRF:2
BRH:0
end_of_record
TN:
SF:/Users/sukesh/Documents/Natterbox/Code/portal-web-ui/portal-web/src/components/shared/MessageSnack/MessageSnack.tsx
FN:16,(anonymous_0)
FNF:1
FNH:0
FNDA:0,(anonymous_0)
DA:15,9
DA:17,0
DA:19,0
LF:3
LH:1
BRF:0
BRH:0
end_of_record
TN:
SF:/Users/sukesh/Documents/Natterbox/Code/portal-web-ui/portal-web/src/components/shared/MessageSnack/SnackBarStyles.ts
FNF:0
FNH:0
DA:3,9
LF:1
LH:1
BRF:0
BRH:0
end_of_record
TN:
SF:/Users/sukesh/Documents/Natterbox/Code/portal-web-ui/portal-web/src/components/shared/PortalDialog/PortalDialogTitle.tsx
FN:22,(anonymous_0)
FNF:1
FNH:1
FNDA:1,(anonymous_0)
DA:9,9
DA:22,9
DA:26,1
DA:28,1
LF:4
LH:4
BRF:0
BRH:0
end_of_record
TN:
SF:/Users/sukesh/Documents/Natterbox/Code/portal-web-ui/portal-web/src/components/shared/PortalTable/PortalTable.tsx
FN:25,PortalTable
FN:50,(anonymous_1)
FNF:2
FNH:2
FNDA:9,PortalTable
FNDA:4,(anonymous_1)
DA:33,9
DA:51,4
LF:2
LH:2
BRDA:30,0,0,6
BRDA:31,1,0,3
BRDA:45,2,0,9
BRDA:45,2,1,8
BRDA:45,2,2,7
BRDA:48,3,0,9
BRDA:48,3,1,8
BRDA:48,3,2,1
BRF:8
BRH:8
end_of_record
TN:
SF:/Users/sukesh/Documents/Natterbox/Code/portal-web-ui/portal-web/src/components/shared/PortalTable/PortalTableHeader.tsx
FN:18,(anonymous_0)
FN:32,(anonymous_1)
FNF:2
FNH:2
FNDA:9,(anonymous_0)
FNDA:66,(anonymous_1)
DA:18,9
DA:24,9
DA:33,66
LF:3
LH:3
BRDA:25,0,0,6
BRDA:25,0,1,3
BRDA:27,1,0,9
BRDA:27,1,1,4
BRF:4
BRH:4
end_of_record
TN:
SF:/Users/sukesh/Documents/Natterbox/Code/portal-web-ui/portal-web/src/components/shared/PortalTable/PortalTableRow.tsx
FN:21,PortalTableRow
FN:33,(anonymous_1)
FN:33,(anonymous_2)
FN:40,(anonymous_3)
FN:43,(anonymous_4)
FNF:5
FNH:2
FNDA:4,PortalTableRow
FNDA:0,(anonymous_1)
FNDA:0,(anonymous_2)
FNDA:0,(anonymous_3)
FNDA:24,(anonymous_4)
DA:28,4
DA:33,0
DA:40,0
DA:44,24
LF:4
LH:2
BRDA:25,0,0,0
BRDA:33,1,0,0
BRDA:33,1,1,4
BRDA:35,2,0,4
BRDA:35,2,1,0
BRDA:36,3,0,4
BRDA:36,3,1,2
BRDA:38,4,0,4
BRDA:38,4,1,0
BRDA:48,5,0,8
BRDA:48,5,1,16
BRF:11
BRH:7
end_of_record
TN:
SF:/Users/sukesh/Documents/Natterbox/Code/portal-web-ui/portal-web/src/components/shared/PortalTableFilter/PortalTableFilter.tsx
FN:16,(anonymous_0)
FN:21,(anonymous_1)
FN:40,(anonymous_2)
FN:54,(anonymous_3)
FN:64,(anonymous_4)
FN:78,(anonymous_5)
FN:88,(anonymous_6)
FN:102,(anonymous_7)
FNF:8
FNH:4
FNDA:3,(anonymous_0)
FNDA:36,(anonymous_1)
FNDA:0,(anonymous_2)
FNDA:0,(anonymous_3)
FNDA:27,(anonymous_4)
FNDA:0,(anonymous_5)
FNDA:0,(anonymous_6)
FNDA:36,(anonymous_7)
DA:15,9
DA:17,3
DA:21,3
DA:28,36
DA:29,9
DA:32,27
DA:36,15
DA:41,0
DA:51,12
DA:52,9
DA:55,0
DA:65,27
DA:74,3
DA:75,3
DA:78,0
DA:89,0
DA:96,0
DA:99,3
DA:103,36
LF:19
LH:14
BRDA:28,0,0,9
BRDA:28,0,1,27
BRDA:32,1,0,15
BRDA:32,1,1,12
BRDA:33,2,0,27
BRDA:33,2,1,12
BRDA:51,3,0,9
BRDA:51,3,1,3
BRDA:63,4,0,9
BRDA:63,4,1,0
BRDA:74,5,0,3
BRDA:74,5,1,0
BRF:12
BRH:10
end_of_record
TN:
SF:/Users/sukesh/Documents/Natterbox/Code/portal-web-ui/portal-web/src/components/shared/Preferences/Preferences.tsx
FN:21,Preferences
FN:31,(anonymous_1)
FN:41,(anonymous_2)
FN:41,(anonymous_3)
FN:43,(anonymous_4)
FN:54,(anonymous_5)
FN:85,(anonymous_6)
FN:87,(anonymous_7)
FN:113,(anonymous_8)
FN:139,(anonymous_9)
FNF:10
FNH:1
FNDA:6,Preferences
FNDA:0,(anonymous_1)
FNDA:0,(anonymous_2)
FNDA:0,(anonymous_3)
FNDA:0,(anonymous_4)
FNDA:0,(anonymous_5)
FNDA:0,(anonymous_6)
FNDA:0,(anonymous_7)
FNDA:0,(anonymous_8)
FNDA:0,(anonymous_9)
DA:27,6
DA:28,6
DA:29,6
DA:31,6
DA:34,0
DA:37,6
DA:39,6
DA:41,6
DA:42,0
DA:44,0
DA:54,6
DA:55,0
DA:58,6
DA:86,0
DA:88,0
DA:114,0
DA:140,0
DA:141,0
DA:142,0
DA:143,0
LF:20
LH:9
BRDA:25,0,0,3
BRDA:34,1,0,0
BRDA:34,1,1,0
BRDA:44,2,0,0
BRDA:44,2,1,0
BRDA:77,3,0,6
BRDA:77,3,1,0
BRDA:142,4,0,0
BRDA:142,4,1,0
BRF:9
BRH:2
end_of_record
TN:
SF:/Users/sukesh/Documents/Natterbox/Code/portal-web-ui/portal-web/src/components/shared/TabbedTable/NoTabTable.tsx
FN:6,(anonymous_0)
FNF:1
FNH:0
FNDA:0,(anonymous_0)
DA:6,9
DA:7,0
LF:2
LH:1
BRF:0
BRH:0
end_of_record
TN:
SF:/Users/sukesh/Documents/Natterbox/Code/portal-web-ui/portal-web/src/components/shared/TabbedTable/TabbedMUIStyles.ts
FNF:0
FNH:0
DA:3,9
LF:1
LH:1
BRF:0
BRH:0
end_of_record
TN:
SF:/Users/sukesh/Documents/Natterbox/Code/portal-web-ui/portal-web/src/components/shared/TabbedTable/TabbedTable.tsx
FN:14,(anonymous_0)
FN:22,(anonymous_1)
FN:41,(anonymous_2)
FNF:3
FNH:0
FNDA:0,(anonymous_0)
FNDA:0,(anonymous_1)
FNDA:0,(anonymous_2)
DA:13,9
DA:15,0
DA:16,0
DA:17,0
DA:19,0
DA:20,0
DA:22,0
DA:26,0
DA:27,0
DA:29,0
DA:42,0
LF:11
LH:1
BRF:0
BRH:0
end_of_record
TN:
SF:/Users/sukesh/Documents/Natterbox/Code/portal-web-ui/portal-web/src/components/shared/TablePagination/PortalPagerMUIStyles.ts
FNF:0
FNH:0
DA:3,0
LF:1
LH:0
BRF:0
BRH:0
end_of_record
TN:
SF:/Users/sukesh/Documents/Natterbox/Code/portal-web-ui/portal-web/src/components/shared/TablePagination/PortalServerPaging.tsx
FN:26,(anonymous_0)
FNF:1
FNH:1
FNDA:9,(anonymous_0)
DA:25,9
DA:39,9
LF:2
LH:2
BRDA:27,0,0,0
BRDA:28,1,0,0
BRDA:50,2,0,9
BRDA:50,2,1,9
BRDA:64,3,0,9
BRDA:64,3,1,0
BRDA:71,4,0,9
BRDA:71,4,1,9
BRF:8
BRH:5
end_of_record
TN:
SF:/Users/sukesh/Documents/Natterbox/Code/portal-web-ui/portal-web/src/components/shared/UsersListDropDown/UsersListDropDown.tsx
FN:18,(anonymous_0)
FN:19,(anonymous_1)
FN:39,(anonymous_2)
FN:60,(anonymous_3)
FN:67,(anonymous_4)
FN:72,(anonymous_5)
FN:86,(anonymous_6)
FN:95,(anonymous_7)
FN:103,(anonymous_8)
FN:111,(anonymous_9)
FN:118,(anonymous_10)
FN:122,(anonymous_11)
FN:181,(anonymous_12)
FNF:13
FNH:0
FNDA:0,(anonymous_0)
FNDA:0,(anonymous_1)
FNDA:0,(anonymous_2)
FNDA:0,(anonymous_3)
FNDA:0,(anonymous_4)
FNDA:0,(anonymous_5)
FNDA:0,(anonymous_6)
FNDA:0,(anonymous_7)
FNDA:0,(anonymous_8)
FNDA:0,(anonymous_9)
FNDA:0,(anonymous_10)
FNDA:0,(anonymous_11)
FNDA:0,(anonymous_12)
DA:18,9
DA:19,0
DA:39,9
DA:53,0
DA:55,0
DA:56,0
DA:57,0
DA:59,0
DA:60,0
DA:67,0
DA:68,0
DA:69,0
DA:71,0
DA:72,0
DA:74,0
DA:75,0
DA:83,0
DA:87,0
DA:88,0
DA:89,0
DA:95,0
DA:96,0
DA:97,0
DA:98,0
DA:103,0
DA:104,0
DA:105,0
DA:106,0
DA:107,0
DA:111,0
DA:112,0
DA:113,0
DA:115,0
DA:118,0
DA:119,0
DA:121,0
DA:122,0
DA:124,0
DA:125,0
DA:126,0
DA:128,0
DA:130,0
DA:131,0
DA:132,0
DA:138,0
DA:139,0
DA:140,0
DA:146,0
DA:147,0
DA:148,0
DA:154,0
DA:157,0
DA:160,0
DA:163,0
DA:182,0
DA:183,0
LF:56
LH:2
BRDA:45,0,0,0
BRDA:49,1,0,0
BRDA:52,2,0,0
BRDA:71,3,0,0
BRDA:71,3,1,0
BRDA:74,4,0,0
BRDA:74,4,1,0
BRDA:88,5,0,0
BRDA:88,5,1,0
BRDA:96,6,0,0
BRDA:96,6,1,0
BRDA:97,7,0,0
BRDA:97,7,1,0
BRDA:104,8,0,0
BRDA:104,8,1,0
BRDA:106,9,0,0
BRDA:106,9,1,0
BRDA:106,10,0,0
BRDA:106,10,1,0
BRDA:112,11,0,0
BRDA:112,11,1,0
BRDA:121,12,0,0
BRDA:121,12,1,0
BRDA:124,13,0,0
BRDA:124,13,1,0
BRDA:130,14,0,0
BRDA:130,14,1,0
BRDA:131,15,0,0
BRDA:131,15,1,0
BRDA:138,16,0,0
BRDA:138,16,1,0
BRDA:139,17,0,0
BRDA:139,17,1,0
BRDA:141,18,0,0
BRDA:141,18,1,0
BRDA:146,19,0,0
BRDA:146,19,1,0
BRDA:147,20,0,0
BRDA:147,20,1,0
BRDA:149,21,0,0
BRDA:149,21,1,0
BRDA:165,22,0,0
BRDA:165,22,1,0
BRDA:166,23,0,0
BRDA:166,23,1,0
BRDA:166,23,2,0
BRDA:169,24,0,0
BRDA:169,24,1,0
BRDA:169,25,0,0
BRDA:169,25,1,0
BRDA:170,26,0,0
BRDA:170,26,1,0
BRDA:172,27,0,0
BRDA:172,27,1,0
BRDA:172,28,0,0
BRDA:172,28,1,0
BRDA:173,29,0,0
BRDA:173,29,1,0
BRDA:187,30,0,0
BRDA:187,30,1,0
BRDA:187,31,0,0
BRDA:187,31,1,0
BRDA:191,32,0,0
BRDA:191,32,1,0
BRDA:191,32,2,0
BRDA:191,32,3,0
BRDA:194,33,0,0
BRDA:194,33,1,0
BRDA:194,34,0,0
BRDA:194,34,1,0
BRF:70
BRH:0
end_of_record
TN:
SF:/Users/sukesh/Documents/Natterbox/Code/portal-web-ui/portal-web/src/components/shared/styles/sharedStyles.ts
FNF:0
FNH:0
DA:3,9
LF:1
LH:1
BRF:0
BRH:0
end_of_record
TN:
SF:/Users/sukesh/Documents/Natterbox/Code/portal-web-ui/portal-web/src/helpers/http.ts
FN:3,readAllChunks
FN:7,pump
FN:8,(anonymous_2)
FN:29,(anonymous_3)
FN:49,(anonymous_4)
FN:73,(anonymous_5)
FNF:6
FNH:0
FNDA:0,readAllChunks
FNDA:0,pump
FNDA:0,(anonymous_2)
FNDA:0,(anonymous_3)
FNDA:0,(anonymous_4)
FNDA:0,(anonymous_5)
DA:4,0
DA:5,0
DA:8,0
DA:9,0
DA:10,0
DA:12,0
DA:13,0
DA:14,0
DA:18,0
DA:29,3
DA:30,0
DA:32,0
DA:33,0
DA:42,0
DA:43,0
DA:45,0
DA:49,3
DA:50,0
DA:52,0
DA:61,0
DA:73,3
DA:74,0
DA:78,0
DA:79,0
DA:91,0
DA:93,0
DA:94,0
DA:100,0
DA:101,0
DA:107,0
DA:109,0
LF:31
LH:3
BRDA:9,0,0,0
BRDA:9,0,1,0
BRDA:35,1,0,0
BRDA:35,1,1,0
BRDA:35,2,0,0
BRDA:35,2,1,0
BRDA:36,3,0,0
BRDA:36,3,1,0
BRDA:54,4,0,0
BRDA:54,4,1,0
BRDA:54,5,0,0
BRDA:54,5,1,0
BRDA:55,6,0,0
BRDA:55,6,1,0
BRDA:83,7,0,0
BRDA:83,7,1,0
BRDA:83,8,0,0
BRDA:83,8,1,0
BRDA:84,9,0,0
BRDA:84,9,1,0
BRDA:85,10,0,0
BRDA:85,10,1,0
BRDA:86,11,0,0
BRDA:86,11,1,0
BRDA:93,12,0,0
BRDA:93,12,1,0
BRDA:100,13,0,0
BRDA:100,13,1,0
BRF:28
BRH:0
end_of_record
TN:
SF:/Users/sukesh/Documents/Natterbox/Code/portal-web-ui/portal-web/src/mocks/AccountMock.ts
FNF:0
FNH:0
DA:1,3
LF:1
LH:1
BRF:0
BRH:0
end_of_record
TN:
SF:/Users/sukesh/Documents/Natterbox/Code/portal-web-ui/portal-web/src/mocks/CallLog.mock.ts
FNF:0
FNH:0
DA:1,3
LF:1
LH:1
BRF:0
BRH:0
end_of_record
TN:
SF:/Users/sukesh/Documents/Natterbox/Code/portal-web-ui/portal-web/src/mocks/DeviceListMock.ts
FNF:0
FNH:0
DA:1,3
LF:1
LH:1
BRF:0
BRH:0
end_of_record
TN:
SF:/Users/sukesh/Documents/Natterbox/Code/portal-web-ui/portal-web/src/mocks/jsonError.ts
FNF:0
FNH:0
DA:1,0
LF:1
LH:0
BRF:0
BRH:0
end_of_record
TN:
SF:/Users/sukesh/Documents/Natterbox/Code/portal-web-ui/portal-web/src/pages/AsyncRouteLoading.tsx
FN:3,(anonymous_0)
FNF:1
FNH:0
FNDA:0,(anonymous_0)
DA:3,1
DA:4,0
DA:5,0
DA:14,0
DA:15,0
DA:17,0
LF:6
LH:1
BRDA:4,0,0,0
BRDA:4,0,1,0
BRDA:14,1,0,0
BRDA:14,1,1,0
BRF:4
BRH:0
end_of_record
TN:
SF:/Users/sukesh/Documents/Natterbox/Code/portal-web-ui/portal-web/src/pages/accountSettings/AccountsPage.tsx
FN:13,(anonymous_0)
FNF:1
FNH:0
FNDA:0,(anonymous_0)
DA:6,0
DA:13,0
LF:2
LH:0
BRF:0
BRH:0
end_of_record
TN:
SF:/Users/sukesh/Documents/Natterbox/Code/portal-web-ui/portal-web/src/pages/devices/DevicesPage.tsx
FN:5,(anonymous_0)
FNF:1
FNH:0
FNDA:0,(anonymous_0)
DA:5,0
DA:6,0
LF:2
LH:0
BRF:0
BRH:0
end_of_record
TN:
SF:/Users/sukesh/Documents/Natterbox/Code/portal-web-ui/portal-web/src/pages/errorHandler/ErrorPage.tsx
FN:5,(anonymous_0)
FNF:1
FNH:0
FNDA:0,(anonymous_0)
DA:5,0
DA:6,0
LF:2
LH:0
BRF:0
BRH:0
end_of_record
TN:
SF:/Users/sukesh/Documents/Natterbox/Code/portal-web-ui/portal-web/src/pages/groups/GroupsPage.tsx
FN:5,(anonymous_0)
FNF:1
FNH:0
FNDA:0,(anonymous_0)
DA:5,0
DA:6,0
LF:2
LH:0
BRF:0
BRH:0
end_of_record
TN:
SF:/Users/sukesh/Documents/Natterbox/Code/portal-web-ui/portal-web/src/pages/logs/LogsPage.tsx
FN:19,(anonymous_0)
FNF:1
FNH:1
FNDA:2,(anonymous_0)
DA:11,1
DA:19,2
LF:2
LH:2
BRF:0
BRH:0
end_of_record
TN:
SF:/Users/sukesh/Documents/Natterbox/Code/portal-web-ui/portal-web/src/pages/me/MePage.tsx
FN:4,(anonymous_0)
FNF:1
FNH:0
FNDA:0,(anonymous_0)
DA:4,0
LF:1
LH:0
BRF:0
BRH:0
end_of_record
TN:
SF:/Users/sukesh/Documents/Natterbox/Code/portal-web-ui/portal-web/src/pages/numbers/NumbersPage.tsx
FN:5,(anonymous_0)
FNF:1
FNH:0
FNDA:0,(anonymous_0)
DA:5,0
DA:6,0
LF:2
LH:0
BRF:0
BRH:0
end_of_record
TN:
SF:/Users/sukesh/Documents/Natterbox/Code/portal-web-ui/portal-web/src/pages/policies/PoliciesPage.tsx
FN:6,(anonymous_0)
FNF:1
FNH:0
FNDA:0,(anonymous_0)
DA:6,0
DA:9,0
DA:11,0
LF:3
LH:0
BRDA:11,0,0,0
BRDA:11,0,1,0
BRF:2
BRH:0
end_of_record
TN:
SF:/Users/sukesh/Documents/Natterbox/Code/portal-web-ui/portal-web/src/pages/users/UsersPage.tsx
FN:5,(anonymous_0)
FNF:1
FNH:0
FNDA:0,(anonymous_0)
DA:5,0
DA:6,0
LF:2
LH:0
BRF:0
BRH:0
end_of_record
TN:
SF:/Users/sukesh/Documents/Natterbox/Code/portal-web-ui/portal-web/src/plugins/auth0/index.tsx
FN:34,(anonymous_0)
FN:36,(anonymous_1)
FN:43,(anonymous_2)
FN:74,(anonymous_3)
FN:88,(anonymous_4)
FN:89,(anonymous_5)
FN:135,(anonymous_6)
FN:151,(anonymous_7)
FN:164,(anonymous_8)
FN:167,(anonymous_9)
FN:170,(anonymous_10)
FN:172,(anonymous_11)
FN:175,(anonymous_12)
FNF:13
FNH:0
FNDA:0,(anonymous_0)
FNDA:0,(anonymous_1)
FNDA:0,(anonymous_2)
FNDA:0,(anonymous_3)
FNDA:0,(anonymous_4)
FNDA:0,(anonymous_5)
FNDA:0,(anonymous_6)
FNDA:0,(anonymous_7)
FNDA:0,(anonymous_8)
FNDA:0,(anonymous_9)
FNDA:0,(anonymous_10)
FNDA:0,(anonymous_11)
FNDA:0,(anonymous_12)
DA:33,11
DA:34,11
DA:36,11
DA:37,0
DA:38,0
DA:40,0
DA:43,11
DA:44,0
DA:45,0
DA:55,0
DA:56,0
DA:58,0
DA:63,0
DA:64,0
DA:66,0
DA:74,11
DA:79,0
DA:80,0
DA:81,0
DA:82,0
DA:83,0
DA:84,0
DA:85,0
DA:86,0
DA:88,0
DA:89,0
DA:96,0
DA:98,0
DA:105,0
DA:106,0
DA:107,0
DA:109,0
DA:110,0
DA:111,0
DA:112,0
DA:114,0
DA:118,0
DA:120,0
DA:121,0
DA:122,0
DA:124,0
DA:125,0
DA:126,0
DA:129,0
DA:132,0
DA:135,0
DA:136,0
DA:138,0
DA:139,0
DA:141,0
DA:143,0
DA:146,0
DA:147,0
DA:148,0
DA:151,0
DA:152,0
DA:154,0
DA:155,0
DA:157,0
DA:158,0
DA:159,0
DA:161,0
DA:164,0
DA:165,0
DA:167,0
DA:168,0
DA:170,0
DA:172,0
DA:173,0
DA:175,0
DA:176,0
DA:178,0
LF:72
LH:5
BRDA:37,0,0,0
BRDA:37,0,1,0
BRDA:38,1,0,0
BRDA:38,1,1,0
BRDA:44,2,0,0
BRDA:44,2,1,0
BRDA:109,3,0,0
BRDA:109,3,1,0
BRDA:120,4,0,0
BRDA:120,4,1,0
BRF:10
BRH:0
end_of_record
TN:
SF:/Users/sukesh/Documents/Natterbox/Code/portal-web-ui/portal-web/src/plugins/history/index.tsx
FNF:0
FNH:0
LF:0
LH:0
BRF:0
BRH:0
end_of_record
TN:
SF:/Users/sukesh/Documents/Natterbox/Code/portal-web-ui/portal-web/src/styles/commonMUIStyles.ts
FNF:0
FNH:0
DA:3,9
LF:1
LH:1
BRF:0
BRH:0
end_of_record
TN:
SF:/Users/sukesh/Documents/Natterbox/Code/portal-web-ui/portal-web/src/styles/core-styles.scss
FNF:0
FNH:0
DA:1,1
LF:1
LH:1
BRF:0
BRH:0
end_of_record
